[2.876s] DEBUG:colcon:Command line arguments: ['/usr/bin/colcon', 'build', '--packages-select', 'autonomous_mode']
[2.876s] DEBUG:colcon:Parsed command line arguments: Namespace(log_base=None, log_level=None, verb_name='build', build_base='build', install_base='install', merge_install=False, symlink_install=False, test_result_base=None, continue_on_error=False, executor='parallel', parallel_workers=12, event_handlers=None, ignore_user_meta=False, metas=['./colcon.meta'], base_paths=['.'], packages_ignore=None, packages_ignore_regex=None, paths=None, packages_up_to=None, packages_up_to_regex=None, packages_above=None, packages_above_and_dependencies=None, packages_above_depth=None, packages_select_by_dep=None, packages_skip_by_dep=None, packages_skip_up_to=None, packages_select_build_failed=False, packages_skip_build_finished=False, packages_select_test_failures=False, packages_skip_test_passed=False, packages_select=['autonomous_mode'], packages_skip=None, packages_select_regex=None, packages_skip_regex=None, packages_start=None, packages_end=None, allow_overriding=[], cmake_args=None, cmake_target=None, cmake_target_skip_unavailable=False, cmake_clean_cache=False, cmake_clean_first=False, cmake_force_configure=False, ament_cmake_args=None, catkin_cmake_args=None, catkin_skip_building_tests=False, verb_parser=<colcon_defaults.argument_parser.defaults.DefaultArgumentsDecorator object at 0x7f1136a88850>, verb_extension=<colcon_core.verb.build.BuildVerb object at 0x7f1136a8a5c0>, main=<bound method BuildVerb.main of <colcon_core.verb.build.BuildVerb object at 0x7f1136a8a5c0>>)
[3.008s] Level 1:colcon.colcon_core.package_discovery:discover_packages(colcon_meta) check parameters
[3.009s] Level 1:colcon.colcon_core.package_discovery:discover_packages(recursive) check parameters
[3.009s] Level 1:colcon.colcon_core.package_discovery:discover_packages(ignore) check parameters
[3.009s] Level 1:colcon.colcon_core.package_discovery:discover_packages(path) check parameters
[3.009s] Level 1:colcon.colcon_core.package_discovery:discover_packages(colcon_meta) discover
[3.009s] Level 1:colcon.colcon_core.package_discovery:discover_packages(recursive) discover
[3.009s] INFO:colcon.colcon_core.package_discovery:Crawling recursively for packages in '/home/anmol/autonomous_iit'
[3.009s] Level 1:colcon.colcon_core.package_identification:_identify(.) by extensions ['ignore', 'ignore_ament_install']
[3.010s] Level 1:colcon.colcon_core.package_identification:_identify(.) by extension 'ignore'
[3.010s] Level 1:colcon.colcon_core.package_identification:_identify(.) by extension 'ignore_ament_install'
[3.010s] Level 1:colcon.colcon_core.package_identification:_identify(.) by extensions ['colcon_pkg']
[3.010s] Level 1:colcon.colcon_core.package_identification:_identify(.) by extension 'colcon_pkg'
[3.010s] Level 1:colcon.colcon_core.package_identification:_identify(.) by extensions ['colcon_meta']
[3.010s] Level 1:colcon.colcon_core.package_identification:_identify(.) by extension 'colcon_meta'
[3.010s] Level 1:colcon.colcon_core.package_identification:_identify(.) by extensions ['ros']
[3.010s] Level 1:colcon.colcon_core.package_identification:_identify(.) by extension 'ros'
[3.040s] Level 1:colcon.colcon_core.package_identification:_identify(.) by extensions ['cmake', 'python']
[3.040s] Level 1:colcon.colcon_core.package_identification:_identify(.) by extension 'cmake'
[3.040s] Level 1:colcon.colcon_core.package_identification:_identify(.) by extension 'python'
[3.040s] Level 1:colcon.colcon_core.package_identification:_identify(.) by extensions ['python_setup_py']
[3.040s] Level 1:colcon.colcon_core.package_identification:_identify(.) by extension 'python_setup_py'
[3.041s] Level 1:colcon.colcon_core.package_identification:_identify(build) by extensions ['ignore', 'ignore_ament_install']
[3.041s] Level 1:colcon.colcon_core.package_identification:_identify(build) by extension 'ignore'
[3.041s] Level 1:colcon.colcon_core.package_identification:_identify(build) ignored
[3.042s] Level 1:colcon.colcon_core.package_identification:_identify(install) by extensions ['ignore', 'ignore_ament_install']
[3.042s] Level 1:colcon.colcon_core.package_identification:_identify(install) by extension 'ignore'
[3.042s] Level 1:colcon.colcon_core.package_identification:_identify(install) ignored
[3.045s] Level 1:colcon.colcon_core.package_identification:_identify(log) by extensions ['ignore', 'ignore_ament_install']
[3.045s] Level 1:colcon.colcon_core.package_identification:_identify(log) by extension 'ignore'
[3.045s] Level 1:colcon.colcon_core.package_identification:_identify(log) ignored
[3.045s] Level 1:colcon.colcon_core.package_identification:_identify(src) by extensions ['ignore', 'ignore_ament_install']
[3.046s] Level 1:colcon.colcon_core.package_identification:_identify(src) by extension 'ignore'
[3.046s] Level 1:colcon.colcon_core.package_identification:_identify(src) by extension 'ignore_ament_install'
[3.046s] Level 1:colcon.colcon_core.package_identification:_identify(src) by extensions ['colcon_pkg']
[3.046s] Level 1:colcon.colcon_core.package_identification:_identify(src) by extension 'colcon_pkg'
[3.046s] Level 1:colcon.colcon_core.package_identification:_identify(src) by extensions ['colcon_meta']
[3.046s] Level 1:colcon.colcon_core.package_identification:_identify(src) by extension 'colcon_meta'
[3.047s] Level 1:colcon.colcon_core.package_identification:_identify(src) by extensions ['ros']
[3.047s] Level 1:colcon.colcon_core.package_identification:_identify(src) by extension 'ros'
[3.047s] Level 1:colcon.colcon_core.package_identification:_identify(src) by extensions ['cmake', 'python']
[3.047s] Level 1:colcon.colcon_core.package_identification:_identify(src) by extension 'cmake'
[3.047s] Level 1:colcon.colcon_core.package_identification:_identify(src) by extension 'python'
[3.047s] Level 1:colcon.colcon_core.package_identification:_identify(src) by extensions ['python_setup_py']
[3.047s] Level 1:colcon.colcon_core.package_identification:_identify(src) by extension 'python_setup_py'
[3.048s] Level 1:colcon.colcon_core.package_identification:_identify(src/action_commands) by extensions ['ignore', 'ignore_ament_install']
[3.048s] Level 1:colcon.colcon_core.package_identification:_identify(src/action_commands) by extension 'ignore'
[3.048s] Level 1:colcon.colcon_core.package_identification:_identify(src/action_commands) by extension 'ignore_ament_install'
[3.048s] Level 1:colcon.colcon_core.package_identification:_identify(src/action_commands) by extensions ['colcon_pkg']
[3.048s] Level 1:colcon.colcon_core.package_identification:_identify(src/action_commands) by extension 'colcon_pkg'
[3.048s] Level 1:colcon.colcon_core.package_identification:_identify(src/action_commands) by extensions ['colcon_meta']
[3.048s] Level 1:colcon.colcon_core.package_identification:_identify(src/action_commands) by extension 'colcon_meta'
[3.049s] Level 1:colcon.colcon_core.package_identification:_identify(src/action_commands) by extensions ['ros']
[3.049s] Level 1:colcon.colcon_core.package_identification:_identify(src/action_commands) by extension 'ros'
[3.054s] DEBUG:colcon.colcon_core.package_identification:Package 'src/action_commands' with type 'ros.ament_cmake' and name 'action_commands'
[3.055s] Level 1:colcon.colcon_core.package_identification:_identify(src/autonomous_mode) by extensions ['ignore', 'ignore_ament_install']
[3.055s] Level 1:colcon.colcon_core.package_identification:_identify(src/autonomous_mode) by extension 'ignore'
[3.055s] Level 1:colcon.colcon_core.package_identification:_identify(src/autonomous_mode) by extension 'ignore_ament_install'
[3.055s] Level 1:colcon.colcon_core.package_identification:_identify(src/autonomous_mode) by extensions ['colcon_pkg']
[3.056s] Level 1:colcon.colcon_core.package_identification:_identify(src/autonomous_mode) by extension 'colcon_pkg'
[3.056s] Level 1:colcon.colcon_core.package_identification:_identify(src/autonomous_mode) by extensions ['colcon_meta']
[3.056s] Level 1:colcon.colcon_core.package_identification:_identify(src/autonomous_mode) by extension 'colcon_meta'
[3.056s] Level 1:colcon.colcon_core.package_identification:_identify(src/autonomous_mode) by extensions ['ros']
[3.056s] Level 1:colcon.colcon_core.package_identification:_identify(src/autonomous_mode) by extension 'ros'
[3.057s] DEBUG:colcon.colcon_core.package_identification:Package 'src/autonomous_mode' with type 'ros.ament_python' and name 'autonomous_mode'
[3.058s] Level 1:colcon.colcon_core.package_identification:_identify(src/px4_msgs) by extensions ['ignore', 'ignore_ament_install']
[3.058s] Level 1:colcon.colcon_core.package_identification:_identify(src/px4_msgs) by extension 'ignore'
[3.058s] Level 1:colcon.colcon_core.package_identification:_identify(src/px4_msgs) by extension 'ignore_ament_install'
[3.058s] Level 1:colcon.colcon_core.package_identification:_identify(src/px4_msgs) by extensions ['colcon_pkg']
[3.058s] Level 1:colcon.colcon_core.package_identification:_identify(src/px4_msgs) by extension 'colcon_pkg'
[3.059s] Level 1:colcon.colcon_core.package_identification:_identify(src/px4_msgs) by extensions ['colcon_meta']
[3.059s] Level 1:colcon.colcon_core.package_identification:_identify(src/px4_msgs) by extension 'colcon_meta'
[3.059s] Level 1:colcon.colcon_core.package_identification:_identify(src/px4_msgs) by extensions ['ros']
[3.059s] Level 1:colcon.colcon_core.package_identification:_identify(src/px4_msgs) by extension 'ros'
[3.061s] DEBUG:colcon.colcon_core.package_identification:Package 'src/px4_msgs' with type 'ros.ament_cmake' and name 'px4_msgs'
[3.061s] Level 1:colcon.colcon_core.package_identification:_identify(src/px4_ros_com) by extensions ['ignore', 'ignore_ament_install']
[3.061s] Level 1:colcon.colcon_core.package_identification:_identify(src/px4_ros_com) by extension 'ignore'
[3.062s] Level 1:colcon.colcon_core.package_identification:_identify(src/px4_ros_com) by extension 'ignore_ament_install'
[3.062s] Level 1:colcon.colcon_core.package_identification:_identify(src/px4_ros_com) by extensions ['colcon_pkg']
[3.062s] Level 1:colcon.colcon_core.package_identification:_identify(src/px4_ros_com) by extension 'colcon_pkg'
[3.062s] Level 1:colcon.colcon_core.package_identification:_identify(src/px4_ros_com) by extensions ['colcon_meta']
[3.062s] Level 1:colcon.colcon_core.package_identification:_identify(src/px4_ros_com) by extension 'colcon_meta'
[3.062s] Level 1:colcon.colcon_core.package_identification:_identify(src/px4_ros_com) by extensions ['ros']
[3.062s] Level 1:colcon.colcon_core.package_identification:_identify(src/px4_ros_com) by extension 'ros'
[3.065s] DEBUG:colcon.colcon_core.package_identification:Package 'src/px4_ros_com' with type 'ros.ament_cmake' and name 'px4_ros_com'
[3.066s] Level 1:colcon.colcon_core.package_identification:_identify(src/tutorial_interfaces) by extensions ['ignore', 'ignore_ament_install']
[3.066s] Level 1:colcon.colcon_core.package_identification:_identify(src/tutorial_interfaces) by extension 'ignore'
[3.066s] Level 1:colcon.colcon_core.package_identification:_identify(src/tutorial_interfaces) by extension 'ignore_ament_install'
[3.066s] Level 1:colcon.colcon_core.package_identification:_identify(src/tutorial_interfaces) by extensions ['colcon_pkg']
[3.066s] Level 1:colcon.colcon_core.package_identification:_identify(src/tutorial_interfaces) by extension 'colcon_pkg'
[3.066s] Level 1:colcon.colcon_core.package_identification:_identify(src/tutorial_interfaces) by extensions ['colcon_meta']
[3.066s] Level 1:colcon.colcon_core.package_identification:_identify(src/tutorial_interfaces) by extension 'colcon_meta'
[3.067s] Level 1:colcon.colcon_core.package_identification:_identify(src/tutorial_interfaces) by extensions ['ros']
[3.067s] Level 1:colcon.colcon_core.package_identification:_identify(src/tutorial_interfaces) by extension 'ros'
[3.068s] DEBUG:colcon.colcon_core.package_identification:Package 'src/tutorial_interfaces' with type 'ros.ament_cmake' and name 'tutorial_interfaces'
[3.068s] Level 1:colcon.colcon_core.package_discovery:discover_packages(recursive) using defaults
[3.068s] Level 1:colcon.colcon_core.package_discovery:discover_packages(ignore) discover
[3.068s] Level 1:colcon.colcon_core.package_discovery:discover_packages(ignore) using defaults
[3.069s] Level 1:colcon.colcon_core.package_discovery:discover_packages(path) discover
[3.069s] Level 1:colcon.colcon_core.package_discovery:discover_packages(path) using defaults
[3.250s] INFO:colcon.colcon_core.package_selection:Skipping not selected package 'action_commands' in 'src/action_commands'
[3.251s] INFO:colcon.colcon_core.package_selection:Skipping not selected package 'px4_msgs' in 'src/px4_msgs'
[3.251s] INFO:colcon.colcon_core.package_selection:Skipping not selected package 'tutorial_interfaces' in 'src/tutorial_interfaces'
[3.251s] INFO:colcon.colcon_core.package_selection:Skipping not selected package 'px4_ros_com' in 'src/px4_ros_com'
[3.330s] Level 1:colcon.colcon_core.package_discovery:discover_packages(prefix_path) check parameters
[3.331s] Level 1:colcon.colcon_core.package_discovery:discover_packages(prefix_path) discover
[3.420s] DEBUG:colcon.colcon_installed_package_information.package_discovery:Found 5 installed packages in /home/anmol/autonomous_iit/install
[3.464s] DEBUG:colcon.colcon_installed_package_information.package_discovery:Found 5 installed packages in /home/anmol/nav2_tutorials/install
[3.508s] DEBUG:colcon.colcon_installed_package_information.package_discovery:Found 7 installed packages in /home/anmol/ws_offboard_control/install
[3.598s] DEBUG:colcon.colcon_installed_package_information.package_discovery:Found 341 installed packages in /opt/ros/humble
[3.603s] Level 1:colcon.colcon_core.package_discovery:discover_packages(prefix_path) using defaults
[3.877s] Level 5:colcon.colcon_core.verb:set package 'autonomous_mode' build argument 'cmake_args' from command line to 'None'
[3.877s] Level 5:colcon.colcon_core.verb:set package 'autonomous_mode' build argument 'cmake_target' from command line to 'None'
[3.877s] Level 5:colcon.colcon_core.verb:set package 'autonomous_mode' build argument 'cmake_target_skip_unavailable' from command line to 'False'
[3.877s] Level 5:colcon.colcon_core.verb:set package 'autonomous_mode' build argument 'cmake_clean_cache' from command line to 'False'
[3.877s] Level 5:colcon.colcon_core.verb:set package 'autonomous_mode' build argument 'cmake_clean_first' from command line to 'False'
[3.878s] Level 5:colcon.colcon_core.verb:set package 'autonomous_mode' build argument 'cmake_force_configure' from command line to 'False'
[3.878s] Level 5:colcon.colcon_core.verb:set package 'autonomous_mode' build argument 'ament_cmake_args' from command line to 'None'
[3.878s] Level 5:colcon.colcon_core.verb:set package 'autonomous_mode' build argument 'catkin_cmake_args' from command line to 'None'
[3.878s] Level 5:colcon.colcon_core.verb:set package 'autonomous_mode' build argument 'catkin_skip_building_tests' from command line to 'False'
[3.878s] DEBUG:colcon.colcon_core.verb:Building package 'autonomous_mode' with the following arguments: {'ament_cmake_args': None, 'build_base': '/home/anmol/autonomous_iit/build/autonomous_mode', 'catkin_cmake_args': None, 'catkin_skip_building_tests': False, 'cmake_args': None, 'cmake_clean_cache': False, 'cmake_clean_first': False, 'cmake_force_configure': False, 'cmake_target': None, 'cmake_target_skip_unavailable': False, 'install_base': '/home/anmol/autonomous_iit/install/autonomous_mode', 'merge_install': False, 'path': '/home/anmol/autonomous_iit/src/autonomous_mode', 'symlink_install': False, 'test_result_base': None}
[3.923s] INFO:colcon.colcon_core.executor:Executing jobs using 'parallel' executor
[3.968s] DEBUG:colcon.colcon_parallel_executor.executor.parallel:run_until_complete
[3.969s] INFO:colcon.colcon_ros.task.ament_python.build:Building ROS package in '/home/anmol/autonomous_iit/src/autonomous_mode' with build type 'ament_python'
[3.970s] Level 1:colcon.colcon_core.shell:create_environment_hook('autonomous_mode', 'ament_prefix_path')
[4.016s] INFO:colcon.colcon_core.plugin_system:Skipping extension 'colcon_core.shell.bat': Not used on non-Windows systems
[4.017s] INFO:colcon.colcon_core.shell:Creating environment hook '/home/anmol/autonomous_iit/install/autonomous_mode/share/autonomous_mode/hook/ament_prefix_path.ps1'
[4.018s] INFO:colcon.colcon_core.shell:Creating environment descriptor '/home/anmol/autonomous_iit/install/autonomous_mode/share/autonomous_mode/hook/ament_prefix_path.dsv'
[4.019s] INFO:colcon.colcon_core.shell:Creating environment hook '/home/anmol/autonomous_iit/install/autonomous_mode/share/autonomous_mode/hook/ament_prefix_path.sh'
[4.065s] INFO:colcon.colcon_core.shell:Skip shell extension 'powershell' for command environment: Not usable outside of PowerShell
[4.065s] DEBUG:colcon.colcon_core.shell:Skip shell extension 'dsv' for command environment
[5.022s] INFO:colcon.colcon_core.task.python.build:Building Python package in '/home/anmol/autonomous_iit/src/autonomous_mode'
[5.066s] INFO:colcon.colcon_core.shell:Skip shell extension 'powershell' for command environment: Not usable outside of PowerShell
[5.066s] DEBUG:colcon.colcon_core.shell:Skip shell extension 'dsv' for command environment
[6.071s] DEBUG:colcon.colcon_core.event_handler.log_command:Invoking command in '/home/anmol/autonomous_iit/src/autonomous_mode': PYTHONPATH=/home/anmol/autonomous_iit/build/autonomous_mode/prefix_override:/home/anmol/autonomous_iit/install/autonomous_mode/lib/python3.10/site-packages:${PYTHONPATH} /usr/bin/python3 setup.py egg_info --egg-base ../../build/autonomous_mode build --build-base /home/anmol/autonomous_iit/build/autonomous_mode/build install --record /home/anmol/autonomous_iit/build/autonomous_mode/install.log --single-version-externally-managed
[6.643s] DEBUG:colcon.colcon_core.event_handler.log_command:Invoked command in '/home/anmol/autonomous_iit/src/autonomous_mode' returned '0': PYTHONPATH=/home/anmol/autonomous_iit/build/autonomous_mode/prefix_override:/home/anmol/autonomous_iit/install/autonomous_mode/lib/python3.10/site-packages:${PYTHONPATH} /usr/bin/python3 setup.py egg_info --egg-base ../../build/autonomous_mode build --build-base /home/anmol/autonomous_iit/build/autonomous_mode/build install --record /home/anmol/autonomous_iit/build/autonomous_mode/install.log --single-version-externally-managed
[6.671s] Level 1:colcon.colcon_core.environment:checking '/home/anmol/autonomous_iit/install/autonomous_mode' for CMake module files
[6.672s] Level 1:colcon.colcon_core.environment:checking '/home/anmol/autonomous_iit/install/autonomous_mode' for CMake config files
[6.673s] Level 1:colcon.colcon_core.environment:checking '/home/anmol/autonomous_iit/install/autonomous_mode/lib'
[6.673s] Level 1:colcon.colcon_core.environment:checking '/home/anmol/autonomous_iit/install/autonomous_mode/bin'
[6.673s] Level 1:colcon.colcon_core.environment:checking '/home/anmol/autonomous_iit/install/autonomous_mode/lib/pkgconfig/autonomous_mode.pc'
[6.674s] Level 1:colcon.colcon_core.environment:checking '/home/anmol/autonomous_iit/install/autonomous_mode/lib/python3.10/site-packages'
[6.674s] Level 1:colcon.colcon_core.shell:create_environment_hook('autonomous_mode', 'pythonpath')
[6.699s] INFO:colcon.colcon_core.shell:Creating environment hook '/home/anmol/autonomous_iit/install/autonomous_mode/share/autonomous_mode/hook/pythonpath.ps1'
[6.700s] INFO:colcon.colcon_core.shell:Creating environment descriptor '/home/anmol/autonomous_iit/install/autonomous_mode/share/autonomous_mode/hook/pythonpath.dsv'
[6.701s] INFO:colcon.colcon_core.shell:Creating environment hook '/home/anmol/autonomous_iit/install/autonomous_mode/share/autonomous_mode/hook/pythonpath.sh'
[6.702s] Level 1:colcon.colcon_core.environment:checking '/home/anmol/autonomous_iit/install/autonomous_mode/bin'
[6.702s] Level 1:colcon.colcon_core.environment:create_environment_scripts_only(autonomous_mode)
[6.726s] INFO:colcon.colcon_core.shell:Creating package script '/home/anmol/autonomous_iit/install/autonomous_mode/share/autonomous_mode/package.ps1'
[6.727s] INFO:colcon.colcon_core.shell:Creating package descriptor '/home/anmol/autonomous_iit/install/autonomous_mode/share/autonomous_mode/package.dsv'
[6.728s] INFO:colcon.colcon_core.shell:Creating package script '/home/anmol/autonomous_iit/install/autonomous_mode/share/autonomous_mode/package.sh'
[6.729s] INFO:colcon.colcon_core.shell:Creating package script '/home/anmol/autonomous_iit/install/autonomous_mode/share/autonomous_mode/package.bash'
[6.730s] INFO:colcon.colcon_core.shell:Creating package script '/home/anmol/autonomous_iit/install/autonomous_mode/share/autonomous_mode/package.zsh'
[6.731s] Level 1:colcon.colcon_core.environment:create_file_with_runtime_dependencies(/home/anmol/autonomous_iit/install/autonomous_mode/share/colcon-core/packages/autonomous_mode)
[6.731s] DEBUG:colcon.colcon_parallel_executor.executor.parallel:closing loop
[6.732s] DEBUG:colcon.colcon_parallel_executor.executor.parallel:loop closed
[6.732s] DEBUG:colcon.colcon_parallel_executor.executor.parallel:run_until_complete finished with '0'
[6.732s] DEBUG:colcon.colcon_core.event_reactor:joining thread
[6.766s] INFO:colcon.colcon_core.plugin_system:Skipping extension 'colcon_notification.desktop_notification.terminal_notifier': Not used on non-Darwin systems
[6.766s] INFO:colcon.colcon_core.plugin_system:Skipping extension 'colcon_notification.desktop_notification.win32': Not used on non-Windows systems
[6.766s] INFO:colcon.colcon_notification.desktop_notification:Sending desktop notification using 'notify2'
[6.783s] DEBUG:colcon.colcon_core.event_reactor:joined thread
[6.813s] INFO:colcon.colcon_core.shell:Creating prefix script '/home/anmol/autonomous_iit/install/local_setup.ps1'
[6.814s] INFO:colcon.colcon_core.shell:Creating prefix util module '/home/anmol/autonomous_iit/install/_local_setup_util_ps1.py'
[6.816s] INFO:colcon.colcon_core.shell:Creating prefix chain script '/home/anmol/autonomous_iit/install/setup.ps1'
[6.841s] INFO:colcon.colcon_core.shell:Creating prefix script '/home/anmol/autonomous_iit/install/local_setup.sh'
[6.842s] INFO:colcon.colcon_core.shell:Creating prefix util module '/home/anmol/autonomous_iit/install/_local_setup_util_sh.py'
[6.843s] INFO:colcon.colcon_core.shell:Creating prefix chain script '/home/anmol/autonomous_iit/install/setup.sh'
[6.866s] INFO:colcon.colcon_core.shell:Creating prefix script '/home/anmol/autonomous_iit/install/local_setup.bash'
[6.867s] INFO:colcon.colcon_core.shell:Creating prefix chain script '/home/anmol/autonomous_iit/install/setup.bash'
[6.892s] INFO:colcon.colcon_core.shell:Creating prefix script '/home/anmol/autonomous_iit/install/local_setup.zsh'
[6.892s] INFO:colcon.colcon_core.shell:Creating prefix chain script '/home/anmol/autonomous_iit/install/setup.zsh'
