[1.133s] Invoking command in '/home/anmol/autonomous_iit/src/autonomous_mode': PYTHONPATH=/home/anmol/autonomous_iit/build/autonomous_mode/prefix_override:/home/anmol/autonomous_iit/install/autonomous_mode/lib/python3.10/site-packages:${PYTHONPATH} /usr/bin/python3 setup.py egg_info --egg-base ../../build/autonomous_mode build --build-base /home/anmol/autonomous_iit/build/autonomous_mode/build install --record /home/anmol/autonomous_iit/build/autonomous_mode/install.log --single-version-externally-managed
[1.465s] running egg_info
[1.466s] writing ../../build/autonomous_mode/autonomous_mode.egg-info/PKG-INFO
[1.466s] writing dependency_links to ../../build/autonomous_mode/autonomous_mode.egg-info/dependency_links.txt
[1.466s] writing entry points to ../../build/autonomous_mode/autonomous_mode.egg-info/entry_points.txt
[1.467s] writing requirements to ../../build/autonomous_mode/autonomous_mode.egg-info/requires.txt
[1.467s] writing top-level names to ../../build/autonomous_mode/autonomous_mode.egg-info/top_level.txt
[1.470s] reading manifest file '../../build/autonomous_mode/autonomous_mode.egg-info/SOURCES.txt'
[1.471s] writing manifest file '../../build/autonomous_mode/autonomous_mode.egg-info/SOURCES.txt'
[1.471s] running build
[1.471s] running build_py
[1.472s] copying autonomous_mode/testing.py -> /home/anmol/autonomous_iit/build/autonomous_mode/build/lib/autonomous_mode
[1.472s] running install
[1.473s] /usr/lib/python3/dist-packages/setuptools/command/install.py:34: SetuptoolsDeprecationWarning: setup.py install is deprecated. Use build and pip and other standards-based tools.
[1.473s]   warnings.warn(
[1.473s] running install_lib
[1.474s] copying /home/anmol/autonomous_iit/build/autonomous_mode/build/lib/autonomous_mode/testing.py -> /home/anmol/autonomous_iit/install/autonomous_mode/lib/python3.10/site-packages/autonomous_mode
[1.476s] byte-compiling /home/anmol/autonomous_iit/install/autonomous_mode/lib/python3.10/site-packages/autonomous_mode/testing.py to testing.cpython-310.pyc
[1.479s] running install_data
[1.480s] running install_egg_info
[1.482s] removing '/home/anmol/autonomous_iit/install/autonomous_mode/lib/python3.10/site-packages/autonomous_mode-0.0.0-py3.10.egg-info' (and everything under it)
[1.482s] Copying ../../build/autonomous_mode/autonomous_mode.egg-info to /home/anmol/autonomous_iit/install/autonomous_mode/lib/python3.10/site-packages/autonomous_mode-0.0.0-py3.10.egg-info
[1.484s] running install_scripts
[1.512s] Installing autonomous_mode script to /home/anmol/autonomous_iit/install/autonomous_mode/lib/autonomous_mode
[1.513s] Installing follow_gps script to /home/anmol/autonomous_iit/install/autonomous_mode/lib/autonomous_mode
[1.513s] Installing get_msgs script to /home/anmol/autonomous_iit/install/autonomous_mode/lib/autonomous_mode
[1.513s] Installing gps_logger script to /home/anmol/autonomous_iit/install/autonomous_mode/lib/autonomous_mode
[1.513s] Installing gps_logger_switch script to /home/anmol/autonomous_iit/install/autonomous_mode/lib/autonomous_mode
[1.513s] Installing key_input script to /home/anmol/autonomous_iit/install/autonomous_mode/lib/autonomous_mode
[1.514s] Installing testing script to /home/anmol/autonomous_iit/install/autonomous_mode/lib/autonomous_mode
[1.514s] Installing transfoem script to /home/anmol/autonomous_iit/install/autonomous_mode/lib/autonomous_mode
[1.514s] Installing utilities script to /home/anmol/autonomous_iit/install/autonomous_mode/lib/autonomous_mode
[1.515s] writing list of installed files to '/home/anmol/autonomous_iit/build/autonomous_mode/install.log'
[1.559s] Invoked command in '/home/anmol/autonomous_iit/src/autonomous_mode' returned '0': PYTHONPATH=/home/anmol/autonomous_iit/build/autonomous_mode/prefix_override:/home/anmol/autonomous_iit/install/autonomous_mode/lib/python3.10/site-packages:${PYTHONPATH} /usr/bin/python3 setup.py egg_info --egg-base ../../build/autonomous_mode build --build-base /home/anmol/autonomous_iit/build/autonomous_mode/build install --record /home/anmol/autonomous_iit/build/autonomous_mode/install.log --single-version-externally-managed
