[0.274s] Invoking command in '/home/anmol/autonomous_iit/build/action_commands': CMAKE_PREFIX_PATH=${CMAKE_PREFIX_PATH}:/home/anmol/nav2_tutorials/install/nav2_gps_waypoint_follower_demo:/home/anmol/autonomous_iit/install/autonomous_mode:/home/anmol/ws_offboard_control/install/manual_key_control:/opt/ros/humble /usr/bin/cmake --build /home/anmol/autonomous_iit/build/action_commands -- -j12 -l12
[0.590s] -- Found ament_cmake: 1.3.6 (/opt/ros/humble/share/ament_cmake/cmake)
[0.591s] -- Found ament_lint_auto: 0.12.9 (/opt/ros/humble/share/ament_lint_auto/cmake)
[0.591s] -- Found rosidl_default_generators: 1.2.0 (/opt/ros/humble/share/rosidl_default_generators/cmake)
[0.591s] -- Using all available rosidl_typesupport_c: rosidl_typesupport_fastrtps_c;rosidl_typesupport_introspection_c
[0.591s] -- Found rosidl_adapter: 3.1.5 (/opt/ros/humble/share/rosidl_adapter/cmake)
[0.591s] -- Using all available rosidl_typesupport_cpp: rosidl_typesupport_fastrtps_cpp;rosidl_typesupport_introspection_cpp
[0.890s] -- Found ament_cmake_ros: 0.10.0 (/opt/ros/humble/share/ament_cmake_ros/cmake)
[1.093s] -- Using all available rosidl_typesupport_c: rosidl_typesupport_fastrtps_c;rosidl_typesupport_introspection_c
[1.361s] -- Using all available rosidl_typesupport_cpp: rosidl_typesupport_fastrtps_cpp;rosidl_typesupport_introspection_cpp
[1.385s] -- Found python_cmake_module: 0.10.0 (/opt/ros/humble/share/python_cmake_module/cmake)
[1.410s] -- Using PYTHON_EXECUTABLE: /usr/bin/python3
[1.410s] -- Using PYTHON_INCLUDE_DIRS: /usr/include/python3.10
[1.410s] -- Using PYTHON_LIBRARIES: /usr/lib/x86_64-linux-gnu/libpython3.10.so
[1.440s] -- Added test 'lint_cmake' to check CMake code style
[1.442s] -- Added test 'xmllint' to check XML markup files
[1.448s] -- Configuring done
[1.495s] -- Generating done
[1.499s] -- Build files have been written to: /home/anmol/autonomous_iit/build/action_commands
[1.532s] [35m[1mConsolidate compiler generated dependencies of target action_commands__rosidl_generator_c[0m
[1.545s] [  3%] Built target action_commands__cpp
[1.548s] [  6%] [32mBuilding C object CMakeFiles/action_commands__rosidl_generator_c.dir/rosidl_generator_c/action_commands/action/detail/command__functions.c.o[0m
[1.560s] [  6%] Built target ament_cmake_python_copy_action_commands
[1.560s] [35m[1mConsolidate compiler generated dependencies of target action_commands__rosidl_typesupport_fastrtps_cpp[0m
[1.561s] [35m[1mConsolidate compiler generated dependencies of target action_commands__rosidl_typesupport_cpp[0m
[1.564s] [35m[1mConsolidate compiler generated dependencies of target action_commands__rosidl_typesupport_introspection_cpp[0m
[1.579s] [  9%] [32mBuilding CXX object CMakeFiles/action_commands__rosidl_typesupport_fastrtps_cpp.dir/rosidl_typesupport_fastrtps_cpp/action_commands/action/detail/dds_fastrtps/command__type_support.cpp.o[0m
[1.583s] [ 12%] [32mBuilding CXX object CMakeFiles/action_commands__rosidl_typesupport_introspection_cpp.dir/rosidl_typesupport_introspection_cpp/action_commands/action/detail/command__type_support.cpp.o[0m
[1.584s] [ 16%] [32mBuilding CXX object CMakeFiles/action_commands__rosidl_typesupport_cpp.dir/rosidl_typesupport_cpp/action_commands/action/command__type_support.cpp.o[0m
[1.686s] [ 19%] [32m[1mLinking C shared library libaction_commands__rosidl_generator_c.so[0m
[1.738s] [ 22%] Built target action_commands__rosidl_generator_c
[1.758s] [35m[1mConsolidate compiler generated dependencies of target action_commands__rosidl_typesupport_c[0m
[1.758s] [35m[1mConsolidate compiler generated dependencies of target action_commands__rosidl_typesupport_introspection_c[0m
[1.758s] [35m[1mConsolidate compiler generated dependencies of target action_commands__rosidl_typesupport_fastrtps_c[0m
[1.778s] [ 29%] [32mBuilding C object CMakeFiles/action_commands__rosidl_typesupport_introspection_c.dir/rosidl_typesupport_introspection_c/action_commands/action/detail/command__type_support.c.o[0m
[1.779s] [ 29%] [32mBuilding CXX object CMakeFiles/action_commands__rosidl_typesupport_c.dir/rosidl_typesupport_c/action_commands/action/command__type_support.cpp.o[0m
[1.782s] [ 32%] [32mBuilding CXX object CMakeFiles/action_commands__rosidl_typesupport_fastrtps_c.dir/rosidl_typesupport_fastrtps_c/action_commands/action/detail/command__type_support_c.cpp.o[0m
[1.856s] [ 35%] [32m[1mLinking C shared library libaction_commands__rosidl_typesupport_introspection_c.so[0m
[1.864s] [ 38%] [32m[1mLinking CXX shared library libaction_commands__rosidl_typesupport_c.so[0m
[1.918s] [ 41%] Built target action_commands__rosidl_typesupport_introspection_c
[1.938s] [ 45%] Built target action_commands__rosidl_typesupport_c
[1.953s] running egg_info
[1.954s] writing action_commands.egg-info/PKG-INFO
[1.954s] writing dependency_links to action_commands.egg-info/dependency_links.txt
[1.955s] writing top-level names to action_commands.egg-info/top_level.txt
[1.959s] reading manifest file 'action_commands.egg-info/SOURCES.txt'
[1.960s] writing manifest file 'action_commands.egg-info/SOURCES.txt'
[2.028s] [ 45%] Built target ament_cmake_python_build_action_commands_egg
[2.160s] [ 48%] [32m[1mLinking CXX shared library libaction_commands__rosidl_typesupport_cpp.so[0m
[2.202s] [ 51%] [32m[1mLinking CXX shared library libaction_commands__rosidl_typesupport_fastrtps_cpp.so[0m
[2.214s] [ 54%] [32m[1mLinking CXX shared library libaction_commands__rosidl_typesupport_fastrtps_c.so[0m
[2.224s] [ 61%] [32m[1mLinking CXX shared library libaction_commands__rosidl_typesupport_introspection_cpp.so[0m
[2.224s] [ 61%] Built target action_commands__rosidl_typesupport_cpp
[2.423s] [ 64%] Built target action_commands__rosidl_typesupport_fastrtps_cpp
[2.455s] [ 67%] Built target action_commands__rosidl_typesupport_fastrtps_c
[2.474s] [ 70%] Built target action_commands__rosidl_typesupport_introspection_cpp
[2.592s] [ 70%] Built target action_commands
[2.721s] [ 74%] Built target action_commands__py
[2.765s] [35m[1mConsolidate compiler generated dependencies of target action_commands__rosidl_generator_py[0m
[2.810s] [ 77%] [32mBuilding C object CMakeFiles/action_commands__rosidl_generator_py.dir/rosidl_generator_py/action_commands/action/_command_s.c.o[0m
[3.045s] [ 80%] [32m[1mLinking C shared library rosidl_generator_py/action_commands/libaction_commands__rosidl_generator_py.so[0m
[3.106s] [ 80%] Built target action_commands__rosidl_generator_py
[3.121s] [35m[1mConsolidate compiler generated dependencies of target action_commands__rosidl_typesupport_introspection_c__pyext[0m
[3.121s] [35m[1mConsolidate compiler generated dependencies of target action_commands__rosidl_typesupport_fastrtps_c__pyext[0m
[3.125s] [35m[1mConsolidate compiler generated dependencies of target action_commands__rosidl_typesupport_c__pyext[0m
[3.138s] [ 87%] [32mBuilding C object CMakeFiles/action_commands__rosidl_typesupport_introspection_c__pyext.dir/rosidl_generator_py/action_commands/_action_commands_s.ep.rosidl_typesupport_introspection_c.c.o[0m
[3.139s] [ 87%] [32mBuilding C object CMakeFiles/action_commands__rosidl_typesupport_fastrtps_c__pyext.dir/rosidl_generator_py/action_commands/_action_commands_s.ep.rosidl_typesupport_fastrtps_c.c.o[0m
[3.145s] [ 90%] [32mBuilding C object CMakeFiles/action_commands__rosidl_typesupport_c__pyext.dir/rosidl_generator_py/action_commands/_action_commands_s.ep.rosidl_typesupport_c.c.o[0m
[3.265s] [ 93%] [32m[1mLinking C shared library rosidl_generator_py/action_commands/action_commands_s__rosidl_typesupport_introspection_c.cpython-310-x86_64-linux-gnu.so[0m
[3.267s] [ 96%] [32m[1mLinking C shared library rosidl_generator_py/action_commands/action_commands_s__rosidl_typesupport_fastrtps_c.cpython-310-x86_64-linux-gnu.so[0m
[3.269s] [100%] [32m[1mLinking C shared library rosidl_generator_py/action_commands/action_commands_s__rosidl_typesupport_c.cpython-310-x86_64-linux-gnu.so[0m
[3.315s] [100%] Built target action_commands__rosidl_typesupport_introspection_c__pyext
[3.319s] [100%] Built target action_commands__rosidl_typesupport_c__pyext
[3.320s] [100%] Built target action_commands__rosidl_typesupport_fastrtps_c__pyext
[3.335s] Invoked command in '/home/anmol/autonomous_iit/build/action_commands' returned '0': CMAKE_PREFIX_PATH=${CMAKE_PREFIX_PATH}:/home/anmol/nav2_tutorials/install/nav2_gps_waypoint_follower_demo:/home/anmol/autonomous_iit/install/autonomous_mode:/home/anmol/ws_offboard_control/install/manual_key_control:/opt/ros/humble /usr/bin/cmake --build /home/anmol/autonomous_iit/build/action_commands -- -j12 -l12
[3.445s] Invoking command in '/home/anmol/autonomous_iit/build/action_commands': CMAKE_PREFIX_PATH=${CMAKE_PREFIX_PATH}:/home/anmol/nav2_tutorials/install/nav2_gps_waypoint_follower_demo:/home/anmol/autonomous_iit/install/autonomous_mode:/home/anmol/ws_offboard_control/install/manual_key_control:/opt/ros/humble /usr/bin/cmake --install /home/anmol/autonomous_iit/build/action_commands
[3.454s] -- Install configuration: ""
[3.454s] -- Up-to-date: /home/anmol/autonomous_iit/install/action_commands/share/ament_index/resource_index/rosidl_interfaces/action_commands
[3.454s] -- Up-to-date: /home/anmol/autonomous_iit/install/action_commands/include/action_commands/action_commands
[3.455s] -- Up-to-date: /home/anmol/autonomous_iit/install/action_commands/include/action_commands/action_commands/action
[3.455s] -- Up-to-date: /home/anmol/autonomous_iit/install/action_commands/include/action_commands/action_commands/action/command.h
[3.455s] -- Up-to-date: /home/anmol/autonomous_iit/install/action_commands/include/action_commands/action_commands/action/follow_gps_waypoints.h
[3.455s] -- Up-to-date: /home/anmol/autonomous_iit/install/action_commands/include/action_commands/action_commands/action/detail
[3.455s] -- Up-to-date: /home/anmol/autonomous_iit/install/action_commands/include/action_commands/action_commands/action/detail/command__type_support.h
[3.455s] -- Up-to-date: /home/anmol/autonomous_iit/install/action_commands/include/action_commands/action_commands/action/detail/command__struct.h
[3.455s] -- Up-to-date: /home/anmol/autonomous_iit/install/action_commands/include/action_commands/action_commands/action/detail/follow_gps_waypoints__struct.h
[3.455s] -- Up-to-date: /home/anmol/autonomous_iit/install/action_commands/include/action_commands/action_commands/action/detail/command__functions.h
[3.455s] -- Up-to-date: /home/anmol/autonomous_iit/install/action_commands/include/action_commands/action_commands/action/detail/follow_gps_waypoints__functions.c
[3.455s] -- Up-to-date: /home/anmol/autonomous_iit/install/action_commands/include/action_commands/action_commands/action/detail/command__functions.c
[3.455s] -- Up-to-date: /home/anmol/autonomous_iit/install/action_commands/include/action_commands/action_commands/action/detail/follow_gps_waypoints__type_support.h
[3.455s] -- Up-to-date: /home/anmol/autonomous_iit/install/action_commands/include/action_commands/action_commands/action/detail/follow_gps_waypoints__functions.h
[3.455s] -- Up-to-date: /home/anmol/autonomous_iit/install/action_commands/include/action_commands/action_commands/msg
[3.456s] -- Up-to-date: /home/anmol/autonomous_iit/install/action_commands/include/action_commands/action_commands/msg/rosidl_generator_c__visibility_control.h
[3.456s] -- Installing: /home/anmol/autonomous_iit/install/action_commands/share/action_commands/environment/library_path.sh
[3.456s] -- Installing: /home/anmol/autonomous_iit/install/action_commands/share/action_commands/environment/library_path.dsv
[3.456s] -- Installing: /home/anmol/autonomous_iit/install/action_commands/lib/libaction_commands__rosidl_generator_c.so
[3.457s] -- Set runtime path of "/home/anmol/autonomous_iit/install/action_commands/lib/libaction_commands__rosidl_generator_c.so" to ""
[3.457s] -- Up-to-date: /home/anmol/autonomous_iit/install/action_commands/include/action_commands/action_commands
[3.457s] -- Up-to-date: /home/anmol/autonomous_iit/install/action_commands/include/action_commands/action_commands/action
[3.457s] -- Up-to-date: /home/anmol/autonomous_iit/install/action_commands/include/action_commands/action_commands/action/detail
[3.457s] -- Up-to-date: /home/anmol/autonomous_iit/install/action_commands/include/action_commands/action_commands/action/detail/command__rosidl_typesupport_fastrtps_c.h
[3.457s] -- Up-to-date: /home/anmol/autonomous_iit/install/action_commands/include/action_commands/action_commands/msg
[3.457s] -- Up-to-date: /home/anmol/autonomous_iit/install/action_commands/include/action_commands/action_commands/msg/rosidl_typesupport_fastrtps_c__visibility_control.h
[3.458s] -- Installing: /home/anmol/autonomous_iit/install/action_commands/lib/libaction_commands__rosidl_typesupport_fastrtps_c.so
[3.458s] -- Set runtime path of "/home/anmol/autonomous_iit/install/action_commands/lib/libaction_commands__rosidl_typesupport_fastrtps_c.so" to ""
[3.458s] -- Up-to-date: /home/anmol/autonomous_iit/install/action_commands/include/action_commands/action_commands
[3.459s] -- Up-to-date: /home/anmol/autonomous_iit/install/action_commands/include/action_commands/action_commands/action
[3.459s] -- Up-to-date: /home/anmol/autonomous_iit/install/action_commands/include/action_commands/action_commands/action/detail
[3.459s] -- Up-to-date: /home/anmol/autonomous_iit/install/action_commands/include/action_commands/action_commands/action/detail/command__type_support.c
[3.459s] -- Up-to-date: /home/anmol/autonomous_iit/install/action_commands/include/action_commands/action_commands/action/detail/command__rosidl_typesupport_introspection_c.h
[3.459s] -- Up-to-date: /home/anmol/autonomous_iit/install/action_commands/include/action_commands/action_commands/msg
[3.459s] -- Up-to-date: /home/anmol/autonomous_iit/install/action_commands/include/action_commands/action_commands/msg/rosidl_typesupport_introspection_c__visibility_control.h
[3.459s] -- Installing: /home/anmol/autonomous_iit/install/action_commands/lib/libaction_commands__rosidl_typesupport_introspection_c.so
[3.460s] -- Set runtime path of "/home/anmol/autonomous_iit/install/action_commands/lib/libaction_commands__rosidl_typesupport_introspection_c.so" to ""
[3.460s] -- Installing: /home/anmol/autonomous_iit/install/action_commands/lib/libaction_commands__rosidl_typesupport_c.so
[3.461s] -- Set runtime path of "/home/anmol/autonomous_iit/install/action_commands/lib/libaction_commands__rosidl_typesupport_c.so" to ""
[3.461s] -- Up-to-date: /home/anmol/autonomous_iit/install/action_commands/include/action_commands/action_commands
[3.461s] -- Up-to-date: /home/anmol/autonomous_iit/install/action_commands/include/action_commands/action_commands/action
[3.461s] -- Up-to-date: /home/anmol/autonomous_iit/install/action_commands/include/action_commands/action_commands/action/detail
[3.461s] -- Up-to-date: /home/anmol/autonomous_iit/install/action_commands/include/action_commands/action_commands/action/detail/command__traits.hpp
[3.461s] -- Up-to-date: /home/anmol/autonomous_iit/install/action_commands/include/action_commands/action_commands/action/detail/follow_gps_waypoints__builder.hpp
[3.461s] -- Up-to-date: /home/anmol/autonomous_iit/install/action_commands/include/action_commands/action_commands/action/detail/command__builder.hpp
[3.461s] -- Up-to-date: /home/anmol/autonomous_iit/install/action_commands/include/action_commands/action_commands/action/detail/follow_gps_waypoints__traits.hpp
[3.461s] -- Up-to-date: /home/anmol/autonomous_iit/install/action_commands/include/action_commands/action_commands/action/detail/follow_gps_waypoints__struct.hpp
[3.461s] -- Up-to-date: /home/anmol/autonomous_iit/install/action_commands/include/action_commands/action_commands/action/detail/command__struct.hpp
[3.461s] -- Up-to-date: /home/anmol/autonomous_iit/install/action_commands/include/action_commands/action_commands/action/command.hpp
[3.461s] -- Up-to-date: /home/anmol/autonomous_iit/install/action_commands/include/action_commands/action_commands/action/follow_gps_waypoints.hpp
[3.461s] -- Up-to-date: /home/anmol/autonomous_iit/install/action_commands/include/action_commands/action_commands
[3.461s] -- Up-to-date: /home/anmol/autonomous_iit/install/action_commands/include/action_commands/action_commands/action
[3.462s] -- Up-to-date: /home/anmol/autonomous_iit/install/action_commands/include/action_commands/action_commands/action/detail
[3.462s] -- Up-to-date: /home/anmol/autonomous_iit/install/action_commands/include/action_commands/action_commands/action/detail/command__rosidl_typesupport_fastrtps_cpp.hpp
[3.462s] -- Up-to-date: /home/anmol/autonomous_iit/install/action_commands/include/action_commands/action_commands/action/detail/follow_gps_waypoints__rosidl_typesupport_fastrtps_cpp.hpp
[3.462s] -- Up-to-date: /home/anmol/autonomous_iit/install/action_commands/include/action_commands/action_commands/action/detail/dds_fastrtps
[3.462s] -- Up-to-date: /home/anmol/autonomous_iit/install/action_commands/include/action_commands/action_commands/msg
[3.462s] -- Up-to-date: /home/anmol/autonomous_iit/install/action_commands/include/action_commands/action_commands/msg/rosidl_typesupport_fastrtps_cpp__visibility_control.h
[3.462s] -- Installing: /home/anmol/autonomous_iit/install/action_commands/lib/libaction_commands__rosidl_typesupport_fastrtps_cpp.so
[3.462s] -- Set runtime path of "/home/anmol/autonomous_iit/install/action_commands/lib/libaction_commands__rosidl_typesupport_fastrtps_cpp.so" to ""
[3.463s] -- Up-to-date: /home/anmol/autonomous_iit/install/action_commands/include/action_commands/action_commands
[3.463s] -- Up-to-date: /home/anmol/autonomous_iit/install/action_commands/include/action_commands/action_commands/action
[3.463s] -- Up-to-date: /home/anmol/autonomous_iit/install/action_commands/include/action_commands/action_commands/action/detail
[3.463s] -- Up-to-date: /home/anmol/autonomous_iit/install/action_commands/include/action_commands/action_commands/action/detail/command__rosidl_typesupport_introspection_cpp.hpp
[3.463s] -- Up-to-date: /home/anmol/autonomous_iit/install/action_commands/include/action_commands/action_commands/action/detail/follow_gps_waypoints__type_support.cpp
[3.463s] -- Up-to-date: /home/anmol/autonomous_iit/install/action_commands/include/action_commands/action_commands/action/detail/command__type_support.cpp
[3.463s] -- Up-to-date: /home/anmol/autonomous_iit/install/action_commands/include/action_commands/action_commands/action/detail/follow_gps_waypoints__rosidl_typesupport_introspection_cpp.hpp
[3.463s] -- Installing: /home/anmol/autonomous_iit/install/action_commands/lib/libaction_commands__rosidl_typesupport_introspection_cpp.so
[3.464s] -- Set runtime path of "/home/anmol/autonomous_iit/install/action_commands/lib/libaction_commands__rosidl_typesupport_introspection_cpp.so" to ""
[3.464s] -- Installing: /home/anmol/autonomous_iit/install/action_commands/lib/libaction_commands__rosidl_typesupport_cpp.so
[3.465s] -- Set runtime path of "/home/anmol/autonomous_iit/install/action_commands/lib/libaction_commands__rosidl_typesupport_cpp.so" to ""
[3.465s] -- Up-to-date: /home/anmol/autonomous_iit/install/action_commands/share/action_commands/environment/pythonpath.sh
[3.465s] -- Installing: /home/anmol/autonomous_iit/install/action_commands/share/action_commands/environment/pythonpath.dsv
[3.465s] -- Up-to-date: /home/anmol/autonomous_iit/install/action_commands/local/lib/python3.10/dist-packages/action_commands-0.0.0-py3.10.egg-info
[3.465s] -- Installing: /home/anmol/autonomous_iit/install/action_commands/local/lib/python3.10/dist-packages/action_commands-0.0.0-py3.10.egg-info/dependency_links.txt
[3.465s] -- Installing: /home/anmol/autonomous_iit/install/action_commands/local/lib/python3.10/dist-packages/action_commands-0.0.0-py3.10.egg-info/SOURCES.txt
[3.466s] -- Installing: /home/anmol/autonomous_iit/install/action_commands/local/lib/python3.10/dist-packages/action_commands-0.0.0-py3.10.egg-info/PKG-INFO
[3.466s] -- Installing: /home/anmol/autonomous_iit/install/action_commands/local/lib/python3.10/dist-packages/action_commands-0.0.0-py3.10.egg-info/top_level.txt
[3.466s] -- Up-to-date: /home/anmol/autonomous_iit/install/action_commands/local/lib/python3.10/dist-packages/action_commands
[3.466s] -- Installing: /home/anmol/autonomous_iit/install/action_commands/local/lib/python3.10/dist-packages/action_commands/action_commands_s__rosidl_typesupport_c.cpython-310-x86_64-linux-gnu.so
[3.466s] -- Up-to-date: /home/anmol/autonomous_iit/install/action_commands/local/lib/python3.10/dist-packages/action_commands/action
[3.466s] -- Up-to-date: /home/anmol/autonomous_iit/install/action_commands/local/lib/python3.10/dist-packages/action_commands/action/_command_s.c
[3.466s] -- Up-to-date: /home/anmol/autonomous_iit/install/action_commands/local/lib/python3.10/dist-packages/action_commands/action/_command.py
[3.466s] -- Up-to-date: /home/anmol/autonomous_iit/install/action_commands/local/lib/python3.10/dist-packages/action_commands/action/__init__.py
[3.467s] -- Installing: /home/anmol/autonomous_iit/install/action_commands/local/lib/python3.10/dist-packages/action_commands/libaction_commands__rosidl_generator_py.so
[3.467s] -- Up-to-date: /home/anmol/autonomous_iit/install/action_commands/local/lib/python3.10/dist-packages/action_commands/_action_commands_s.ep.rosidl_typesupport_c.c
[3.467s] -- Installing: /home/anmol/autonomous_iit/install/action_commands/local/lib/python3.10/dist-packages/action_commands/__init__.py
[3.467s] -- Up-to-date: /home/anmol/autonomous_iit/install/action_commands/local/lib/python3.10/dist-packages/action_commands/_action_commands_s.ep.rosidl_typesupport_fastrtps_c.c
[3.467s] -- Installing: /home/anmol/autonomous_iit/install/action_commands/local/lib/python3.10/dist-packages/action_commands/action_commands_s__rosidl_typesupport_fastrtps_c.cpython-310-x86_64-linux-gnu.so
[3.467s] -- Installing: /home/anmol/autonomous_iit/install/action_commands/local/lib/python3.10/dist-packages/action_commands/action_commands_s__rosidl_typesupport_introspection_c.cpython-310-x86_64-linux-gnu.so
[3.467s] -- Up-to-date: /home/anmol/autonomous_iit/install/action_commands/local/lib/python3.10/dist-packages/action_commands/_action_commands_s.ep.rosidl_typesupport_introspection_c.c
[3.512s] Listing '/home/anmol/autonomous_iit/install/action_commands/local/lib/python3.10/dist-packages/action_commands'...
[3.512s] Compiling '/home/anmol/autonomous_iit/install/action_commands/local/lib/python3.10/dist-packages/action_commands/__init__.py'...
[3.512s] Listing '/home/anmol/autonomous_iit/install/action_commands/local/lib/python3.10/dist-packages/action_commands/action'...
[3.512s] Compiling '/home/anmol/autonomous_iit/install/action_commands/local/lib/python3.10/dist-packages/action_commands/action/__init__.py'...
[3.512s] Compiling '/home/anmol/autonomous_iit/install/action_commands/local/lib/python3.10/dist-packages/action_commands/action/_command.py'...
[3.518s] -- Installing: /home/anmol/autonomous_iit/install/action_commands/local/lib/python3.10/dist-packages/action_commands/action_commands_s__rosidl_typesupport_fastrtps_c.cpython-310-x86_64-linux-gnu.so
[3.518s] -- Set runtime path of "/home/anmol/autonomous_iit/install/action_commands/local/lib/python3.10/dist-packages/action_commands/action_commands_s__rosidl_typesupport_fastrtps_c.cpython-310-x86_64-linux-gnu.so" to ""
[3.519s] -- Installing: /home/anmol/autonomous_iit/install/action_commands/local/lib/python3.10/dist-packages/action_commands/action_commands_s__rosidl_typesupport_introspection_c.cpython-310-x86_64-linux-gnu.so
[3.519s] -- Set runtime path of "/home/anmol/autonomous_iit/install/action_commands/local/lib/python3.10/dist-packages/action_commands/action_commands_s__rosidl_typesupport_introspection_c.cpython-310-x86_64-linux-gnu.so" to ""
[3.520s] -- Installing: /home/anmol/autonomous_iit/install/action_commands/local/lib/python3.10/dist-packages/action_commands/action_commands_s__rosidl_typesupport_c.cpython-310-x86_64-linux-gnu.so
[3.520s] -- Set runtime path of "/home/anmol/autonomous_iit/install/action_commands/local/lib/python3.10/dist-packages/action_commands/action_commands_s__rosidl_typesupport_c.cpython-310-x86_64-linux-gnu.so" to ""
[3.521s] -- Installing: /home/anmol/autonomous_iit/install/action_commands/lib/libaction_commands__rosidl_generator_py.so
[3.522s] -- Set runtime path of "/home/anmol/autonomous_iit/install/action_commands/lib/libaction_commands__rosidl_generator_py.so" to ""
[3.522s] -- Up-to-date: /home/anmol/autonomous_iit/install/action_commands/share/action_commands/action/Command.idl
[3.522s] -- Up-to-date: /home/anmol/autonomous_iit/install/action_commands/share/action_commands/action/Command.action
[3.522s] -- Up-to-date: /home/anmol/autonomous_iit/install/action_commands/share/ament_index/resource_index/package_run_dependencies/action_commands
[3.522s] -- Installing: /home/anmol/autonomous_iit/install/action_commands/share/ament_index/resource_index/parent_prefix_path/action_commands
[3.522s] -- Installing: /home/anmol/autonomous_iit/install/action_commands/share/action_commands/environment/ament_prefix_path.sh
[3.523s] -- Installing: /home/anmol/autonomous_iit/install/action_commands/share/action_commands/environment/ament_prefix_path.dsv
[3.523s] -- Installing: /home/anmol/autonomous_iit/install/action_commands/share/action_commands/environment/path.sh
[3.523s] -- Installing: /home/anmol/autonomous_iit/install/action_commands/share/action_commands/environment/path.dsv
[3.523s] -- Up-to-date: /home/anmol/autonomous_iit/install/action_commands/share/action_commands/local_setup.bash
[3.523s] -- Up-to-date: /home/anmol/autonomous_iit/install/action_commands/share/action_commands/local_setup.sh
[3.524s] -- Up-to-date: /home/anmol/autonomous_iit/install/action_commands/share/action_commands/local_setup.zsh
[3.524s] -- Installing: /home/anmol/autonomous_iit/install/action_commands/share/action_commands/local_setup.dsv
[3.524s] -- Installing: /home/anmol/autonomous_iit/install/action_commands/share/action_commands/package.dsv
[3.524s] -- Up-to-date: /home/anmol/autonomous_iit/install/action_commands/share/ament_index/resource_index/packages/action_commands
[3.524s] -- Installing: /home/anmol/autonomous_iit/install/action_commands/share/action_commands/cmake/export_action_commands__rosidl_generator_cExport.cmake
[3.525s] -- Installing: /home/anmol/autonomous_iit/install/action_commands/share/action_commands/cmake/export_action_commands__rosidl_generator_cExport-noconfig.cmake
[3.525s] -- Installing: /home/anmol/autonomous_iit/install/action_commands/share/action_commands/cmake/export_action_commands__rosidl_typesupport_fastrtps_cExport.cmake
[3.526s] -- Installing: /home/anmol/autonomous_iit/install/action_commands/share/action_commands/cmake/export_action_commands__rosidl_typesupport_fastrtps_cExport-noconfig.cmake
[3.526s] -- Installing: /home/anmol/autonomous_iit/install/action_commands/share/action_commands/cmake/action_commands__rosidl_typesupport_introspection_cExport.cmake
[3.526s] -- Installing: /home/anmol/autonomous_iit/install/action_commands/share/action_commands/cmake/action_commands__rosidl_typesupport_introspection_cExport-noconfig.cmake
[3.527s] -- Installing: /home/anmol/autonomous_iit/install/action_commands/share/action_commands/cmake/action_commands__rosidl_typesupport_cExport.cmake
[3.527s] -- Installing: /home/anmol/autonomous_iit/install/action_commands/share/action_commands/cmake/action_commands__rosidl_typesupport_cExport-noconfig.cmake
[3.528s] -- Installing: /home/anmol/autonomous_iit/install/action_commands/share/action_commands/cmake/export_action_commands__rosidl_generator_cppExport.cmake
[3.528s] -- Installing: /home/anmol/autonomous_iit/install/action_commands/share/action_commands/cmake/export_action_commands__rosidl_typesupport_fastrtps_cppExport.cmake
[3.528s] -- Installing: /home/anmol/autonomous_iit/install/action_commands/share/action_commands/cmake/export_action_commands__rosidl_typesupport_fastrtps_cppExport-noconfig.cmake
[3.529s] -- Installing: /home/anmol/autonomous_iit/install/action_commands/share/action_commands/cmake/action_commands__rosidl_typesupport_introspection_cppExport.cmake
[3.529s] -- Installing: /home/anmol/autonomous_iit/install/action_commands/share/action_commands/cmake/action_commands__rosidl_typesupport_introspection_cppExport-noconfig.cmake
[3.530s] -- Installing: /home/anmol/autonomous_iit/install/action_commands/share/action_commands/cmake/action_commands__rosidl_typesupport_cppExport.cmake
[3.530s] -- Installing: /home/anmol/autonomous_iit/install/action_commands/share/action_commands/cmake/action_commands__rosidl_typesupport_cppExport-noconfig.cmake
[3.530s] -- Installing: /home/anmol/autonomous_iit/install/action_commands/share/action_commands/cmake/export_action_commands__rosidl_generator_pyExport.cmake
[3.531s] -- Installing: /home/anmol/autonomous_iit/install/action_commands/share/action_commands/cmake/export_action_commands__rosidl_generator_pyExport-noconfig.cmake
[3.531s] -- Up-to-date: /home/anmol/autonomous_iit/install/action_commands/share/action_commands/cmake/rosidl_cmake-extras.cmake
[3.531s] -- Up-to-date: /home/anmol/autonomous_iit/install/action_commands/share/action_commands/cmake/ament_cmake_export_dependencies-extras.cmake
[3.531s] -- Up-to-date: /home/anmol/autonomous_iit/install/action_commands/share/action_commands/cmake/ament_cmake_export_include_directories-extras.cmake
[3.531s] -- Up-to-date: /home/anmol/autonomous_iit/install/action_commands/share/action_commands/cmake/ament_cmake_export_libraries-extras.cmake
[3.531s] -- Up-to-date: /home/anmol/autonomous_iit/install/action_commands/share/action_commands/cmake/ament_cmake_export_targets-extras.cmake
[3.531s] -- Up-to-date: /home/anmol/autonomous_iit/install/action_commands/share/action_commands/cmake/rosidl_cmake_export_typesupport_targets-extras.cmake
[3.531s] -- Up-to-date: /home/anmol/autonomous_iit/install/action_commands/share/action_commands/cmake/rosidl_cmake_export_typesupport_libraries-extras.cmake
[3.532s] -- Up-to-date: /home/anmol/autonomous_iit/install/action_commands/share/action_commands/cmake/action_commandsConfig.cmake
[3.532s] -- Up-to-date: /home/anmol/autonomous_iit/install/action_commands/share/action_commands/cmake/action_commandsConfig-version.cmake
[3.532s] -- Up-to-date: /home/anmol/autonomous_iit/install/action_commands/share/action_commands/package.xml
[3.535s] Invoked command in '/home/anmol/autonomous_iit/build/action_commands' returned '0': CMAKE_PREFIX_PATH=${CMAKE_PREFIX_PATH}:/home/anmol/nav2_tutorials/install/nav2_gps_waypoint_follower_demo:/home/anmol/autonomous_iit/install/autonomous_mode:/home/anmol/ws_offboard_control/install/manual_key_control:/opt/ros/humble /usr/bin/cmake --install /home/anmol/autonomous_iit/build/action_commands
