[0.100s] Invoking command in '/home/anmol/autonomous_iit/build/px4_ros_com': CMAKE_PREFIX_PATH=/home/anmol/autonomous_iit/install/px4_msgs:/home/anmol/ws_offboard_control/install/tutorial_interfaces:/home/anmol/ws_offboard_control/install/px4_ros_com:/home/anmol/ws_offboard_control/install/px4_msgs:/home/anmol/ws_offboard_control/install/custom_msgs:/home/anmol/ws_offboard_control/install/action_tutorials_interfaces:/home/anmol/ws_offboard_control/install/action_commands:/home/anmol/autonomous_iit/install/tutorial_interfaces:/home/anmol/autonomous_iit/install/px4_ros_com:/home/anmol/autonomous_iit/install/action_commands:/home/anmol/nav2_tutorials/install/nav2_gradient_costmap_plugin:/home/anmol/nav2_tutorials/install/nav2_costmap_filters_demo:/home/anmol/ws_offboard_control/install/manual_key_control:/home/anmol/autonomous_iit/install/autonomous_mode:/home/anmol/nav2_tutorials/install/nav2_straightline_planner:/home/anmol/nav2_tutorials/install/nav2_gps_waypoint_follower_demo:/opt/ros/humble LD_LIBRARY_PATH=/home/anmol/autonomous_iit/install/px4_msgs/lib:/home/anmol/ws_offboard_control/install/tutorial_interfaces/lib:/home/anmol/ws_offboard_control/install/px4_ros_com/lib:/home/anmol/ws_offboard_control/install/px4_msgs/lib:/home/anmol/ws_offboard_control/install/custom_msgs/lib:/home/anmol/ws_offboard_control/install/action_tutorials_interfaces/lib:/home/anmol/ws_offboard_control/install/action_commands/lib:/home/anmol/autonomous_iit/install/tutorial_interfaces/lib:/home/anmol/autonomous_iit/install/px4_ros_com/lib:/home/anmol/autonomous_iit/install/action_commands/lib:/home/anmol/nav2_tutorials/install/nav2_straightline_planner/lib:/home/anmol/nav2_tutorials/install/nav2_gradient_costmap_plugin/lib:/usr/lib/x86_64-linux-gnu/gazebo-11/plugins:/opt/ros/humble/opt/rviz_ogre_vendor/lib:/opt/ros/humble/lib/x86_64-linux-gnu:/opt/ros/humble/lib /usr/bin/cmake --build /home/anmol/autonomous_iit/build/px4_ros_com -- -j12 -l12
[0.162s] [35m[1mConsolidate compiler generated dependencies of target offboard_control[0m
[0.181s] [ 40%] Built target vehicle_gps_position_listener
[0.181s] [ 40%] Built target debug_vect_advertiser
[0.181s] [ 60%] Built target frame_transforms
[0.183s] [ 80%] Built target sensor_combined_listener
[0.195s] [100%] Built target offboard_control
[0.215s] Invoked command in '/home/anmol/autonomous_iit/build/px4_ros_com' returned '0': CMAKE_PREFIX_PATH=/home/anmol/autonomous_iit/install/px4_msgs:/home/anmol/ws_offboard_control/install/tutorial_interfaces:/home/anmol/ws_offboard_control/install/px4_ros_com:/home/anmol/ws_offboard_control/install/px4_msgs:/home/anmol/ws_offboard_control/install/custom_msgs:/home/anmol/ws_offboard_control/install/action_tutorials_interfaces:/home/anmol/ws_offboard_control/install/action_commands:/home/anmol/autonomous_iit/install/tutorial_interfaces:/home/anmol/autonomous_iit/install/px4_ros_com:/home/anmol/autonomous_iit/install/action_commands:/home/anmol/nav2_tutorials/install/nav2_gradient_costmap_plugin:/home/anmol/nav2_tutorials/install/nav2_costmap_filters_demo:/home/anmol/ws_offboard_control/install/manual_key_control:/home/anmol/autonomous_iit/install/autonomous_mode:/home/anmol/nav2_tutorials/install/nav2_straightline_planner:/home/anmol/nav2_tutorials/install/nav2_gps_waypoint_follower_demo:/opt/ros/humble LD_LIBRARY_PATH=/home/anmol/autonomous_iit/install/px4_msgs/lib:/home/anmol/ws_offboard_control/install/tutorial_interfaces/lib:/home/anmol/ws_offboard_control/install/px4_ros_com/lib:/home/anmol/ws_offboard_control/install/px4_msgs/lib:/home/anmol/ws_offboard_control/install/custom_msgs/lib:/home/anmol/ws_offboard_control/install/action_tutorials_interfaces/lib:/home/anmol/ws_offboard_control/install/action_commands/lib:/home/anmol/autonomous_iit/install/tutorial_interfaces/lib:/home/anmol/autonomous_iit/install/px4_ros_com/lib:/home/anmol/autonomous_iit/install/action_commands/lib:/home/anmol/nav2_tutorials/install/nav2_straightline_planner/lib:/home/anmol/nav2_tutorials/install/nav2_gradient_costmap_plugin/lib:/usr/lib/x86_64-linux-gnu/gazebo-11/plugins:/opt/ros/humble/opt/rviz_ogre_vendor/lib:/opt/ros/humble/lib/x86_64-linux-gnu:/opt/ros/humble/lib /usr/bin/cmake --build /home/anmol/autonomous_iit/build/px4_ros_com -- -j12 -l12
[0.309s] Invoking command in '/home/anmol/autonomous_iit/build/px4_ros_com': CMAKE_PREFIX_PATH=/home/anmol/autonomous_iit/install/px4_msgs:/home/anmol/ws_offboard_control/install/tutorial_interfaces:/home/anmol/ws_offboard_control/install/px4_ros_com:/home/anmol/ws_offboard_control/install/px4_msgs:/home/anmol/ws_offboard_control/install/custom_msgs:/home/anmol/ws_offboard_control/install/action_tutorials_interfaces:/home/anmol/ws_offboard_control/install/action_commands:/home/anmol/autonomous_iit/install/tutorial_interfaces:/home/anmol/autonomous_iit/install/px4_ros_com:/home/anmol/autonomous_iit/install/action_commands:/home/anmol/nav2_tutorials/install/nav2_gradient_costmap_plugin:/home/anmol/nav2_tutorials/install/nav2_costmap_filters_demo:/home/anmol/ws_offboard_control/install/manual_key_control:/home/anmol/autonomous_iit/install/autonomous_mode:/home/anmol/nav2_tutorials/install/nav2_straightline_planner:/home/anmol/nav2_tutorials/install/nav2_gps_waypoint_follower_demo:/opt/ros/humble LD_LIBRARY_PATH=/home/anmol/autonomous_iit/install/px4_msgs/lib:/home/anmol/ws_offboard_control/install/tutorial_interfaces/lib:/home/anmol/ws_offboard_control/install/px4_ros_com/lib:/home/anmol/ws_offboard_control/install/px4_msgs/lib:/home/anmol/ws_offboard_control/install/custom_msgs/lib:/home/anmol/ws_offboard_control/install/action_tutorials_interfaces/lib:/home/anmol/ws_offboard_control/install/action_commands/lib:/home/anmol/autonomous_iit/install/tutorial_interfaces/lib:/home/anmol/autonomous_iit/install/px4_ros_com/lib:/home/anmol/autonomous_iit/install/action_commands/lib:/home/anmol/nav2_tutorials/install/nav2_straightline_planner/lib:/home/anmol/nav2_tutorials/install/nav2_gradient_costmap_plugin/lib:/usr/lib/x86_64-linux-gnu/gazebo-11/plugins:/opt/ros/humble/opt/rviz_ogre_vendor/lib:/opt/ros/humble/lib/x86_64-linux-gnu:/opt/ros/humble/lib /usr/bin/cmake --install /home/anmol/autonomous_iit/build/px4_ros_com
[0.320s] -- Install configuration: ""
[0.320s] -- Up-to-date: /home/anmol/autonomous_iit/install/px4_ros_com/lib/px4_ros_com/sensor_combined_listener
[0.321s] -- Up-to-date: /home/anmol/autonomous_iit/install/px4_ros_com/lib/px4_ros_com/vehicle_gps_position_listener
[0.321s] -- Up-to-date: /home/anmol/autonomous_iit/install/px4_ros_com/lib/px4_ros_com/debug_vect_advertiser
[0.321s] -- Up-to-date: /home/anmol/autonomous_iit/install/px4_ros_com/lib/px4_ros_com/offboard_control
[0.322s] -- Up-to-date: /home/anmol/autonomous_iit/install/px4_ros_com/share/px4_ros_com/environment/library_path.sh
[0.322s] -- Up-to-date: /home/anmol/autonomous_iit/install/px4_ros_com/share/px4_ros_com/environment/library_path.dsv
[0.322s] -- Up-to-date: /home/anmol/autonomous_iit/install/px4_ros_com/include/px4_ros_com
[0.322s] -- Up-to-date: /home/anmol/autonomous_iit/install/px4_ros_com/include/px4_ros_com/frame_transforms.h
[0.323s] -- Up-to-date: /home/anmol/autonomous_iit/install/px4_ros_com/lib/libframe_transforms.so
[0.323s] -- Up-to-date: /home/anmol/autonomous_iit/install/px4_ros_com/share/px4_ros_com//launch
[0.323s] -- Up-to-date: /home/anmol/autonomous_iit/install/px4_ros_com/share/px4_ros_com//launch/sensor_combined_listener.launch.py
[0.323s] -- Up-to-date: /home/anmol/autonomous_iit/install/px4_ros_com/share/px4_ros_com//launch/offboard_control_launch.yaml
[0.323s] -- Up-to-date: /home/anmol/autonomous_iit/install/px4_ros_com/share/px4_ros_com//test
[0.323s] -- Up-to-date: /home/anmol/autonomous_iit/install/px4_ros_com/share/px4_ros_com//test/pipeline_io_test.py
[0.323s] -- Up-to-date: /home/anmol/autonomous_iit/install/px4_ros_com/share/px4_ros_com//test/__init__.py
[0.323s] -- Up-to-date: /home/anmol/autonomous_iit/install/px4_ros_com/share/px4_ros_com//test/test_output.py
[0.323s] -- Up-to-date: /home/anmol/autonomous_iit/install/px4_ros_com/share/px4_ros_com//test/test_input.py
[0.323s] -- Up-to-date: /home/anmol/autonomous_iit/install/px4_ros_com/share/ament_index/resource_index/package_run_dependencies/px4_ros_com
[0.323s] -- Up-to-date: /home/anmol/autonomous_iit/install/px4_ros_com/share/ament_index/resource_index/parent_prefix_path/px4_ros_com
[0.323s] -- Up-to-date: /home/anmol/autonomous_iit/install/px4_ros_com/share/px4_ros_com/environment/ament_prefix_path.sh
[0.323s] -- Up-to-date: /home/anmol/autonomous_iit/install/px4_ros_com/share/px4_ros_com/environment/ament_prefix_path.dsv
[0.323s] -- Up-to-date: /home/anmol/autonomous_iit/install/px4_ros_com/share/px4_ros_com/environment/path.sh
[0.324s] -- Up-to-date: /home/anmol/autonomous_iit/install/px4_ros_com/share/px4_ros_com/environment/path.dsv
[0.324s] -- Up-to-date: /home/anmol/autonomous_iit/install/px4_ros_com/share/px4_ros_com/local_setup.bash
[0.324s] -- Up-to-date: /home/anmol/autonomous_iit/install/px4_ros_com/share/px4_ros_com/local_setup.sh
[0.324s] -- Up-to-date: /home/anmol/autonomous_iit/install/px4_ros_com/share/px4_ros_com/local_setup.zsh
[0.324s] -- Up-to-date: /home/anmol/autonomous_iit/install/px4_ros_com/share/px4_ros_com/local_setup.dsv
[0.324s] -- Installing: /home/anmol/autonomous_iit/install/px4_ros_com/share/px4_ros_com/package.dsv
[0.324s] -- Up-to-date: /home/anmol/autonomous_iit/install/px4_ros_com/share/ament_index/resource_index/packages/px4_ros_com
[0.324s] -- Up-to-date: /home/anmol/autonomous_iit/install/px4_ros_com/share/px4_ros_com/cmake/export_frame_transformsExport.cmake
[0.324s] -- Up-to-date: /home/anmol/autonomous_iit/install/px4_ros_com/share/px4_ros_com/cmake/export_frame_transformsExport-noconfig.cmake
[0.324s] -- Up-to-date: /home/anmol/autonomous_iit/install/px4_ros_com/share/px4_ros_com/cmake/ament_cmake_export_dependencies-extras.cmake
[0.324s] -- Up-to-date: /home/anmol/autonomous_iit/install/px4_ros_com/share/px4_ros_com/cmake/ament_cmake_export_targets-extras.cmake
[0.324s] -- Up-to-date: /home/anmol/autonomous_iit/install/px4_ros_com/share/px4_ros_com/cmake/ament_cmake_export_include_directories-extras.cmake
[0.324s] -- Up-to-date: /home/anmol/autonomous_iit/install/px4_ros_com/share/px4_ros_com/cmake/ament_cmake_export_libraries-extras.cmake
[0.324s] -- Up-to-date: /home/anmol/autonomous_iit/install/px4_ros_com/share/px4_ros_com/cmake/px4_ros_comConfig.cmake
[0.324s] -- Up-to-date: /home/anmol/autonomous_iit/install/px4_ros_com/share/px4_ros_com/cmake/px4_ros_comConfig-version.cmake
[0.324s] -- Up-to-date: /home/anmol/autonomous_iit/install/px4_ros_com/share/px4_ros_com/package.xml
[0.326s] Invoked command in '/home/anmol/autonomous_iit/build/px4_ros_com' returned '0': CMAKE_PREFIX_PATH=/home/anmol/autonomous_iit/install/px4_msgs:/home/anmol/ws_offboard_control/install/tutorial_interfaces:/home/anmol/ws_offboard_control/install/px4_ros_com:/home/anmol/ws_offboard_control/install/px4_msgs:/home/anmol/ws_offboard_control/install/custom_msgs:/home/anmol/ws_offboard_control/install/action_tutorials_interfaces:/home/anmol/ws_offboard_control/install/action_commands:/home/anmol/autonomous_iit/install/tutorial_interfaces:/home/anmol/autonomous_iit/install/px4_ros_com:/home/anmol/autonomous_iit/install/action_commands:/home/anmol/nav2_tutorials/install/nav2_gradient_costmap_plugin:/home/anmol/nav2_tutorials/install/nav2_costmap_filters_demo:/home/anmol/ws_offboard_control/install/manual_key_control:/home/anmol/autonomous_iit/install/autonomous_mode:/home/anmol/nav2_tutorials/install/nav2_straightline_planner:/home/anmol/nav2_tutorials/install/nav2_gps_waypoint_follower_demo:/opt/ros/humble LD_LIBRARY_PATH=/home/anmol/autonomous_iit/install/px4_msgs/lib:/home/anmol/ws_offboard_control/install/tutorial_interfaces/lib:/home/anmol/ws_offboard_control/install/px4_ros_com/lib:/home/anmol/ws_offboard_control/install/px4_msgs/lib:/home/anmol/ws_offboard_control/install/custom_msgs/lib:/home/anmol/ws_offboard_control/install/action_tutorials_interfaces/lib:/home/anmol/ws_offboard_control/install/action_commands/lib:/home/anmol/autonomous_iit/install/tutorial_interfaces/lib:/home/anmol/autonomous_iit/install/px4_ros_com/lib:/home/anmol/autonomous_iit/install/action_commands/lib:/home/anmol/nav2_tutorials/install/nav2_straightline_planner/lib:/home/anmol/nav2_tutorials/install/nav2_gradient_costmap_plugin/lib:/usr/lib/x86_64-linux-gnu/gazebo-11/plugins:/opt/ros/humble/opt/rviz_ogre_vendor/lib:/opt/ros/humble/lib/x86_64-linux-gnu:/opt/ros/humble/lib /usr/bin/cmake --install /home/anmol/autonomous_iit/build/px4_ros_com
