[0.063s] Invoking command in '/home/anmol/autonomous_iit/build/action_commands': CMAKE_PREFIX_PATH=${CMAKE_PREFIX_PATH}:/home/anmol/ws_offboard_control/install/manual_key_control:/opt/ros/humble /usr/bin/cmake --build /home/anmol/autonomous_iit/build/action_commands -- -j12 -l12
[0.090s] -- Found ament_cmake: 1.3.6 (/opt/ros/humble/share/ament_cmake/cmake)
[0.225s] -- Found ament_lint_auto: 0.12.9 (/opt/ros/humble/share/ament_lint_auto/cmake)
[0.288s] -- Found rosidl_default_generators: 1.2.0 (/opt/ros/humble/share/rosidl_default_generators/cmake)
[0.290s] -- Using all available rosidl_typesupport_c: rosidl_typesupport_fastrtps_c;rosidl_typesupport_introspection_c
[0.292s] -- Found rosidl_adapter: 3.1.5 (/opt/ros/humble/share/rosidl_adapter/cmake)
[0.322s] -- Using all available rosidl_typesupport_cpp: rosidl_typesupport_fastrtps_cpp;rosidl_typesupport_introspection_cpp
[0.608s] -- Found ament_cmake_ros: 0.10.0 (/opt/ros/humble/share/ament_cmake_ros/cmake)
[0.789s] -- Using all available rosidl_typesupport_c: rosidl_typesupport_fastrtps_c;rosidl_typesupport_introspection_c
[1.028s] -- Using all available rosidl_typesupport_cpp: rosidl_typesupport_fastrtps_cpp;rosidl_typesupport_introspection_cpp
[1.050s] -- Found python_cmake_module: 0.10.0 (/opt/ros/humble/share/python_cmake_module/cmake)
[1.072s] -- Using PYTHON_EXECUTABLE: /usr/bin/python3
[1.072s] -- Using PYTHON_INCLUDE_DIRS: /usr/include/python3.10
[1.072s] -- Using PYTHON_LIBRARIES: /usr/lib/x86_64-linux-gnu/libpython3.10.so
[1.093s] -- Added test 'lint_cmake' to check CMake code style
[1.094s] -- Added test 'xmllint' to check XML markup files
[1.097s] -- Configuring done
[1.130s] -- Generating done
[1.134s] -- Build files have been written to: /home/anmol/autonomous_iit/build/action_commands
[1.164s] [  2%] [34m[1mGenerating C code for ROS interfaces[0m
[1.176s] [  5%] [34m[1mGenerating C++ code for ROS interfaces[0m
[1.186s] [  5%] Built target ament_cmake_python_copy_action_commands
[1.417s] running egg_info
[1.417s] writing action_commands.egg-info/PKG-INFO
[1.418s] writing dependency_links to action_commands.egg-info/dependency_links.txt
[1.418s] writing top-level names to action_commands.egg-info/top_level.txt
[1.419s] reading manifest file 'action_commands.egg-info/SOURCES.txt'
[1.420s] writing manifest file 'action_commands.egg-info/SOURCES.txt'
[1.456s] [  5%] Built target ament_cmake_python_build_action_commands_egg
[1.888s] [  5%] Built target action_commands__cpp
[1.898s] [35m[1mConsolidate compiler generated dependencies of target action_commands__rosidl_generator_c[0m
[1.901s] [ 10%] [34m[1mGenerating C++ introspection for ROS interfaces[0m
[1.901s] [ 10%] [34m[1mGenerating C++ type support dispatch for ROS interfaces[0m
[1.901s] [ 12%] [34m[1mGenerating C++ type support for eProsima Fast-RTPS[0m
[1.914s] [ 15%] [32mBuilding C object CMakeFiles/action_commands__rosidl_generator_c.dir/rosidl_generator_c/action_commands/action/detail/follow_gps_waypoints__functions.c.o[0m
[1.915s] [ 17%] [32mBuilding C object CMakeFiles/action_commands__rosidl_generator_c.dir/rosidl_generator_c/action_commands/action/detail/command__functions.c.o[0m
[1.932s] In file included from [01m[K/home/anmol/autonomous_iit/build/action_commands/rosidl_generator_c/action_commands/action/detail/follow_gps_waypoints__functions.h:19[m[K,
[1.932s]                  from [01m[K/home/anmol/autonomous_iit/build/action_commands/rosidl_generator_c/action_commands/action/detail/follow_gps_waypoints__functions.c:4[m[K:
[1.933s] [01m[K/home/anmol/autonomous_iit/build/action_commands/rosidl_generator_c/action_commands/action/detail/follow_gps_waypoints__struct.h:22:10:[m[K [01;31m[Kfatal error: [m[Kgeometry_msgs/msg/detail/geo_pose__struct.h: No such file or directory
[1.933s]    22 | #include [01;31m[K"geometry_msgs/msg/detail/geo_pose__struct.h"[m[K
[1.933s]       |          [01;31m[K^~~~~~~~~~~~~~~~~~~~~~~~~~~~~~~~~~~~~~~~~~~~~[m[K
[1.933s] compilation terminated.
[1.933s] gmake[2]: *** [CMakeFiles/action_commands__rosidl_generator_c.dir/build.make:142: CMakeFiles/action_commands__rosidl_generator_c.dir/rosidl_generator_c/action_commands/action/detail/follow_gps_waypoints__functions.c.o] Error 1
[1.933s] gmake[2]: *** Waiting for unfinished jobs....
[2.025s] gmake[1]: *** [CMakeFiles/Makefile2:213: CMakeFiles/action_commands__rosidl_generator_c.dir/all] Error 2
[2.025s] gmake[1]: *** Waiting for unfinished jobs....
[2.408s] [35m[1mConsolidate compiler generated dependencies of target action_commands__rosidl_typesupport_cpp[0m
[2.425s] [ 20%] [32mBuilding CXX object CMakeFiles/action_commands__rosidl_typesupport_cpp.dir/rosidl_typesupport_cpp/action_commands/action/command__type_support.cpp.o[0m
[2.426s] [ 23%] [32mBuilding CXX object CMakeFiles/action_commands__rosidl_typesupport_cpp.dir/rosidl_typesupport_cpp/action_commands/action/follow_gps_waypoints__type_support.cpp.o[0m
[2.479s] [35m[1mConsolidate compiler generated dependencies of target action_commands__rosidl_typesupport_introspection_cpp[0m
[2.486s] In file included from [01m[K/home/anmol/autonomous_iit/build/action_commands/rosidl_typesupport_cpp/action_commands/action/follow_gps_waypoints__type_support.cpp:7[m[K:
[2.486s] [01m[K/home/anmol/autonomous_iit/build/action_commands/rosidl_generator_cpp/action_commands/action/detail/follow_gps_waypoints__struct.hpp:20:10:[m[K [01;31m[Kfatal error: [m[Kgeometry_msgs/msg/detail/geo_pose__struct.hpp: No such file or directory
[2.486s]    20 | #include [01;31m[K"geometry_msgs/msg/detail/geo_pose__struct.hpp"[m[K
[2.486s]       |          [01;31m[K^~~~~~~~~~~~~~~~~~~~~~~~~~~~~~~~~~~~~~~~~~~~~~~[m[K
[2.486s] compilation terminated.
[2.489s] gmake[2]: *** [CMakeFiles/action_commands__rosidl_typesupport_cpp.dir/build.make:111: CMakeFiles/action_commands__rosidl_typesupport_cpp.dir/rosidl_typesupport_cpp/action_commands/action/follow_gps_waypoints__type_support.cpp.o] Error 1
[2.489s] gmake[2]: *** Waiting for unfinished jobs....
[2.496s] [ 28%] [32mBuilding CXX object CMakeFiles/action_commands__rosidl_typesupport_introspection_cpp.dir/rosidl_typesupport_introspection_cpp/action_commands/action/detail/follow_gps_waypoints__type_support.cpp.o[0m
[2.496s] [ 28%] [32mBuilding CXX object CMakeFiles/action_commands__rosidl_typesupport_introspection_cpp.dir/rosidl_typesupport_introspection_cpp/action_commands/action/detail/command__type_support.cpp.o[0m
[2.555s] [35m[1mConsolidate compiler generated dependencies of target action_commands__rosidl_typesupport_fastrtps_cpp[0m
[2.562s] In file included from [01m[K/home/anmol/autonomous_iit/build/action_commands/rosidl_typesupport_introspection_cpp/action_commands/action/detail/follow_gps_waypoints__type_support.cpp:12[m[K:
[2.562s] [01m[K/home/anmol/autonomous_iit/build/action_commands/rosidl_generator_cpp/action_commands/action/detail/follow_gps_waypoints__struct.hpp:20:10:[m[K [01;31m[Kfatal error: [m[Kgeometry_msgs/msg/detail/geo_pose__struct.hpp: No such file or directory
[2.562s]    20 | #include [01;31m[K"geometry_msgs/msg/detail/geo_pose__struct.hpp"[m[K
[2.562s]       |          [01;31m[K^~~~~~~~~~~~~~~~~~~~~~~~~~~~~~~~~~~~~~~~~~~~~~~[m[K
[2.562s] compilation terminated.
[2.564s] gmake[2]: *** [CMakeFiles/action_commands__rosidl_typesupport_introspection_cpp.dir/build.make:119: CMakeFiles/action_commands__rosidl_typesupport_introspection_cpp.dir/rosidl_typesupport_introspection_cpp/action_commands/action/detail/follow_gps_waypoints__type_support.cpp.o] Error 1
[2.564s] gmake[2]: *** Waiting for unfinished jobs....
[2.574s] [ 30%] [32mBuilding CXX object CMakeFiles/action_commands__rosidl_typesupport_fastrtps_cpp.dir/rosidl_typesupport_fastrtps_cpp/action_commands/action/detail/dds_fastrtps/follow_gps_waypoints__type_support.cpp.o[0m
[2.574s] [ 33%] [32mBuilding CXX object CMakeFiles/action_commands__rosidl_typesupport_fastrtps_cpp.dir/rosidl_typesupport_fastrtps_cpp/action_commands/action/detail/dds_fastrtps/command__type_support.cpp.o[0m
[2.635s] In file included from [01m[K/home/anmol/autonomous_iit/build/action_commands/rosidl_typesupport_fastrtps_cpp/action_commands/action/detail/follow_gps_waypoints__rosidl_typesupport_fastrtps_cpp.hpp:11[m[K,
[2.636s]                  from [01m[K/home/anmol/autonomous_iit/build/action_commands/rosidl_typesupport_fastrtps_cpp/action_commands/action/detail/dds_fastrtps/follow_gps_waypoints__type_support.cpp:4[m[K:
[2.636s] [01m[K/home/anmol/autonomous_iit/build/action_commands/rosidl_generator_cpp/action_commands/action/detail/follow_gps_waypoints__struct.hpp:20:10:[m[K [01;31m[Kfatal error: [m[Kgeometry_msgs/msg/detail/geo_pose__struct.hpp: No such file or directory
[2.636s]    20 | #include [01;31m[K"geometry_msgs/msg/detail/geo_pose__struct.hpp"[m[K
[2.636s]       |          [01;31m[K^~~~~~~~~~~~~~~~~~~~~~~~~~~~~~~~~~~~~~~~~~~~~~~[m[K
[2.636s] compilation terminated.
[2.638s] gmake[2]: *** [CMakeFiles/action_commands__rosidl_typesupport_fastrtps_cpp.dir/build.make:119: CMakeFiles/action_commands__rosidl_typesupport_fastrtps_cpp.dir/rosidl_typesupport_fastrtps_cpp/action_commands/action/detail/dds_fastrtps/follow_gps_waypoints__type_support.cpp.o] Error 1
[2.638s] gmake[2]: *** Waiting for unfinished jobs....
[2.816s] gmake[1]: *** [CMakeFiles/Makefile2:395: CMakeFiles/action_commands__rosidl_typesupport_cpp.dir/all] Error 2
[2.966s] gmake[1]: *** [CMakeFiles/Makefile2:369: CMakeFiles/action_commands__rosidl_typesupport_introspection_cpp.dir/all] Error 2
[3.045s] gmake[1]: *** [CMakeFiles/Makefile2:343: CMakeFiles/action_commands__rosidl_typesupport_fastrtps_cpp.dir/all] Error 2
[3.045s] gmake: *** [Makefile:146: all] Error 2
[3.048s] Invoked command in '/home/anmol/autonomous_iit/build/action_commands' returned '2': CMAKE_PREFIX_PATH=${CMAKE_PREFIX_PATH}:/home/anmol/ws_offboard_control/install/manual_key_control:/opt/ros/humble /usr/bin/cmake --build /home/anmol/autonomous_iit/build/action_commands -- -j12 -l12
