[0.848s] Invoking command in '/home/anmol/autonomous_iit/src/autonomous_mode': PYTHONPATH=/home/anmol/autonomous_iit/build/autonomous_mode/prefix_override:/home/anmol/autonomous_iit/install/autonomous_mode/lib/python3.10/site-packages:${PYTHONPATH} /usr/bin/python3 setup.py egg_info --egg-base ../../build/autonomous_mode build --build-base /home/anmol/autonomous_iit/build/autonomous_mode/build install --record /home/anmol/autonomous_iit/build/autonomous_mode/install.log --single-version-externally-managed
[1.075s] running egg_info
[1.075s] writing ../../build/autonomous_mode/autonomous_mode.egg-info/PKG-INFO
[1.076s] writing dependency_links to ../../build/autonomous_mode/autonomous_mode.egg-info/dependency_links.txt
[1.076s] writing entry points to ../../build/autonomous_mode/autonomous_mode.egg-info/entry_points.txt
[1.076s] writing requirements to ../../build/autonomous_mode/autonomous_mode.egg-info/requires.txt
[1.076s] writing top-level names to ../../build/autonomous_mode/autonomous_mode.egg-info/top_level.txt
[1.078s] reading manifest file '../../build/autonomous_mode/autonomous_mode.egg-info/SOURCES.txt'
[1.079s] writing manifest file '../../build/autonomous_mode/autonomous_mode.egg-info/SOURCES.txt'
[1.079s] running build
[1.080s] running build_py
[1.080s] copying autonomous_mode/autonomous.py -> /home/anmol/autonomous_iit/build/autonomous_mode/build/lib/autonomous_mode
[1.080s] running install
[1.080s] /usr/lib/python3/dist-packages/setuptools/command/install.py:34: SetuptoolsDeprecationWarning: setup.py install is deprecated. Use build and pip and other standards-based tools.
[1.080s]   warnings.warn(
[1.081s] running install_lib
[1.081s] copying /home/anmol/autonomous_iit/build/autonomous_mode/build/lib/autonomous_mode/autonomous.py -> /home/anmol/autonomous_iit/install/autonomous_mode/lib/python3.10/site-packages/autonomous_mode
[1.082s] byte-compiling /home/anmol/autonomous_iit/install/autonomous_mode/lib/python3.10/site-packages/autonomous_mode/autonomous.py to autonomous.cpython-310.pyc
[1.085s] running install_data
[1.086s] running install_egg_info
[1.089s] removing '/home/anmol/autonomous_iit/install/autonomous_mode/lib/python3.10/site-packages/autonomous_mode-0.0.0-py3.10.egg-info' (and everything under it)
[1.089s] Copying ../../build/autonomous_mode/autonomous_mode.egg-info to /home/anmol/autonomous_iit/install/autonomous_mode/lib/python3.10/site-packages/autonomous_mode-0.0.0-py3.10.egg-info
[1.090s] running install_scripts
[1.109s] Installing autonomous_mode script to /home/anmol/autonomous_iit/install/autonomous_mode/lib/autonomous_mode
[1.110s] Installing follow_gps script to /home/anmol/autonomous_iit/install/autonomous_mode/lib/autonomous_mode
[1.110s] Installing get_msgs script to /home/anmol/autonomous_iit/install/autonomous_mode/lib/autonomous_mode
[1.110s] Installing gps_logger script to /home/anmol/autonomous_iit/install/autonomous_mode/lib/autonomous_mode
[1.110s] Installing gps_logger_switch script to /home/anmol/autonomous_iit/install/autonomous_mode/lib/autonomous_mode
[1.110s] Installing key_input script to /home/anmol/autonomous_iit/install/autonomous_mode/lib/autonomous_mode
[1.110s] Installing testing script to /home/anmol/autonomous_iit/install/autonomous_mode/lib/autonomous_mode
[1.110s] Installing transfoem script to /home/anmol/autonomous_iit/install/autonomous_mode/lib/autonomous_mode
[1.110s] Installing utilities script to /home/anmol/autonomous_iit/install/autonomous_mode/lib/autonomous_mode
[1.111s] writing list of installed files to '/home/anmol/autonomous_iit/build/autonomous_mode/install.log'
[1.148s] Invoked command in '/home/anmol/autonomous_iit/src/autonomous_mode' returned '0': PYTHONPATH=/home/anmol/autonomous_iit/build/autonomous_mode/prefix_override:/home/anmol/autonomous_iit/install/autonomous_mode/lib/python3.10/site-packages:${PYTHONPATH} /usr/bin/python3 setup.py egg_info --egg-base ../../build/autonomous_mode build --build-base /home/anmol/autonomous_iit/build/autonomous_mode/build install --record /home/anmol/autonomous_iit/build/autonomous_mode/install.log --single-version-externally-managed
