[0.373s] Invoking command in '/home/anmol/autonomous_iit/build/tutorial_interfaces': CMAKE_PREFIX_PATH=${CMAKE_PREFIX_PATH}:/home/anmol/ws_offboard_control/install/manual_key_control:/opt/ros/humble /usr/bin/cmake /home/anmol/autonomous_iit/src/tutorial_interfaces -DCMAKE_INSTALL_PREFIX=/home/anmol/autonomous_iit/install/tutorial_interfaces
[0.468s] -- The C compiler identification is GNU 11.4.0
[0.575s] -- The CXX compiler identification is GNU 11.4.0
[0.588s] -- Detecting C compiler ABI info
[0.698s] -- Detecting C compiler ABI info - done
[0.710s] -- Check for working C compiler: /usr/bin/cc - skipped
[0.711s] -- Detecting C compile features
[0.712s] -- Detecting C compile features - done
[0.718s] -- Detecting CXX compiler ABI info
[0.890s] -- Detecting CXX compiler ABI info - done
[0.901s] -- Check for working CXX compiler: /usr/bin/c++ - skipped
[0.902s] -- Detecting CXX compile features
[0.902s] -- Detecting CXX compile features - done
[0.912s] -- Found ament_cmake: 1.3.6 (/opt/ros/humble/share/ament_cmake/cmake)
[1.169s] -- Found Python3: /usr/bin/python3.10 (found version "3.10.12") found components: Interpreter 
[1.313s] -- Found geometry_msgs: 4.2.3 (/opt/ros/humble/share/geometry_msgs/cmake)
[1.380s] -- Found rosidl_generator_c: 3.1.5 (/opt/ros/humble/share/rosidl_generator_c/cmake)
[1.388s] -- Found rosidl_adapter: 3.1.5 (/opt/ros/humble/share/rosidl_adapter/cmake)
[1.401s] -- Found rosidl_generator_cpp: 3.1.5 (/opt/ros/humble/share/rosidl_generator_cpp/cmake)
[1.425s] -- Using all available rosidl_typesupport_c: rosidl_typesupport_fastrtps_c;rosidl_typesupport_introspection_c
[1.465s] -- Using all available rosidl_typesupport_cpp: rosidl_typesupport_fastrtps_cpp;rosidl_typesupport_introspection_cpp
[1.615s] -- Found rosidl_default_generators: 1.2.0 (/opt/ros/humble/share/rosidl_default_generators/cmake)
[2.004s] -- Found ament_cmake_ros: 0.10.0 (/opt/ros/humble/share/ament_cmake_ros/cmake)
[2.502s] -- Using all available rosidl_typesupport_c: rosidl_typesupport_fastrtps_c;rosidl_typesupport_introspection_c
[2.691s] -- Using all available rosidl_typesupport_cpp: rosidl_typesupport_fastrtps_cpp;rosidl_typesupport_introspection_cpp
[2.718s] -- Found PythonInterp: /usr/bin/python3 (found suitable version "3.10.12", minimum required is "3.6") 
[2.721s] -- Found python_cmake_module: 0.10.0 (/opt/ros/humble/share/python_cmake_module/cmake)
[2.752s] -- Found PythonLibs: /usr/lib/x86_64-linux-gnu/libpython3.10.so (found suitable version "3.10.12", minimum required is "3.5") 
[2.752s] -- Using PYTHON_EXECUTABLE: /usr/bin/python3
[2.752s] -- Using PYTHON_INCLUDE_DIRS: /usr/include/python3.10
[2.752s] -- Using PYTHON_LIBRARIES: /usr/lib/x86_64-linux-gnu/libpython3.10.so
[2.778s] -- Found PythonExtra: .so  
[2.848s] -- Found ament_lint_auto: 0.12.9 (/opt/ros/humble/share/ament_lint_auto/cmake)
[2.889s] -- Added test 'lint_cmake' to check CMake code style
[2.892s] -- Added test 'xmllint' to check XML markup files
[2.895s] -- Configuring done
[2.947s] -- Generating done
[2.951s] -- Build files have been written to: /home/anmol/autonomous_iit/build/tutorial_interfaces
[2.971s] Invoked command in '/home/anmol/autonomous_iit/build/tutorial_interfaces' returned '0': CMAKE_PREFIX_PATH=${CMAKE_PREFIX_PATH}:/home/anmol/ws_offboard_control/install/manual_key_control:/opt/ros/humble /usr/bin/cmake /home/anmol/autonomous_iit/src/tutorial_interfaces -DCMAKE_INSTALL_PREFIX=/home/anmol/autonomous_iit/install/tutorial_interfaces
[2.973s] Invoking command in '/home/anmol/autonomous_iit/build/tutorial_interfaces': CMAKE_PREFIX_PATH=${CMAKE_PREFIX_PATH}:/home/anmol/ws_offboard_control/install/manual_key_control:/opt/ros/humble /usr/bin/cmake --build /home/anmol/autonomous_iit/build/tutorial_interfaces -- -j12 -l12
[3.035s] [  2%] [34m[1mGenerating C code for ROS interfaces[0m
[3.057s] [  4%] [34m[1mGenerating C++ code for ROS interfaces[0m
[3.071s] [  4%] Built target ament_cmake_python_copy_tutorial_interfaces
[3.468s] running egg_info
[3.470s] creating tutorial_interfaces.egg-info
[3.470s] writing tutorial_interfaces.egg-info/PKG-INFO
[3.470s] writing dependency_links to tutorial_interfaces.egg-info/dependency_links.txt
[3.470s] writing top-level names to tutorial_interfaces.egg-info/top_level.txt
[3.471s] writing manifest file 'tutorial_interfaces.egg-info/SOURCES.txt'
[3.474s] reading manifest file 'tutorial_interfaces.egg-info/SOURCES.txt'
[3.475s] writing manifest file 'tutorial_interfaces.egg-info/SOURCES.txt'
[3.540s] [  4%] Built target ament_cmake_python_build_tutorial_interfaces_egg
[3.610s] [  8%] [32mBuilding C object CMakeFiles/tutorial_interfaces__rosidl_generator_c.dir/rosidl_generator_c/tutorial_interfaces/msg/detail/board__functions.c.o[0m
[3.610s] [  8%] [32mBuilding C object CMakeFiles/tutorial_interfaces__rosidl_generator_c.dir/rosidl_generator_c/tutorial_interfaces/srv/detail/add_three_ints__functions.c.o[0m
[3.610s] [ 10%] [32mBuilding C object CMakeFiles/tutorial_interfaces__rosidl_generator_c.dir/rosidl_generator_c/tutorial_interfaces/msg/detail/sphere__functions.c.o[0m
[3.679s] [ 10%] Built target tutorial_interfaces__cpp
[3.694s] [ 12%] [34m[1mGenerating C++ type support for eProsima Fast-RTPS[0m
[3.694s] [ 14%] [34m[1mGenerating C++ type support dispatch for ROS interfaces[0m
[3.699s] [ 17%] [34m[1mGenerating C++ introspection for ROS interfaces[0m
[3.710s] [ 19%] [32m[1mLinking C shared library libtutorial_interfaces__rosidl_generator_c.so[0m
[3.803s] [ 19%] Built target tutorial_interfaces__rosidl_generator_c
[3.825s] [ 25%] [34m[1mGenerating C type support dispatch for ROS interfaces[0m
[3.825s] [ 25%] [34m[1mGenerating C introspection for ROS interfaces[0m
[3.825s] [ 25%] [34m[1mGenerating C type support for eProsima Fast-RTPS[0m
[4.149s] [ 27%] [32mBuilding CXX object CMakeFiles/tutorial_interfaces__rosidl_typesupport_cpp.dir/rosidl_typesupport_cpp/tutorial_interfaces/srv/add_three_ints__type_support.cpp.o[0m
[4.149s] [ 29%] [32mBuilding CXX object CMakeFiles/tutorial_interfaces__rosidl_typesupport_cpp.dir/rosidl_typesupport_cpp/tutorial_interfaces/msg/sphere__type_support.cpp.o[0m
[4.150s] [ 31%] [32mBuilding CXX object CMakeFiles/tutorial_interfaces__rosidl_typesupport_cpp.dir/rosidl_typesupport_cpp/tutorial_interfaces/msg/board__type_support.cpp.o[0m
[4.296s] [ 34%] [32mBuilding CXX object CMakeFiles/tutorial_interfaces__rosidl_typesupport_introspection_cpp.dir/rosidl_typesupport_introspection_cpp/tutorial_interfaces/msg/detail/board__type_support.cpp.o[0m
[4.312s] [ 36%] [32mBuilding CXX object CMakeFiles/tutorial_interfaces__rosidl_typesupport_introspection_cpp.dir/rosidl_typesupport_introspection_cpp/tutorial_interfaces/msg/detail/sphere__type_support.cpp.o[0m
[4.324s] [ 38%] [32mBuilding CXX object CMakeFiles/tutorial_interfaces__rosidl_typesupport_introspection_cpp.dir/rosidl_typesupport_introspection_cpp/tutorial_interfaces/srv/detail/add_three_ints__type_support.cpp.o[0m
[4.370s] [ 40%] [32mBuilding CXX object CMakeFiles/tutorial_interfaces__rosidl_typesupport_fastrtps_cpp.dir/rosidl_typesupport_fastrtps_cpp/tutorial_interfaces/srv/detail/dds_fastrtps/add_three_ints__type_support.cpp.o[0m
[4.378s] [ 42%] [32mBuilding CXX object CMakeFiles/tutorial_interfaces__rosidl_typesupport_fastrtps_cpp.dir/rosidl_typesupport_fastrtps_cpp/tutorial_interfaces/msg/detail/dds_fastrtps/board__type_support.cpp.o[0m
[4.380s] [ 44%] [32mBuilding CXX object CMakeFiles/tutorial_interfaces__rosidl_typesupport_fastrtps_cpp.dir/rosidl_typesupport_fastrtps_cpp/tutorial_interfaces/msg/detail/dds_fastrtps/sphere__type_support.cpp.o[0m
[4.461s] [ 46%] [32mBuilding CXX object CMakeFiles/tutorial_interfaces__rosidl_typesupport_c.dir/rosidl_typesupport_c/tutorial_interfaces/msg/board__type_support.cpp.o[0m
[4.571s] [ 48%] [32mBuilding CXX object CMakeFiles/tutorial_interfaces__rosidl_typesupport_c.dir/rosidl_typesupport_c/tutorial_interfaces/msg/sphere__type_support.cpp.o[0m
[4.582s] [ 51%] [32mBuilding C object CMakeFiles/tutorial_interfaces__rosidl_typesupport_introspection_c.dir/rosidl_typesupport_introspection_c/tutorial_interfaces/msg/detail/board__type_support.c.o[0m
[4.671s] [ 53%] [32mBuilding C object CMakeFiles/tutorial_interfaces__rosidl_typesupport_introspection_c.dir/rosidl_typesupport_introspection_c/tutorial_interfaces/srv/detail/add_three_ints__type_support.c.o[0m
[4.673s] [ 55%] [32mBuilding C object CMakeFiles/tutorial_interfaces__rosidl_typesupport_introspection_c.dir/rosidl_typesupport_introspection_c/tutorial_interfaces/msg/detail/sphere__type_support.c.o[0m
[4.700s] [ 57%] [32mBuilding CXX object CMakeFiles/tutorial_interfaces__rosidl_typesupport_fastrtps_c.dir/rosidl_typesupport_fastrtps_c/tutorial_interfaces/msg/detail/board__type_support_c.cpp.o[0m
[4.703s] [ 59%] [32mBuilding CXX object CMakeFiles/tutorial_interfaces__rosidl_typesupport_c.dir/rosidl_typesupport_c/tutorial_interfaces/srv/add_three_ints__type_support.cpp.o[0m
[4.719s] [ 61%] [32mBuilding CXX object CMakeFiles/tutorial_interfaces__rosidl_typesupport_fastrtps_c.dir/rosidl_typesupport_fastrtps_c/tutorial_interfaces/msg/detail/sphere__type_support_c.cpp.o[0m
[4.738s] [ 63%] [32m[1mLinking CXX shared library libtutorial_interfaces__rosidl_typesupport_cpp.so[0m
[4.799s] [ 65%] [32m[1mLinking C shared library libtutorial_interfaces__rosidl_typesupport_introspection_c.so[0m
[4.812s] [ 68%] [32mBuilding CXX object CMakeFiles/tutorial_interfaces__rosidl_typesupport_fastrtps_c.dir/rosidl_typesupport_fastrtps_c/tutorial_interfaces/srv/detail/add_three_ints__type_support_c.cpp.o[0m
[4.818s] [ 70%] [32m[1mLinking CXX shared library libtutorial_interfaces__rosidl_typesupport_c.so[0m
[4.902s] [ 70%] Built target tutorial_interfaces__rosidl_typesupport_cpp
[4.923s] [ 70%] Built target tutorial_interfaces__rosidl_typesupport_introspection_c
[4.935s] [ 70%] Built target tutorial_interfaces__rosidl_typesupport_c
[5.080s] [ 72%] [32m[1mLinking CXX shared library libtutorial_interfaces__rosidl_typesupport_introspection_cpp.so[0m
[5.154s] [ 74%] [32m[1mLinking CXX shared library libtutorial_interfaces__rosidl_typesupport_fastrtps_cpp.so[0m
[5.230s] [ 74%] Built target tutorial_interfaces__rosidl_typesupport_introspection_cpp
[5.319s] [ 74%] Built target tutorial_interfaces__rosidl_typesupport_fastrtps_cpp
[5.373s] [ 76%] [32m[1mLinking CXX shared library libtutorial_interfaces__rosidl_typesupport_fastrtps_c.so[0m
[5.508s] [ 76%] Built target tutorial_interfaces__rosidl_typesupport_fastrtps_c
[5.535s] [ 76%] Built target tutorial_interfaces
[5.568s] [ 78%] [34m[1mGenerating Python code for ROS interfaces[0m
[6.279s] [ 78%] Built target tutorial_interfaces__py
[6.312s] [ 85%] [32mBuilding C object CMakeFiles/tutorial_interfaces__rosidl_generator_py.dir/rosidl_generator_py/tutorial_interfaces/srv/_add_three_ints_s.c.o[0m
[6.312s] [ 85%] [32mBuilding C object CMakeFiles/tutorial_interfaces__rosidl_generator_py.dir/rosidl_generator_py/tutorial_interfaces/msg/_sphere_s.c.o[0m
[6.312s] [ 85%] [32mBuilding C object CMakeFiles/tutorial_interfaces__rosidl_generator_py.dir/rosidl_generator_py/tutorial_interfaces/msg/_board_s.c.o[0m
[6.478s] [ 87%] [32m[1mLinking C shared library rosidl_generator_py/tutorial_interfaces/libtutorial_interfaces__rosidl_generator_py.so[0m
[6.536s] [ 87%] Built target tutorial_interfaces__rosidl_generator_py
[6.567s] [ 91%] [32mBuilding C object CMakeFiles/tutorial_interfaces__rosidl_typesupport_fastrtps_c__pyext.dir/rosidl_generator_py/tutorial_interfaces/_tutorial_interfaces_s.ep.rosidl_typesupport_fastrtps_c.c.o[0m
[6.567s] [ 91%] [32mBuilding C object CMakeFiles/tutorial_interfaces__rosidl_typesupport_introspection_c__pyext.dir/rosidl_generator_py/tutorial_interfaces/_tutorial_interfaces_s.ep.rosidl_typesupport_introspection_c.c.o[0m
[6.567s] [ 93%] [32mBuilding C object CMakeFiles/tutorial_interfaces__rosidl_typesupport_c__pyext.dir/rosidl_generator_py/tutorial_interfaces/_tutorial_interfaces_s.ep.rosidl_typesupport_c.c.o[0m
[6.705s] [ 95%] [32m[1mLinking C shared library rosidl_generator_py/tutorial_interfaces/tutorial_interfaces_s__rosidl_typesupport_c.cpython-310-x86_64-linux-gnu.so[0m
[6.732s] [100%] [32m[1mLinking C shared library rosidl_generator_py/tutorial_interfaces/tutorial_interfaces_s__rosidl_typesupport_introspection_c.cpython-310-x86_64-linux-gnu.so[0m
[6.732s] [100%] [32m[1mLinking C shared library rosidl_generator_py/tutorial_interfaces/tutorial_interfaces_s__rosidl_typesupport_fastrtps_c.cpython-310-x86_64-linux-gnu.so[0m
[6.772s] [100%] Built target tutorial_interfaces__rosidl_typesupport_c__pyext
[6.790s] [100%] Built target tutorial_interfaces__rosidl_typesupport_fastrtps_c__pyext
[6.795s] [100%] Built target tutorial_interfaces__rosidl_typesupport_introspection_c__pyext
[6.812s] Invoked command in '/home/anmol/autonomous_iit/build/tutorial_interfaces' returned '0': CMAKE_PREFIX_PATH=${CMAKE_PREFIX_PATH}:/home/anmol/ws_offboard_control/install/manual_key_control:/opt/ros/humble /usr/bin/cmake --build /home/anmol/autonomous_iit/build/tutorial_interfaces -- -j12 -l12
[6.985s] Invoking command in '/home/anmol/autonomous_iit/build/tutorial_interfaces': CMAKE_PREFIX_PATH=${CMAKE_PREFIX_PATH}:/home/anmol/ws_offboard_control/install/manual_key_control:/opt/ros/humble /usr/bin/cmake --install /home/anmol/autonomous_iit/build/tutorial_interfaces
[6.996s] -- Install configuration: ""
[6.996s] -- Installing: /home/anmol/autonomous_iit/install/tutorial_interfaces/share/ament_index/resource_index/rosidl_interfaces/tutorial_interfaces
[6.996s] -- Installing: /home/anmol/autonomous_iit/install/tutorial_interfaces/include/tutorial_interfaces/tutorial_interfaces
[6.996s] -- Installing: /home/anmol/autonomous_iit/install/tutorial_interfaces/include/tutorial_interfaces/tutorial_interfaces/msg
[6.996s] -- Installing: /home/anmol/autonomous_iit/install/tutorial_interfaces/include/tutorial_interfaces/tutorial_interfaces/msg/sphere.h
[6.997s] -- Installing: /home/anmol/autonomous_iit/install/tutorial_interfaces/include/tutorial_interfaces/tutorial_interfaces/msg/detail
[6.997s] -- Installing: /home/anmol/autonomous_iit/install/tutorial_interfaces/include/tutorial_interfaces/tutorial_interfaces/msg/detail/board__struct.h
[6.997s] -- Installing: /home/anmol/autonomous_iit/install/tutorial_interfaces/include/tutorial_interfaces/tutorial_interfaces/msg/detail/board__functions.c
[6.997s] -- Installing: /home/anmol/autonomous_iit/install/tutorial_interfaces/include/tutorial_interfaces/tutorial_interfaces/msg/detail/sphere__type_support.h
[6.997s] -- Installing: /home/anmol/autonomous_iit/install/tutorial_interfaces/include/tutorial_interfaces/tutorial_interfaces/msg/detail/sphere__functions.h
[6.997s] -- Installing: /home/anmol/autonomous_iit/install/tutorial_interfaces/include/tutorial_interfaces/tutorial_interfaces/msg/detail/sphere__struct.h
[6.997s] -- Installing: /home/anmol/autonomous_iit/install/tutorial_interfaces/include/tutorial_interfaces/tutorial_interfaces/msg/detail/board__functions.h
[6.997s] -- Installing: /home/anmol/autonomous_iit/install/tutorial_interfaces/include/tutorial_interfaces/tutorial_interfaces/msg/detail/board__type_support.h
[6.998s] -- Installing: /home/anmol/autonomous_iit/install/tutorial_interfaces/include/tutorial_interfaces/tutorial_interfaces/msg/detail/sphere__functions.c
[6.998s] -- Installing: /home/anmol/autonomous_iit/install/tutorial_interfaces/include/tutorial_interfaces/tutorial_interfaces/msg/board.h
[6.998s] -- Installing: /home/anmol/autonomous_iit/install/tutorial_interfaces/include/tutorial_interfaces/tutorial_interfaces/msg/rosidl_generator_c__visibility_control.h
[6.998s] -- Installing: /home/anmol/autonomous_iit/install/tutorial_interfaces/include/tutorial_interfaces/tutorial_interfaces/srv
[6.998s] -- Installing: /home/anmol/autonomous_iit/install/tutorial_interfaces/include/tutorial_interfaces/tutorial_interfaces/srv/detail
[6.998s] -- Installing: /home/anmol/autonomous_iit/install/tutorial_interfaces/include/tutorial_interfaces/tutorial_interfaces/srv/detail/add_three_ints__struct.h
[6.998s] -- Installing: /home/anmol/autonomous_iit/install/tutorial_interfaces/include/tutorial_interfaces/tutorial_interfaces/srv/detail/add_three_ints__functions.h
[6.998s] -- Installing: /home/anmol/autonomous_iit/install/tutorial_interfaces/include/tutorial_interfaces/tutorial_interfaces/srv/detail/add_three_ints__type_support.h
[6.998s] -- Installing: /home/anmol/autonomous_iit/install/tutorial_interfaces/include/tutorial_interfaces/tutorial_interfaces/srv/detail/add_three_ints__functions.c
[6.998s] -- Installing: /home/anmol/autonomous_iit/install/tutorial_interfaces/include/tutorial_interfaces/tutorial_interfaces/srv/add_three_ints.h
[6.999s] -- Installing: /home/anmol/autonomous_iit/install/tutorial_interfaces/share/tutorial_interfaces/environment/library_path.sh
[6.999s] -- Installing: /home/anmol/autonomous_iit/install/tutorial_interfaces/share/tutorial_interfaces/environment/library_path.dsv
[7.000s] -- Installing: /home/anmol/autonomous_iit/install/tutorial_interfaces/lib/libtutorial_interfaces__rosidl_generator_c.so
[7.000s] -- Set runtime path of "/home/anmol/autonomous_iit/install/tutorial_interfaces/lib/libtutorial_interfaces__rosidl_generator_c.so" to ""
[7.000s] -- Up-to-date: /home/anmol/autonomous_iit/install/tutorial_interfaces/include/tutorial_interfaces/tutorial_interfaces
[7.000s] -- Up-to-date: /home/anmol/autonomous_iit/install/tutorial_interfaces/include/tutorial_interfaces/tutorial_interfaces/msg
[7.000s] -- Up-to-date: /home/anmol/autonomous_iit/install/tutorial_interfaces/include/tutorial_interfaces/tutorial_interfaces/msg/detail
[7.001s] -- Installing: /home/anmol/autonomous_iit/install/tutorial_interfaces/include/tutorial_interfaces/tutorial_interfaces/msg/detail/board__rosidl_typesupport_fastrtps_c.h
[7.001s] -- Installing: /home/anmol/autonomous_iit/install/tutorial_interfaces/include/tutorial_interfaces/tutorial_interfaces/msg/detail/sphere__rosidl_typesupport_fastrtps_c.h
[7.001s] -- Installing: /home/anmol/autonomous_iit/install/tutorial_interfaces/include/tutorial_interfaces/tutorial_interfaces/msg/rosidl_typesupport_fastrtps_c__visibility_control.h
[7.001s] -- Up-to-date: /home/anmol/autonomous_iit/install/tutorial_interfaces/include/tutorial_interfaces/tutorial_interfaces/srv
[7.001s] -- Up-to-date: /home/anmol/autonomous_iit/install/tutorial_interfaces/include/tutorial_interfaces/tutorial_interfaces/srv/detail
[7.001s] -- Installing: /home/anmol/autonomous_iit/install/tutorial_interfaces/include/tutorial_interfaces/tutorial_interfaces/srv/detail/add_three_ints__rosidl_typesupport_fastrtps_c.h
[7.001s] -- Installing: /home/anmol/autonomous_iit/install/tutorial_interfaces/lib/libtutorial_interfaces__rosidl_typesupport_fastrtps_c.so
[7.001s] -- Set runtime path of "/home/anmol/autonomous_iit/install/tutorial_interfaces/lib/libtutorial_interfaces__rosidl_typesupport_fastrtps_c.so" to ""
[7.001s] -- Up-to-date: /home/anmol/autonomous_iit/install/tutorial_interfaces/include/tutorial_interfaces/tutorial_interfaces
[7.002s] -- Up-to-date: /home/anmol/autonomous_iit/install/tutorial_interfaces/include/tutorial_interfaces/tutorial_interfaces/msg
[7.002s] -- Up-to-date: /home/anmol/autonomous_iit/install/tutorial_interfaces/include/tutorial_interfaces/tutorial_interfaces/msg/detail
[7.002s] -- Installing: /home/anmol/autonomous_iit/install/tutorial_interfaces/include/tutorial_interfaces/tutorial_interfaces/msg/detail/sphere__traits.hpp
[7.002s] -- Installing: /home/anmol/autonomous_iit/install/tutorial_interfaces/include/tutorial_interfaces/tutorial_interfaces/msg/detail/board__builder.hpp
[7.002s] -- Installing: /home/anmol/autonomous_iit/install/tutorial_interfaces/include/tutorial_interfaces/tutorial_interfaces/msg/detail/board__traits.hpp
[7.002s] -- Installing: /home/anmol/autonomous_iit/install/tutorial_interfaces/include/tutorial_interfaces/tutorial_interfaces/msg/detail/sphere__struct.hpp
[7.002s] -- Installing: /home/anmol/autonomous_iit/install/tutorial_interfaces/include/tutorial_interfaces/tutorial_interfaces/msg/detail/sphere__builder.hpp
[7.002s] -- Installing: /home/anmol/autonomous_iit/install/tutorial_interfaces/include/tutorial_interfaces/tutorial_interfaces/msg/detail/board__struct.hpp
[7.002s] -- Installing: /home/anmol/autonomous_iit/install/tutorial_interfaces/include/tutorial_interfaces/tutorial_interfaces/msg/sphere.hpp
[7.003s] -- Installing: /home/anmol/autonomous_iit/install/tutorial_interfaces/include/tutorial_interfaces/tutorial_interfaces/msg/board.hpp
[7.003s] -- Up-to-date: /home/anmol/autonomous_iit/install/tutorial_interfaces/include/tutorial_interfaces/tutorial_interfaces/srv
[7.003s] -- Installing: /home/anmol/autonomous_iit/install/tutorial_interfaces/include/tutorial_interfaces/tutorial_interfaces/srv/add_three_ints.hpp
[7.003s] -- Up-to-date: /home/anmol/autonomous_iit/install/tutorial_interfaces/include/tutorial_interfaces/tutorial_interfaces/srv/detail
[7.003s] -- Installing: /home/anmol/autonomous_iit/install/tutorial_interfaces/include/tutorial_interfaces/tutorial_interfaces/srv/detail/add_three_ints__traits.hpp
[7.003s] -- Installing: /home/anmol/autonomous_iit/install/tutorial_interfaces/include/tutorial_interfaces/tutorial_interfaces/srv/detail/add_three_ints__struct.hpp
[7.003s] -- Installing: /home/anmol/autonomous_iit/install/tutorial_interfaces/include/tutorial_interfaces/tutorial_interfaces/srv/detail/add_three_ints__builder.hpp
[7.003s] -- Up-to-date: /home/anmol/autonomous_iit/install/tutorial_interfaces/include/tutorial_interfaces/tutorial_interfaces
[7.003s] -- Up-to-date: /home/anmol/autonomous_iit/install/tutorial_interfaces/include/tutorial_interfaces/tutorial_interfaces/msg
[7.004s] -- Up-to-date: /home/anmol/autonomous_iit/install/tutorial_interfaces/include/tutorial_interfaces/tutorial_interfaces/msg/detail
[7.004s] -- Installing: /home/anmol/autonomous_iit/install/tutorial_interfaces/include/tutorial_interfaces/tutorial_interfaces/msg/detail/dds_fastrtps
[7.004s] -- Installing: /home/anmol/autonomous_iit/install/tutorial_interfaces/include/tutorial_interfaces/tutorial_interfaces/msg/detail/sphere__rosidl_typesupport_fastrtps_cpp.hpp
[7.004s] -- Installing: /home/anmol/autonomous_iit/install/tutorial_interfaces/include/tutorial_interfaces/tutorial_interfaces/msg/detail/board__rosidl_typesupport_fastrtps_cpp.hpp
[7.004s] -- Installing: /home/anmol/autonomous_iit/install/tutorial_interfaces/include/tutorial_interfaces/tutorial_interfaces/msg/rosidl_typesupport_fastrtps_cpp__visibility_control.h
[7.004s] -- Up-to-date: /home/anmol/autonomous_iit/install/tutorial_interfaces/include/tutorial_interfaces/tutorial_interfaces/srv
[7.004s] -- Up-to-date: /home/anmol/autonomous_iit/install/tutorial_interfaces/include/tutorial_interfaces/tutorial_interfaces/srv/detail
[7.004s] -- Installing: /home/anmol/autonomous_iit/install/tutorial_interfaces/include/tutorial_interfaces/tutorial_interfaces/srv/detail/dds_fastrtps
[7.004s] -- Installing: /home/anmol/autonomous_iit/install/tutorial_interfaces/include/tutorial_interfaces/tutorial_interfaces/srv/detail/add_three_ints__rosidl_typesupport_fastrtps_cpp.hpp
[7.004s] -- Installing: /home/anmol/autonomous_iit/install/tutorial_interfaces/lib/libtutorial_interfaces__rosidl_typesupport_fastrtps_cpp.so
[7.005s] -- Set runtime path of "/home/anmol/autonomous_iit/install/tutorial_interfaces/lib/libtutorial_interfaces__rosidl_typesupport_fastrtps_cpp.so" to ""
[7.005s] -- Up-to-date: /home/anmol/autonomous_iit/install/tutorial_interfaces/include/tutorial_interfaces/tutorial_interfaces
[7.005s] -- Up-to-date: /home/anmol/autonomous_iit/install/tutorial_interfaces/include/tutorial_interfaces/tutorial_interfaces/msg
[7.005s] -- Up-to-date: /home/anmol/autonomous_iit/install/tutorial_interfaces/include/tutorial_interfaces/tutorial_interfaces/msg/detail
[7.005s] -- Installing: /home/anmol/autonomous_iit/install/tutorial_interfaces/include/tutorial_interfaces/tutorial_interfaces/msg/detail/sphere__type_support.c
[7.006s] -- Installing: /home/anmol/autonomous_iit/install/tutorial_interfaces/include/tutorial_interfaces/tutorial_interfaces/msg/detail/sphere__rosidl_typesupport_introspection_c.h
[7.006s] -- Installing: /home/anmol/autonomous_iit/install/tutorial_interfaces/include/tutorial_interfaces/tutorial_interfaces/msg/detail/board__rosidl_typesupport_introspection_c.h
[7.006s] -- Installing: /home/anmol/autonomous_iit/install/tutorial_interfaces/include/tutorial_interfaces/tutorial_interfaces/msg/detail/board__type_support.c
[7.006s] -- Installing: /home/anmol/autonomous_iit/install/tutorial_interfaces/include/tutorial_interfaces/tutorial_interfaces/msg/rosidl_typesupport_introspection_c__visibility_control.h
[7.006s] -- Up-to-date: /home/anmol/autonomous_iit/install/tutorial_interfaces/include/tutorial_interfaces/tutorial_interfaces/srv
[7.006s] -- Up-to-date: /home/anmol/autonomous_iit/install/tutorial_interfaces/include/tutorial_interfaces/tutorial_interfaces/srv/detail
[7.006s] -- Installing: /home/anmol/autonomous_iit/install/tutorial_interfaces/include/tutorial_interfaces/tutorial_interfaces/srv/detail/add_three_ints__rosidl_typesupport_introspection_c.h
[7.006s] -- Installing: /home/anmol/autonomous_iit/install/tutorial_interfaces/include/tutorial_interfaces/tutorial_interfaces/srv/detail/add_three_ints__type_support.c
[7.006s] -- Installing: /home/anmol/autonomous_iit/install/tutorial_interfaces/lib/libtutorial_interfaces__rosidl_typesupport_introspection_c.so
[7.007s] -- Set runtime path of "/home/anmol/autonomous_iit/install/tutorial_interfaces/lib/libtutorial_interfaces__rosidl_typesupport_introspection_c.so" to ""
[7.007s] -- Installing: /home/anmol/autonomous_iit/install/tutorial_interfaces/lib/libtutorial_interfaces__rosidl_typesupport_c.so
[7.007s] -- Set runtime path of "/home/anmol/autonomous_iit/install/tutorial_interfaces/lib/libtutorial_interfaces__rosidl_typesupport_c.so" to ""
[7.008s] -- Up-to-date: /home/anmol/autonomous_iit/install/tutorial_interfaces/include/tutorial_interfaces/tutorial_interfaces
[7.008s] -- Up-to-date: /home/anmol/autonomous_iit/install/tutorial_interfaces/include/tutorial_interfaces/tutorial_interfaces/msg
[7.008s] -- Up-to-date: /home/anmol/autonomous_iit/install/tutorial_interfaces/include/tutorial_interfaces/tutorial_interfaces/msg/detail
[7.008s] -- Installing: /home/anmol/autonomous_iit/install/tutorial_interfaces/include/tutorial_interfaces/tutorial_interfaces/msg/detail/board__type_support.cpp
[7.008s] -- Installing: /home/anmol/autonomous_iit/install/tutorial_interfaces/include/tutorial_interfaces/tutorial_interfaces/msg/detail/sphere__rosidl_typesupport_introspection_cpp.hpp
[7.008s] -- Installing: /home/anmol/autonomous_iit/install/tutorial_interfaces/include/tutorial_interfaces/tutorial_interfaces/msg/detail/sphere__type_support.cpp
[7.008s] -- Installing: /home/anmol/autonomous_iit/install/tutorial_interfaces/include/tutorial_interfaces/tutorial_interfaces/msg/detail/board__rosidl_typesupport_introspection_cpp.hpp
[7.008s] -- Up-to-date: /home/anmol/autonomous_iit/install/tutorial_interfaces/include/tutorial_interfaces/tutorial_interfaces/srv
[7.008s] -- Up-to-date: /home/anmol/autonomous_iit/install/tutorial_interfaces/include/tutorial_interfaces/tutorial_interfaces/srv/detail
[7.008s] -- Installing: /home/anmol/autonomous_iit/install/tutorial_interfaces/include/tutorial_interfaces/tutorial_interfaces/srv/detail/add_three_ints__type_support.cpp
[7.008s] -- Installing: /home/anmol/autonomous_iit/install/tutorial_interfaces/include/tutorial_interfaces/tutorial_interfaces/srv/detail/add_three_ints__rosidl_typesupport_introspection_cpp.hpp
[7.009s] -- Installing: /home/anmol/autonomous_iit/install/tutorial_interfaces/lib/libtutorial_interfaces__rosidl_typesupport_introspection_cpp.so
[7.009s] -- Set runtime path of "/home/anmol/autonomous_iit/install/tutorial_interfaces/lib/libtutorial_interfaces__rosidl_typesupport_introspection_cpp.so" to ""
[7.009s] -- Installing: /home/anmol/autonomous_iit/install/tutorial_interfaces/lib/libtutorial_interfaces__rosidl_typesupport_cpp.so
[7.010s] -- Set runtime path of "/home/anmol/autonomous_iit/install/tutorial_interfaces/lib/libtutorial_interfaces__rosidl_typesupport_cpp.so" to ""
[7.010s] -- Installing: /home/anmol/autonomous_iit/install/tutorial_interfaces/share/tutorial_interfaces/environment/pythonpath.sh
[7.010s] -- Installing: /home/anmol/autonomous_iit/install/tutorial_interfaces/share/tutorial_interfaces/environment/pythonpath.dsv
[7.010s] -- Installing: /home/anmol/autonomous_iit/install/tutorial_interfaces/local/lib/python3.10/dist-packages/tutorial_interfaces-0.0.0-py3.10.egg-info
[7.010s] -- Installing: /home/anmol/autonomous_iit/install/tutorial_interfaces/local/lib/python3.10/dist-packages/tutorial_interfaces-0.0.0-py3.10.egg-info/dependency_links.txt
[7.010s] -- Installing: /home/anmol/autonomous_iit/install/tutorial_interfaces/local/lib/python3.10/dist-packages/tutorial_interfaces-0.0.0-py3.10.egg-info/SOURCES.txt
[7.011s] -- Installing: /home/anmol/autonomous_iit/install/tutorial_interfaces/local/lib/python3.10/dist-packages/tutorial_interfaces-0.0.0-py3.10.egg-info/PKG-INFO
[7.011s] -- Installing: /home/anmol/autonomous_iit/install/tutorial_interfaces/local/lib/python3.10/dist-packages/tutorial_interfaces-0.0.0-py3.10.egg-info/top_level.txt
[7.011s] -- Installing: /home/anmol/autonomous_iit/install/tutorial_interfaces/local/lib/python3.10/dist-packages/tutorial_interfaces
[7.011s] -- Installing: /home/anmol/autonomous_iit/install/tutorial_interfaces/local/lib/python3.10/dist-packages/tutorial_interfaces/tutorial_interfaces_s__rosidl_typesupport_fastrtps_c.cpython-310-x86_64-linux-gnu.so
[7.011s] -- Installing: /home/anmol/autonomous_iit/install/tutorial_interfaces/local/lib/python3.10/dist-packages/tutorial_interfaces/tutorial_interfaces_s__rosidl_typesupport_introspection_c.cpython-310-x86_64-linux-gnu.so
[7.011s] -- Installing: /home/anmol/autonomous_iit/install/tutorial_interfaces/local/lib/python3.10/dist-packages/tutorial_interfaces/_tutorial_interfaces_s.ep.rosidl_typesupport_fastrtps_c.c
[7.012s] -- Installing: /home/anmol/autonomous_iit/install/tutorial_interfaces/local/lib/python3.10/dist-packages/tutorial_interfaces/__init__.py
[7.012s] -- Installing: /home/anmol/autonomous_iit/install/tutorial_interfaces/local/lib/python3.10/dist-packages/tutorial_interfaces/_tutorial_interfaces_s.ep.rosidl_typesupport_introspection_c.c
[7.012s] -- Installing: /home/anmol/autonomous_iit/install/tutorial_interfaces/local/lib/python3.10/dist-packages/tutorial_interfaces/libtutorial_interfaces__rosidl_generator_py.so
[7.012s] -- Installing: /home/anmol/autonomous_iit/install/tutorial_interfaces/local/lib/python3.10/dist-packages/tutorial_interfaces/msg
[7.012s] -- Installing: /home/anmol/autonomous_iit/install/tutorial_interfaces/local/lib/python3.10/dist-packages/tutorial_interfaces/msg/__init__.py
[7.012s] -- Installing: /home/anmol/autonomous_iit/install/tutorial_interfaces/local/lib/python3.10/dist-packages/tutorial_interfaces/msg/_board.py
[7.012s] -- Installing: /home/anmol/autonomous_iit/install/tutorial_interfaces/local/lib/python3.10/dist-packages/tutorial_interfaces/msg/_sphere_s.c
[7.013s] -- Installing: /home/anmol/autonomous_iit/install/tutorial_interfaces/local/lib/python3.10/dist-packages/tutorial_interfaces/msg/_sphere.py
[7.013s] -- Installing: /home/anmol/autonomous_iit/install/tutorial_interfaces/local/lib/python3.10/dist-packages/tutorial_interfaces/msg/_board_s.c
[7.013s] -- Installing: /home/anmol/autonomous_iit/install/tutorial_interfaces/local/lib/python3.10/dist-packages/tutorial_interfaces/_tutorial_interfaces_s.ep.rosidl_typesupport_c.c
[7.013s] -- Installing: /home/anmol/autonomous_iit/install/tutorial_interfaces/local/lib/python3.10/dist-packages/tutorial_interfaces/srv
[7.013s] -- Installing: /home/anmol/autonomous_iit/install/tutorial_interfaces/local/lib/python3.10/dist-packages/tutorial_interfaces/srv/__init__.py
[7.013s] -- Installing: /home/anmol/autonomous_iit/install/tutorial_interfaces/local/lib/python3.10/dist-packages/tutorial_interfaces/srv/_add_three_ints_s.c
[7.014s] -- Installing: /home/anmol/autonomous_iit/install/tutorial_interfaces/local/lib/python3.10/dist-packages/tutorial_interfaces/srv/_add_three_ints.py
[7.014s] -- Installing: /home/anmol/autonomous_iit/install/tutorial_interfaces/local/lib/python3.10/dist-packages/tutorial_interfaces/tutorial_interfaces_s__rosidl_typesupport_c.cpython-310-x86_64-linux-gnu.so
[7.058s] Listing '/home/anmol/autonomous_iit/install/tutorial_interfaces/local/lib/python3.10/dist-packages/tutorial_interfaces'...
[7.058s] Compiling '/home/anmol/autonomous_iit/install/tutorial_interfaces/local/lib/python3.10/dist-packages/tutorial_interfaces/__init__.py'...
[7.058s] Listing '/home/anmol/autonomous_iit/install/tutorial_interfaces/local/lib/python3.10/dist-packages/tutorial_interfaces/msg'...
[7.058s] Compiling '/home/anmol/autonomous_iit/install/tutorial_interfaces/local/lib/python3.10/dist-packages/tutorial_interfaces/msg/__init__.py'...
[7.058s] Compiling '/home/anmol/autonomous_iit/install/tutorial_interfaces/local/lib/python3.10/dist-packages/tutorial_interfaces/msg/_board.py'...
[7.058s] Compiling '/home/anmol/autonomous_iit/install/tutorial_interfaces/local/lib/python3.10/dist-packages/tutorial_interfaces/msg/_sphere.py'...
[7.058s] Listing '/home/anmol/autonomous_iit/install/tutorial_interfaces/local/lib/python3.10/dist-packages/tutorial_interfaces/srv'...
[7.058s] Compiling '/home/anmol/autonomous_iit/install/tutorial_interfaces/local/lib/python3.10/dist-packages/tutorial_interfaces/srv/__init__.py'...
[7.058s] Compiling '/home/anmol/autonomous_iit/install/tutorial_interfaces/local/lib/python3.10/dist-packages/tutorial_interfaces/srv/_add_three_ints.py'...
[7.067s] -- Installing: /home/anmol/autonomous_iit/install/tutorial_interfaces/local/lib/python3.10/dist-packages/tutorial_interfaces/tutorial_interfaces_s__rosidl_typesupport_fastrtps_c.cpython-310-x86_64-linux-gnu.so
[7.067s] -- Set runtime path of "/home/anmol/autonomous_iit/install/tutorial_interfaces/local/lib/python3.10/dist-packages/tutorial_interfaces/tutorial_interfaces_s__rosidl_typesupport_fastrtps_c.cpython-310-x86_64-linux-gnu.so" to ""
[7.067s] -- Installing: /home/anmol/autonomous_iit/install/tutorial_interfaces/local/lib/python3.10/dist-packages/tutorial_interfaces/tutorial_interfaces_s__rosidl_typesupport_introspection_c.cpython-310-x86_64-linux-gnu.so
[7.068s] -- Set runtime path of "/home/anmol/autonomous_iit/install/tutorial_interfaces/local/lib/python3.10/dist-packages/tutorial_interfaces/tutorial_interfaces_s__rosidl_typesupport_introspection_c.cpython-310-x86_64-linux-gnu.so" to ""
[7.068s] -- Installing: /home/anmol/autonomous_iit/install/tutorial_interfaces/local/lib/python3.10/dist-packages/tutorial_interfaces/tutorial_interfaces_s__rosidl_typesupport_c.cpython-310-x86_64-linux-gnu.so
[7.068s] -- Set runtime path of "/home/anmol/autonomous_iit/install/tutorial_interfaces/local/lib/python3.10/dist-packages/tutorial_interfaces/tutorial_interfaces_s__rosidl_typesupport_c.cpython-310-x86_64-linux-gnu.so" to ""
[7.068s] -- Installing: /home/anmol/autonomous_iit/install/tutorial_interfaces/lib/libtutorial_interfaces__rosidl_generator_py.so
[7.069s] -- Set runtime path of "/home/anmol/autonomous_iit/install/tutorial_interfaces/lib/libtutorial_interfaces__rosidl_generator_py.so" to ""
[7.069s] -- Installing: /home/anmol/autonomous_iit/install/tutorial_interfaces/share/tutorial_interfaces/msg/Board.idl
[7.069s] -- Installing: /home/anmol/autonomous_iit/install/tutorial_interfaces/share/tutorial_interfaces/msg/Sphere.idl
[7.069s] -- Installing: /home/anmol/autonomous_iit/install/tutorial_interfaces/share/tutorial_interfaces/srv/AddThreeInts.idl
[7.069s] -- Installing: /home/anmol/autonomous_iit/install/tutorial_interfaces/share/tutorial_interfaces/msg/Board.msg
[7.070s] -- Installing: /home/anmol/autonomous_iit/install/tutorial_interfaces/share/tutorial_interfaces/msg/Sphere.msg
[7.070s] -- Installing: /home/anmol/autonomous_iit/install/tutorial_interfaces/share/tutorial_interfaces/srv/AddThreeInts.srv
[7.070s] -- Installing: /home/anmol/autonomous_iit/install/tutorial_interfaces/share/tutorial_interfaces/srv/AddThreeInts_Request.msg
[7.070s] -- Installing: /home/anmol/autonomous_iit/install/tutorial_interfaces/share/tutorial_interfaces/srv/AddThreeInts_Response.msg
[7.071s] -- Installing: /home/anmol/autonomous_iit/install/tutorial_interfaces/share/ament_index/resource_index/package_run_dependencies/tutorial_interfaces
[7.071s] -- Installing: /home/anmol/autonomous_iit/install/tutorial_interfaces/share/ament_index/resource_index/parent_prefix_path/tutorial_interfaces
[7.071s] -- Installing: /home/anmol/autonomous_iit/install/tutorial_interfaces/share/tutorial_interfaces/environment/ament_prefix_path.sh
[7.071s] -- Installing: /home/anmol/autonomous_iit/install/tutorial_interfaces/share/tutorial_interfaces/environment/ament_prefix_path.dsv
[7.071s] -- Installing: /home/anmol/autonomous_iit/install/tutorial_interfaces/share/tutorial_interfaces/environment/path.sh
[7.072s] -- Installing: /home/anmol/autonomous_iit/install/tutorial_interfaces/share/tutorial_interfaces/environment/path.dsv
[7.072s] -- Installing: /home/anmol/autonomous_iit/install/tutorial_interfaces/share/tutorial_interfaces/local_setup.bash
[7.072s] -- Installing: /home/anmol/autonomous_iit/install/tutorial_interfaces/share/tutorial_interfaces/local_setup.sh
[7.072s] -- Installing: /home/anmol/autonomous_iit/install/tutorial_interfaces/share/tutorial_interfaces/local_setup.zsh
[7.072s] -- Installing: /home/anmol/autonomous_iit/install/tutorial_interfaces/share/tutorial_interfaces/local_setup.dsv
[7.072s] -- Installing: /home/anmol/autonomous_iit/install/tutorial_interfaces/share/tutorial_interfaces/package.dsv
[7.072s] -- Installing: /home/anmol/autonomous_iit/install/tutorial_interfaces/share/ament_index/resource_index/packages/tutorial_interfaces
[7.073s] -- Installing: /home/anmol/autonomous_iit/install/tutorial_interfaces/share/tutorial_interfaces/cmake/export_tutorial_interfaces__rosidl_generator_cExport.cmake
[7.073s] -- Installing: /home/anmol/autonomous_iit/install/tutorial_interfaces/share/tutorial_interfaces/cmake/export_tutorial_interfaces__rosidl_generator_cExport-noconfig.cmake
[7.073s] -- Installing: /home/anmol/autonomous_iit/install/tutorial_interfaces/share/tutorial_interfaces/cmake/export_tutorial_interfaces__rosidl_typesupport_fastrtps_cExport.cmake
[7.073s] -- Installing: /home/anmol/autonomous_iit/install/tutorial_interfaces/share/tutorial_interfaces/cmake/export_tutorial_interfaces__rosidl_typesupport_fastrtps_cExport-noconfig.cmake
[7.073s] -- Installing: /home/anmol/autonomous_iit/install/tutorial_interfaces/share/tutorial_interfaces/cmake/export_tutorial_interfaces__rosidl_generator_cppExport.cmake
[7.074s] -- Installing: /home/anmol/autonomous_iit/install/tutorial_interfaces/share/tutorial_interfaces/cmake/export_tutorial_interfaces__rosidl_typesupport_fastrtps_cppExport.cmake
[7.074s] -- Installing: /home/anmol/autonomous_iit/install/tutorial_interfaces/share/tutorial_interfaces/cmake/export_tutorial_interfaces__rosidl_typesupport_fastrtps_cppExport-noconfig.cmake
[7.074s] -- Installing: /home/anmol/autonomous_iit/install/tutorial_interfaces/share/tutorial_interfaces/cmake/tutorial_interfaces__rosidl_typesupport_introspection_cExport.cmake
[7.074s] -- Installing: /home/anmol/autonomous_iit/install/tutorial_interfaces/share/tutorial_interfaces/cmake/tutorial_interfaces__rosidl_typesupport_introspection_cExport-noconfig.cmake
[7.074s] -- Installing: /home/anmol/autonomous_iit/install/tutorial_interfaces/share/tutorial_interfaces/cmake/tutorial_interfaces__rosidl_typesupport_cExport.cmake
[7.074s] -- Installing: /home/anmol/autonomous_iit/install/tutorial_interfaces/share/tutorial_interfaces/cmake/tutorial_interfaces__rosidl_typesupport_cExport-noconfig.cmake
[7.075s] -- Installing: /home/anmol/autonomous_iit/install/tutorial_interfaces/share/tutorial_interfaces/cmake/tutorial_interfaces__rosidl_typesupport_introspection_cppExport.cmake
[7.075s] -- Installing: /home/anmol/autonomous_iit/install/tutorial_interfaces/share/tutorial_interfaces/cmake/tutorial_interfaces__rosidl_typesupport_introspection_cppExport-noconfig.cmake
[7.075s] -- Installing: /home/anmol/autonomous_iit/install/tutorial_interfaces/share/tutorial_interfaces/cmake/tutorial_interfaces__rosidl_typesupport_cppExport.cmake
[7.076s] -- Installing: /home/anmol/autonomous_iit/install/tutorial_interfaces/share/tutorial_interfaces/cmake/tutorial_interfaces__rosidl_typesupport_cppExport-noconfig.cmake
[7.076s] -- Installing: /home/anmol/autonomous_iit/install/tutorial_interfaces/share/tutorial_interfaces/cmake/export_tutorial_interfaces__rosidl_generator_pyExport.cmake
[7.077s] -- Installing: /home/anmol/autonomous_iit/install/tutorial_interfaces/share/tutorial_interfaces/cmake/export_tutorial_interfaces__rosidl_generator_pyExport-noconfig.cmake
[7.077s] -- Installing: /home/anmol/autonomous_iit/install/tutorial_interfaces/share/tutorial_interfaces/cmake/rosidl_cmake-extras.cmake
[7.077s] -- Installing: /home/anmol/autonomous_iit/install/tutorial_interfaces/share/tutorial_interfaces/cmake/ament_cmake_export_dependencies-extras.cmake
[7.077s] -- Installing: /home/anmol/autonomous_iit/install/tutorial_interfaces/share/tutorial_interfaces/cmake/ament_cmake_export_include_directories-extras.cmake
[7.077s] -- Installing: /home/anmol/autonomous_iit/install/tutorial_interfaces/share/tutorial_interfaces/cmake/ament_cmake_export_libraries-extras.cmake
[7.077s] -- Installing: /home/anmol/autonomous_iit/install/tutorial_interfaces/share/tutorial_interfaces/cmake/ament_cmake_export_targets-extras.cmake
[7.077s] -- Installing: /home/anmol/autonomous_iit/install/tutorial_interfaces/share/tutorial_interfaces/cmake/rosidl_cmake_export_typesupport_targets-extras.cmake
[7.078s] -- Installing: /home/anmol/autonomous_iit/install/tutorial_interfaces/share/tutorial_interfaces/cmake/rosidl_cmake_export_typesupport_libraries-extras.cmake
[7.078s] -- Installing: /home/anmol/autonomous_iit/install/tutorial_interfaces/share/tutorial_interfaces/cmake/tutorial_interfacesConfig.cmake
[7.078s] -- Installing: /home/anmol/autonomous_iit/install/tutorial_interfaces/share/tutorial_interfaces/cmake/tutorial_interfacesConfig-version.cmake
[7.078s] -- Installing: /home/anmol/autonomous_iit/install/tutorial_interfaces/share/tutorial_interfaces/package.xml
[7.081s] Invoked command in '/home/anmol/autonomous_iit/build/tutorial_interfaces' returned '0': CMAKE_PREFIX_PATH=${CMAKE_PREFIX_PATH}:/home/anmol/ws_offboard_control/install/manual_key_control:/opt/ros/humble /usr/bin/cmake --install /home/anmol/autonomous_iit/build/tutorial_interfaces
