[0.409s] Invoking command in '/home/anmol/autonomous_iit/build/tutorial_interfaces': CMAKE_PREFIX_PATH=${CMAKE_PREFIX_PATH}:/home/anmol/autonomous_iit/install/autonomous_mode:/home/anmol/ws_offboard_control/install/manual_key_control:/opt/ros/humble /usr/bin/cmake --build /home/anmol/autonomous_iit/build/tutorial_interfaces -- -j12 -l12
[0.450s] -- Found ament_cmake: 1.3.6 (/opt/ros/humble/share/ament_cmake/cmake)
[0.607s] -- Found geometry_msgs: 4.2.3 (/opt/ros/humble/share/geometry_msgs/cmake)
[0.633s] -- Found rosidl_generator_c: 3.1.5 (/opt/ros/humble/share/rosidl_generator_c/cmake)
[0.636s] -- Found rosidl_adapter: 3.1.5 (/opt/ros/humble/share/rosidl_adapter/cmake)
[0.641s] -- Found rosidl_generator_cpp: 3.1.5 (/opt/ros/humble/share/rosidl_generator_cpp/cmake)
[0.653s] -- Using all available rosidl_typesupport_c: rosidl_typesupport_fastrtps_c;rosidl_typesupport_introspection_c
[0.669s] -- Using all available rosidl_typesupport_cpp: rosidl_typesupport_fastrtps_cpp;rosidl_typesupport_introspection_cpp
[0.777s] -- Found rosidl_default_generators: 1.2.0 (/opt/ros/humble/share/rosidl_default_generators/cmake)
[1.098s] -- Found ament_cmake_ros: 0.10.0 (/opt/ros/humble/share/ament_cmake_ros/cmake)
[1.536s] -- Using all available rosidl_typesupport_c: rosidl_typesupport_fastrtps_c;rosidl_typesupport_introspection_c
[1.706s] -- Using all available rosidl_typesupport_cpp: rosidl_typesupport_fastrtps_cpp;rosidl_typesupport_introspection_cpp
[1.731s] -- Found python_cmake_module: 0.10.0 (/opt/ros/humble/share/python_cmake_module/cmake)
[1.757s] -- Using PYTHON_EXECUTABLE: /usr/bin/python3
[1.757s] -- Using PYTHON_INCLUDE_DIRS: /usr/include/python3.10
[1.757s] -- Using PYTHON_LIBRARIES: /usr/lib/x86_64-linux-gnu/libpython3.10.so
[1.796s] -- Found ament_lint_auto: 0.12.9 (/opt/ros/humble/share/ament_lint_auto/cmake)
[1.806s] -- Added test 'lint_cmake' to check CMake code style
[1.807s] -- Added test 'xmllint' to check XML markup files
[1.809s] -- Configuring done
[1.855s] -- Generating done
[1.859s] -- Build files have been written to: /home/anmol/autonomous_iit/build/tutorial_interfaces
[1.896s] [  2%] [34m[1mGenerating C code for ROS interfaces[0m
[1.912s] [  4%] [34m[1mGenerating C++ code for ROS interfaces[0m
[1.925s] [  4%] Built target ament_cmake_python_copy_tutorial_interfaces
[2.182s] running egg_info
[2.183s] writing tutorial_interfaces.egg-info/PKG-INFO
[2.184s] writing dependency_links to tutorial_interfaces.egg-info/dependency_links.txt
[2.184s] writing top-level names to tutorial_interfaces.egg-info/top_level.txt
[2.186s] reading manifest file 'tutorial_interfaces.egg-info/SOURCES.txt'
[2.187s] writing manifest file 'tutorial_interfaces.egg-info/SOURCES.txt'
[2.231s] [  4%] Built target ament_cmake_python_build_tutorial_interfaces_egg
[2.288s] [35m[1mConsolidate compiler generated dependencies of target tutorial_interfaces__rosidl_generator_c[0m
[2.307s] [ 10%] [32mBuilding C object CMakeFiles/tutorial_interfaces__rosidl_generator_c.dir/rosidl_generator_c/tutorial_interfaces/msg/detail/board__functions.c.o[0m
[2.308s] [ 10%] [32mBuilding C object CMakeFiles/tutorial_interfaces__rosidl_generator_c.dir/rosidl_generator_c/tutorial_interfaces/msg/detail/sphere__functions.c.o[0m
[2.308s] [ 10%] [32mBuilding C object CMakeFiles/tutorial_interfaces__rosidl_generator_c.dir/rosidl_generator_c/tutorial_interfaces/srv/detail/add_three_ints__functions.c.o[0m
[2.308s] [ 10%] Built target tutorial_interfaces__cpp
[2.323s] [ 12%] [34m[1mGenerating C++ type support dispatch for ROS interfaces[0m
[2.325s] [ 17%] [34m[1mGenerating C++ introspection for ROS interfaces[0m
[2.325s] [ 17%] [34m[1mGenerating C++ type support for eProsima Fast-RTPS[0m
[2.382s] [ 19%] [32m[1mLinking C shared library libtutorial_interfaces__rosidl_generator_c.so[0m
[2.454s] [ 19%] Built target tutorial_interfaces__rosidl_generator_c
[2.473s] [ 21%] [34m[1mGenerating C type support for eProsima Fast-RTPS[0m
[2.475s] [ 23%] [34m[1mGenerating C type support dispatch for ROS interfaces[0m
[2.478s] [ 25%] [34m[1mGenerating C introspection for ROS interfaces[0m
[2.709s] [35m[1mConsolidate compiler generated dependencies of target tutorial_interfaces__rosidl_typesupport_introspection_cpp[0m
[2.740s] [ 27%] [32mBuilding CXX object CMakeFiles/tutorial_interfaces__rosidl_typesupport_introspection_cpp.dir/rosidl_typesupport_introspection_cpp/tutorial_interfaces/srv/detail/add_three_ints__type_support.cpp.o[0m
[2.740s] [ 29%] [32mBuilding CXX object CMakeFiles/tutorial_interfaces__rosidl_typesupport_introspection_cpp.dir/rosidl_typesupport_introspection_cpp/tutorial_interfaces/msg/detail/sphere__type_support.cpp.o[0m
[2.740s] [ 31%] [32mBuilding CXX object CMakeFiles/tutorial_interfaces__rosidl_typesupport_introspection_cpp.dir/rosidl_typesupport_introspection_cpp/tutorial_interfaces/msg/detail/board__type_support.cpp.o[0m
[2.747s] [35m[1mConsolidate compiler generated dependencies of target tutorial_interfaces__rosidl_typesupport_fastrtps_cpp[0m
[2.781s] [ 36%] [32mBuilding CXX object CMakeFiles/tutorial_interfaces__rosidl_typesupport_fastrtps_cpp.dir/rosidl_typesupport_fastrtps_cpp/tutorial_interfaces/msg/detail/dds_fastrtps/sphere__type_support.cpp.o[0m
[2.781s] [ 36%] [32mBuilding CXX object CMakeFiles/tutorial_interfaces__rosidl_typesupport_fastrtps_cpp.dir/rosidl_typesupport_fastrtps_cpp/tutorial_interfaces/srv/detail/dds_fastrtps/add_three_ints__type_support.cpp.o[0m
[2.781s] [ 38%] [32mBuilding CXX object CMakeFiles/tutorial_interfaces__rosidl_typesupport_fastrtps_cpp.dir/rosidl_typesupport_fastrtps_cpp/tutorial_interfaces/msg/detail/dds_fastrtps/board__type_support.cpp.o[0m
[2.795s] [35m[1mConsolidate compiler generated dependencies of target tutorial_interfaces__rosidl_typesupport_cpp[0m
[2.828s] [ 42%] [32mBuilding CXX object CMakeFiles/tutorial_interfaces__rosidl_typesupport_cpp.dir/rosidl_typesupport_cpp/tutorial_interfaces/msg/sphere__type_support.cpp.o[0m
[2.828s] [ 42%] [32mBuilding CXX object CMakeFiles/tutorial_interfaces__rosidl_typesupport_cpp.dir/rosidl_typesupport_cpp/tutorial_interfaces/msg/board__type_support.cpp.o[0m
[2.836s] [ 44%] [32mBuilding CXX object CMakeFiles/tutorial_interfaces__rosidl_typesupport_cpp.dir/rosidl_typesupport_cpp/tutorial_interfaces/srv/add_three_ints__type_support.cpp.o[0m
[2.888s] [35m[1mConsolidate compiler generated dependencies of target tutorial_interfaces__rosidl_typesupport_c[0m
[2.930s] [ 46%] [32mBuilding CXX object CMakeFiles/tutorial_interfaces__rosidl_typesupport_c.dir/rosidl_typesupport_c/tutorial_interfaces/msg/board__type_support.cpp.o[0m
[3.037s] [ 48%] [32mBuilding CXX object CMakeFiles/tutorial_interfaces__rosidl_typesupport_c.dir/rosidl_typesupport_c/tutorial_interfaces/msg/sphere__type_support.cpp.o[0m
[3.065s] [35m[1mConsolidate compiler generated dependencies of target tutorial_interfaces__rosidl_typesupport_introspection_c[0m
[3.098s] [ 51%] [32mBuilding C object CMakeFiles/tutorial_interfaces__rosidl_typesupport_introspection_c.dir/rosidl_typesupport_introspection_c/tutorial_interfaces/msg/detail/board__type_support.c.o[0m
[3.110s] [ 53%] [32mBuilding CXX object CMakeFiles/tutorial_interfaces__rosidl_typesupport_c.dir/rosidl_typesupport_c/tutorial_interfaces/srv/add_three_ints__type_support.cpp.o[0m
[3.222s] [ 55%] [32m[1mLinking CXX shared library libtutorial_interfaces__rosidl_typesupport_c.so[0m
[3.230s] [ 57%] [32mBuilding C object CMakeFiles/tutorial_interfaces__rosidl_typesupport_introspection_c.dir/rosidl_typesupport_introspection_c/tutorial_interfaces/msg/detail/sphere__type_support.c.o[0m
[3.253s] [35m[1mConsolidate compiler generated dependencies of target tutorial_interfaces__rosidl_typesupport_fastrtps_c[0m
[3.291s] [ 61%] [32mBuilding CXX object CMakeFiles/tutorial_interfaces__rosidl_typesupport_fastrtps_c.dir/rosidl_typesupport_fastrtps_c/tutorial_interfaces/msg/detail/board__type_support_c.cpp.o[0m
[3.292s] [ 61%] [32mBuilding CXX object CMakeFiles/tutorial_interfaces__rosidl_typesupport_fastrtps_c.dir/rosidl_typesupport_fastrtps_c/tutorial_interfaces/msg/detail/sphere__type_support_c.cpp.o[0m
[3.347s] [ 63%] [32mBuilding CXX object CMakeFiles/tutorial_interfaces__rosidl_typesupport_fastrtps_c.dir/rosidl_typesupport_fastrtps_c/tutorial_interfaces/srv/detail/add_three_ints__type_support_c.cpp.o[0m
[3.354s] [ 63%] Built target tutorial_interfaces__rosidl_typesupport_c
[3.357s] [ 65%] [32mBuilding C object CMakeFiles/tutorial_interfaces__rosidl_typesupport_introspection_c.dir/rosidl_typesupport_introspection_c/tutorial_interfaces/srv/detail/add_three_ints__type_support.c.o[0m
[3.360s] [ 68%] [32m[1mLinking CXX shared library libtutorial_interfaces__rosidl_typesupport_cpp.so[0m
[3.436s] [ 70%] [32m[1mLinking C shared library libtutorial_interfaces__rosidl_typesupport_introspection_c.so[0m
[3.457s] [ 72%] [32m[1mLinking CXX shared library libtutorial_interfaces__rosidl_typesupport_introspection_cpp.so[0m
[3.457s] [ 72%] Built target tutorial_interfaces__rosidl_typesupport_cpp
[3.496s] [ 72%] Built target tutorial_interfaces__rosidl_typesupport_introspection_c
[3.565s] [ 74%] [32m[1mLinking CXX shared library libtutorial_interfaces__rosidl_typesupport_fastrtps_cpp.so[0m
[3.586s] [ 74%] Built target tutorial_interfaces__rosidl_typesupport_introspection_cpp
[3.708s] [ 74%] Built target tutorial_interfaces__rosidl_typesupport_fastrtps_cpp
[3.758s] [ 76%] [32m[1mLinking CXX shared library libtutorial_interfaces__rosidl_typesupport_fastrtps_c.so[0m
[3.878s] [ 76%] Built target tutorial_interfaces__rosidl_typesupport_fastrtps_c
[3.911s] [ 76%] Built target tutorial_interfaces
[3.945s] [ 78%] [34m[1mGenerating Python code for ROS interfaces[0m
[4.471s] [ 78%] Built target tutorial_interfaces__py
[4.487s] [35m[1mConsolidate compiler generated dependencies of target tutorial_interfaces__rosidl_generator_py[0m
[4.510s] [ 82%] [32mBuilding C object CMakeFiles/tutorial_interfaces__rosidl_generator_py.dir/rosidl_generator_py/tutorial_interfaces/msg/_board_s.c.o[0m
[4.510s] [ 82%] [32mBuilding C object CMakeFiles/tutorial_interfaces__rosidl_generator_py.dir/rosidl_generator_py/tutorial_interfaces/srv/_add_three_ints_s.c.o[0m
[4.510s] [ 85%] [32mBuilding C object CMakeFiles/tutorial_interfaces__rosidl_generator_py.dir/rosidl_generator_py/tutorial_interfaces/msg/_sphere_s.c.o[0m
[4.648s] [ 87%] [32m[1mLinking C shared library rosidl_generator_py/tutorial_interfaces/libtutorial_interfaces__rosidl_generator_py.so[0m
[4.704s] [ 87%] Built target tutorial_interfaces__rosidl_generator_py
[4.720s] [35m[1mConsolidate compiler generated dependencies of target tutorial_interfaces__rosidl_typesupport_fastrtps_c__pyext[0m
[4.721s] [35m[1mConsolidate compiler generated dependencies of target tutorial_interfaces__rosidl_typesupport_c__pyext[0m
[4.721s] [35m[1mConsolidate compiler generated dependencies of target tutorial_interfaces__rosidl_typesupport_introspection_c__pyext[0m
[4.740s] [ 93%] [32mBuilding C object CMakeFiles/tutorial_interfaces__rosidl_typesupport_fastrtps_c__pyext.dir/rosidl_generator_py/tutorial_interfaces/_tutorial_interfaces_s.ep.rosidl_typesupport_fastrtps_c.c.o[0m
[4.740s] [ 93%] [32mBuilding C object CMakeFiles/tutorial_interfaces__rosidl_typesupport_c__pyext.dir/rosidl_generator_py/tutorial_interfaces/_tutorial_interfaces_s.ep.rosidl_typesupport_c.c.o[0m
[4.740s] [ 93%] [32mBuilding C object CMakeFiles/tutorial_interfaces__rosidl_typesupport_introspection_c__pyext.dir/rosidl_generator_py/tutorial_interfaces/_tutorial_interfaces_s.ep.rosidl_typesupport_introspection_c.c.o[0m
[4.861s] [ 95%] [32m[1mLinking C shared library rosidl_generator_py/tutorial_interfaces/tutorial_interfaces_s__rosidl_typesupport_c.cpython-310-x86_64-linux-gnu.so[0m
[4.862s] [ 97%] [32m[1mLinking C shared library rosidl_generator_py/tutorial_interfaces/tutorial_interfaces_s__rosidl_typesupport_fastrtps_c.cpython-310-x86_64-linux-gnu.so[0m
[4.863s] [100%] [32m[1mLinking C shared library rosidl_generator_py/tutorial_interfaces/tutorial_interfaces_s__rosidl_typesupport_introspection_c.cpython-310-x86_64-linux-gnu.so[0m
[4.915s] [100%] Built target tutorial_interfaces__rosidl_typesupport_fastrtps_c__pyext
[4.915s] [100%] Built target tutorial_interfaces__rosidl_typesupport_c__pyext
[4.916s] [100%] Built target tutorial_interfaces__rosidl_typesupport_introspection_c__pyext
[4.933s] Invoked command in '/home/anmol/autonomous_iit/build/tutorial_interfaces' returned '0': CMAKE_PREFIX_PATH=${CMAKE_PREFIX_PATH}:/home/anmol/autonomous_iit/install/autonomous_mode:/home/anmol/ws_offboard_control/install/manual_key_control:/opt/ros/humble /usr/bin/cmake --build /home/anmol/autonomous_iit/build/tutorial_interfaces -- -j12 -l12
[5.125s] Invoking command in '/home/anmol/autonomous_iit/build/tutorial_interfaces': CMAKE_PREFIX_PATH=${CMAKE_PREFIX_PATH}:/home/anmol/autonomous_iit/install/autonomous_mode:/home/anmol/ws_offboard_control/install/manual_key_control:/opt/ros/humble /usr/bin/cmake --install /home/anmol/autonomous_iit/build/tutorial_interfaces
[5.139s] -- Install configuration: ""
[5.139s] -- Up-to-date: /home/anmol/autonomous_iit/install/tutorial_interfaces/share/ament_index/resource_index/rosidl_interfaces/tutorial_interfaces
[5.139s] -- Up-to-date: /home/anmol/autonomous_iit/install/tutorial_interfaces/include/tutorial_interfaces/tutorial_interfaces
[5.139s] -- Up-to-date: /home/anmol/autonomous_iit/install/tutorial_interfaces/include/tutorial_interfaces/tutorial_interfaces/msg
[5.140s] -- Installing: /home/anmol/autonomous_iit/install/tutorial_interfaces/include/tutorial_interfaces/tutorial_interfaces/msg/sphere.h
[5.140s] -- Up-to-date: /home/anmol/autonomous_iit/install/tutorial_interfaces/include/tutorial_interfaces/tutorial_interfaces/msg/detail
[5.140s] -- Installing: /home/anmol/autonomous_iit/install/tutorial_interfaces/include/tutorial_interfaces/tutorial_interfaces/msg/detail/board__struct.h
[5.140s] -- Installing: /home/anmol/autonomous_iit/install/tutorial_interfaces/include/tutorial_interfaces/tutorial_interfaces/msg/detail/board__functions.c
[5.141s] -- Installing: /home/anmol/autonomous_iit/install/tutorial_interfaces/include/tutorial_interfaces/tutorial_interfaces/msg/detail/sphere__type_support.h
[5.141s] -- Installing: /home/anmol/autonomous_iit/install/tutorial_interfaces/include/tutorial_interfaces/tutorial_interfaces/msg/detail/sphere__functions.h
[5.141s] -- Installing: /home/anmol/autonomous_iit/install/tutorial_interfaces/include/tutorial_interfaces/tutorial_interfaces/msg/detail/sphere__struct.h
[5.141s] -- Installing: /home/anmol/autonomous_iit/install/tutorial_interfaces/include/tutorial_interfaces/tutorial_interfaces/msg/detail/board__functions.h
[5.141s] -- Installing: /home/anmol/autonomous_iit/install/tutorial_interfaces/include/tutorial_interfaces/tutorial_interfaces/msg/detail/board__type_support.h
[5.141s] -- Installing: /home/anmol/autonomous_iit/install/tutorial_interfaces/include/tutorial_interfaces/tutorial_interfaces/msg/detail/sphere__functions.c
[5.142s] -- Installing: /home/anmol/autonomous_iit/install/tutorial_interfaces/include/tutorial_interfaces/tutorial_interfaces/msg/board.h
[5.142s] -- Up-to-date: /home/anmol/autonomous_iit/install/tutorial_interfaces/include/tutorial_interfaces/tutorial_interfaces/msg/rosidl_generator_c__visibility_control.h
[5.142s] -- Up-to-date: /home/anmol/autonomous_iit/install/tutorial_interfaces/include/tutorial_interfaces/tutorial_interfaces/srv
[5.142s] -- Up-to-date: /home/anmol/autonomous_iit/install/tutorial_interfaces/include/tutorial_interfaces/tutorial_interfaces/srv/detail
[5.142s] -- Installing: /home/anmol/autonomous_iit/install/tutorial_interfaces/include/tutorial_interfaces/tutorial_interfaces/srv/detail/add_three_ints__struct.h
[5.142s] -- Installing: /home/anmol/autonomous_iit/install/tutorial_interfaces/include/tutorial_interfaces/tutorial_interfaces/srv/detail/add_three_ints__functions.h
[5.142s] -- Installing: /home/anmol/autonomous_iit/install/tutorial_interfaces/include/tutorial_interfaces/tutorial_interfaces/srv/detail/add_three_ints__type_support.h
[5.142s] -- Installing: /home/anmol/autonomous_iit/install/tutorial_interfaces/include/tutorial_interfaces/tutorial_interfaces/srv/detail/add_three_ints__functions.c
[5.143s] -- Installing: /home/anmol/autonomous_iit/install/tutorial_interfaces/include/tutorial_interfaces/tutorial_interfaces/srv/add_three_ints.h
[5.143s] -- Up-to-date: /home/anmol/autonomous_iit/install/tutorial_interfaces/share/tutorial_interfaces/environment/library_path.sh
[5.143s] -- Installing: /home/anmol/autonomous_iit/install/tutorial_interfaces/share/tutorial_interfaces/environment/library_path.dsv
[5.144s] -- Installing: /home/anmol/autonomous_iit/install/tutorial_interfaces/lib/libtutorial_interfaces__rosidl_generator_c.so
[5.145s] -- Set runtime path of "/home/anmol/autonomous_iit/install/tutorial_interfaces/lib/libtutorial_interfaces__rosidl_generator_c.so" to ""
[5.145s] -- Up-to-date: /home/anmol/autonomous_iit/install/tutorial_interfaces/include/tutorial_interfaces/tutorial_interfaces
[5.145s] -- Up-to-date: /home/anmol/autonomous_iit/install/tutorial_interfaces/include/tutorial_interfaces/tutorial_interfaces/msg
[5.145s] -- Up-to-date: /home/anmol/autonomous_iit/install/tutorial_interfaces/include/tutorial_interfaces/tutorial_interfaces/msg/detail
[5.145s] -- Installing: /home/anmol/autonomous_iit/install/tutorial_interfaces/include/tutorial_interfaces/tutorial_interfaces/msg/detail/board__rosidl_typesupport_fastrtps_c.h
[5.145s] -- Installing: /home/anmol/autonomous_iit/install/tutorial_interfaces/include/tutorial_interfaces/tutorial_interfaces/msg/detail/sphere__rosidl_typesupport_fastrtps_c.h
[5.145s] -- Up-to-date: /home/anmol/autonomous_iit/install/tutorial_interfaces/include/tutorial_interfaces/tutorial_interfaces/msg/rosidl_typesupport_fastrtps_c__visibility_control.h
[5.146s] -- Up-to-date: /home/anmol/autonomous_iit/install/tutorial_interfaces/include/tutorial_interfaces/tutorial_interfaces/srv
[5.146s] -- Up-to-date: /home/anmol/autonomous_iit/install/tutorial_interfaces/include/tutorial_interfaces/tutorial_interfaces/srv/detail
[5.146s] -- Installing: /home/anmol/autonomous_iit/install/tutorial_interfaces/include/tutorial_interfaces/tutorial_interfaces/srv/detail/add_three_ints__rosidl_typesupport_fastrtps_c.h
[5.147s] -- Installing: /home/anmol/autonomous_iit/install/tutorial_interfaces/lib/libtutorial_interfaces__rosidl_typesupport_fastrtps_c.so
[5.148s] -- Set runtime path of "/home/anmol/autonomous_iit/install/tutorial_interfaces/lib/libtutorial_interfaces__rosidl_typesupport_fastrtps_c.so" to ""
[5.148s] -- Up-to-date: /home/anmol/autonomous_iit/install/tutorial_interfaces/include/tutorial_interfaces/tutorial_interfaces
[5.148s] -- Up-to-date: /home/anmol/autonomous_iit/install/tutorial_interfaces/include/tutorial_interfaces/tutorial_interfaces/msg
[5.148s] -- Up-to-date: /home/anmol/autonomous_iit/install/tutorial_interfaces/include/tutorial_interfaces/tutorial_interfaces/msg/detail
[5.148s] -- Installing: /home/anmol/autonomous_iit/install/tutorial_interfaces/include/tutorial_interfaces/tutorial_interfaces/msg/detail/sphere__traits.hpp
[5.148s] -- Installing: /home/anmol/autonomous_iit/install/tutorial_interfaces/include/tutorial_interfaces/tutorial_interfaces/msg/detail/board__builder.hpp
[5.148s] -- Installing: /home/anmol/autonomous_iit/install/tutorial_interfaces/include/tutorial_interfaces/tutorial_interfaces/msg/detail/board__traits.hpp
[5.148s] -- Installing: /home/anmol/autonomous_iit/install/tutorial_interfaces/include/tutorial_interfaces/tutorial_interfaces/msg/detail/sphere__struct.hpp
[5.149s] -- Installing: /home/anmol/autonomous_iit/install/tutorial_interfaces/include/tutorial_interfaces/tutorial_interfaces/msg/detail/sphere__builder.hpp
[5.149s] -- Installing: /home/anmol/autonomous_iit/install/tutorial_interfaces/include/tutorial_interfaces/tutorial_interfaces/msg/detail/board__struct.hpp
[5.149s] -- Installing: /home/anmol/autonomous_iit/install/tutorial_interfaces/include/tutorial_interfaces/tutorial_interfaces/msg/sphere.hpp
[5.149s] -- Installing: /home/anmol/autonomous_iit/install/tutorial_interfaces/include/tutorial_interfaces/tutorial_interfaces/msg/board.hpp
[5.149s] -- Up-to-date: /home/anmol/autonomous_iit/install/tutorial_interfaces/include/tutorial_interfaces/tutorial_interfaces/srv
[5.149s] -- Installing: /home/anmol/autonomous_iit/install/tutorial_interfaces/include/tutorial_interfaces/tutorial_interfaces/srv/add_three_ints.hpp
[5.150s] -- Up-to-date: /home/anmol/autonomous_iit/install/tutorial_interfaces/include/tutorial_interfaces/tutorial_interfaces/srv/detail
[5.150s] -- Installing: /home/anmol/autonomous_iit/install/tutorial_interfaces/include/tutorial_interfaces/tutorial_interfaces/srv/detail/add_three_ints__traits.hpp
[5.150s] -- Installing: /home/anmol/autonomous_iit/install/tutorial_interfaces/include/tutorial_interfaces/tutorial_interfaces/srv/detail/add_three_ints__struct.hpp
[5.150s] -- Installing: /home/anmol/autonomous_iit/install/tutorial_interfaces/include/tutorial_interfaces/tutorial_interfaces/srv/detail/add_three_ints__builder.hpp
[5.150s] -- Up-to-date: /home/anmol/autonomous_iit/install/tutorial_interfaces/include/tutorial_interfaces/tutorial_interfaces
[5.151s] -- Up-to-date: /home/anmol/autonomous_iit/install/tutorial_interfaces/include/tutorial_interfaces/tutorial_interfaces/msg
[5.151s] -- Up-to-date: /home/anmol/autonomous_iit/install/tutorial_interfaces/include/tutorial_interfaces/tutorial_interfaces/msg/detail
[5.151s] -- Up-to-date: /home/anmol/autonomous_iit/install/tutorial_interfaces/include/tutorial_interfaces/tutorial_interfaces/msg/detail/dds_fastrtps
[5.151s] -- Installing: /home/anmol/autonomous_iit/install/tutorial_interfaces/include/tutorial_interfaces/tutorial_interfaces/msg/detail/sphere__rosidl_typesupport_fastrtps_cpp.hpp
[5.151s] -- Installing: /home/anmol/autonomous_iit/install/tutorial_interfaces/include/tutorial_interfaces/tutorial_interfaces/msg/detail/board__rosidl_typesupport_fastrtps_cpp.hpp
[5.151s] -- Up-to-date: /home/anmol/autonomous_iit/install/tutorial_interfaces/include/tutorial_interfaces/tutorial_interfaces/msg/rosidl_typesupport_fastrtps_cpp__visibility_control.h
[5.151s] -- Up-to-date: /home/anmol/autonomous_iit/install/tutorial_interfaces/include/tutorial_interfaces/tutorial_interfaces/srv
[5.152s] -- Up-to-date: /home/anmol/autonomous_iit/install/tutorial_interfaces/include/tutorial_interfaces/tutorial_interfaces/srv/detail
[5.152s] -- Up-to-date: /home/anmol/autonomous_iit/install/tutorial_interfaces/include/tutorial_interfaces/tutorial_interfaces/srv/detail/dds_fastrtps
[5.152s] -- Installing: /home/anmol/autonomous_iit/install/tutorial_interfaces/include/tutorial_interfaces/tutorial_interfaces/srv/detail/add_three_ints__rosidl_typesupport_fastrtps_cpp.hpp
[5.152s] -- Installing: /home/anmol/autonomous_iit/install/tutorial_interfaces/lib/libtutorial_interfaces__rosidl_typesupport_fastrtps_cpp.so
[5.153s] -- Set runtime path of "/home/anmol/autonomous_iit/install/tutorial_interfaces/lib/libtutorial_interfaces__rosidl_typesupport_fastrtps_cpp.so" to ""
[5.153s] -- Up-to-date: /home/anmol/autonomous_iit/install/tutorial_interfaces/include/tutorial_interfaces/tutorial_interfaces
[5.153s] -- Up-to-date: /home/anmol/autonomous_iit/install/tutorial_interfaces/include/tutorial_interfaces/tutorial_interfaces/msg
[5.153s] -- Up-to-date: /home/anmol/autonomous_iit/install/tutorial_interfaces/include/tutorial_interfaces/tutorial_interfaces/msg/detail
[5.153s] -- Installing: /home/anmol/autonomous_iit/install/tutorial_interfaces/include/tutorial_interfaces/tutorial_interfaces/msg/detail/sphere__type_support.c
[5.153s] -- Installing: /home/anmol/autonomous_iit/install/tutorial_interfaces/include/tutorial_interfaces/tutorial_interfaces/msg/detail/sphere__rosidl_typesupport_introspection_c.h
[5.153s] -- Installing: /home/anmol/autonomous_iit/install/tutorial_interfaces/include/tutorial_interfaces/tutorial_interfaces/msg/detail/board__rosidl_typesupport_introspection_c.h
[5.153s] -- Installing: /home/anmol/autonomous_iit/install/tutorial_interfaces/include/tutorial_interfaces/tutorial_interfaces/msg/detail/board__type_support.c
[5.154s] -- Up-to-date: /home/anmol/autonomous_iit/install/tutorial_interfaces/include/tutorial_interfaces/tutorial_interfaces/msg/rosidl_typesupport_introspection_c__visibility_control.h
[5.154s] -- Up-to-date: /home/anmol/autonomous_iit/install/tutorial_interfaces/include/tutorial_interfaces/tutorial_interfaces/srv
[5.154s] -- Up-to-date: /home/anmol/autonomous_iit/install/tutorial_interfaces/include/tutorial_interfaces/tutorial_interfaces/srv/detail
[5.154s] -- Installing: /home/anmol/autonomous_iit/install/tutorial_interfaces/include/tutorial_interfaces/tutorial_interfaces/srv/detail/add_three_ints__rosidl_typesupport_introspection_c.h
[5.154s] -- Installing: /home/anmol/autonomous_iit/install/tutorial_interfaces/include/tutorial_interfaces/tutorial_interfaces/srv/detail/add_three_ints__type_support.c
[5.155s] -- Installing: /home/anmol/autonomous_iit/install/tutorial_interfaces/lib/libtutorial_interfaces__rosidl_typesupport_introspection_c.so
[5.156s] -- Set runtime path of "/home/anmol/autonomous_iit/install/tutorial_interfaces/lib/libtutorial_interfaces__rosidl_typesupport_introspection_c.so" to ""
[5.156s] -- Installing: /home/anmol/autonomous_iit/install/tutorial_interfaces/lib/libtutorial_interfaces__rosidl_typesupport_c.so
[5.157s] -- Set runtime path of "/home/anmol/autonomous_iit/install/tutorial_interfaces/lib/libtutorial_interfaces__rosidl_typesupport_c.so" to ""
[5.157s] -- Up-to-date: /home/anmol/autonomous_iit/install/tutorial_interfaces/include/tutorial_interfaces/tutorial_interfaces
[5.157s] -- Up-to-date: /home/anmol/autonomous_iit/install/tutorial_interfaces/include/tutorial_interfaces/tutorial_interfaces/msg
[5.157s] -- Up-to-date: /home/anmol/autonomous_iit/install/tutorial_interfaces/include/tutorial_interfaces/tutorial_interfaces/msg/detail
[5.157s] -- Installing: /home/anmol/autonomous_iit/install/tutorial_interfaces/include/tutorial_interfaces/tutorial_interfaces/msg/detail/board__type_support.cpp
[5.157s] -- Installing: /home/anmol/autonomous_iit/install/tutorial_interfaces/include/tutorial_interfaces/tutorial_interfaces/msg/detail/sphere__rosidl_typesupport_introspection_cpp.hpp
[5.157s] -- Installing: /home/anmol/autonomous_iit/install/tutorial_interfaces/include/tutorial_interfaces/tutorial_interfaces/msg/detail/sphere__type_support.cpp
[5.158s] -- Installing: /home/anmol/autonomous_iit/install/tutorial_interfaces/include/tutorial_interfaces/tutorial_interfaces/msg/detail/board__rosidl_typesupport_introspection_cpp.hpp
[5.158s] -- Up-to-date: /home/anmol/autonomous_iit/install/tutorial_interfaces/include/tutorial_interfaces/tutorial_interfaces/srv
[5.158s] -- Up-to-date: /home/anmol/autonomous_iit/install/tutorial_interfaces/include/tutorial_interfaces/tutorial_interfaces/srv/detail
[5.158s] -- Installing: /home/anmol/autonomous_iit/install/tutorial_interfaces/include/tutorial_interfaces/tutorial_interfaces/srv/detail/add_three_ints__type_support.cpp
[5.158s] -- Installing: /home/anmol/autonomous_iit/install/tutorial_interfaces/include/tutorial_interfaces/tutorial_interfaces/srv/detail/add_three_ints__rosidl_typesupport_introspection_cpp.hpp
[5.159s] -- Installing: /home/anmol/autonomous_iit/install/tutorial_interfaces/lib/libtutorial_interfaces__rosidl_typesupport_introspection_cpp.so
[5.160s] -- Set runtime path of "/home/anmol/autonomous_iit/install/tutorial_interfaces/lib/libtutorial_interfaces__rosidl_typesupport_introspection_cpp.so" to ""
[5.160s] -- Installing: /home/anmol/autonomous_iit/install/tutorial_interfaces/lib/libtutorial_interfaces__rosidl_typesupport_cpp.so
[5.160s] -- Set runtime path of "/home/anmol/autonomous_iit/install/tutorial_interfaces/lib/libtutorial_interfaces__rosidl_typesupport_cpp.so" to ""
[5.161s] -- Up-to-date: /home/anmol/autonomous_iit/install/tutorial_interfaces/share/tutorial_interfaces/environment/pythonpath.sh
[5.161s] -- Installing: /home/anmol/autonomous_iit/install/tutorial_interfaces/share/tutorial_interfaces/environment/pythonpath.dsv
[5.161s] -- Up-to-date: /home/anmol/autonomous_iit/install/tutorial_interfaces/local/lib/python3.10/dist-packages/tutorial_interfaces-0.0.0-py3.10.egg-info
[5.161s] -- Installing: /home/anmol/autonomous_iit/install/tutorial_interfaces/local/lib/python3.10/dist-packages/tutorial_interfaces-0.0.0-py3.10.egg-info/dependency_links.txt
[5.161s] -- Installing: /home/anmol/autonomous_iit/install/tutorial_interfaces/local/lib/python3.10/dist-packages/tutorial_interfaces-0.0.0-py3.10.egg-info/SOURCES.txt
[5.161s] -- Installing: /home/anmol/autonomous_iit/install/tutorial_interfaces/local/lib/python3.10/dist-packages/tutorial_interfaces-0.0.0-py3.10.egg-info/PKG-INFO
[5.161s] -- Installing: /home/anmol/autonomous_iit/install/tutorial_interfaces/local/lib/python3.10/dist-packages/tutorial_interfaces-0.0.0-py3.10.egg-info/top_level.txt
[5.162s] -- Up-to-date: /home/anmol/autonomous_iit/install/tutorial_interfaces/local/lib/python3.10/dist-packages/tutorial_interfaces
[5.162s] -- Installing: /home/anmol/autonomous_iit/install/tutorial_interfaces/local/lib/python3.10/dist-packages/tutorial_interfaces/tutorial_interfaces_s__rosidl_typesupport_fastrtps_c.cpython-310-x86_64-linux-gnu.so
[5.162s] -- Installing: /home/anmol/autonomous_iit/install/tutorial_interfaces/local/lib/python3.10/dist-packages/tutorial_interfaces/tutorial_interfaces_s__rosidl_typesupport_introspection_c.cpython-310-x86_64-linux-gnu.so
[5.163s] -- Installing: /home/anmol/autonomous_iit/install/tutorial_interfaces/local/lib/python3.10/dist-packages/tutorial_interfaces/_tutorial_interfaces_s.ep.rosidl_typesupport_fastrtps_c.c
[5.163s] -- Installing: /home/anmol/autonomous_iit/install/tutorial_interfaces/local/lib/python3.10/dist-packages/tutorial_interfaces/__init__.py
[5.163s] -- Installing: /home/anmol/autonomous_iit/install/tutorial_interfaces/local/lib/python3.10/dist-packages/tutorial_interfaces/_tutorial_interfaces_s.ep.rosidl_typesupport_introspection_c.c
[5.163s] -- Installing: /home/anmol/autonomous_iit/install/tutorial_interfaces/local/lib/python3.10/dist-packages/tutorial_interfaces/libtutorial_interfaces__rosidl_generator_py.so
[5.164s] -- Up-to-date: /home/anmol/autonomous_iit/install/tutorial_interfaces/local/lib/python3.10/dist-packages/tutorial_interfaces/msg
[5.164s] -- Installing: /home/anmol/autonomous_iit/install/tutorial_interfaces/local/lib/python3.10/dist-packages/tutorial_interfaces/msg/__init__.py
[5.164s] -- Installing: /home/anmol/autonomous_iit/install/tutorial_interfaces/local/lib/python3.10/dist-packages/tutorial_interfaces/msg/_board.py
[5.164s] -- Installing: /home/anmol/autonomous_iit/install/tutorial_interfaces/local/lib/python3.10/dist-packages/tutorial_interfaces/msg/_sphere_s.c
[5.165s] -- Installing: /home/anmol/autonomous_iit/install/tutorial_interfaces/local/lib/python3.10/dist-packages/tutorial_interfaces/msg/_sphere.py
[5.165s] -- Installing: /home/anmol/autonomous_iit/install/tutorial_interfaces/local/lib/python3.10/dist-packages/tutorial_interfaces/msg/_board_s.c
[5.165s] -- Installing: /home/anmol/autonomous_iit/install/tutorial_interfaces/local/lib/python3.10/dist-packages/tutorial_interfaces/_tutorial_interfaces_s.ep.rosidl_typesupport_c.c
[5.165s] -- Up-to-date: /home/anmol/autonomous_iit/install/tutorial_interfaces/local/lib/python3.10/dist-packages/tutorial_interfaces/srv
[5.165s] -- Installing: /home/anmol/autonomous_iit/install/tutorial_interfaces/local/lib/python3.10/dist-packages/tutorial_interfaces/srv/__init__.py
[5.166s] -- Installing: /home/anmol/autonomous_iit/install/tutorial_interfaces/local/lib/python3.10/dist-packages/tutorial_interfaces/srv/_add_three_ints_s.c
[5.166s] -- Installing: /home/anmol/autonomous_iit/install/tutorial_interfaces/local/lib/python3.10/dist-packages/tutorial_interfaces/srv/_add_three_ints.py
[5.166s] -- Installing: /home/anmol/autonomous_iit/install/tutorial_interfaces/local/lib/python3.10/dist-packages/tutorial_interfaces/tutorial_interfaces_s__rosidl_typesupport_c.cpython-310-x86_64-linux-gnu.so
[5.216s] Listing '/home/anmol/autonomous_iit/install/tutorial_interfaces/local/lib/python3.10/dist-packages/tutorial_interfaces'...
[5.216s] Compiling '/home/anmol/autonomous_iit/install/tutorial_interfaces/local/lib/python3.10/dist-packages/tutorial_interfaces/__init__.py'...
[5.216s] Listing '/home/anmol/autonomous_iit/install/tutorial_interfaces/local/lib/python3.10/dist-packages/tutorial_interfaces/msg'...
[5.216s] Compiling '/home/anmol/autonomous_iit/install/tutorial_interfaces/local/lib/python3.10/dist-packages/tutorial_interfaces/msg/__init__.py'...
[5.216s] Compiling '/home/anmol/autonomous_iit/install/tutorial_interfaces/local/lib/python3.10/dist-packages/tutorial_interfaces/msg/_board.py'...
[5.216s] Compiling '/home/anmol/autonomous_iit/install/tutorial_interfaces/local/lib/python3.10/dist-packages/tutorial_interfaces/msg/_sphere.py'...
[5.216s] Listing '/home/anmol/autonomous_iit/install/tutorial_interfaces/local/lib/python3.10/dist-packages/tutorial_interfaces/srv'...
[5.216s] Compiling '/home/anmol/autonomous_iit/install/tutorial_interfaces/local/lib/python3.10/dist-packages/tutorial_interfaces/srv/__init__.py'...
[5.216s] Compiling '/home/anmol/autonomous_iit/install/tutorial_interfaces/local/lib/python3.10/dist-packages/tutorial_interfaces/srv/_add_three_ints.py'...
[5.222s] -- Installing: /home/anmol/autonomous_iit/install/tutorial_interfaces/local/lib/python3.10/dist-packages/tutorial_interfaces/tutorial_interfaces_s__rosidl_typesupport_fastrtps_c.cpython-310-x86_64-linux-gnu.so
[5.222s] -- Set runtime path of "/home/anmol/autonomous_iit/install/tutorial_interfaces/local/lib/python3.10/dist-packages/tutorial_interfaces/tutorial_interfaces_s__rosidl_typesupport_fastrtps_c.cpython-310-x86_64-linux-gnu.so" to ""
[5.223s] -- Installing: /home/anmol/autonomous_iit/install/tutorial_interfaces/local/lib/python3.10/dist-packages/tutorial_interfaces/tutorial_interfaces_s__rosidl_typesupport_introspection_c.cpython-310-x86_64-linux-gnu.so
[5.223s] -- Set runtime path of "/home/anmol/autonomous_iit/install/tutorial_interfaces/local/lib/python3.10/dist-packages/tutorial_interfaces/tutorial_interfaces_s__rosidl_typesupport_introspection_c.cpython-310-x86_64-linux-gnu.so" to ""
[5.223s] -- Installing: /home/anmol/autonomous_iit/install/tutorial_interfaces/local/lib/python3.10/dist-packages/tutorial_interfaces/tutorial_interfaces_s__rosidl_typesupport_c.cpython-310-x86_64-linux-gnu.so
[5.224s] -- Set runtime path of "/home/anmol/autonomous_iit/install/tutorial_interfaces/local/lib/python3.10/dist-packages/tutorial_interfaces/tutorial_interfaces_s__rosidl_typesupport_c.cpython-310-x86_64-linux-gnu.so" to ""
[5.224s] -- Installing: /home/anmol/autonomous_iit/install/tutorial_interfaces/lib/libtutorial_interfaces__rosidl_generator_py.so
[5.225s] -- Set runtime path of "/home/anmol/autonomous_iit/install/tutorial_interfaces/lib/libtutorial_interfaces__rosidl_generator_py.so" to ""
[5.225s] -- Installing: /home/anmol/autonomous_iit/install/tutorial_interfaces/share/tutorial_interfaces/msg/Board.idl
[5.225s] -- Up-to-date: /home/anmol/autonomous_iit/install/tutorial_interfaces/share/tutorial_interfaces/msg/Sphere.idl
[5.225s] -- Up-to-date: /home/anmol/autonomous_iit/install/tutorial_interfaces/share/tutorial_interfaces/srv/AddThreeInts.idl
[5.225s] -- Installing: /home/anmol/autonomous_iit/install/tutorial_interfaces/share/tutorial_interfaces/msg/Board.msg
[5.226s] -- Up-to-date: /home/anmol/autonomous_iit/install/tutorial_interfaces/share/tutorial_interfaces/msg/Sphere.msg
[5.226s] -- Up-to-date: /home/anmol/autonomous_iit/install/tutorial_interfaces/share/tutorial_interfaces/srv/AddThreeInts.srv
[5.226s] -- Up-to-date: /home/anmol/autonomous_iit/install/tutorial_interfaces/share/tutorial_interfaces/srv/AddThreeInts_Request.msg
[5.226s] -- Up-to-date: /home/anmol/autonomous_iit/install/tutorial_interfaces/share/tutorial_interfaces/srv/AddThreeInts_Response.msg
[5.226s] -- Up-to-date: /home/anmol/autonomous_iit/install/tutorial_interfaces/share/ament_index/resource_index/package_run_dependencies/tutorial_interfaces
[5.226s] -- Installing: /home/anmol/autonomous_iit/install/tutorial_interfaces/share/ament_index/resource_index/parent_prefix_path/tutorial_interfaces
[5.226s] -- Up-to-date: /home/anmol/autonomous_iit/install/tutorial_interfaces/share/tutorial_interfaces/environment/ament_prefix_path.sh
[5.226s] -- Installing: /home/anmol/autonomous_iit/install/tutorial_interfaces/share/tutorial_interfaces/environment/ament_prefix_path.dsv
[5.227s] -- Up-to-date: /home/anmol/autonomous_iit/install/tutorial_interfaces/share/tutorial_interfaces/environment/path.sh
[5.227s] -- Installing: /home/anmol/autonomous_iit/install/tutorial_interfaces/share/tutorial_interfaces/environment/path.dsv
[5.227s] -- Up-to-date: /home/anmol/autonomous_iit/install/tutorial_interfaces/share/tutorial_interfaces/local_setup.bash
[5.227s] -- Up-to-date: /home/anmol/autonomous_iit/install/tutorial_interfaces/share/tutorial_interfaces/local_setup.sh
[5.227s] -- Up-to-date: /home/anmol/autonomous_iit/install/tutorial_interfaces/share/tutorial_interfaces/local_setup.zsh
[5.227s] -- Installing: /home/anmol/autonomous_iit/install/tutorial_interfaces/share/tutorial_interfaces/local_setup.dsv
[5.227s] -- Installing: /home/anmol/autonomous_iit/install/tutorial_interfaces/share/tutorial_interfaces/package.dsv
[5.227s] -- Up-to-date: /home/anmol/autonomous_iit/install/tutorial_interfaces/share/ament_index/resource_index/packages/tutorial_interfaces
[5.228s] -- Up-to-date: /home/anmol/autonomous_iit/install/tutorial_interfaces/share/tutorial_interfaces/cmake/export_tutorial_interfaces__rosidl_generator_cExport.cmake
[5.228s] -- Up-to-date: /home/anmol/autonomous_iit/install/tutorial_interfaces/share/tutorial_interfaces/cmake/export_tutorial_interfaces__rosidl_generator_cExport-noconfig.cmake
[5.228s] -- Up-to-date: /home/anmol/autonomous_iit/install/tutorial_interfaces/share/tutorial_interfaces/cmake/export_tutorial_interfaces__rosidl_typesupport_fastrtps_cExport.cmake
[5.228s] -- Up-to-date: /home/anmol/autonomous_iit/install/tutorial_interfaces/share/tutorial_interfaces/cmake/export_tutorial_interfaces__rosidl_typesupport_fastrtps_cExport-noconfig.cmake
[5.228s] -- Up-to-date: /home/anmol/autonomous_iit/install/tutorial_interfaces/share/tutorial_interfaces/cmake/export_tutorial_interfaces__rosidl_generator_cppExport.cmake
[5.229s] -- Up-to-date: /home/anmol/autonomous_iit/install/tutorial_interfaces/share/tutorial_interfaces/cmake/export_tutorial_interfaces__rosidl_typesupport_fastrtps_cppExport.cmake
[5.229s] -- Up-to-date: /home/anmol/autonomous_iit/install/tutorial_interfaces/share/tutorial_interfaces/cmake/export_tutorial_interfaces__rosidl_typesupport_fastrtps_cppExport-noconfig.cmake
[5.229s] -- Up-to-date: /home/anmol/autonomous_iit/install/tutorial_interfaces/share/tutorial_interfaces/cmake/tutorial_interfaces__rosidl_typesupport_introspection_cExport.cmake
[5.229s] -- Up-to-date: /home/anmol/autonomous_iit/install/tutorial_interfaces/share/tutorial_interfaces/cmake/tutorial_interfaces__rosidl_typesupport_introspection_cExport-noconfig.cmake
[5.230s] -- Up-to-date: /home/anmol/autonomous_iit/install/tutorial_interfaces/share/tutorial_interfaces/cmake/tutorial_interfaces__rosidl_typesupport_cExport.cmake
[5.230s] -- Up-to-date: /home/anmol/autonomous_iit/install/tutorial_interfaces/share/tutorial_interfaces/cmake/tutorial_interfaces__rosidl_typesupport_cExport-noconfig.cmake
[5.230s] -- Up-to-date: /home/anmol/autonomous_iit/install/tutorial_interfaces/share/tutorial_interfaces/cmake/tutorial_interfaces__rosidl_typesupport_introspection_cppExport.cmake
[5.230s] -- Up-to-date: /home/anmol/autonomous_iit/install/tutorial_interfaces/share/tutorial_interfaces/cmake/tutorial_interfaces__rosidl_typesupport_introspection_cppExport-noconfig.cmake
[5.230s] -- Up-to-date: /home/anmol/autonomous_iit/install/tutorial_interfaces/share/tutorial_interfaces/cmake/tutorial_interfaces__rosidl_typesupport_cppExport.cmake
[5.230s] -- Up-to-date: /home/anmol/autonomous_iit/install/tutorial_interfaces/share/tutorial_interfaces/cmake/tutorial_interfaces__rosidl_typesupport_cppExport-noconfig.cmake
[5.231s] -- Up-to-date: /home/anmol/autonomous_iit/install/tutorial_interfaces/share/tutorial_interfaces/cmake/export_tutorial_interfaces__rosidl_generator_pyExport.cmake
[5.231s] -- Up-to-date: /home/anmol/autonomous_iit/install/tutorial_interfaces/share/tutorial_interfaces/cmake/export_tutorial_interfaces__rosidl_generator_pyExport-noconfig.cmake
[5.231s] -- Up-to-date: /home/anmol/autonomous_iit/install/tutorial_interfaces/share/tutorial_interfaces/cmake/rosidl_cmake-extras.cmake
[5.231s] -- Up-to-date: /home/anmol/autonomous_iit/install/tutorial_interfaces/share/tutorial_interfaces/cmake/ament_cmake_export_dependencies-extras.cmake
[5.231s] -- Up-to-date: /home/anmol/autonomous_iit/install/tutorial_interfaces/share/tutorial_interfaces/cmake/ament_cmake_export_include_directories-extras.cmake
[5.231s] -- Up-to-date: /home/anmol/autonomous_iit/install/tutorial_interfaces/share/tutorial_interfaces/cmake/ament_cmake_export_libraries-extras.cmake
[5.231s] -- Up-to-date: /home/anmol/autonomous_iit/install/tutorial_interfaces/share/tutorial_interfaces/cmake/ament_cmake_export_targets-extras.cmake
[5.231s] -- Up-to-date: /home/anmol/autonomous_iit/install/tutorial_interfaces/share/tutorial_interfaces/cmake/rosidl_cmake_export_typesupport_targets-extras.cmake
[5.231s] -- Up-to-date: /home/anmol/autonomous_iit/install/tutorial_interfaces/share/tutorial_interfaces/cmake/rosidl_cmake_export_typesupport_libraries-extras.cmake
[5.232s] -- Up-to-date: /home/anmol/autonomous_iit/install/tutorial_interfaces/share/tutorial_interfaces/cmake/tutorial_interfacesConfig.cmake
[5.232s] -- Up-to-date: /home/anmol/autonomous_iit/install/tutorial_interfaces/share/tutorial_interfaces/cmake/tutorial_interfacesConfig-version.cmake
[5.232s] -- Up-to-date: /home/anmol/autonomous_iit/install/tutorial_interfaces/share/tutorial_interfaces/package.xml
[5.234s] Invoked command in '/home/anmol/autonomous_iit/build/tutorial_interfaces' returned '0': CMAKE_PREFIX_PATH=${CMAKE_PREFIX_PATH}:/home/anmol/autonomous_iit/install/autonomous_mode:/home/anmol/ws_offboard_control/install/manual_key_control:/opt/ros/humble /usr/bin/cmake --install /home/anmol/autonomous_iit/build/tutorial_interfaces
