/home/anmol/autonomous_iit/install/autonomous_mode/lib/python3.10/site-packages/autonomous_mode/key_input.py
/home/anmol/autonomous_iit/install/autonomous_mode/lib/python3.10/site-packages/autonomous_mode/gps_logger.py
/home/anmol/autonomous_iit/install/autonomous_mode/lib/python3.10/site-packages/autonomous_mode/__init__.py
/home/anmol/autonomous_iit/install/autonomous_mode/lib/python3.10/site-packages/autonomous_mode/follow_gps_logger.py
/home/anmol/autonomous_iit/install/autonomous_mode/lib/python3.10/site-packages/autonomous_mode/get_drone_data.py
/home/anmol/autonomous_iit/install/autonomous_mode/lib/python3.10/site-packages/autonomous_mode/utilities.py
/home/anmol/autonomous_iit/install/autonomous_mode/lib/python3.10/site-packages/autonomous_mode/gps_logger_switch.py
/home/anmol/autonomous_iit/install/autonomous_mode/lib/python3.10/site-packages/autonomous_mode/__pycache__/key_input.cpython-310.pyc
/home/anmol/autonomous_iit/install/autonomous_mode/lib/python3.10/site-packages/autonomous_mode/__pycache__/gps_logger.cpython-310.pyc
/home/anmol/autonomous_iit/install/autonomous_mode/lib/python3.10/site-packages/autonomous_mode/__pycache__/__init__.cpython-310.pyc
/home/anmol/autonomous_iit/install/autonomous_mode/lib/python3.10/site-packages/autonomous_mode/__pycache__/follow_gps_logger.cpython-310.pyc
/home/anmol/autonomous_iit/install/autonomous_mode/lib/python3.10/site-packages/autonomous_mode/__pycache__/get_drone_data.cpython-310.pyc
/home/anmol/autonomous_iit/install/autonomous_mode/lib/python3.10/site-packages/autonomous_mode/__pycache__/utilities.cpython-310.pyc
/home/anmol/autonomous_iit/install/autonomous_mode/lib/python3.10/site-packages/autonomous_mode/__pycache__/gps_logger_switch.cpython-310.pyc
/home/anmol/autonomous_iit/install/autonomous_mode/share/ament_index/resource_index/packages/autonomous_mode
/home/anmol/autonomous_iit/install/autonomous_mode/share/autonomous_mode/package.xml
/home/anmol/autonomous_iit/install/autonomous_mode/share/autonomous_mode/launch/kalman_filter.launch.py
/home/anmol/autonomous_iit/install/autonomous_mode/share/autonomous_mode/config/dual_ekf_params.yaml
/home/anmol/autonomous_iit/install/autonomous_mode/lib/python3.10/site-packages/autonomous_mode-0.0.0-py3.10.egg-info/zip-safe
/home/anmol/autonomous_iit/install/autonomous_mode/lib/python3.10/site-packages/autonomous_mode-0.0.0-py3.10.egg-info/dependency_links.txt
/home/anmol/autonomous_iit/install/autonomous_mode/lib/python3.10/site-packages/autonomous_mode-0.0.0-py3.10.egg-info/entry_points.txt
/home/anmol/autonomous_iit/install/autonomous_mode/lib/python3.10/site-packages/autonomous_mode-0.0.0-py3.10.egg-info/SOURCES.txt
/home/anmol/autonomous_iit/install/autonomous_mode/lib/python3.10/site-packages/autonomous_mode-0.0.0-py3.10.egg-info/PKG-INFO
/home/anmol/autonomous_iit/install/autonomous_mode/lib/python3.10/site-packages/autonomous_mode-0.0.0-py3.10.egg-info/requires.txt
/home/anmol/autonomous_iit/install/autonomous_mode/lib/python3.10/site-packages/autonomous_mode-0.0.0-py3.10.egg-info/top_level.txt
/home/anmol/autonomous_iit/install/autonomous_mode/lib/autonomous_mode/gps_logger
/home/anmol/autonomous_iit/install/autonomous_mode/lib/autonomous_mode/gps_logger_switch
/home/anmol/autonomous_iit/install/autonomous_mode/lib/autonomous_mode/key_input
