-- Found ament_cmake: 1.3.6 (/opt/ros/humble/share/ament_cmake/cmake)
-- Found ament_lint_auto: 0.12.9 (/opt/ros/humble/share/ament_lint_auto/cmake)
-- Found rosidl_default_generators: 1.2.0 (/opt/ros/humble/share/rosidl_default_generators/cmake)
-- Using all available rosidl_typesupport_c: rosidl_typesupport_fastrtps_c;rosidl_typesupport_introspection_c
-- Found rosidl_adapter: 3.1.5 (/opt/ros/humble/share/rosidl_adapter/cmake)
-- Using all available rosidl_typesupport_cpp: rosidl_typesupport_fastrtps_cpp;rosidl_typesupport_introspection_cpp
-- Found ament_cmake_ros: 0.10.0 (/opt/ros/humble/share/ament_cmake_ros/cmake)
-- Using all available rosidl_typesupport_c: rosidl_typesupport_fastrtps_c;rosidl_typesupport_introspection_c
-- Using all available rosidl_typesupport_cpp: rosidl_typesupport_fastrtps_cpp;rosidl_typesupport_introspection_cpp
-- Found python_cmake_module: 0.10.0 (/opt/ros/humble/share/python_cmake_module/cmake)
-- Using PYTHON_EXECUTABLE: /usr/bin/python3
-- Using PYTHON_INCLUDE_DIRS: /usr/include/python3.10
-- Using PYTHON_LIBRARIES: /usr/lib/x86_64-linux-gnu/libpython3.10.so
-- Added test 'lint_cmake' to check CMake code style
-- Added test 'xmllint' to check XML markup files
-- Configuring done
-- Generating done
-- Build files have been written to: /home/anmol/autonomous_iit/build/action_commands
[35m[1mConsolidate compiler generated dependencies of target action_commands__rosidl_generator_c[0m
[  2%] Built target action_commands__cpp
[  5%] [32mBuilding C object CMakeFiles/action_commands__rosidl_generator_c.dir/rosidl_generator_c/action_commands/action/detail/follow_gps_waypoints__functions.c.o[0m
[  5%] Built target ament_cmake_python_copy_action_commands
[35m[1mConsolidate compiler generated dependencies of target action_commands__rosidl_typesupport_fastrtps_cpp[0m
[35m[1mConsolidate compiler generated dependencies of target action_commands__rosidl_typesupport_introspection_cpp[0m
[35m[1mConsolidate compiler generated dependencies of target action_commands__rosidl_typesupport_cpp[0m
In file included from [01m[K/home/anmol/autonomous_iit/build/action_commands/rosidl_generator_c/action_commands/action/detail/follow_gps_waypoints__functions.h:19[m[K,
                 from [01m[K/home/anmol/autonomous_iit/build/action_commands/rosidl_generator_c/action_commands/action/detail/follow_gps_waypoints__functions.c:4[m[K:
[01m[K/home/anmol/autonomous_iit/build/action_commands/rosidl_generator_c/action_commands/action/detail/follow_gps_waypoints__struct.h:22:10:[m[K [01;31m[Kfatal error: [m[Kgeographic_msgs/msg/detail/geo_pose__struct.h: No such file or directory
   22 | #include [01;31m[K"geographic_msgs/msg/detail/geo_pose__struct.h"[m[K
      |          [01;31m[K^~~~~~~~~~~~~~~~~~~~~~~~~~~~~~~~~~~~~~~~~~~~~~~[m[K
compilation terminated.
gmake[2]: *** [CMakeFiles/action_commands__rosidl_generator_c.dir/build.make:142: CMakeFiles/action_commands__rosidl_generator_c.dir/rosidl_generator_c/action_commands/action/detail/follow_gps_waypoints__functions.c.o] Error 1
gmake[1]: *** [CMakeFiles/Makefile2:213: CMakeFiles/action_commands__rosidl_generator_c.dir/all] Error 2
gmake[1]: *** Waiting for unfinished jobs....
[ 12%] [32mBuilding CXX object CMakeFiles/action_commands__rosidl_typesupport_introspection_cpp.dir/rosidl_typesupport_introspection_cpp/action_commands/action/detail/follow_gps_waypoints__type_support.cpp.o[0m
[ 12%] [32mBuilding CXX object CMakeFiles/action_commands__rosidl_typesupport_fastrtps_cpp.dir/rosidl_typesupport_fastrtps_cpp/action_commands/action/detail/dds_fastrtps/follow_gps_waypoints__type_support.cpp.o[0m
[ 12%] [32mBuilding CXX object CMakeFiles/action_commands__rosidl_typesupport_cpp.dir/rosidl_typesupport_cpp/action_commands/action/follow_gps_waypoints__type_support.cpp.o[0m
In file included from [01m[K/home/anmol/autonomous_iit/build/action_commands/rosidl_typesupport_cpp/action_commands/action/follow_gps_waypoints__type_support.cpp:7[m[K:
[01m[K/home/anmol/autonomous_iit/build/action_commands/rosidl_generator_cpp/action_commands/action/detail/follow_gps_waypoints__struct.hpp:20:10:[m[K [01;31m[Kfatal error: [m[Kgeographic_msgs/msg/detail/geo_pose__struct.hpp: No such file or directory
   20 | #include [01;31m[K"geographic_msgs/msg/detail/geo_pose__struct.hpp"[m[K
      |          [01;31m[K^~~~~~~~~~~~~~~~~~~~~~~~~~~~~~~~~~~~~~~~~~~~~~~~~[m[K
In file included from [01m[K/home/anmol/autonomous_iit/build/action_commands/rosidl_typesupport_fastrtps_cpp/action_commands/action/detail/follow_gps_waypoints__rosidl_typesupport_fastrtps_cpp.hpp:11[m[K,
                 from [01m[K/home/anmol/autonomous_iit/build/action_commands/rosidl_typesupport_fastrtps_cpp/action_commands/action/detail/dds_fastrtps/follow_gps_waypoints__type_support.cpp:4[m[K:
[01m[K/home/anmol/autonomous_iit/build/action_commands/rosidl_generator_cpp/action_commands/action/detail/follow_gps_waypoints__struct.hpp:20:10:[m[K [01;31m[Kfatal error: [m[Kgeographic_msgs/msg/detail/geo_pose__struct.hpp: No such file or directory
   20 | #include [01;31m[K"geographic_msgs/msg/detail/geo_pose__struct.hpp"[m[K
      |          [01;31m[K^~~~~~~~~~~~~~~~~~~~~~~~~~~~~~~~~~~~~~~~~~~~~~~~~[m[K
compilation terminated.
compilation terminated.
gmake[2]: *** [CMakeFiles/action_commands__rosidl_typesupport_fastrtps_cpp.dir/build.make:119: CMakeFiles/action_commands__rosidl_typesupport_fastrtps_cpp.dir/rosidl_typesupport_fastrtps_cpp/action_commands/action/detail/dds_fastrtps/follow_gps_waypoints__type_support.cpp.o] Error 1
gmake[2]: *** [CMakeFiles/action_commands__rosidl_typesupport_cpp.dir/build.make:111: CMakeFiles/action_commands__rosidl_typesupport_cpp.dir/rosidl_typesupport_cpp/action_commands/action/follow_gps_waypoints__type_support.cpp.o] Error 1
gmake[1]: *** [CMakeFiles/Makefile2:395: CMakeFiles/action_commands__rosidl_typesupport_cpp.dir/all] Error 2
gmake[1]: *** [CMakeFiles/Makefile2:343: CMakeFiles/action_commands__rosidl_typesupport_fastrtps_cpp.dir/all] Error 2
In file included from [01m[K/home/anmol/autonomous_iit/build/action_commands/rosidl_typesupport_introspection_cpp/action_commands/action/detail/follow_gps_waypoints__type_support.cpp:12[m[K:
[01m[K/home/anmol/autonomous_iit/build/action_commands/rosidl_generator_cpp/action_commands/action/detail/follow_gps_waypoints__struct.hpp:20:10:[m[K [01;31m[Kfatal error: [m[Kgeographic_msgs/msg/detail/geo_pose__struct.hpp: No such file or directory
   20 | #include [01;31m[K"geographic_msgs/msg/detail/geo_pose__struct.hpp"[m[K
      |          [01;31m[K^~~~~~~~~~~~~~~~~~~~~~~~~~~~~~~~~~~~~~~~~~~~~~~~~[m[K
compilation terminated.
gmake[2]: *** [CMakeFiles/action_commands__rosidl_typesupport_introspection_cpp.dir/build.make:119: CMakeFiles/action_commands__rosidl_typesupport_introspection_cpp.dir/rosidl_typesupport_introspection_cpp/action_commands/action/detail/follow_gps_waypoints__type_support.cpp.o] Error 1
gmake[1]: *** [CMakeFiles/Makefile2:369: CMakeFiles/action_commands__rosidl_typesupport_introspection_cpp.dir/all] Error 2
running egg_info
writing action_commands.egg-info/PKG-INFO
writing dependency_links to action_commands.egg-info/dependency_links.txt
writing top-level names to action_commands.egg-info/top_level.txt
reading manifest file 'action_commands.egg-info/SOURCES.txt'
writing manifest file 'action_commands.egg-info/SOURCES.txt'
[ 12%] Built target ament_cmake_python_build_action_commands_egg
gmake: *** [Makefile:146: all] Error 2
