[1.113s] Invoking command in '/home/anmol/autonomous_iit/build/tutorial_interfaces': CMAKE_PREFIX_PATH=${CMAKE_PREFIX_PATH}:/home/anmol/autonomous_iit/install/autonomous_mode:/home/anmol/ws_offboard_control/install/manual_key_control:/opt/ros/humble /usr/bin/cmake --build /home/anmol/autonomous_iit/build/tutorial_interfaces -- -j12 -l12
[1.293s] [ 10%] Built target tutorial_interfaces__rosidl_generator_c
[1.294s] [ 12%] Built target tutorial_interfaces__cpp
[1.337s] [ 12%] Built target ament_cmake_python_copy_tutorial_interfaces
[1.388s] [ 23%] Built target tutorial_interfaces__rosidl_typesupport_c
[1.391s] [ 34%] Built target tutorial_interfaces__rosidl_typesupport_introspection_c
[1.394s] [ 44%] Built target tutorial_interfaces__rosidl_typesupport_fastrtps_c
[1.402s] [ 55%] Built target tutorial_interfaces__rosidl_typesupport_fastrtps_cpp
[1.406s] [ 65%] Built target tutorial_interfaces__rosidl_typesupport_introspection_cpp
[1.440s] [ 76%] Built target tutorial_interfaces__rosidl_typesupport_cpp
[1.512s] [ 76%] Built target tutorial_interfaces
[1.598s] [ 78%] Built target tutorial_interfaces__py
[1.712s] [ 87%] Built target tutorial_interfaces__rosidl_generator_py
[1.860s] [ 91%] Built target tutorial_interfaces__rosidl_typesupport_c__pyext
[1.872s] [ 95%] Built target tutorial_interfaces__rosidl_typesupport_introspection_c__pyext
[1.889s] [100%] Built target tutorial_interfaces__rosidl_typesupport_fastrtps_c__pyext
[2.270s] running egg_info
[2.271s] writing tutorial_interfaces.egg-info/PKG-INFO
[2.271s] writing dependency_links to tutorial_interfaces.egg-info/dependency_links.txt
[2.271s] writing top-level names to tutorial_interfaces.egg-info/top_level.txt
[2.279s] reading manifest file 'tutorial_interfaces.egg-info/SOURCES.txt'
[2.281s] writing manifest file 'tutorial_interfaces.egg-info/SOURCES.txt'
[2.370s] [100%] Built target ament_cmake_python_build_tutorial_interfaces_egg
[2.406s] Invoked command in '/home/anmol/autonomous_iit/build/tutorial_interfaces' returned '0': CMAKE_PREFIX_PATH=${CMAKE_PREFIX_PATH}:/home/anmol/autonomous_iit/install/autonomous_mode:/home/anmol/ws_offboard_control/install/manual_key_control:/opt/ros/humble /usr/bin/cmake --build /home/anmol/autonomous_iit/build/tutorial_interfaces -- -j12 -l12
[2.803s] Invoking command in '/home/anmol/autonomous_iit/build/tutorial_interfaces': CMAKE_PREFIX_PATH=${CMAKE_PREFIX_PATH}:/home/anmol/autonomous_iit/install/autonomous_mode:/home/anmol/ws_offboard_control/install/manual_key_control:/opt/ros/humble /usr/bin/cmake --install /home/anmol/autonomous_iit/build/tutorial_interfaces
[2.823s] -- Install configuration: ""
[2.824s] -- Up-to-date: /home/anmol/autonomous_iit/install/tutorial_interfaces/share/ament_index/resource_index/rosidl_interfaces/tutorial_interfaces
[2.824s] -- Up-to-date: /home/anmol/autonomous_iit/install/tutorial_interfaces/include/tutorial_interfaces/tutorial_interfaces
[2.824s] -- Up-to-date: /home/anmol/autonomous_iit/install/tutorial_interfaces/include/tutorial_interfaces/tutorial_interfaces/msg
[2.825s] -- Up-to-date: /home/anmol/autonomous_iit/install/tutorial_interfaces/include/tutorial_interfaces/tutorial_interfaces/msg/sphere.h
[2.825s] -- Up-to-date: /home/anmol/autonomous_iit/install/tutorial_interfaces/include/tutorial_interfaces/tutorial_interfaces/msg/detail
[2.826s] -- Up-to-date: /home/anmol/autonomous_iit/install/tutorial_interfaces/include/tutorial_interfaces/tutorial_interfaces/msg/detail/board__struct.h
[2.826s] -- Up-to-date: /home/anmol/autonomous_iit/install/tutorial_interfaces/include/tutorial_interfaces/tutorial_interfaces/msg/detail/board__functions.c
[2.826s] -- Up-to-date: /home/anmol/autonomous_iit/install/tutorial_interfaces/include/tutorial_interfaces/tutorial_interfaces/msg/detail/sphere__type_support.h
[2.826s] -- Up-to-date: /home/anmol/autonomous_iit/install/tutorial_interfaces/include/tutorial_interfaces/tutorial_interfaces/msg/detail/sphere__functions.h
[2.827s] -- Up-to-date: /home/anmol/autonomous_iit/install/tutorial_interfaces/include/tutorial_interfaces/tutorial_interfaces/msg/detail/sphere__struct.h
[2.827s] -- Up-to-date: /home/anmol/autonomous_iit/install/tutorial_interfaces/include/tutorial_interfaces/tutorial_interfaces/msg/detail/board__functions.h
[2.827s] -- Up-to-date: /home/anmol/autonomous_iit/install/tutorial_interfaces/include/tutorial_interfaces/tutorial_interfaces/msg/detail/board__type_support.h
[2.827s] -- Up-to-date: /home/anmol/autonomous_iit/install/tutorial_interfaces/include/tutorial_interfaces/tutorial_interfaces/msg/detail/sphere__functions.c
[2.827s] -- Up-to-date: /home/anmol/autonomous_iit/install/tutorial_interfaces/include/tutorial_interfaces/tutorial_interfaces/msg/board.h
[2.827s] -- Up-to-date: /home/anmol/autonomous_iit/install/tutorial_interfaces/include/tutorial_interfaces/tutorial_interfaces/msg/rosidl_generator_c__visibility_control.h
[2.828s] -- Up-to-date: /home/anmol/autonomous_iit/install/tutorial_interfaces/include/tutorial_interfaces/tutorial_interfaces/srv
[2.828s] -- Up-to-date: /home/anmol/autonomous_iit/install/tutorial_interfaces/include/tutorial_interfaces/tutorial_interfaces/srv/detail
[2.828s] -- Up-to-date: /home/anmol/autonomous_iit/install/tutorial_interfaces/include/tutorial_interfaces/tutorial_interfaces/srv/detail/add_three_ints__struct.h
[2.828s] -- Up-to-date: /home/anmol/autonomous_iit/install/tutorial_interfaces/include/tutorial_interfaces/tutorial_interfaces/srv/detail/add_three_ints__functions.h
[2.828s] -- Up-to-date: /home/anmol/autonomous_iit/install/tutorial_interfaces/include/tutorial_interfaces/tutorial_interfaces/srv/detail/add_three_ints__type_support.h
[2.828s] -- Up-to-date: /home/anmol/autonomous_iit/install/tutorial_interfaces/include/tutorial_interfaces/tutorial_interfaces/srv/detail/add_three_ints__functions.c
[2.829s] -- Up-to-date: /home/anmol/autonomous_iit/install/tutorial_interfaces/include/tutorial_interfaces/tutorial_interfaces/srv/add_three_ints.h
[2.829s] -- Up-to-date: /home/anmol/autonomous_iit/install/tutorial_interfaces/share/tutorial_interfaces/environment/library_path.sh
[2.829s] -- Up-to-date: /home/anmol/autonomous_iit/install/tutorial_interfaces/share/tutorial_interfaces/environment/library_path.dsv
[2.830s] -- Up-to-date: /home/anmol/autonomous_iit/install/tutorial_interfaces/lib/libtutorial_interfaces__rosidl_generator_c.so
[2.830s] -- Up-to-date: /home/anmol/autonomous_iit/install/tutorial_interfaces/include/tutorial_interfaces/tutorial_interfaces
[2.830s] -- Up-to-date: /home/anmol/autonomous_iit/install/tutorial_interfaces/include/tutorial_interfaces/tutorial_interfaces/msg
[2.830s] -- Up-to-date: /home/anmol/autonomous_iit/install/tutorial_interfaces/include/tutorial_interfaces/tutorial_interfaces/msg/detail
[2.830s] -- Up-to-date: /home/anmol/autonomous_iit/install/tutorial_interfaces/include/tutorial_interfaces/tutorial_interfaces/msg/detail/board__rosidl_typesupport_fastrtps_c.h
[2.830s] -- Up-to-date: /home/anmol/autonomous_iit/install/tutorial_interfaces/include/tutorial_interfaces/tutorial_interfaces/msg/detail/sphere__rosidl_typesupport_fastrtps_c.h
[2.831s] -- Up-to-date: /home/anmol/autonomous_iit/install/tutorial_interfaces/include/tutorial_interfaces/tutorial_interfaces/msg/rosidl_typesupport_fastrtps_c__visibility_control.h
[2.831s] -- Up-to-date: /home/anmol/autonomous_iit/install/tutorial_interfaces/include/tutorial_interfaces/tutorial_interfaces/srv
[2.831s] -- Up-to-date: /home/anmol/autonomous_iit/install/tutorial_interfaces/include/tutorial_interfaces/tutorial_interfaces/srv/detail
[2.831s] -- Up-to-date: /home/anmol/autonomous_iit/install/tutorial_interfaces/include/tutorial_interfaces/tutorial_interfaces/srv/detail/add_three_ints__rosidl_typesupport_fastrtps_c.h
[2.831s] -- Up-to-date: /home/anmol/autonomous_iit/install/tutorial_interfaces/lib/libtutorial_interfaces__rosidl_typesupport_fastrtps_c.so
[2.831s] -- Up-to-date: /home/anmol/autonomous_iit/install/tutorial_interfaces/include/tutorial_interfaces/tutorial_interfaces
[2.831s] -- Up-to-date: /home/anmol/autonomous_iit/install/tutorial_interfaces/include/tutorial_interfaces/tutorial_interfaces/msg
[2.832s] -- Up-to-date: /home/anmol/autonomous_iit/install/tutorial_interfaces/include/tutorial_interfaces/tutorial_interfaces/msg/detail
[2.832s] -- Up-to-date: /home/anmol/autonomous_iit/install/tutorial_interfaces/include/tutorial_interfaces/tutorial_interfaces/msg/detail/sphere__traits.hpp
[2.832s] -- Up-to-date: /home/anmol/autonomous_iit/install/tutorial_interfaces/include/tutorial_interfaces/tutorial_interfaces/msg/detail/board__builder.hpp
[2.832s] -- Up-to-date: /home/anmol/autonomous_iit/install/tutorial_interfaces/include/tutorial_interfaces/tutorial_interfaces/msg/detail/board__traits.hpp
[2.832s] -- Up-to-date: /home/anmol/autonomous_iit/install/tutorial_interfaces/include/tutorial_interfaces/tutorial_interfaces/msg/detail/sphere__struct.hpp
[2.832s] -- Up-to-date: /home/anmol/autonomous_iit/install/tutorial_interfaces/include/tutorial_interfaces/tutorial_interfaces/msg/detail/sphere__builder.hpp
[2.833s] -- Up-to-date: /home/anmol/autonomous_iit/install/tutorial_interfaces/include/tutorial_interfaces/tutorial_interfaces/msg/detail/board__struct.hpp
[2.833s] -- Up-to-date: /home/anmol/autonomous_iit/install/tutorial_interfaces/include/tutorial_interfaces/tutorial_interfaces/msg/sphere.hpp
[2.833s] -- Up-to-date: /home/anmol/autonomous_iit/install/tutorial_interfaces/include/tutorial_interfaces/tutorial_interfaces/msg/board.hpp
[2.833s] -- Up-to-date: /home/anmol/autonomous_iit/install/tutorial_interfaces/include/tutorial_interfaces/tutorial_interfaces/srv
[2.834s] -- Up-to-date: /home/anmol/autonomous_iit/install/tutorial_interfaces/include/tutorial_interfaces/tutorial_interfaces/srv/add_three_ints.hpp
[2.834s] -- Up-to-date: /home/anmol/autonomous_iit/install/tutorial_interfaces/include/tutorial_interfaces/tutorial_interfaces/srv/detail
[2.834s] -- Up-to-date: /home/anmol/autonomous_iit/install/tutorial_interfaces/include/tutorial_interfaces/tutorial_interfaces/srv/detail/add_three_ints__traits.hpp
[2.834s] -- Up-to-date: /home/anmol/autonomous_iit/install/tutorial_interfaces/include/tutorial_interfaces/tutorial_interfaces/srv/detail/add_three_ints__struct.hpp
[2.834s] -- Up-to-date: /home/anmol/autonomous_iit/install/tutorial_interfaces/include/tutorial_interfaces/tutorial_interfaces/srv/detail/add_three_ints__builder.hpp
[2.834s] -- Up-to-date: /home/anmol/autonomous_iit/install/tutorial_interfaces/include/tutorial_interfaces/tutorial_interfaces
[2.835s] -- Up-to-date: /home/anmol/autonomous_iit/install/tutorial_interfaces/include/tutorial_interfaces/tutorial_interfaces/msg
[2.835s] -- Up-to-date: /home/anmol/autonomous_iit/install/tutorial_interfaces/include/tutorial_interfaces/tutorial_interfaces/msg/detail
[2.835s] -- Up-to-date: /home/anmol/autonomous_iit/install/tutorial_interfaces/include/tutorial_interfaces/tutorial_interfaces/msg/detail/dds_fastrtps
[2.835s] -- Up-to-date: /home/anmol/autonomous_iit/install/tutorial_interfaces/include/tutorial_interfaces/tutorial_interfaces/msg/detail/sphere__rosidl_typesupport_fastrtps_cpp.hpp
[2.835s] -- Up-to-date: /home/anmol/autonomous_iit/install/tutorial_interfaces/include/tutorial_interfaces/tutorial_interfaces/msg/detail/board__rosidl_typesupport_fastrtps_cpp.hpp
[2.835s] -- Up-to-date: /home/anmol/autonomous_iit/install/tutorial_interfaces/include/tutorial_interfaces/tutorial_interfaces/msg/rosidl_typesupport_fastrtps_cpp__visibility_control.h
[2.835s] -- Up-to-date: /home/anmol/autonomous_iit/install/tutorial_interfaces/include/tutorial_interfaces/tutorial_interfaces/srv
[2.835s] -- Up-to-date: /home/anmol/autonomous_iit/install/tutorial_interfaces/include/tutorial_interfaces/tutorial_interfaces/srv/detail
[2.836s] -- Up-to-date: /home/anmol/autonomous_iit/install/tutorial_interfaces/include/tutorial_interfaces/tutorial_interfaces/srv/detail/dds_fastrtps
[2.836s] -- Up-to-date: /home/anmol/autonomous_iit/install/tutorial_interfaces/include/tutorial_interfaces/tutorial_interfaces/srv/detail/add_three_ints__rosidl_typesupport_fastrtps_cpp.hpp
[2.836s] -- Up-to-date: /home/anmol/autonomous_iit/install/tutorial_interfaces/lib/libtutorial_interfaces__rosidl_typesupport_fastrtps_cpp.so
[2.837s] -- Up-to-date: /home/anmol/autonomous_iit/install/tutorial_interfaces/include/tutorial_interfaces/tutorial_interfaces
[2.837s] -- Up-to-date: /home/anmol/autonomous_iit/install/tutorial_interfaces/include/tutorial_interfaces/tutorial_interfaces/msg
[2.837s] -- Up-to-date: /home/anmol/autonomous_iit/install/tutorial_interfaces/include/tutorial_interfaces/tutorial_interfaces/msg/detail
[2.838s] -- Up-to-date: /home/anmol/autonomous_iit/install/tutorial_interfaces/include/tutorial_interfaces/tutorial_interfaces/msg/detail/sphere__type_support.c
[2.838s] -- Up-to-date: /home/anmol/autonomous_iit/install/tutorial_interfaces/include/tutorial_interfaces/tutorial_interfaces/msg/detail/sphere__rosidl_typesupport_introspection_c.h
[2.838s] -- Up-to-date: /home/anmol/autonomous_iit/install/tutorial_interfaces/include/tutorial_interfaces/tutorial_interfaces/msg/detail/board__rosidl_typesupport_introspection_c.h
[2.838s] -- Up-to-date: /home/anmol/autonomous_iit/install/tutorial_interfaces/include/tutorial_interfaces/tutorial_interfaces/msg/detail/board__type_support.c
[2.839s] -- Up-to-date: /home/anmol/autonomous_iit/install/tutorial_interfaces/include/tutorial_interfaces/tutorial_interfaces/msg/rosidl_typesupport_introspection_c__visibility_control.h
[2.839s] -- Up-to-date: /home/anmol/autonomous_iit/install/tutorial_interfaces/include/tutorial_interfaces/tutorial_interfaces/srv
[2.839s] -- Up-to-date: /home/anmol/autonomous_iit/install/tutorial_interfaces/include/tutorial_interfaces/tutorial_interfaces/srv/detail
[2.839s] -- Up-to-date: /home/anmol/autonomous_iit/install/tutorial_interfaces/include/tutorial_interfaces/tutorial_interfaces/srv/detail/add_three_ints__rosidl_typesupport_introspection_c.h
[2.839s] -- Up-to-date: /home/anmol/autonomous_iit/install/tutorial_interfaces/include/tutorial_interfaces/tutorial_interfaces/srv/detail/add_three_ints__type_support.c
[2.840s] -- Up-to-date: /home/anmol/autonomous_iit/install/tutorial_interfaces/lib/libtutorial_interfaces__rosidl_typesupport_introspection_c.so
[2.840s] -- Up-to-date: /home/anmol/autonomous_iit/install/tutorial_interfaces/lib/libtutorial_interfaces__rosidl_typesupport_c.so
[2.841s] -- Up-to-date: /home/anmol/autonomous_iit/install/tutorial_interfaces/include/tutorial_interfaces/tutorial_interfaces
[2.841s] -- Up-to-date: /home/anmol/autonomous_iit/install/tutorial_interfaces/include/tutorial_interfaces/tutorial_interfaces/msg
[2.841s] -- Up-to-date: /home/anmol/autonomous_iit/install/tutorial_interfaces/include/tutorial_interfaces/tutorial_interfaces/msg/detail
[2.842s] -- Up-to-date: /home/anmol/autonomous_iit/install/tutorial_interfaces/include/tutorial_interfaces/tutorial_interfaces/msg/detail/board__type_support.cpp
[2.842s] -- Up-to-date: /home/anmol/autonomous_iit/install/tutorial_interfaces/include/tutorial_interfaces/tutorial_interfaces/msg/detail/sphere__rosidl_typesupport_introspection_cpp.hpp
[2.842s] -- Up-to-date: /home/anmol/autonomous_iit/install/tutorial_interfaces/include/tutorial_interfaces/tutorial_interfaces/msg/detail/sphere__type_support.cpp
[2.842s] -- Up-to-date: /home/anmol/autonomous_iit/install/tutorial_interfaces/include/tutorial_interfaces/tutorial_interfaces/msg/detail/board__rosidl_typesupport_introspection_cpp.hpp
[2.842s] -- Up-to-date: /home/anmol/autonomous_iit/install/tutorial_interfaces/include/tutorial_interfaces/tutorial_interfaces/srv
[2.842s] -- Up-to-date: /home/anmol/autonomous_iit/install/tutorial_interfaces/include/tutorial_interfaces/tutorial_interfaces/srv/detail
[2.843s] -- Up-to-date: /home/anmol/autonomous_iit/install/tutorial_interfaces/include/tutorial_interfaces/tutorial_interfaces/srv/detail/add_three_ints__type_support.cpp
[2.843s] -- Up-to-date: /home/anmol/autonomous_iit/install/tutorial_interfaces/include/tutorial_interfaces/tutorial_interfaces/srv/detail/add_three_ints__rosidl_typesupport_introspection_cpp.hpp
[2.843s] -- Up-to-date: /home/anmol/autonomous_iit/install/tutorial_interfaces/lib/libtutorial_interfaces__rosidl_typesupport_introspection_cpp.so
[2.844s] -- Up-to-date: /home/anmol/autonomous_iit/install/tutorial_interfaces/lib/libtutorial_interfaces__rosidl_typesupport_cpp.so
[2.845s] -- Up-to-date: /home/anmol/autonomous_iit/install/tutorial_interfaces/share/tutorial_interfaces/environment/pythonpath.sh
[2.845s] -- Up-to-date: /home/anmol/autonomous_iit/install/tutorial_interfaces/share/tutorial_interfaces/environment/pythonpath.dsv
[2.845s] -- Up-to-date: /home/anmol/autonomous_iit/install/tutorial_interfaces/local/lib/python3.10/dist-packages/tutorial_interfaces-0.0.0-py3.10.egg-info
[2.845s] -- Installing: /home/anmol/autonomous_iit/install/tutorial_interfaces/local/lib/python3.10/dist-packages/tutorial_interfaces-0.0.0-py3.10.egg-info/dependency_links.txt
[2.845s] -- Installing: /home/anmol/autonomous_iit/install/tutorial_interfaces/local/lib/python3.10/dist-packages/tutorial_interfaces-0.0.0-py3.10.egg-info/SOURCES.txt
[2.846s] -- Installing: /home/anmol/autonomous_iit/install/tutorial_interfaces/local/lib/python3.10/dist-packages/tutorial_interfaces-0.0.0-py3.10.egg-info/PKG-INFO
[2.846s] -- Installing: /home/anmol/autonomous_iit/install/tutorial_interfaces/local/lib/python3.10/dist-packages/tutorial_interfaces-0.0.0-py3.10.egg-info/top_level.txt
[2.846s] -- Up-to-date: /home/anmol/autonomous_iit/install/tutorial_interfaces/local/lib/python3.10/dist-packages/tutorial_interfaces
[2.847s] -- Up-to-date: /home/anmol/autonomous_iit/install/tutorial_interfaces/local/lib/python3.10/dist-packages/tutorial_interfaces/tutorial_interfaces_s__rosidl_typesupport_fastrtps_c.cpython-310-x86_64-linux-gnu.so
[2.847s] -- Up-to-date: /home/anmol/autonomous_iit/install/tutorial_interfaces/local/lib/python3.10/dist-packages/tutorial_interfaces/tutorial_interfaces_s__rosidl_typesupport_introspection_c.cpython-310-x86_64-linux-gnu.so
[2.847s] -- Up-to-date: /home/anmol/autonomous_iit/install/tutorial_interfaces/local/lib/python3.10/dist-packages/tutorial_interfaces/_tutorial_interfaces_s.ep.rosidl_typesupport_fastrtps_c.c
[2.847s] -- Up-to-date: /home/anmol/autonomous_iit/install/tutorial_interfaces/local/lib/python3.10/dist-packages/tutorial_interfaces/__init__.py
[2.848s] -- Up-to-date: /home/anmol/autonomous_iit/install/tutorial_interfaces/local/lib/python3.10/dist-packages/tutorial_interfaces/_tutorial_interfaces_s.ep.rosidl_typesupport_introspection_c.c
[2.848s] -- Up-to-date: /home/anmol/autonomous_iit/install/tutorial_interfaces/local/lib/python3.10/dist-packages/tutorial_interfaces/libtutorial_interfaces__rosidl_generator_py.so
[2.848s] -- Up-to-date: /home/anmol/autonomous_iit/install/tutorial_interfaces/local/lib/python3.10/dist-packages/tutorial_interfaces/msg
[2.848s] -- Up-to-date: /home/anmol/autonomous_iit/install/tutorial_interfaces/local/lib/python3.10/dist-packages/tutorial_interfaces/msg/__init__.py
[2.848s] -- Up-to-date: /home/anmol/autonomous_iit/install/tutorial_interfaces/local/lib/python3.10/dist-packages/tutorial_interfaces/msg/_board.py
[2.848s] -- Up-to-date: /home/anmol/autonomous_iit/install/tutorial_interfaces/local/lib/python3.10/dist-packages/tutorial_interfaces/msg/_sphere_s.c
[2.849s] -- Up-to-date: /home/anmol/autonomous_iit/install/tutorial_interfaces/local/lib/python3.10/dist-packages/tutorial_interfaces/msg/_sphere.py
[2.849s] -- Up-to-date: /home/anmol/autonomous_iit/install/tutorial_interfaces/local/lib/python3.10/dist-packages/tutorial_interfaces/msg/_board_s.c
[2.849s] -- Up-to-date: /home/anmol/autonomous_iit/install/tutorial_interfaces/local/lib/python3.10/dist-packages/tutorial_interfaces/_tutorial_interfaces_s.ep.rosidl_typesupport_c.c
[2.849s] -- Up-to-date: /home/anmol/autonomous_iit/install/tutorial_interfaces/local/lib/python3.10/dist-packages/tutorial_interfaces/srv
[2.849s] -- Up-to-date: /home/anmol/autonomous_iit/install/tutorial_interfaces/local/lib/python3.10/dist-packages/tutorial_interfaces/srv/__init__.py
[2.849s] -- Up-to-date: /home/anmol/autonomous_iit/install/tutorial_interfaces/local/lib/python3.10/dist-packages/tutorial_interfaces/srv/_add_three_ints_s.c
[2.850s] -- Up-to-date: /home/anmol/autonomous_iit/install/tutorial_interfaces/local/lib/python3.10/dist-packages/tutorial_interfaces/srv/_add_three_ints.py
[2.850s] -- Up-to-date: /home/anmol/autonomous_iit/install/tutorial_interfaces/local/lib/python3.10/dist-packages/tutorial_interfaces/tutorial_interfaces_s__rosidl_typesupport_c.cpython-310-x86_64-linux-gnu.so
[2.919s] Listing '/home/anmol/autonomous_iit/install/tutorial_interfaces/local/lib/python3.10/dist-packages/tutorial_interfaces'...
[2.919s] Listing '/home/anmol/autonomous_iit/install/tutorial_interfaces/local/lib/python3.10/dist-packages/tutorial_interfaces/msg'...
[2.919s] Listing '/home/anmol/autonomous_iit/install/tutorial_interfaces/local/lib/python3.10/dist-packages/tutorial_interfaces/srv'...
[2.930s] -- Up-to-date: /home/anmol/autonomous_iit/install/tutorial_interfaces/local/lib/python3.10/dist-packages/tutorial_interfaces/tutorial_interfaces_s__rosidl_typesupport_fastrtps_c.cpython-310-x86_64-linux-gnu.so
[2.932s] -- Up-to-date: /home/anmol/autonomous_iit/install/tutorial_interfaces/local/lib/python3.10/dist-packages/tutorial_interfaces/tutorial_interfaces_s__rosidl_typesupport_introspection_c.cpython-310-x86_64-linux-gnu.so
[2.933s] -- Up-to-date: /home/anmol/autonomous_iit/install/tutorial_interfaces/local/lib/python3.10/dist-packages/tutorial_interfaces/tutorial_interfaces_s__rosidl_typesupport_c.cpython-310-x86_64-linux-gnu.so
[2.934s] -- Up-to-date: /home/anmol/autonomous_iit/install/tutorial_interfaces/lib/libtutorial_interfaces__rosidl_generator_py.so
[2.936s] -- Up-to-date: /home/anmol/autonomous_iit/install/tutorial_interfaces/share/tutorial_interfaces/msg/Board.idl
[2.936s] -- Up-to-date: /home/anmol/autonomous_iit/install/tutorial_interfaces/share/tutorial_interfaces/msg/Sphere.idl
[2.937s] -- Up-to-date: /home/anmol/autonomous_iit/install/tutorial_interfaces/share/tutorial_interfaces/srv/AddThreeInts.idl
[2.937s] -- Up-to-date: /home/anmol/autonomous_iit/install/tutorial_interfaces/share/tutorial_interfaces/msg/Board.msg
[2.938s] -- Up-to-date: /home/anmol/autonomous_iit/install/tutorial_interfaces/share/tutorial_interfaces/msg/Sphere.msg
[2.938s] -- Up-to-date: /home/anmol/autonomous_iit/install/tutorial_interfaces/share/tutorial_interfaces/srv/AddThreeInts.srv
[2.938s] -- Up-to-date: /home/anmol/autonomous_iit/install/tutorial_interfaces/share/tutorial_interfaces/srv/AddThreeInts_Request.msg
[2.938s] -- Up-to-date: /home/anmol/autonomous_iit/install/tutorial_interfaces/share/tutorial_interfaces/srv/AddThreeInts_Response.msg
[2.938s] -- Up-to-date: /home/anmol/autonomous_iit/install/tutorial_interfaces/share/ament_index/resource_index/package_run_dependencies/tutorial_interfaces
[2.938s] -- Up-to-date: /home/anmol/autonomous_iit/install/tutorial_interfaces/share/ament_index/resource_index/parent_prefix_path/tutorial_interfaces
[2.938s] -- Up-to-date: /home/anmol/autonomous_iit/install/tutorial_interfaces/share/tutorial_interfaces/environment/ament_prefix_path.sh
[2.939s] -- Up-to-date: /home/anmol/autonomous_iit/install/tutorial_interfaces/share/tutorial_interfaces/environment/ament_prefix_path.dsv
[2.939s] -- Up-to-date: /home/anmol/autonomous_iit/install/tutorial_interfaces/share/tutorial_interfaces/environment/path.sh
[2.939s] -- Up-to-date: /home/anmol/autonomous_iit/install/tutorial_interfaces/share/tutorial_interfaces/environment/path.dsv
[2.939s] -- Up-to-date: /home/anmol/autonomous_iit/install/tutorial_interfaces/share/tutorial_interfaces/local_setup.bash
[2.941s] -- Up-to-date: /home/anmol/autonomous_iit/install/tutorial_interfaces/share/tutorial_interfaces/local_setup.sh
[2.941s] -- Up-to-date: /home/anmol/autonomous_iit/install/tutorial_interfaces/share/tutorial_interfaces/local_setup.zsh
[2.942s] -- Up-to-date: /home/anmol/autonomous_iit/install/tutorial_interfaces/share/tutorial_interfaces/local_setup.dsv
[2.942s] -- Installing: /home/anmol/autonomous_iit/install/tutorial_interfaces/share/tutorial_interfaces/package.dsv
[2.942s] -- Up-to-date: /home/anmol/autonomous_iit/install/tutorial_interfaces/share/ament_index/resource_index/packages/tutorial_interfaces
[2.942s] -- Up-to-date: /home/anmol/autonomous_iit/install/tutorial_interfaces/share/tutorial_interfaces/cmake/export_tutorial_interfaces__rosidl_generator_cExport.cmake
[2.942s] -- Up-to-date: /home/anmol/autonomous_iit/install/tutorial_interfaces/share/tutorial_interfaces/cmake/export_tutorial_interfaces__rosidl_generator_cExport-noconfig.cmake
[2.943s] -- Up-to-date: /home/anmol/autonomous_iit/install/tutorial_interfaces/share/tutorial_interfaces/cmake/export_tutorial_interfaces__rosidl_typesupport_fastrtps_cExport.cmake
[2.943s] -- Up-to-date: /home/anmol/autonomous_iit/install/tutorial_interfaces/share/tutorial_interfaces/cmake/export_tutorial_interfaces__rosidl_typesupport_fastrtps_cExport-noconfig.cmake
[2.943s] -- Up-to-date: /home/anmol/autonomous_iit/install/tutorial_interfaces/share/tutorial_interfaces/cmake/export_tutorial_interfaces__rosidl_generator_cppExport.cmake
[2.943s] -- Up-to-date: /home/anmol/autonomous_iit/install/tutorial_interfaces/share/tutorial_interfaces/cmake/export_tutorial_interfaces__rosidl_typesupport_fastrtps_cppExport.cmake
[2.943s] -- Up-to-date: /home/anmol/autonomous_iit/install/tutorial_interfaces/share/tutorial_interfaces/cmake/export_tutorial_interfaces__rosidl_typesupport_fastrtps_cppExport-noconfig.cmake
[2.944s] -- Up-to-date: /home/anmol/autonomous_iit/install/tutorial_interfaces/share/tutorial_interfaces/cmake/tutorial_interfaces__rosidl_typesupport_introspection_cExport.cmake
[2.944s] -- Up-to-date: /home/anmol/autonomous_iit/install/tutorial_interfaces/share/tutorial_interfaces/cmake/tutorial_interfaces__rosidl_typesupport_introspection_cExport-noconfig.cmake
[2.944s] -- Up-to-date: /home/anmol/autonomous_iit/install/tutorial_interfaces/share/tutorial_interfaces/cmake/tutorial_interfaces__rosidl_typesupport_cExport.cmake
[2.944s] -- Up-to-date: /home/anmol/autonomous_iit/install/tutorial_interfaces/share/tutorial_interfaces/cmake/tutorial_interfaces__rosidl_typesupport_cExport-noconfig.cmake
[2.945s] -- Up-to-date: /home/anmol/autonomous_iit/install/tutorial_interfaces/share/tutorial_interfaces/cmake/tutorial_interfaces__rosidl_typesupport_introspection_cppExport.cmake
[2.946s] -- Up-to-date: /home/anmol/autonomous_iit/install/tutorial_interfaces/share/tutorial_interfaces/cmake/tutorial_interfaces__rosidl_typesupport_introspection_cppExport-noconfig.cmake
[2.946s] -- Up-to-date: /home/anmol/autonomous_iit/install/tutorial_interfaces/share/tutorial_interfaces/cmake/tutorial_interfaces__rosidl_typesupport_cppExport.cmake
[2.946s] -- Up-to-date: /home/anmol/autonomous_iit/install/tutorial_interfaces/share/tutorial_interfaces/cmake/tutorial_interfaces__rosidl_typesupport_cppExport-noconfig.cmake
[2.947s] -- Up-to-date: /home/anmol/autonomous_iit/install/tutorial_interfaces/share/tutorial_interfaces/cmake/export_tutorial_interfaces__rosidl_generator_pyExport.cmake
[2.947s] -- Up-to-date: /home/anmol/autonomous_iit/install/tutorial_interfaces/share/tutorial_interfaces/cmake/export_tutorial_interfaces__rosidl_generator_pyExport-noconfig.cmake
[2.947s] -- Up-to-date: /home/anmol/autonomous_iit/install/tutorial_interfaces/share/tutorial_interfaces/cmake/rosidl_cmake-extras.cmake
[2.948s] -- Up-to-date: /home/anmol/autonomous_iit/install/tutorial_interfaces/share/tutorial_interfaces/cmake/ament_cmake_export_dependencies-extras.cmake
[2.948s] -- Up-to-date: /home/anmol/autonomous_iit/install/tutorial_interfaces/share/tutorial_interfaces/cmake/ament_cmake_export_include_directories-extras.cmake
[2.948s] -- Up-to-date: /home/anmol/autonomous_iit/install/tutorial_interfaces/share/tutorial_interfaces/cmake/ament_cmake_export_libraries-extras.cmake
[2.948s] -- Up-to-date: /home/anmol/autonomous_iit/install/tutorial_interfaces/share/tutorial_interfaces/cmake/ament_cmake_export_targets-extras.cmake
[2.948s] -- Up-to-date: /home/anmol/autonomous_iit/install/tutorial_interfaces/share/tutorial_interfaces/cmake/rosidl_cmake_export_typesupport_targets-extras.cmake
[2.948s] -- Up-to-date: /home/anmol/autonomous_iit/install/tutorial_interfaces/share/tutorial_interfaces/cmake/rosidl_cmake_export_typesupport_libraries-extras.cmake
[2.949s] -- Up-to-date: /home/anmol/autonomous_iit/install/tutorial_interfaces/share/tutorial_interfaces/cmake/tutorial_interfacesConfig.cmake
[2.949s] -- Up-to-date: /home/anmol/autonomous_iit/install/tutorial_interfaces/share/tutorial_interfaces/cmake/tutorial_interfacesConfig-version.cmake
[2.949s] -- Up-to-date: /home/anmol/autonomous_iit/install/tutorial_interfaces/share/tutorial_interfaces/package.xml
[2.954s] Invoked command in '/home/anmol/autonomous_iit/build/tutorial_interfaces' returned '0': CMAKE_PREFIX_PATH=${CMAKE_PREFIX_PATH}:/home/anmol/autonomous_iit/install/autonomous_mode:/home/anmol/ws_offboard_control/install/manual_key_control:/opt/ros/humble /usr/bin/cmake --install /home/anmol/autonomous_iit/build/tutorial_interfaces
