running egg_info
creating ../../build/autonomous_mode/autonomous_mode.egg-info
writing ../../build/autonomous_mode/autonomous_mode.egg-info/PKG-INFO
writing dependency_links to ../../build/autonomous_mode/autonomous_mode.egg-info/dependency_links.txt
writing entry points to ../../build/autonomous_mode/autonomous_mode.egg-info/entry_points.txt
writing requirements to ../../build/autonomous_mode/autonomous_mode.egg-info/requires.txt
writing top-level names to ../../build/autonomous_mode/autonomous_mode.egg-info/top_level.txt
writing manifest file '../../build/autonomous_mode/autonomous_mode.egg-info/SOURCES.txt'
reading manifest file '../../build/autonomous_mode/autonomous_mode.egg-info/SOURCES.txt'
writing manifest file '../../build/autonomous_mode/autonomous_mode.egg-info/SOURCES.txt'
running build
running build_py
creating /home/anmol/autonomous_iit/build/autonomous_mode/build
creating /home/anmol/autonomous_iit/build/autonomous_mode/build/lib
creating /home/anmol/autonomous_iit/build/autonomous_mode/build/lib/autonomous_mode
copying autonomous_mode/key_input.py -> /home/anmol/autonomous_iit/build/autonomous_mode/build/lib/autonomous_mode
copying autonomous_mode/__init__.py -> /home/anmol/autonomous_iit/build/autonomous_mode/build/lib/autonomous_mode
running install
/usr/lib/python3/dist-packages/setuptools/command/install.py:34: SetuptoolsDeprecationWarning: setup.py install is deprecated. Use build and pip and other standards-based tools.
  warnings.warn(
running install_lib
creating /home/anmol/autonomous_iit/install/autonomous_mode/lib/python3.10/site-packages/autonomous_mode
copying /home/anmol/autonomous_iit/build/autonomous_mode/build/lib/autonomous_mode/key_input.py -> /home/anmol/autonomous_iit/install/autonomous_mode/lib/python3.10/site-packages/autonomous_mode
copying /home/anmol/autonomous_iit/build/autonomous_mode/build/lib/autonomous_mode/__init__.py -> /home/anmol/autonomous_iit/install/autonomous_mode/lib/python3.10/site-packages/autonomous_mode
byte-compiling /home/anmol/autonomous_iit/install/autonomous_mode/lib/python3.10/site-packages/autonomous_mode/key_input.py to key_input.cpython-310.pyc
byte-compiling /home/anmol/autonomous_iit/install/autonomous_mode/lib/python3.10/site-packages/autonomous_mode/__init__.py to __init__.cpython-310.pyc
running install_data
creating /home/anmol/autonomous_iit/install/autonomous_mode/share/ament_index
creating /home/anmol/autonomous_iit/install/autonomous_mode/share/ament_index/resource_index
creating /home/anmol/autonomous_iit/install/autonomous_mode/share/ament_index/resource_index/packages
copying resource/autonomous_mode -> /home/anmol/autonomous_iit/install/autonomous_mode/share/ament_index/resource_index/packages
copying package.xml -> /home/anmol/autonomous_iit/install/autonomous_mode/share/autonomous_mode
running install_egg_info
Copying ../../build/autonomous_mode/autonomous_mode.egg-info to /home/anmol/autonomous_iit/install/autonomous_mode/lib/python3.10/site-packages/autonomous_mode-0.0.0-py3.10.egg-info
running install_scripts
writing list of installed files to '/home/anmol/autonomous_iit/build/autonomous_mode/install.log'
