[0.879s] Invoking command in '/home/anmol/autonomous_iit/src/autonomous_mode': PYTHONPATH=/home/anmol/autonomous_iit/build/autonomous_mode/prefix_override:/home/anmol/autonomous_iit/install/autonomous_mode/lib/python3.10/site-packages:${PYTHONPATH} /usr/bin/python3 setup.py egg_info --egg-base ../../build/autonomous_mode build --build-base /home/anmol/autonomous_iit/build/autonomous_mode/build install --record /home/anmol/autonomous_iit/build/autonomous_mode/install.log --single-version-externally-managed
[1.194s] running egg_info
[1.195s] creating ../../build/autonomous_mode/autonomous_mode.egg-info
[1.195s] writing ../../build/autonomous_mode/autonomous_mode.egg-info/PKG-INFO
[1.195s] writing dependency_links to ../../build/autonomous_mode/autonomous_mode.egg-info/dependency_links.txt
[1.195s] writing entry points to ../../build/autonomous_mode/autonomous_mode.egg-info/entry_points.txt
[1.195s] writing requirements to ../../build/autonomous_mode/autonomous_mode.egg-info/requires.txt
[1.196s] writing top-level names to ../../build/autonomous_mode/autonomous_mode.egg-info/top_level.txt
[1.196s] writing manifest file '../../build/autonomous_mode/autonomous_mode.egg-info/SOURCES.txt'
[1.198s] reading manifest file '../../build/autonomous_mode/autonomous_mode.egg-info/SOURCES.txt'
[1.198s] writing manifest file '../../build/autonomous_mode/autonomous_mode.egg-info/SOURCES.txt'
[1.198s] running build
[1.198s] running build_py
[1.199s] creating /home/anmol/autonomous_iit/build/autonomous_mode/build
[1.199s] creating /home/anmol/autonomous_iit/build/autonomous_mode/build/lib
[1.199s] creating /home/anmol/autonomous_iit/build/autonomous_mode/build/lib/autonomous_mode
[1.199s] copying autonomous_mode/key_input.py -> /home/anmol/autonomous_iit/build/autonomous_mode/build/lib/autonomous_mode
[1.199s] copying autonomous_mode/__init__.py -> /home/anmol/autonomous_iit/build/autonomous_mode/build/lib/autonomous_mode
[1.199s] running install
[1.199s] /usr/lib/python3/dist-packages/setuptools/command/install.py:34: SetuptoolsDeprecationWarning: setup.py install is deprecated. Use build and pip and other standards-based tools.
[1.199s]   warnings.warn(
[1.199s] running install_lib
[1.200s] creating /home/anmol/autonomous_iit/install/autonomous_mode/lib/python3.10/site-packages/autonomous_mode
[1.200s] copying /home/anmol/autonomous_iit/build/autonomous_mode/build/lib/autonomous_mode/key_input.py -> /home/anmol/autonomous_iit/install/autonomous_mode/lib/python3.10/site-packages/autonomous_mode
[1.200s] copying /home/anmol/autonomous_iit/build/autonomous_mode/build/lib/autonomous_mode/__init__.py -> /home/anmol/autonomous_iit/install/autonomous_mode/lib/python3.10/site-packages/autonomous_mode
[1.201s] byte-compiling /home/anmol/autonomous_iit/install/autonomous_mode/lib/python3.10/site-packages/autonomous_mode/key_input.py to key_input.cpython-310.pyc
[1.201s] byte-compiling /home/anmol/autonomous_iit/install/autonomous_mode/lib/python3.10/site-packages/autonomous_mode/__init__.py to __init__.cpython-310.pyc
[1.201s] running install_data
[1.202s] creating /home/anmol/autonomous_iit/install/autonomous_mode/share/ament_index
[1.202s] creating /home/anmol/autonomous_iit/install/autonomous_mode/share/ament_index/resource_index
[1.202s] creating /home/anmol/autonomous_iit/install/autonomous_mode/share/ament_index/resource_index/packages
[1.202s] copying resource/autonomous_mode -> /home/anmol/autonomous_iit/install/autonomous_mode/share/ament_index/resource_index/packages
[1.202s] copying package.xml -> /home/anmol/autonomous_iit/install/autonomous_mode/share/autonomous_mode
[1.202s] running install_egg_info
[1.204s] Copying ../../build/autonomous_mode/autonomous_mode.egg-info to /home/anmol/autonomous_iit/install/autonomous_mode/lib/python3.10/site-packages/autonomous_mode-0.0.0-py3.10.egg-info
[1.204s] running install_scripts
[1.227s] writing list of installed files to '/home/anmol/autonomous_iit/build/autonomous_mode/install.log'
[1.270s] Invoked command in '/home/anmol/autonomous_iit/src/autonomous_mode' returned '0': PYTHONPATH=/home/anmol/autonomous_iit/build/autonomous_mode/prefix_override:/home/anmol/autonomous_iit/install/autonomous_mode/lib/python3.10/site-packages:${PYTHONPATH} /usr/bin/python3 setup.py egg_info --egg-base ../../build/autonomous_mode build --build-base /home/anmol/autonomous_iit/build/autonomous_mode/build install --record /home/anmol/autonomous_iit/build/autonomous_mode/install.log --single-version-externally-managed
