[1.114s] Invoking command in '/home/anmol/autonomous_iit/src/autonomous_mode': PYTHONPATH=/home/anmol/autonomous_iit/build/autonomous_mode/prefix_override:/home/anmol/autonomous_iit/install/autonomous_mode/lib/python3.10/site-packages:${PYTHONPATH} /usr/bin/python3 setup.py egg_info --egg-base ../../build/autonomous_mode build --build-base /home/anmol/autonomous_iit/build/autonomous_mode/build install --record /home/anmol/autonomous_iit/build/autonomous_mode/install.log --single-version-externally-managed
[1.432s] running egg_info
[1.432s] writing ../../build/autonomous_mode/autonomous_mode.egg-info/PKG-INFO
[1.433s] writing dependency_links to ../../build/autonomous_mode/autonomous_mode.egg-info/dependency_links.txt
[1.433s] writing entry points to ../../build/autonomous_mode/autonomous_mode.egg-info/entry_points.txt
[1.433s] writing requirements to ../../build/autonomous_mode/autonomous_mode.egg-info/requires.txt
[1.433s] writing top-level names to ../../build/autonomous_mode/autonomous_mode.egg-info/top_level.txt
[1.435s] reading manifest file '../../build/autonomous_mode/autonomous_mode.egg-info/SOURCES.txt'
[1.437s] writing manifest file '../../build/autonomous_mode/autonomous_mode.egg-info/SOURCES.txt'
[1.437s] running build
[1.437s] running build_py
[1.437s] copying autonomous_mode/testing.py -> /home/anmol/autonomous_iit/build/autonomous_mode/build/lib/autonomous_mode
[1.443s] running install
[1.443s] /usr/lib/python3/dist-packages/setuptools/command/install.py:34: SetuptoolsDeprecationWarning: setup.py install is deprecated. Use build and pip and other standards-based tools.
[1.444s]   warnings.warn(
[1.444s] running install_lib
[1.445s] copying /home/anmol/autonomous_iit/build/autonomous_mode/build/lib/autonomous_mode/testing.py -> /home/anmol/autonomous_iit/install/autonomous_mode/lib/python3.10/site-packages/autonomous_mode
[1.446s] byte-compiling /home/anmol/autonomous_iit/install/autonomous_mode/lib/python3.10/site-packages/autonomous_mode/testing.py to testing.cpython-310.pyc
[1.448s] running install_data
[1.449s] running install_egg_info
[1.451s] removing '/home/anmol/autonomous_iit/install/autonomous_mode/lib/python3.10/site-packages/autonomous_mode-0.0.0-py3.10.egg-info' (and everything under it)
[1.451s] Copying ../../build/autonomous_mode/autonomous_mode.egg-info to /home/anmol/autonomous_iit/install/autonomous_mode/lib/python3.10/site-packages/autonomous_mode-0.0.0-py3.10.egg-info
[1.453s] running install_scripts
[1.480s] Installing autonomous_mode script to /home/anmol/autonomous_iit/install/autonomous_mode/lib/autonomous_mode
[1.481s] Installing follow_gps script to /home/anmol/autonomous_iit/install/autonomous_mode/lib/autonomous_mode
[1.481s] Installing get_msgs script to /home/anmol/autonomous_iit/install/autonomous_mode/lib/autonomous_mode
[1.481s] Installing gps_logger script to /home/anmol/autonomous_iit/install/autonomous_mode/lib/autonomous_mode
[1.481s] Installing gps_logger_switch script to /home/anmol/autonomous_iit/install/autonomous_mode/lib/autonomous_mode
[1.482s] Installing key_input script to /home/anmol/autonomous_iit/install/autonomous_mode/lib/autonomous_mode
[1.482s] Installing testing script to /home/anmol/autonomous_iit/install/autonomous_mode/lib/autonomous_mode
[1.482s] Installing transfoem script to /home/anmol/autonomous_iit/install/autonomous_mode/lib/autonomous_mode
[1.482s] Installing utilities script to /home/anmol/autonomous_iit/install/autonomous_mode/lib/autonomous_mode
[1.482s] writing list of installed files to '/home/anmol/autonomous_iit/build/autonomous_mode/install.log'
[1.524s] Invoked command in '/home/anmol/autonomous_iit/src/autonomous_mode' returned '0': PYTHONPATH=/home/anmol/autonomous_iit/build/autonomous_mode/prefix_override:/home/anmol/autonomous_iit/install/autonomous_mode/lib/python3.10/site-packages:${PYTHONPATH} /usr/bin/python3 setup.py egg_info --egg-base ../../build/autonomous_mode build --build-base /home/anmol/autonomous_iit/build/autonomous_mode/build install --record /home/anmol/autonomous_iit/build/autonomous_mode/install.log --single-version-externally-managed
