[1.135s] Invoking command in '/home/anmol/autonomous_iit/src/autonomous_mode': PYTHONPATH=/home/anmol/autonomous_iit/build/autonomous_mode/prefix_override:/home/anmol/autonomous_iit/install/autonomous_mode/lib/python3.10/site-packages:${PYTHONPATH} /usr/bin/python3 setup.py egg_info --egg-base ../../build/autonomous_mode build --build-base /home/anmol/autonomous_iit/build/autonomous_mode/build install --record /home/anmol/autonomous_iit/build/autonomous_mode/install.log --single-version-externally-managed
[1.460s] running egg_info
[1.460s] writing ../../build/autonomous_mode/autonomous_mode.egg-info/PKG-INFO
[1.461s] writing dependency_links to ../../build/autonomous_mode/autonomous_mode.egg-info/dependency_links.txt
[1.461s] writing entry points to ../../build/autonomous_mode/autonomous_mode.egg-info/entry_points.txt
[1.461s] writing requirements to ../../build/autonomous_mode/autonomous_mode.egg-info/requires.txt
[1.461s] writing top-level names to ../../build/autonomous_mode/autonomous_mode.egg-info/top_level.txt
[1.464s] reading manifest file '../../build/autonomous_mode/autonomous_mode.egg-info/SOURCES.txt'
[1.465s] writing manifest file '../../build/autonomous_mode/autonomous_mode.egg-info/SOURCES.txt'
[1.465s] running build
[1.466s] running build_py
[1.466s] copying autonomous_mode/get_msgs.py -> /home/anmol/autonomous_iit/build/autonomous_mode/build/lib/autonomous_mode
[1.467s] running install
[1.467s] /usr/lib/python3/dist-packages/setuptools/command/install.py:34: SetuptoolsDeprecationWarning: setup.py install is deprecated. Use build and pip and other standards-based tools.
[1.467s]   warnings.warn(
[1.468s] running install_lib
[1.469s] copying /home/anmol/autonomous_iit/build/autonomous_mode/build/lib/autonomous_mode/get_msgs.py -> /home/anmol/autonomous_iit/install/autonomous_mode/lib/python3.10/site-packages/autonomous_mode
[1.470s] byte-compiling /home/anmol/autonomous_iit/install/autonomous_mode/lib/python3.10/site-packages/autonomous_mode/get_msgs.py to get_msgs.cpython-310.pyc
[1.472s] running install_data
[1.472s] copying launch/kalman_filter.launch.py -> /home/anmol/autonomous_iit/install/autonomous_mode/share/autonomous_mode/launch
[1.473s] copying config/dual_ekf_params.yaml -> /home/anmol/autonomous_iit/install/autonomous_mode/share/autonomous_mode/config
[1.473s] running install_egg_info
[1.475s] removing '/home/anmol/autonomous_iit/install/autonomous_mode/lib/python3.10/site-packages/autonomous_mode-0.0.0-py3.10.egg-info' (and everything under it)
[1.476s] Copying ../../build/autonomous_mode/autonomous_mode.egg-info to /home/anmol/autonomous_iit/install/autonomous_mode/lib/python3.10/site-packages/autonomous_mode-0.0.0-py3.10.egg-info
[1.477s] running install_scripts
[1.505s] Installing follow_gps script to /home/anmol/autonomous_iit/install/autonomous_mode/lib/autonomous_mode
[1.505s] Installing get_msgs script to /home/anmol/autonomous_iit/install/autonomous_mode/lib/autonomous_mode
[1.505s] Installing gps_logger script to /home/anmol/autonomous_iit/install/autonomous_mode/lib/autonomous_mode
[1.505s] Installing gps_logger_switch script to /home/anmol/autonomous_iit/install/autonomous_mode/lib/autonomous_mode
[1.506s] Installing key_input script to /home/anmol/autonomous_iit/install/autonomous_mode/lib/autonomous_mode
[1.506s] Installing transfoem script to /home/anmol/autonomous_iit/install/autonomous_mode/lib/autonomous_mode
[1.506s] writing list of installed files to '/home/anmol/autonomous_iit/build/autonomous_mode/install.log'
[1.548s] Invoked command in '/home/anmol/autonomous_iit/src/autonomous_mode' returned '0': PYTHONPATH=/home/anmol/autonomous_iit/build/autonomous_mode/prefix_override:/home/anmol/autonomous_iit/install/autonomous_mode/lib/python3.10/site-packages:${PYTHONPATH} /usr/bin/python3 setup.py egg_info --egg-base ../../build/autonomous_mode build --build-base /home/anmol/autonomous_iit/build/autonomous_mode/build install --record /home/anmol/autonomous_iit/build/autonomous_mode/install.log --single-version-externally-managed
