[2.463s] DEBUG:colcon:Command line arguments: ['/usr/bin/colcon', 'build', '--packages-select', 'autonomous_mode']
[2.463s] DEBUG:colcon:Parsed command line arguments: Namespace(log_base=None, log_level=None, verb_name='build', build_base='build', install_base='install', merge_install=False, symlink_install=False, test_result_base=None, continue_on_error=False, executor='parallel', parallel_workers=12, event_handlers=None, ignore_user_meta=False, metas=['./colcon.meta'], base_paths=['.'], packages_ignore=None, packages_ignore_regex=None, paths=None, packages_up_to=None, packages_up_to_regex=None, packages_above=None, packages_above_and_dependencies=None, packages_above_depth=None, packages_select_by_dep=None, packages_skip_by_dep=None, packages_skip_up_to=None, packages_select_build_failed=False, packages_skip_build_finished=False, packages_select_test_failures=False, packages_skip_test_passed=False, packages_select=['autonomous_mode'], packages_skip=None, packages_select_regex=None, packages_skip_regex=None, packages_start=None, packages_end=None, allow_overriding=[], cmake_args=None, cmake_target=None, cmake_target_skip_unavailable=False, cmake_clean_cache=False, cmake_clean_first=False, cmake_force_configure=False, ament_cmake_args=None, catkin_cmake_args=None, catkin_skip_building_tests=False, verb_parser=<colcon_defaults.argument_parser.defaults.DefaultArgumentsDecorator object at 0x7f305a1c7eb0>, verb_extension=<colcon_core.verb.build.BuildVerb object at 0x7f305a1c70a0>, main=<bound method BuildVerb.main of <colcon_core.verb.build.BuildVerb object at 0x7f305a1c70a0>>)
[2.576s] Level 1:colcon.colcon_core.package_discovery:discover_packages(colcon_meta) check parameters
[2.576s] Level 1:colcon.colcon_core.package_discovery:discover_packages(recursive) check parameters
[2.576s] Level 1:colcon.colcon_core.package_discovery:discover_packages(ignore) check parameters
[2.576s] Level 1:colcon.colcon_core.package_discovery:discover_packages(path) check parameters
[2.576s] Level 1:colcon.colcon_core.package_discovery:discover_packages(colcon_meta) discover
[2.576s] Level 1:colcon.colcon_core.package_discovery:discover_packages(recursive) discover
[2.576s] INFO:colcon.colcon_core.package_discovery:Crawling recursively for packages in '/home/anmol/autonomous_iit'
[2.577s] Level 1:colcon.colcon_core.package_identification:_identify(.) by extensions ['ignore', 'ignore_ament_install']
[2.577s] Level 1:colcon.colcon_core.package_identification:_identify(.) by extension 'ignore'
[2.577s] Level 1:colcon.colcon_core.package_identification:_identify(.) by extension 'ignore_ament_install'
[2.577s] Level 1:colcon.colcon_core.package_identification:_identify(.) by extensions ['colcon_pkg']
[2.577s] Level 1:colcon.colcon_core.package_identification:_identify(.) by extension 'colcon_pkg'
[2.577s] Level 1:colcon.colcon_core.package_identification:_identify(.) by extensions ['colcon_meta']
[2.577s] Level 1:colcon.colcon_core.package_identification:_identify(.) by extension 'colcon_meta'
[2.577s] Level 1:colcon.colcon_core.package_identification:_identify(.) by extensions ['ros']
[2.577s] Level 1:colcon.colcon_core.package_identification:_identify(.) by extension 'ros'
[2.601s] Level 1:colcon.colcon_core.package_identification:_identify(.) by extensions ['cmake', 'python']
[2.601s] Level 1:colcon.colcon_core.package_identification:_identify(.) by extension 'cmake'
[2.602s] Level 1:colcon.colcon_core.package_identification:_identify(.) by extension 'python'
[2.602s] Level 1:colcon.colcon_core.package_identification:_identify(.) by extensions ['python_setup_py']
[2.602s] Level 1:colcon.colcon_core.package_identification:_identify(.) by extension 'python_setup_py'
[2.602s] Level 1:colcon.colcon_core.package_identification:_identify(build) by extensions ['ignore', 'ignore_ament_install']
[2.602s] Level 1:colcon.colcon_core.package_identification:_identify(build) by extension 'ignore'
[2.602s] Level 1:colcon.colcon_core.package_identification:_identify(build) ignored
[2.603s] Level 1:colcon.colcon_core.package_identification:_identify(config) by extensions ['ignore', 'ignore_ament_install']
[2.603s] Level 1:colcon.colcon_core.package_identification:_identify(config) by extension 'ignore'
[2.603s] Level 1:colcon.colcon_core.package_identification:_identify(config) by extension 'ignore_ament_install'
[2.603s] Level 1:colcon.colcon_core.package_identification:_identify(config) by extensions ['colcon_pkg']
[2.603s] Level 1:colcon.colcon_core.package_identification:_identify(config) by extension 'colcon_pkg'
[2.603s] Level 1:colcon.colcon_core.package_identification:_identify(config) by extensions ['colcon_meta']
[2.603s] Level 1:colcon.colcon_core.package_identification:_identify(config) by extension 'colcon_meta'
[2.603s] Level 1:colcon.colcon_core.package_identification:_identify(config) by extensions ['ros']
[2.603s] Level 1:colcon.colcon_core.package_identification:_identify(config) by extension 'ros'
[2.604s] Level 1:colcon.colcon_core.package_identification:_identify(config) by extensions ['cmake', 'python']
[2.604s] Level 1:colcon.colcon_core.package_identification:_identify(config) by extension 'cmake'
[2.604s] Level 1:colcon.colcon_core.package_identification:_identify(config) by extension 'python'
[2.604s] Level 1:colcon.colcon_core.package_identification:_identify(config) by extensions ['python_setup_py']
[2.604s] Level 1:colcon.colcon_core.package_identification:_identify(config) by extension 'python_setup_py'
[2.604s] Level 1:colcon.colcon_core.package_identification:_identify(install) by extensions ['ignore', 'ignore_ament_install']
[2.605s] Level 1:colcon.colcon_core.package_identification:_identify(install) by extension 'ignore'
[2.605s] Level 1:colcon.colcon_core.package_identification:_identify(install) ignored
[2.605s] Level 1:colcon.colcon_core.package_identification:_identify(log) by extensions ['ignore', 'ignore_ament_install']
[2.605s] Level 1:colcon.colcon_core.package_identification:_identify(log) by extension 'ignore'
[2.605s] Level 1:colcon.colcon_core.package_identification:_identify(log) ignored
[2.605s] Level 1:colcon.colcon_core.package_identification:_identify(src) by extensions ['ignore', 'ignore_ament_install']
[2.606s] Level 1:colcon.colcon_core.package_identification:_identify(src) by extension 'ignore'
[2.606s] Level 1:colcon.colcon_core.package_identification:_identify(src) by extension 'ignore_ament_install'
[2.606s] Level 1:colcon.colcon_core.package_identification:_identify(src) by extensions ['colcon_pkg']
[2.606s] Level 1:colcon.colcon_core.package_identification:_identify(src) by extension 'colcon_pkg'
[2.606s] Level 1:colcon.colcon_core.package_identification:_identify(src) by extensions ['colcon_meta']
[2.606s] Level 1:colcon.colcon_core.package_identification:_identify(src) by extension 'colcon_meta'
[2.606s] Level 1:colcon.colcon_core.package_identification:_identify(src) by extensions ['ros']
[2.606s] Level 1:colcon.colcon_core.package_identification:_identify(src) by extension 'ros'
[2.606s] Level 1:colcon.colcon_core.package_identification:_identify(src) by extensions ['cmake', 'python']
[2.606s] Level 1:colcon.colcon_core.package_identification:_identify(src) by extension 'cmake'
[2.607s] Level 1:colcon.colcon_core.package_identification:_identify(src) by extension 'python'
[2.607s] Level 1:colcon.colcon_core.package_identification:_identify(src) by extensions ['python_setup_py']
[2.607s] Level 1:colcon.colcon_core.package_identification:_identify(src) by extension 'python_setup_py'
[2.607s] Level 1:colcon.colcon_core.package_identification:_identify(src/action_commands) by extensions ['ignore', 'ignore_ament_install']
[2.607s] Level 1:colcon.colcon_core.package_identification:_identify(src/action_commands) by extension 'ignore'
[2.607s] Level 1:colcon.colcon_core.package_identification:_identify(src/action_commands) by extension 'ignore_ament_install'
[2.607s] Level 1:colcon.colcon_core.package_identification:_identify(src/action_commands) by extensions ['colcon_pkg']
[2.607s] Level 1:colcon.colcon_core.package_identification:_identify(src/action_commands) by extension 'colcon_pkg'
[2.608s] Level 1:colcon.colcon_core.package_identification:_identify(src/action_commands) by extensions ['colcon_meta']
[2.608s] Level 1:colcon.colcon_core.package_identification:_identify(src/action_commands) by extension 'colcon_meta'
[2.608s] Level 1:colcon.colcon_core.package_identification:_identify(src/action_commands) by extensions ['ros']
[2.608s] Level 1:colcon.colcon_core.package_identification:_identify(src/action_commands) by extension 'ros'
[2.614s] DEBUG:colcon.colcon_core.package_identification:Package 'src/action_commands' with type 'ros.ament_cmake' and name 'action_commands'
[2.615s] Level 1:colcon.colcon_core.package_identification:_identify(src/autonomous_mode) by extensions ['ignore', 'ignore_ament_install']
[2.615s] Level 1:colcon.colcon_core.package_identification:_identify(src/autonomous_mode) by extension 'ignore'
[2.615s] Level 1:colcon.colcon_core.package_identification:_identify(src/autonomous_mode) by extension 'ignore_ament_install'
[2.615s] Level 1:colcon.colcon_core.package_identification:_identify(src/autonomous_mode) by extensions ['colcon_pkg']
[2.615s] Level 1:colcon.colcon_core.package_identification:_identify(src/autonomous_mode) by extension 'colcon_pkg'
[2.615s] Level 1:colcon.colcon_core.package_identification:_identify(src/autonomous_mode) by extensions ['colcon_meta']
[2.615s] Level 1:colcon.colcon_core.package_identification:_identify(src/autonomous_mode) by extension 'colcon_meta'
[2.616s] Level 1:colcon.colcon_core.package_identification:_identify(src/autonomous_mode) by extensions ['ros']
[2.616s] Level 1:colcon.colcon_core.package_identification:_identify(src/autonomous_mode) by extension 'ros'
[2.617s] DEBUG:colcon.colcon_core.package_identification:Package 'src/autonomous_mode' with type 'ros.ament_python' and name 'autonomous_mode'
[2.617s] Level 1:colcon.colcon_core.package_identification:_identify(src/px4_msgs) by extensions ['ignore', 'ignore_ament_install']
[2.617s] Level 1:colcon.colcon_core.package_identification:_identify(src/px4_msgs) by extension 'ignore'
[2.617s] Level 1:colcon.colcon_core.package_identification:_identify(src/px4_msgs) by extension 'ignore_ament_install'
[2.618s] Level 1:colcon.colcon_core.package_identification:_identify(src/px4_msgs) by extensions ['colcon_pkg']
[2.618s] Level 1:colcon.colcon_core.package_identification:_identify(src/px4_msgs) by extension 'colcon_pkg'
[2.618s] Level 1:colcon.colcon_core.package_identification:_identify(src/px4_msgs) by extensions ['colcon_meta']
[2.618s] Level 1:colcon.colcon_core.package_identification:_identify(src/px4_msgs) by extension 'colcon_meta'
[2.618s] Level 1:colcon.colcon_core.package_identification:_identify(src/px4_msgs) by extensions ['ros']
[2.618s] Level 1:colcon.colcon_core.package_identification:_identify(src/px4_msgs) by extension 'ros'
[2.620s] DEBUG:colcon.colcon_core.package_identification:Package 'src/px4_msgs' with type 'ros.ament_cmake' and name 'px4_msgs'
[2.620s] Level 1:colcon.colcon_core.package_identification:_identify(src/px4_ros_com) by extensions ['ignore', 'ignore_ament_install']
[2.620s] Level 1:colcon.colcon_core.package_identification:_identify(src/px4_ros_com) by extension 'ignore'
[2.620s] Level 1:colcon.colcon_core.package_identification:_identify(src/px4_ros_com) by extension 'ignore_ament_install'
[2.620s] Level 1:colcon.colcon_core.package_identification:_identify(src/px4_ros_com) by extensions ['colcon_pkg']
[2.620s] Level 1:colcon.colcon_core.package_identification:_identify(src/px4_ros_com) by extension 'colcon_pkg'
[2.620s] Level 1:colcon.colcon_core.package_identification:_identify(src/px4_ros_com) by extensions ['colcon_meta']
[2.621s] Level 1:colcon.colcon_core.package_identification:_identify(src/px4_ros_com) by extension 'colcon_meta'
[2.621s] Level 1:colcon.colcon_core.package_identification:_identify(src/px4_ros_com) by extensions ['ros']
[2.621s] Level 1:colcon.colcon_core.package_identification:_identify(src/px4_ros_com) by extension 'ros'
[2.623s] DEBUG:colcon.colcon_core.package_identification:Package 'src/px4_ros_com' with type 'ros.ament_cmake' and name 'px4_ros_com'
[2.624s] Level 1:colcon.colcon_core.package_identification:_identify(src/tutorial_interfaces) by extensions ['ignore', 'ignore_ament_install']
[2.624s] Level 1:colcon.colcon_core.package_identification:_identify(src/tutorial_interfaces) by extension 'ignore'
[2.624s] Level 1:colcon.colcon_core.package_identification:_identify(src/tutorial_interfaces) by extension 'ignore_ament_install'
[2.624s] Level 1:colcon.colcon_core.package_identification:_identify(src/tutorial_interfaces) by extensions ['colcon_pkg']
[2.624s] Level 1:colcon.colcon_core.package_identification:_identify(src/tutorial_interfaces) by extension 'colcon_pkg'
[2.624s] Level 1:colcon.colcon_core.package_identification:_identify(src/tutorial_interfaces) by extensions ['colcon_meta']
[2.624s] Level 1:colcon.colcon_core.package_identification:_identify(src/tutorial_interfaces) by extension 'colcon_meta'
[2.624s] Level 1:colcon.colcon_core.package_identification:_identify(src/tutorial_interfaces) by extensions ['ros']
[2.625s] Level 1:colcon.colcon_core.package_identification:_identify(src/tutorial_interfaces) by extension 'ros'
[2.626s] DEBUG:colcon.colcon_core.package_identification:Package 'src/tutorial_interfaces' with type 'ros.ament_cmake' and name 'tutorial_interfaces'
[2.626s] Level 1:colcon.colcon_core.package_discovery:discover_packages(recursive) using defaults
[2.627s] Level 1:colcon.colcon_core.package_discovery:discover_packages(ignore) discover
[2.627s] Level 1:colcon.colcon_core.package_discovery:discover_packages(ignore) using defaults
[2.627s] Level 1:colcon.colcon_core.package_discovery:discover_packages(path) discover
[2.627s] Level 1:colcon.colcon_core.package_discovery:discover_packages(path) using defaults
[2.779s] INFO:colcon.colcon_core.package_selection:Skipping not selected package 'action_commands' in 'src/action_commands'
[2.779s] INFO:colcon.colcon_core.package_selection:Skipping not selected package 'px4_msgs' in 'src/px4_msgs'
[2.779s] INFO:colcon.colcon_core.package_selection:Skipping not selected package 'tutorial_interfaces' in 'src/tutorial_interfaces'
[2.779s] INFO:colcon.colcon_core.package_selection:Skipping not selected package 'px4_ros_com' in 'src/px4_ros_com'
[2.850s] Level 1:colcon.colcon_core.package_discovery:discover_packages(prefix_path) check parameters
[2.850s] Level 1:colcon.colcon_core.package_discovery:discover_packages(prefix_path) discover
[2.924s] DEBUG:colcon.colcon_installed_package_information.package_discovery:Found 7 installed packages in /home/anmol/ws_offboard_control/install
[2.964s] DEBUG:colcon.colcon_installed_package_information.package_discovery:Found 339 installed packages in /opt/ros/humble
[2.967s] Level 1:colcon.colcon_core.package_discovery:discover_packages(prefix_path) using defaults
[3.220s] Level 5:colcon.colcon_core.verb:set package 'autonomous_mode' build argument 'cmake_args' from command line to 'None'
[3.220s] Level 5:colcon.colcon_core.verb:set package 'autonomous_mode' build argument 'cmake_target' from command line to 'None'
[3.220s] Level 5:colcon.colcon_core.verb:set package 'autonomous_mode' build argument 'cmake_target_skip_unavailable' from command line to 'False'
[3.220s] Level 5:colcon.colcon_core.verb:set package 'autonomous_mode' build argument 'cmake_clean_cache' from command line to 'False'
[3.220s] Level 5:colcon.colcon_core.verb:set package 'autonomous_mode' build argument 'cmake_clean_first' from command line to 'False'
[3.220s] Level 5:colcon.colcon_core.verb:set package 'autonomous_mode' build argument 'cmake_force_configure' from command line to 'False'
[3.220s] Level 5:colcon.colcon_core.verb:set package 'autonomous_mode' build argument 'ament_cmake_args' from command line to 'None'
[3.220s] Level 5:colcon.colcon_core.verb:set package 'autonomous_mode' build argument 'catkin_cmake_args' from command line to 'None'
[3.220s] Level 5:colcon.colcon_core.verb:set package 'autonomous_mode' build argument 'catkin_skip_building_tests' from command line to 'False'
[3.220s] DEBUG:colcon.colcon_core.verb:Building package 'autonomous_mode' with the following arguments: {'ament_cmake_args': None, 'build_base': '/home/anmol/autonomous_iit/build/autonomous_mode', 'catkin_cmake_args': None, 'catkin_skip_building_tests': False, 'cmake_args': None, 'cmake_clean_cache': False, 'cmake_clean_first': False, 'cmake_force_configure': False, 'cmake_target': None, 'cmake_target_skip_unavailable': False, 'install_base': '/home/anmol/autonomous_iit/install/autonomous_mode', 'merge_install': False, 'path': '/home/anmol/autonomous_iit/src/autonomous_mode', 'symlink_install': False, 'test_result_base': None}
[3.256s] INFO:colcon.colcon_core.executor:Executing jobs using 'parallel' executor
[3.293s] DEBUG:colcon.colcon_parallel_executor.executor.parallel:run_until_complete
[3.293s] INFO:colcon.colcon_ros.task.ament_python.build:Building ROS package in '/home/anmol/autonomous_iit/src/autonomous_mode' with build type 'ament_python'
[3.294s] Level 1:colcon.colcon_core.shell:create_environment_hook('autonomous_mode', 'ament_prefix_path')
[3.335s] INFO:colcon.colcon_core.plugin_system:Skipping extension 'colcon_core.shell.bat': Not used on non-Windows systems
[3.335s] INFO:colcon.colcon_core.shell:Creating environment hook '/home/anmol/autonomous_iit/install/autonomous_mode/share/autonomous_mode/hook/ament_prefix_path.ps1'
[3.337s] INFO:colcon.colcon_core.shell:Creating environment descriptor '/home/anmol/autonomous_iit/install/autonomous_mode/share/autonomous_mode/hook/ament_prefix_path.dsv'
[3.338s] INFO:colcon.colcon_core.shell:Creating environment hook '/home/anmol/autonomous_iit/install/autonomous_mode/share/autonomous_mode/hook/ament_prefix_path.sh'
[3.374s] INFO:colcon.colcon_core.shell:Skip shell extension 'powershell' for command environment: Not usable outside of PowerShell
[3.374s] DEBUG:colcon.colcon_core.shell:Skip shell extension 'dsv' for command environment
[4.097s] INFO:colcon.colcon_core.task.python.build:Building Python package in '/home/anmol/autonomous_iit/src/autonomous_mode'
[4.133s] INFO:colcon.colcon_core.shell:Skip shell extension 'powershell' for command environment: Not usable outside of PowerShell
[4.134s] DEBUG:colcon.colcon_core.shell:Skip shell extension 'dsv' for command environment
[5.034s] DEBUG:colcon.colcon_core.event_handler.log_command:Invoking command in '/home/anmol/autonomous_iit/src/autonomous_mode': PYTHONPATH=/home/anmol/autonomous_iit/build/autonomous_mode/prefix_override:/home/anmol/autonomous_iit/install/autonomous_mode/lib/python3.10/site-packages:${PYTHONPATH} /usr/bin/python3 setup.py egg_info --egg-base ../../build/autonomous_mode build --build-base /home/anmol/autonomous_iit/build/autonomous_mode/build install --record /home/anmol/autonomous_iit/build/autonomous_mode/install.log --single-version-externally-managed
[5.723s] DEBUG:colcon.colcon_core.event_handler.log_command:Invoked command in '/home/anmol/autonomous_iit/src/autonomous_mode' returned '0': PYTHONPATH=/home/anmol/autonomous_iit/build/autonomous_mode/prefix_override:/home/anmol/autonomous_iit/install/autonomous_mode/lib/python3.10/site-packages:${PYTHONPATH} /usr/bin/python3 setup.py egg_info --egg-base ../../build/autonomous_mode build --build-base /home/anmol/autonomous_iit/build/autonomous_mode/build install --record /home/anmol/autonomous_iit/build/autonomous_mode/install.log --single-version-externally-managed
[5.764s] Level 1:colcon.colcon_core.environment:checking '/home/anmol/autonomous_iit/install/autonomous_mode' for CMake module files
[5.765s] Level 1:colcon.colcon_core.environment:checking '/home/anmol/autonomous_iit/install/autonomous_mode' for CMake config files
[5.767s] Level 1:colcon.colcon_core.environment:checking '/home/anmol/autonomous_iit/install/autonomous_mode/lib'
[5.767s] Level 1:colcon.colcon_core.environment:checking '/home/anmol/autonomous_iit/install/autonomous_mode/bin'
[5.767s] Level 1:colcon.colcon_core.environment:checking '/home/anmol/autonomous_iit/install/autonomous_mode/lib/pkgconfig/autonomous_mode.pc'
[5.768s] Level 1:colcon.colcon_core.environment:checking '/home/anmol/autonomous_iit/install/autonomous_mode/lib/python3.10/site-packages'
[5.768s] Level 1:colcon.colcon_core.shell:create_environment_hook('autonomous_mode', 'pythonpath')
[5.803s] INFO:colcon.colcon_core.shell:Creating environment hook '/home/anmol/autonomous_iit/install/autonomous_mode/share/autonomous_mode/hook/pythonpath.ps1'
[5.805s] INFO:colcon.colcon_core.shell:Creating environment descriptor '/home/anmol/autonomous_iit/install/autonomous_mode/share/autonomous_mode/hook/pythonpath.dsv'
[5.805s] INFO:colcon.colcon_core.shell:Creating environment hook '/home/anmol/autonomous_iit/install/autonomous_mode/share/autonomous_mode/hook/pythonpath.sh'
[5.806s] Level 1:colcon.colcon_core.environment:checking '/home/anmol/autonomous_iit/install/autonomous_mode/bin'
[5.807s] Level 1:colcon.colcon_core.environment:create_environment_scripts_only(autonomous_mode)
[5.843s] INFO:colcon.colcon_core.shell:Creating package script '/home/anmol/autonomous_iit/install/autonomous_mode/share/autonomous_mode/package.ps1'
[5.845s] INFO:colcon.colcon_core.shell:Creating package descriptor '/home/anmol/autonomous_iit/install/autonomous_mode/share/autonomous_mode/package.dsv'
[5.846s] INFO:colcon.colcon_core.shell:Creating package script '/home/anmol/autonomous_iit/install/autonomous_mode/share/autonomous_mode/package.sh'
[5.847s] INFO:colcon.colcon_core.shell:Creating package script '/home/anmol/autonomous_iit/install/autonomous_mode/share/autonomous_mode/package.bash'
[5.849s] INFO:colcon.colcon_core.shell:Creating package script '/home/anmol/autonomous_iit/install/autonomous_mode/share/autonomous_mode/package.zsh'
[5.851s] Level 1:colcon.colcon_core.environment:create_file_with_runtime_dependencies(/home/anmol/autonomous_iit/install/autonomous_mode/share/colcon-core/packages/autonomous_mode)
[5.851s] DEBUG:colcon.colcon_parallel_executor.executor.parallel:closing loop
[5.852s] DEBUG:colcon.colcon_parallel_executor.executor.parallel:loop closed
[5.852s] DEBUG:colcon.colcon_parallel_executor.executor.parallel:run_until_complete finished with '0'
[5.852s] DEBUG:colcon.colcon_core.event_reactor:joining thread
[5.899s] INFO:colcon.colcon_core.plugin_system:Skipping extension 'colcon_notification.desktop_notification.terminal_notifier': Not used on non-Darwin systems
[5.899s] INFO:colcon.colcon_core.plugin_system:Skipping extension 'colcon_notification.desktop_notification.win32': Not used on non-Windows systems
[5.899s] INFO:colcon.colcon_notification.desktop_notification:Sending desktop notification using 'notify2'
[5.926s] DEBUG:colcon.colcon_core.event_reactor:joined thread
[5.962s] INFO:colcon.colcon_core.shell:Creating prefix script '/home/anmol/autonomous_iit/install/local_setup.ps1'
[5.965s] INFO:colcon.colcon_core.shell:Creating prefix util module '/home/anmol/autonomous_iit/install/_local_setup_util_ps1.py'
[5.967s] INFO:colcon.colcon_core.shell:Creating prefix chain script '/home/anmol/autonomous_iit/install/setup.ps1'
[6.005s] INFO:colcon.colcon_core.shell:Creating prefix script '/home/anmol/autonomous_iit/install/local_setup.sh'
[6.006s] INFO:colcon.colcon_core.shell:Creating prefix util module '/home/anmol/autonomous_iit/install/_local_setup_util_sh.py'
[6.007s] INFO:colcon.colcon_core.shell:Creating prefix chain script '/home/anmol/autonomous_iit/install/setup.sh'
[6.045s] INFO:colcon.colcon_core.shell:Creating prefix script '/home/anmol/autonomous_iit/install/local_setup.bash'
[6.046s] INFO:colcon.colcon_core.shell:Creating prefix chain script '/home/anmol/autonomous_iit/install/setup.bash'
[6.084s] INFO:colcon.colcon_core.shell:Creating prefix script '/home/anmol/autonomous_iit/install/local_setup.zsh'
[6.085s] INFO:colcon.colcon_core.shell:Creating prefix chain script '/home/anmol/autonomous_iit/install/setup.zsh'
