[0.685s] Invoking command in '/home/anmol/autonomous_iit/build/action_commands': CMAKE_PREFIX_PATH=${CMAKE_PREFIX_PATH}:/home/anmol/autonomous_iit/install/autonomous_mode:/home/anmol/ws_offboard_control/install/manual_key_control:/opt/ros/humble /usr/bin/cmake --build /home/anmol/autonomous_iit/build/action_commands -- -j12 -l12
[1.555s] -- Found ament_cmake: 1.3.6 (/opt/ros/humble/share/ament_cmake/cmake)
[1.556s] -- Found ament_lint_auto: 0.12.9 (/opt/ros/humble/share/ament_lint_auto/cmake)
[1.556s] -- Found rosidl_default_generators: 1.2.0 (/opt/ros/humble/share/rosidl_default_generators/cmake)
[1.556s] -- Using all available rosidl_typesupport_c: rosidl_typesupport_fastrtps_c;rosidl_typesupport_introspection_c
[1.557s] -- Found rosidl_adapter: 3.1.5 (/opt/ros/humble/share/rosidl_adapter/cmake)
[1.558s] -- Using all available rosidl_typesupport_cpp: rosidl_typesupport_fastrtps_cpp;rosidl_typesupport_introspection_cpp
[2.712s] -- Found ament_cmake_ros: 0.10.0 (/opt/ros/humble/share/ament_cmake_ros/cmake)
[3.203s] -- Using all available rosidl_typesupport_c: rosidl_typesupport_fastrtps_c;rosidl_typesupport_introspection_c
[3.739s] -- Using all available rosidl_typesupport_cpp: rosidl_typesupport_fastrtps_cpp;rosidl_typesupport_introspection_cpp
[3.791s] -- Found python_cmake_module: 0.10.0 (/opt/ros/humble/share/python_cmake_module/cmake)
[3.834s] -- Using PYTHON_EXECUTABLE: /usr/bin/python3
[3.834s] -- Using PYTHON_INCLUDE_DIRS: /usr/include/python3.10
[3.834s] -- Using PYTHON_LIBRARIES: /usr/lib/x86_64-linux-gnu/libpython3.10.so
[3.883s] -- Added test 'lint_cmake' to check CMake code style
[3.885s] -- Added test 'xmllint' to check XML markup files
[3.895s] -- Configuring done
[3.975s] -- Generating done
[3.982s] -- Build files have been written to: /home/anmol/autonomous_iit/build/action_commands
[4.040s] [35m[1mConsolidate compiler generated dependencies of target action_commands__rosidl_generator_c[0m
[4.057s] [  3%] Built target action_commands__cpp
[4.067s] [  6%] [32m[1mLinking C shared library libaction_commands__rosidl_generator_c.so[0m
[4.078s] [  6%] Built target ament_cmake_python_copy_action_commands
[4.080s] [35m[1mConsolidate compiler generated dependencies of target action_commands__rosidl_typesupport_cpp[0m
[4.083s] [35m[1mConsolidate compiler generated dependencies of target action_commands__rosidl_typesupport_introspection_cpp[0m
[4.083s] [35m[1mConsolidate compiler generated dependencies of target action_commands__rosidl_typesupport_fastrtps_cpp[0m
[4.114s] [ 12%] [32m[1mLinking CXX shared library libaction_commands__rosidl_typesupport_introspection_cpp.so[0m
[4.114s] [ 12%] [32m[1mLinking CXX shared library libaction_commands__rosidl_typesupport_cpp.so[0m
[4.123s] [ 16%] [32m[1mLinking CXX shared library libaction_commands__rosidl_typesupport_fastrtps_cpp.so[0m
[4.177s] [ 22%] Built target action_commands__rosidl_generator_c
[4.204s] [ 32%] [34m[1mGenerating C type support for eProsima Fast-RTPS[0m
[4.204s] [ 32%] [34m[1mGenerating C type support dispatch for ROS interfaces[0m
[4.205s] [ 32%] [34m[1mGenerating C introspection for ROS interfaces[0m
[4.215s] [ 38%] Built target action_commands__rosidl_typesupport_cpp
[4.342s] [ 45%] Built target action_commands__rosidl_typesupport_introspection_cpp
[4.368s] [ 51%] Built target action_commands__rosidl_typesupport_fastrtps_cpp
[4.517s] running egg_info
[4.518s] writing action_commands.egg-info/PKG-INFO
[4.518s] writing dependency_links to action_commands.egg-info/dependency_links.txt
[4.519s] writing top-level names to action_commands.egg-info/top_level.txt
[4.522s] reading manifest file 'action_commands.egg-info/SOURCES.txt'
[4.523s] writing manifest file 'action_commands.egg-info/SOURCES.txt'
[4.584s] [ 51%] Built target ament_cmake_python_build_action_commands_egg
[5.029s] [ 54%] [32mBuilding CXX object CMakeFiles/action_commands__rosidl_typesupport_fastrtps_c.dir/rosidl_typesupport_fastrtps_c/action_commands/action/detail/command__type_support_c.cpp.o[0m
[5.062s] [ 58%] [32mBuilding CXX object CMakeFiles/action_commands__rosidl_typesupport_c.dir/rosidl_typesupport_c/action_commands/action/command__type_support.cpp.o[0m
[5.184s] [ 61%] [32m[1mLinking CXX shared library libaction_commands__rosidl_typesupport_c.so[0m
[5.203s] [ 64%] [32mBuilding C object CMakeFiles/action_commands__rosidl_typesupport_introspection_c.dir/rosidl_typesupport_introspection_c/action_commands/action/detail/command__type_support.c.o[0m
[5.265s] [ 64%] Built target action_commands__rosidl_typesupport_c
[5.316s] [ 67%] [32m[1mLinking C shared library libaction_commands__rosidl_typesupport_introspection_c.so[0m
[5.381s] [ 67%] Built target action_commands__rosidl_typesupport_introspection_c
[5.738s] [ 70%] [32m[1mLinking CXX shared library libaction_commands__rosidl_typesupport_fastrtps_c.so[0m
[5.937s] [ 70%] Built target action_commands__rosidl_typesupport_fastrtps_c
[5.976s] [ 70%] Built target action_commands
[6.015s] [ 74%] [34m[1mGenerating Python code for ROS interfaces[0m
[7.518s] [ 74%] Built target action_commands__py
[7.552s] [ 77%] [32mBuilding C object CMakeFiles/action_commands__rosidl_generator_py.dir/rosidl_generator_py/action_commands/action/_command_s.c.o[0m
[7.791s] [ 80%] [32m[1mLinking C shared library rosidl_generator_py/action_commands/libaction_commands__rosidl_generator_py.so[0m
[7.873s] [ 80%] Built target action_commands__rosidl_generator_py
[7.911s] [ 83%] [32mBuilding C object CMakeFiles/action_commands__rosidl_typesupport_fastrtps_c__pyext.dir/rosidl_generator_py/action_commands/_action_commands_s.ep.rosidl_typesupport_fastrtps_c.c.o[0m
[7.912s] [ 87%] [32mBuilding C object CMakeFiles/action_commands__rosidl_typesupport_introspection_c__pyext.dir/rosidl_generator_py/action_commands/_action_commands_s.ep.rosidl_typesupport_introspection_c.c.o[0m
[7.915s] [ 90%] [32mBuilding C object CMakeFiles/action_commands__rosidl_typesupport_c__pyext.dir/rosidl_generator_py/action_commands/_action_commands_s.ep.rosidl_typesupport_c.c.o[0m
[8.097s] [ 96%] [32m[1mLinking C shared library rosidl_generator_py/action_commands/action_commands_s__rosidl_typesupport_introspection_c.cpython-310-x86_64-linux-gnu.so[0m
[8.098s] [ 96%] [32m[1mLinking C shared library rosidl_generator_py/action_commands/action_commands_s__rosidl_typesupport_fastrtps_c.cpython-310-x86_64-linux-gnu.so[0m
[8.107s] [100%] [32m[1mLinking C shared library rosidl_generator_py/action_commands/action_commands_s__rosidl_typesupport_c.cpython-310-x86_64-linux-gnu.so[0m
[8.163s] [100%] Built target action_commands__rosidl_typesupport_fastrtps_c__pyext
[8.163s] [100%] Built target action_commands__rosidl_typesupport_introspection_c__pyext
[8.176s] [100%] Built target action_commands__rosidl_typesupport_c__pyext
[8.197s] Invoked command in '/home/anmol/autonomous_iit/build/action_commands' returned '0': CMAKE_PREFIX_PATH=${CMAKE_PREFIX_PATH}:/home/anmol/autonomous_iit/install/autonomous_mode:/home/anmol/ws_offboard_control/install/manual_key_control:/opt/ros/humble /usr/bin/cmake --build /home/anmol/autonomous_iit/build/action_commands -- -j12 -l12
[8.317s] Invoking command in '/home/anmol/autonomous_iit/build/action_commands': CMAKE_PREFIX_PATH=${CMAKE_PREFIX_PATH}:/home/anmol/autonomous_iit/install/autonomous_mode:/home/anmol/ws_offboard_control/install/manual_key_control:/opt/ros/humble /usr/bin/cmake --install /home/anmol/autonomous_iit/build/action_commands
[8.329s] -- Install configuration: ""
[8.330s] -- Installing: /home/anmol/autonomous_iit/install/action_commands/share/ament_index/resource_index/rosidl_interfaces/action_commands
[8.330s] -- Installing: /home/anmol/autonomous_iit/install/action_commands/include/action_commands/action_commands
[8.330s] -- Installing: /home/anmol/autonomous_iit/install/action_commands/include/action_commands/action_commands/action
[8.331s] -- Installing: /home/anmol/autonomous_iit/install/action_commands/include/action_commands/action_commands/action/command.h
[8.331s] -- Installing: /home/anmol/autonomous_iit/install/action_commands/include/action_commands/action_commands/action/follow_gps_waypoints.h
[8.331s] -- Installing: /home/anmol/autonomous_iit/install/action_commands/include/action_commands/action_commands/action/detail
[8.331s] -- Installing: /home/anmol/autonomous_iit/install/action_commands/include/action_commands/action_commands/action/detail/command__type_support.h
[8.332s] -- Installing: /home/anmol/autonomous_iit/install/action_commands/include/action_commands/action_commands/action/detail/command__struct.h
[8.332s] -- Installing: /home/anmol/autonomous_iit/install/action_commands/include/action_commands/action_commands/action/detail/follow_gps_waypoints__struct.h
[8.332s] -- Installing: /home/anmol/autonomous_iit/install/action_commands/include/action_commands/action_commands/action/detail/command__functions.h
[8.332s] -- Installing: /home/anmol/autonomous_iit/install/action_commands/include/action_commands/action_commands/action/detail/follow_gps_waypoints__functions.c
[8.334s] -- Installing: /home/anmol/autonomous_iit/install/action_commands/include/action_commands/action_commands/action/detail/command__functions.c
[8.335s] -- Installing: /home/anmol/autonomous_iit/install/action_commands/include/action_commands/action_commands/action/detail/follow_gps_waypoints__type_support.h
[8.335s] -- Installing: /home/anmol/autonomous_iit/install/action_commands/include/action_commands/action_commands/action/detail/follow_gps_waypoints__functions.h
[8.335s] -- Installing: /home/anmol/autonomous_iit/install/action_commands/include/action_commands/action_commands/msg
[8.336s] -- Installing: /home/anmol/autonomous_iit/install/action_commands/include/action_commands/action_commands/msg/rosidl_generator_c__visibility_control.h
[8.336s] -- Installing: /home/anmol/autonomous_iit/install/action_commands/share/action_commands/environment/library_path.sh
[8.336s] -- Installing: /home/anmol/autonomous_iit/install/action_commands/share/action_commands/environment/library_path.dsv
[8.337s] -- Installing: /home/anmol/autonomous_iit/install/action_commands/lib/libaction_commands__rosidl_generator_c.so
[8.338s] -- Set runtime path of "/home/anmol/autonomous_iit/install/action_commands/lib/libaction_commands__rosidl_generator_c.so" to ""
[8.338s] -- Up-to-date: /home/anmol/autonomous_iit/install/action_commands/include/action_commands/action_commands
[8.338s] -- Up-to-date: /home/anmol/autonomous_iit/install/action_commands/include/action_commands/action_commands/action
[8.338s] -- Up-to-date: /home/anmol/autonomous_iit/install/action_commands/include/action_commands/action_commands/action/detail
[8.338s] -- Installing: /home/anmol/autonomous_iit/install/action_commands/include/action_commands/action_commands/action/detail/command__rosidl_typesupport_fastrtps_c.h
[8.338s] -- Up-to-date: /home/anmol/autonomous_iit/install/action_commands/include/action_commands/action_commands/msg
[8.338s] -- Installing: /home/anmol/autonomous_iit/install/action_commands/include/action_commands/action_commands/msg/rosidl_typesupport_fastrtps_c__visibility_control.h
[8.339s] -- Installing: /home/anmol/autonomous_iit/install/action_commands/lib/libaction_commands__rosidl_typesupport_fastrtps_c.so
[8.339s] -- Set runtime path of "/home/anmol/autonomous_iit/install/action_commands/lib/libaction_commands__rosidl_typesupport_fastrtps_c.so" to ""
[8.339s] -- Up-to-date: /home/anmol/autonomous_iit/install/action_commands/include/action_commands/action_commands
[8.339s] -- Up-to-date: /home/anmol/autonomous_iit/install/action_commands/include/action_commands/action_commands/action
[8.339s] -- Up-to-date: /home/anmol/autonomous_iit/install/action_commands/include/action_commands/action_commands/action/detail
[8.339s] -- Installing: /home/anmol/autonomous_iit/install/action_commands/include/action_commands/action_commands/action/detail/command__type_support.c
[8.340s] -- Installing: /home/anmol/autonomous_iit/install/action_commands/include/action_commands/action_commands/action/detail/command__rosidl_typesupport_introspection_c.h
[8.340s] -- Up-to-date: /home/anmol/autonomous_iit/install/action_commands/include/action_commands/action_commands/msg
[8.340s] -- Installing: /home/anmol/autonomous_iit/install/action_commands/include/action_commands/action_commands/msg/rosidl_typesupport_introspection_c__visibility_control.h
[8.340s] -- Installing: /home/anmol/autonomous_iit/install/action_commands/lib/libaction_commands__rosidl_typesupport_introspection_c.so
[8.341s] -- Set runtime path of "/home/anmol/autonomous_iit/install/action_commands/lib/libaction_commands__rosidl_typesupport_introspection_c.so" to ""
[8.341s] -- Installing: /home/anmol/autonomous_iit/install/action_commands/lib/libaction_commands__rosidl_typesupport_c.so
[8.342s] -- Set runtime path of "/home/anmol/autonomous_iit/install/action_commands/lib/libaction_commands__rosidl_typesupport_c.so" to ""
[8.342s] -- Up-to-date: /home/anmol/autonomous_iit/install/action_commands/include/action_commands/action_commands
[8.342s] -- Up-to-date: /home/anmol/autonomous_iit/install/action_commands/include/action_commands/action_commands/action
[8.342s] -- Up-to-date: /home/anmol/autonomous_iit/install/action_commands/include/action_commands/action_commands/action/detail
[8.342s] -- Installing: /home/anmol/autonomous_iit/install/action_commands/include/action_commands/action_commands/action/detail/command__traits.hpp
[8.342s] -- Installing: /home/anmol/autonomous_iit/install/action_commands/include/action_commands/action_commands/action/detail/follow_gps_waypoints__builder.hpp
[8.343s] -- Installing: /home/anmol/autonomous_iit/install/action_commands/include/action_commands/action_commands/action/detail/command__builder.hpp
[8.343s] -- Installing: /home/anmol/autonomous_iit/install/action_commands/include/action_commands/action_commands/action/detail/follow_gps_waypoints__traits.hpp
[8.344s] -- Installing: /home/anmol/autonomous_iit/install/action_commands/include/action_commands/action_commands/action/detail/follow_gps_waypoints__struct.hpp
[8.344s] -- Installing: /home/anmol/autonomous_iit/install/action_commands/include/action_commands/action_commands/action/detail/command__struct.hpp
[8.345s] -- Installing: /home/anmol/autonomous_iit/install/action_commands/include/action_commands/action_commands/action/command.hpp
[8.345s] -- Installing: /home/anmol/autonomous_iit/install/action_commands/include/action_commands/action_commands/action/follow_gps_waypoints.hpp
[8.346s] -- Up-to-date: /home/anmol/autonomous_iit/install/action_commands/include/action_commands/action_commands
[8.346s] -- Up-to-date: /home/anmol/autonomous_iit/install/action_commands/include/action_commands/action_commands/action
[8.346s] -- Up-to-date: /home/anmol/autonomous_iit/install/action_commands/include/action_commands/action_commands/action/detail
[8.346s] -- Installing: /home/anmol/autonomous_iit/install/action_commands/include/action_commands/action_commands/action/detail/command__rosidl_typesupport_fastrtps_cpp.hpp
[8.346s] -- Installing: /home/anmol/autonomous_iit/install/action_commands/include/action_commands/action_commands/action/detail/follow_gps_waypoints__rosidl_typesupport_fastrtps_cpp.hpp
[8.347s] -- Installing: /home/anmol/autonomous_iit/install/action_commands/include/action_commands/action_commands/action/detail/dds_fastrtps
[8.348s] -- Up-to-date: /home/anmol/autonomous_iit/install/action_commands/include/action_commands/action_commands/msg
[8.349s] -- Installing: /home/anmol/autonomous_iit/install/action_commands/include/action_commands/action_commands/msg/rosidl_typesupport_fastrtps_cpp__visibility_control.h
[8.349s] -- Installing: /home/anmol/autonomous_iit/install/action_commands/lib/libaction_commands__rosidl_typesupport_fastrtps_cpp.so
[8.349s] -- Set runtime path of "/home/anmol/autonomous_iit/install/action_commands/lib/libaction_commands__rosidl_typesupport_fastrtps_cpp.so" to ""
[8.349s] -- Up-to-date: /home/anmol/autonomous_iit/install/action_commands/include/action_commands/action_commands
[8.349s] -- Up-to-date: /home/anmol/autonomous_iit/install/action_commands/include/action_commands/action_commands/action
[8.349s] -- Up-to-date: /home/anmol/autonomous_iit/install/action_commands/include/action_commands/action_commands/action/detail
[8.350s] -- Installing: /home/anmol/autonomous_iit/install/action_commands/include/action_commands/action_commands/action/detail/command__rosidl_typesupport_introspection_cpp.hpp
[8.350s] -- Installing: /home/anmol/autonomous_iit/install/action_commands/include/action_commands/action_commands/action/detail/follow_gps_waypoints__type_support.cpp
[8.350s] -- Installing: /home/anmol/autonomous_iit/install/action_commands/include/action_commands/action_commands/action/detail/command__type_support.cpp
[8.351s] -- Installing: /home/anmol/autonomous_iit/install/action_commands/include/action_commands/action_commands/action/detail/follow_gps_waypoints__rosidl_typesupport_introspection_cpp.hpp
[8.351s] -- Installing: /home/anmol/autonomous_iit/install/action_commands/lib/libaction_commands__rosidl_typesupport_introspection_cpp.so
[8.352s] -- Set runtime path of "/home/anmol/autonomous_iit/install/action_commands/lib/libaction_commands__rosidl_typesupport_introspection_cpp.so" to ""
[8.352s] -- Installing: /home/anmol/autonomous_iit/install/action_commands/lib/libaction_commands__rosidl_typesupport_cpp.so
[8.352s] -- Set runtime path of "/home/anmol/autonomous_iit/install/action_commands/lib/libaction_commands__rosidl_typesupport_cpp.so" to ""
[8.353s] -- Installing: /home/anmol/autonomous_iit/install/action_commands/share/action_commands/environment/pythonpath.sh
[8.353s] -- Installing: /home/anmol/autonomous_iit/install/action_commands/share/action_commands/environment/pythonpath.dsv
[8.353s] -- Installing: /home/anmol/autonomous_iit/install/action_commands/local/lib/python3.10/dist-packages/action_commands-0.0.0-py3.10.egg-info
[8.353s] -- Installing: /home/anmol/autonomous_iit/install/action_commands/local/lib/python3.10/dist-packages/action_commands-0.0.0-py3.10.egg-info/dependency_links.txt
[8.353s] -- Installing: /home/anmol/autonomous_iit/install/action_commands/local/lib/python3.10/dist-packages/action_commands-0.0.0-py3.10.egg-info/SOURCES.txt
[8.354s] -- Installing: /home/anmol/autonomous_iit/install/action_commands/local/lib/python3.10/dist-packages/action_commands-0.0.0-py3.10.egg-info/PKG-INFO
[8.354s] -- Installing: /home/anmol/autonomous_iit/install/action_commands/local/lib/python3.10/dist-packages/action_commands-0.0.0-py3.10.egg-info/top_level.txt
[8.354s] -- Installing: /home/anmol/autonomous_iit/install/action_commands/local/lib/python3.10/dist-packages/action_commands
[8.354s] -- Installing: /home/anmol/autonomous_iit/install/action_commands/local/lib/python3.10/dist-packages/action_commands/action_commands_s__rosidl_typesupport_c.cpython-310-x86_64-linux-gnu.so
[8.354s] -- Installing: /home/anmol/autonomous_iit/install/action_commands/local/lib/python3.10/dist-packages/action_commands/action
[8.355s] -- Installing: /home/anmol/autonomous_iit/install/action_commands/local/lib/python3.10/dist-packages/action_commands/action/_command_s.c
[8.355s] -- Installing: /home/anmol/autonomous_iit/install/action_commands/local/lib/python3.10/dist-packages/action_commands/action/_command.py
[8.355s] -- Installing: /home/anmol/autonomous_iit/install/action_commands/local/lib/python3.10/dist-packages/action_commands/action/__init__.py
[8.355s] -- Installing: /home/anmol/autonomous_iit/install/action_commands/local/lib/python3.10/dist-packages/action_commands/libaction_commands__rosidl_generator_py.so
[8.356s] -- Installing: /home/anmol/autonomous_iit/install/action_commands/local/lib/python3.10/dist-packages/action_commands/_action_commands_s.ep.rosidl_typesupport_c.c
[8.356s] -- Installing: /home/anmol/autonomous_iit/install/action_commands/local/lib/python3.10/dist-packages/action_commands/__init__.py
[8.356s] -- Installing: /home/anmol/autonomous_iit/install/action_commands/local/lib/python3.10/dist-packages/action_commands/_action_commands_s.ep.rosidl_typesupport_fastrtps_c.c
[8.356s] -- Installing: /home/anmol/autonomous_iit/install/action_commands/local/lib/python3.10/dist-packages/action_commands/action_commands_s__rosidl_typesupport_fastrtps_c.cpython-310-x86_64-linux-gnu.so
[8.357s] -- Installing: /home/anmol/autonomous_iit/install/action_commands/local/lib/python3.10/dist-packages/action_commands/action_commands_s__rosidl_typesupport_introspection_c.cpython-310-x86_64-linux-gnu.so
[8.357s] -- Installing: /home/anmol/autonomous_iit/install/action_commands/local/lib/python3.10/dist-packages/action_commands/_action_commands_s.ep.rosidl_typesupport_introspection_c.c
[8.413s] Listing '/home/anmol/autonomous_iit/install/action_commands/local/lib/python3.10/dist-packages/action_commands'...
[8.413s] Compiling '/home/anmol/autonomous_iit/install/action_commands/local/lib/python3.10/dist-packages/action_commands/__init__.py'...
[8.413s] Listing '/home/anmol/autonomous_iit/install/action_commands/local/lib/python3.10/dist-packages/action_commands/action'...
[8.413s] Compiling '/home/anmol/autonomous_iit/install/action_commands/local/lib/python3.10/dist-packages/action_commands/action/__init__.py'...
[8.413s] Compiling '/home/anmol/autonomous_iit/install/action_commands/local/lib/python3.10/dist-packages/action_commands/action/_command.py'...
[8.420s] -- Installing: /home/anmol/autonomous_iit/install/action_commands/local/lib/python3.10/dist-packages/action_commands/action_commands_s__rosidl_typesupport_fastrtps_c.cpython-310-x86_64-linux-gnu.so
[8.421s] -- Set runtime path of "/home/anmol/autonomous_iit/install/action_commands/local/lib/python3.10/dist-packages/action_commands/action_commands_s__rosidl_typesupport_fastrtps_c.cpython-310-x86_64-linux-gnu.so" to ""
[8.421s] -- Installing: /home/anmol/autonomous_iit/install/action_commands/local/lib/python3.10/dist-packages/action_commands/action_commands_s__rosidl_typesupport_introspection_c.cpython-310-x86_64-linux-gnu.so
[8.422s] -- Set runtime path of "/home/anmol/autonomous_iit/install/action_commands/local/lib/python3.10/dist-packages/action_commands/action_commands_s__rosidl_typesupport_introspection_c.cpython-310-x86_64-linux-gnu.so" to ""
[8.422s] -- Installing: /home/anmol/autonomous_iit/install/action_commands/local/lib/python3.10/dist-packages/action_commands/action_commands_s__rosidl_typesupport_c.cpython-310-x86_64-linux-gnu.so
[8.423s] -- Set runtime path of "/home/anmol/autonomous_iit/install/action_commands/local/lib/python3.10/dist-packages/action_commands/action_commands_s__rosidl_typesupport_c.cpython-310-x86_64-linux-gnu.so" to ""
[8.423s] -- Installing: /home/anmol/autonomous_iit/install/action_commands/lib/libaction_commands__rosidl_generator_py.so
[8.423s] -- Set runtime path of "/home/anmol/autonomous_iit/install/action_commands/lib/libaction_commands__rosidl_generator_py.so" to ""
[8.424s] -- Installing: /home/anmol/autonomous_iit/install/action_commands/share/action_commands/action/Command.idl
[8.424s] -- Installing: /home/anmol/autonomous_iit/install/action_commands/share/action_commands/action/Command.action
[8.424s] -- Installing: /home/anmol/autonomous_iit/install/action_commands/share/ament_index/resource_index/package_run_dependencies/action_commands
[8.424s] -- Installing: /home/anmol/autonomous_iit/install/action_commands/share/ament_index/resource_index/parent_prefix_path/action_commands
[8.425s] -- Installing: /home/anmol/autonomous_iit/install/action_commands/share/action_commands/environment/ament_prefix_path.sh
[8.425s] -- Installing: /home/anmol/autonomous_iit/install/action_commands/share/action_commands/environment/ament_prefix_path.dsv
[8.425s] -- Installing: /home/anmol/autonomous_iit/install/action_commands/share/action_commands/environment/path.sh
[8.425s] -- Installing: /home/anmol/autonomous_iit/install/action_commands/share/action_commands/environment/path.dsv
[8.426s] -- Installing: /home/anmol/autonomous_iit/install/action_commands/share/action_commands/local_setup.bash
[8.426s] -- Installing: /home/anmol/autonomous_iit/install/action_commands/share/action_commands/local_setup.sh
[8.426s] -- Installing: /home/anmol/autonomous_iit/install/action_commands/share/action_commands/local_setup.zsh
[8.427s] -- Installing: /home/anmol/autonomous_iit/install/action_commands/share/action_commands/local_setup.dsv
[8.427s] -- Installing: /home/anmol/autonomous_iit/install/action_commands/share/action_commands/package.dsv
[8.427s] -- Installing: /home/anmol/autonomous_iit/install/action_commands/share/ament_index/resource_index/packages/action_commands
[8.427s] -- Installing: /home/anmol/autonomous_iit/install/action_commands/share/action_commands/cmake/export_action_commands__rosidl_generator_cExport.cmake
[8.428s] -- Installing: /home/anmol/autonomous_iit/install/action_commands/share/action_commands/cmake/export_action_commands__rosidl_generator_cExport-noconfig.cmake
[8.428s] -- Installing: /home/anmol/autonomous_iit/install/action_commands/share/action_commands/cmake/export_action_commands__rosidl_typesupport_fastrtps_cExport.cmake
[8.428s] -- Installing: /home/anmol/autonomous_iit/install/action_commands/share/action_commands/cmake/export_action_commands__rosidl_typesupport_fastrtps_cExport-noconfig.cmake
[8.428s] -- Installing: /home/anmol/autonomous_iit/install/action_commands/share/action_commands/cmake/action_commands__rosidl_typesupport_introspection_cExport.cmake
[8.429s] -- Installing: /home/anmol/autonomous_iit/install/action_commands/share/action_commands/cmake/action_commands__rosidl_typesupport_introspection_cExport-noconfig.cmake
[8.429s] -- Installing: /home/anmol/autonomous_iit/install/action_commands/share/action_commands/cmake/action_commands__rosidl_typesupport_cExport.cmake
[8.429s] -- Installing: /home/anmol/autonomous_iit/install/action_commands/share/action_commands/cmake/action_commands__rosidl_typesupport_cExport-noconfig.cmake
[8.429s] -- Installing: /home/anmol/autonomous_iit/install/action_commands/share/action_commands/cmake/export_action_commands__rosidl_generator_cppExport.cmake
[8.430s] -- Installing: /home/anmol/autonomous_iit/install/action_commands/share/action_commands/cmake/export_action_commands__rosidl_typesupport_fastrtps_cppExport.cmake
[8.430s] -- Installing: /home/anmol/autonomous_iit/install/action_commands/share/action_commands/cmake/export_action_commands__rosidl_typesupport_fastrtps_cppExport-noconfig.cmake
[8.430s] -- Installing: /home/anmol/autonomous_iit/install/action_commands/share/action_commands/cmake/action_commands__rosidl_typesupport_introspection_cppExport.cmake
[8.430s] -- Installing: /home/anmol/autonomous_iit/install/action_commands/share/action_commands/cmake/action_commands__rosidl_typesupport_introspection_cppExport-noconfig.cmake
[8.431s] -- Installing: /home/anmol/autonomous_iit/install/action_commands/share/action_commands/cmake/action_commands__rosidl_typesupport_cppExport.cmake
[8.431s] -- Installing: /home/anmol/autonomous_iit/install/action_commands/share/action_commands/cmake/action_commands__rosidl_typesupport_cppExport-noconfig.cmake
[8.431s] -- Installing: /home/anmol/autonomous_iit/install/action_commands/share/action_commands/cmake/export_action_commands__rosidl_generator_pyExport.cmake
[8.431s] -- Installing: /home/anmol/autonomous_iit/install/action_commands/share/action_commands/cmake/export_action_commands__rosidl_generator_pyExport-noconfig.cmake
[8.432s] -- Installing: /home/anmol/autonomous_iit/install/action_commands/share/action_commands/cmake/rosidl_cmake-extras.cmake
[8.432s] -- Installing: /home/anmol/autonomous_iit/install/action_commands/share/action_commands/cmake/ament_cmake_export_dependencies-extras.cmake
[8.432s] -- Installing: /home/anmol/autonomous_iit/install/action_commands/share/action_commands/cmake/ament_cmake_export_include_directories-extras.cmake
[8.432s] -- Installing: /home/anmol/autonomous_iit/install/action_commands/share/action_commands/cmake/ament_cmake_export_libraries-extras.cmake
[8.433s] -- Installing: /home/anmol/autonomous_iit/install/action_commands/share/action_commands/cmake/ament_cmake_export_targets-extras.cmake
[8.433s] -- Installing: /home/anmol/autonomous_iit/install/action_commands/share/action_commands/cmake/rosidl_cmake_export_typesupport_targets-extras.cmake
[8.433s] -- Installing: /home/anmol/autonomous_iit/install/action_commands/share/action_commands/cmake/rosidl_cmake_export_typesupport_libraries-extras.cmake
[8.433s] -- Installing: /home/anmol/autonomous_iit/install/action_commands/share/action_commands/cmake/action_commandsConfig.cmake
[8.434s] -- Installing: /home/anmol/autonomous_iit/install/action_commands/share/action_commands/cmake/action_commandsConfig-version.cmake
[8.434s] -- Installing: /home/anmol/autonomous_iit/install/action_commands/share/action_commands/package.xml
[8.438s] Invoked command in '/home/anmol/autonomous_iit/build/action_commands' returned '0': CMAKE_PREFIX_PATH=${CMAKE_PREFIX_PATH}:/home/anmol/autonomous_iit/install/autonomous_mode:/home/anmol/ws_offboard_control/install/manual_key_control:/opt/ros/humble /usr/bin/cmake --install /home/anmol/autonomous_iit/build/action_commands
