[0.408s] Invoking command in '/home/anmol/autonomous_iit/build/tutorial_interfaces': CMAKE_PREFIX_PATH=${CMAKE_PREFIX_PATH}:/home/anmol/autonomous_iit/install/autonomous_mode:/home/anmol/ws_offboard_control/install/manual_key_control:/opt/ros/humble /usr/bin/cmake --build /home/anmol/autonomous_iit/build/tutorial_interfaces -- -j12 -l12
[0.443s] -- Found ament_cmake: 1.3.6 (/opt/ros/humble/share/ament_cmake/cmake)
[0.607s] -- Found geometry_msgs: 4.2.3 (/opt/ros/humble/share/geometry_msgs/cmake)
[0.642s] -- Found rosidl_generator_c: 3.1.5 (/opt/ros/humble/share/rosidl_generator_c/cmake)
[0.645s] -- Found rosidl_adapter: 3.1.5 (/opt/ros/humble/share/rosidl_adapter/cmake)
[0.653s] -- Found rosidl_generator_cpp: 3.1.5 (/opt/ros/humble/share/rosidl_generator_cpp/cmake)
[0.667s] -- Using all available rosidl_typesupport_c: rosidl_typesupport_fastrtps_c;rosidl_typesupport_introspection_c
[0.685s] -- Using all available rosidl_typesupport_cpp: rosidl_typesupport_fastrtps_cpp;rosidl_typesupport_introspection_cpp
[0.799s] -- Found rosidl_default_generators: 1.2.0 (/opt/ros/humble/share/rosidl_default_generators/cmake)
[1.115s] -- Found ament_cmake_ros: 0.10.0 (/opt/ros/humble/share/ament_cmake_ros/cmake)
[1.544s] -- Using all available rosidl_typesupport_c: rosidl_typesupport_fastrtps_c;rosidl_typesupport_introspection_c
[1.715s] -- Using all available rosidl_typesupport_cpp: rosidl_typesupport_fastrtps_cpp;rosidl_typesupport_introspection_cpp
[1.741s] -- Found python_cmake_module: 0.10.0 (/opt/ros/humble/share/python_cmake_module/cmake)
[1.766s] -- Using PYTHON_EXECUTABLE: /usr/bin/python3
[1.766s] -- Using PYTHON_INCLUDE_DIRS: /usr/include/python3.10
[1.766s] -- Using PYTHON_LIBRARIES: /usr/lib/x86_64-linux-gnu/libpython3.10.so
[1.805s] -- Found ament_lint_auto: 0.12.9 (/opt/ros/humble/share/ament_lint_auto/cmake)
[1.820s] -- Added test 'lint_cmake' to check CMake code style
[1.822s] -- Added test 'xmllint' to check XML markup files
[1.824s] -- Configuring done
[1.875s] -- Generating done
[1.878s] -- Build files have been written to: /home/anmol/autonomous_iit/build/tutorial_interfaces
[1.916s] [  2%] [34m[1mGenerating C code for ROS interfaces[0m
[1.931s] [  4%] [34m[1mGenerating C++ code for ROS interfaces[0m
[1.949s] [  4%] Built target ament_cmake_python_copy_tutorial_interfaces
[2.200s] running egg_info
[2.201s] writing tutorial_interfaces.egg-info/PKG-INFO
[2.201s] writing dependency_links to tutorial_interfaces.egg-info/dependency_links.txt
[2.201s] writing top-level names to tutorial_interfaces.egg-info/top_level.txt
[2.203s] reading manifest file 'tutorial_interfaces.egg-info/SOURCES.txt'
[2.204s] writing manifest file 'tutorial_interfaces.egg-info/SOURCES.txt'
[2.262s] [  4%] Built target ament_cmake_python_build_tutorial_interfaces_egg
[2.282s] [35m[1mConsolidate compiler generated dependencies of target tutorial_interfaces__rosidl_generator_c[0m
[2.302s] [  4%] Built target tutorial_interfaces__cpp
[2.306s] [  8%] [32mBuilding C object CMakeFiles/tutorial_interfaces__rosidl_generator_c.dir/rosidl_generator_c/tutorial_interfaces/msg/detail/board__functions.c.o[0m
[2.306s] [  8%] [32mBuilding C object CMakeFiles/tutorial_interfaces__rosidl_generator_c.dir/rosidl_generator_c/tutorial_interfaces/msg/detail/sphere__functions.c.o[0m
[2.306s] [ 10%] [32mBuilding C object CMakeFiles/tutorial_interfaces__rosidl_generator_c.dir/rosidl_generator_c/tutorial_interfaces/srv/detail/add_three_ints__functions.c.o[0m
[2.319s] [ 17%] [34m[1mGenerating C++ type support dispatch for ROS interfaces[0m
[2.319s] [ 17%] [34m[1mGenerating C++ introspection for ROS interfaces[0m
[2.319s] [ 17%] [34m[1mGenerating C++ type support for eProsima Fast-RTPS[0m
[2.392s] [ 19%] [32m[1mLinking C shared library libtutorial_interfaces__rosidl_generator_c.so[0m
[2.446s] [ 19%] Built target tutorial_interfaces__rosidl_generator_c
[2.463s] [ 25%] [34m[1mGenerating C type support for eProsima Fast-RTPS[0m
[2.463s] [ 25%] [34m[1mGenerating C type support dispatch for ROS interfaces[0m
[2.463s] [ 25%] [34m[1mGenerating C introspection for ROS interfaces[0m
[2.759s] [35m[1mConsolidate compiler generated dependencies of target tutorial_interfaces__rosidl_typesupport_introspection_cpp[0m
[2.786s] [35m[1mConsolidate compiler generated dependencies of target tutorial_interfaces__rosidl_typesupport_fastrtps_cpp[0m
[2.787s] [ 27%] [32mBuilding CXX object CMakeFiles/tutorial_interfaces__rosidl_typesupport_introspection_cpp.dir/rosidl_typesupport_introspection_cpp/tutorial_interfaces/srv/detail/add_three_ints__type_support.cpp.o[0m
[2.787s] [ 29%] [32mBuilding CXX object CMakeFiles/tutorial_interfaces__rosidl_typesupport_introspection_cpp.dir/rosidl_typesupport_introspection_cpp/tutorial_interfaces/msg/detail/sphere__type_support.cpp.o[0m
[2.790s] [ 31%] [32mBuilding CXX object CMakeFiles/tutorial_interfaces__rosidl_typesupport_introspection_cpp.dir/rosidl_typesupport_introspection_cpp/tutorial_interfaces/msg/detail/board__type_support.cpp.o[0m
[2.793s] [35m[1mConsolidate compiler generated dependencies of target tutorial_interfaces__rosidl_typesupport_c[0m
[2.794s] [35m[1mConsolidate compiler generated dependencies of target tutorial_interfaces__rosidl_typesupport_cpp[0m
[2.817s] [ 34%] [32mBuilding CXX object CMakeFiles/tutorial_interfaces__rosidl_typesupport_c.dir/rosidl_typesupport_c/tutorial_interfaces/msg/sphere__type_support.cpp.o[0m
[2.818s] [ 36%] [32mBuilding CXX object CMakeFiles/tutorial_interfaces__rosidl_typesupport_c.dir/rosidl_typesupport_c/tutorial_interfaces/msg/board__type_support.cpp.o[0m
[2.820s] [ 40%] [32mBuilding CXX object CMakeFiles/tutorial_interfaces__rosidl_typesupport_fastrtps_cpp.dir/rosidl_typesupport_fastrtps_cpp/tutorial_interfaces/msg/detail/dds_fastrtps/board__type_support.cpp.o[0m
[2.820s] [ 40%] [32mBuilding CXX object CMakeFiles/tutorial_interfaces__rosidl_typesupport_fastrtps_cpp.dir/rosidl_typesupport_fastrtps_cpp/tutorial_interfaces/srv/detail/dds_fastrtps/add_three_ints__type_support.cpp.o[0m
[2.820s] [ 42%] [32mBuilding CXX object CMakeFiles/tutorial_interfaces__rosidl_typesupport_c.dir/rosidl_typesupport_c/tutorial_interfaces/srv/add_three_ints__type_support.cpp.o[0m
[2.829s] [ 44%] [32mBuilding CXX object CMakeFiles/tutorial_interfaces__rosidl_typesupport_fastrtps_cpp.dir/rosidl_typesupport_fastrtps_cpp/tutorial_interfaces/msg/detail/dds_fastrtps/sphere__type_support.cpp.o[0m
[2.831s] [ 46%] [32mBuilding CXX object CMakeFiles/tutorial_interfaces__rosidl_typesupport_cpp.dir/rosidl_typesupport_cpp/tutorial_interfaces/msg/board__type_support.cpp.o[0m
[2.890s] [ 48%] [32mBuilding CXX object CMakeFiles/tutorial_interfaces__rosidl_typesupport_cpp.dir/rosidl_typesupport_cpp/tutorial_interfaces/srv/add_three_ints__type_support.cpp.o[0m
[2.893s] [ 51%] [32mBuilding CXX object CMakeFiles/tutorial_interfaces__rosidl_typesupport_cpp.dir/rosidl_typesupport_cpp/tutorial_interfaces/msg/sphere__type_support.cpp.o[0m
[2.904s] [ 53%] [32m[1mLinking CXX shared library libtutorial_interfaces__rosidl_typesupport_c.so[0m
[3.010s] [35m[1mConsolidate compiler generated dependencies of target tutorial_interfaces__rosidl_typesupport_fastrtps_c[0m
[3.042s] [ 53%] Built target tutorial_interfaces__rosidl_typesupport_c
[3.063s] [ 55%] [32mBuilding CXX object CMakeFiles/tutorial_interfaces__rosidl_typesupport_fastrtps_c.dir/rosidl_typesupport_fastrtps_c/tutorial_interfaces/msg/detail/board__type_support_c.cpp.o[0m
[3.073s] [35m[1mConsolidate compiler generated dependencies of target tutorial_interfaces__rosidl_typesupport_introspection_c[0m
[3.088s] [ 57%] [32mBuilding CXX object CMakeFiles/tutorial_interfaces__rosidl_typesupport_fastrtps_c.dir/rosidl_typesupport_fastrtps_c/tutorial_interfaces/msg/detail/sphere__type_support_c.cpp.o[0m
[3.160s] [ 59%] [32mBuilding C object CMakeFiles/tutorial_interfaces__rosidl_typesupport_introspection_c.dir/rosidl_typesupport_introspection_c/tutorial_interfaces/msg/detail/board__type_support.c.o[0m
[3.368s] [ 61%] [32mBuilding C object CMakeFiles/tutorial_interfaces__rosidl_typesupport_introspection_c.dir/rosidl_typesupport_introspection_c/tutorial_interfaces/msg/detail/sphere__type_support.c.o[0m
[3.408s] [ 63%] [32mBuilding CXX object CMakeFiles/tutorial_interfaces__rosidl_typesupport_fastrtps_c.dir/rosidl_typesupport_fastrtps_c/tutorial_interfaces/srv/detail/add_three_ints__type_support_c.cpp.o[0m
[3.436s] [ 65%] [32mBuilding C object CMakeFiles/tutorial_interfaces__rosidl_typesupport_introspection_c.dir/rosidl_typesupport_introspection_c/tutorial_interfaces/srv/detail/add_three_ints__type_support.c.o[0m
[3.438s] [ 68%] [32m[1mLinking CXX shared library libtutorial_interfaces__rosidl_typesupport_cpp.so[0m
[3.521s] [ 70%] [32m[1mLinking C shared library libtutorial_interfaces__rosidl_typesupport_introspection_c.so[0m
[3.538s] [ 70%] Built target tutorial_interfaces__rosidl_typesupport_cpp
[3.548s] [ 72%] [32m[1mLinking CXX shared library libtutorial_interfaces__rosidl_typesupport_introspection_cpp.so[0m
[3.592s] [ 72%] Built target tutorial_interfaces__rosidl_typesupport_introspection_c
[3.632s] [ 74%] [32m[1mLinking CXX shared library libtutorial_interfaces__rosidl_typesupport_fastrtps_cpp.so[0m
[3.677s] [ 74%] Built target tutorial_interfaces__rosidl_typesupport_introspection_cpp
[3.759s] [ 74%] Built target tutorial_interfaces__rosidl_typesupport_fastrtps_cpp
[3.811s] [ 76%] [32m[1mLinking CXX shared library libtutorial_interfaces__rosidl_typesupport_fastrtps_c.so[0m
[3.931s] [ 76%] Built target tutorial_interfaces__rosidl_typesupport_fastrtps_c
[3.965s] [ 76%] Built target tutorial_interfaces
[4.000s] [ 78%] [34m[1mGenerating Python code for ROS interfaces[0m
[4.477s] [ 78%] Built target tutorial_interfaces__py
[4.495s] [35m[1mConsolidate compiler generated dependencies of target tutorial_interfaces__rosidl_generator_py[0m
[4.516s] [ 82%] [32mBuilding C object CMakeFiles/tutorial_interfaces__rosidl_generator_py.dir/rosidl_generator_py/tutorial_interfaces/msg/_board_s.c.o[0m
[4.516s] [ 82%] [32mBuilding C object CMakeFiles/tutorial_interfaces__rosidl_generator_py.dir/rosidl_generator_py/tutorial_interfaces/srv/_add_three_ints_s.c.o[0m
[4.516s] [ 85%] [32mBuilding C object CMakeFiles/tutorial_interfaces__rosidl_generator_py.dir/rosidl_generator_py/tutorial_interfaces/msg/_sphere_s.c.o[0m
[4.650s] [ 87%] [32m[1mLinking C shared library rosidl_generator_py/tutorial_interfaces/libtutorial_interfaces__rosidl_generator_py.so[0m
[4.712s] [ 87%] Built target tutorial_interfaces__rosidl_generator_py
[4.728s] [35m[1mConsolidate compiler generated dependencies of target tutorial_interfaces__rosidl_typesupport_c__pyext[0m
[4.728s] [35m[1mConsolidate compiler generated dependencies of target tutorial_interfaces__rosidl_typesupport_introspection_c__pyext[0m
[4.728s] [35m[1mConsolidate compiler generated dependencies of target tutorial_interfaces__rosidl_typesupport_fastrtps_c__pyext[0m
[4.747s] [ 93%] [32mBuilding C object CMakeFiles/tutorial_interfaces__rosidl_typesupport_introspection_c__pyext.dir/rosidl_generator_py/tutorial_interfaces/_tutorial_interfaces_s.ep.rosidl_typesupport_introspection_c.c.o[0m
[4.747s] [ 93%] [32mBuilding C object CMakeFiles/tutorial_interfaces__rosidl_typesupport_fastrtps_c__pyext.dir/rosidl_generator_py/tutorial_interfaces/_tutorial_interfaces_s.ep.rosidl_typesupport_fastrtps_c.c.o[0m
[4.747s] [ 93%] [32mBuilding C object CMakeFiles/tutorial_interfaces__rosidl_typesupport_c__pyext.dir/rosidl_generator_py/tutorial_interfaces/_tutorial_interfaces_s.ep.rosidl_typesupport_c.c.o[0m
[4.873s] [ 95%] [32m[1mLinking C shared library rosidl_generator_py/tutorial_interfaces/tutorial_interfaces_s__rosidl_typesupport_c.cpython-310-x86_64-linux-gnu.so[0m
[4.893s] [ 97%] [32m[1mLinking C shared library rosidl_generator_py/tutorial_interfaces/tutorial_interfaces_s__rosidl_typesupport_introspection_c.cpython-310-x86_64-linux-gnu.so[0m
[4.898s] [100%] [32m[1mLinking C shared library rosidl_generator_py/tutorial_interfaces/tutorial_interfaces_s__rosidl_typesupport_fastrtps_c.cpython-310-x86_64-linux-gnu.so[0m
[4.933s] [100%] Built target tutorial_interfaces__rosidl_typesupport_c__pyext
[4.949s] [100%] Built target tutorial_interfaces__rosidl_typesupport_introspection_c__pyext
[4.951s] [100%] Built target tutorial_interfaces__rosidl_typesupport_fastrtps_c__pyext
[4.969s] Invoked command in '/home/anmol/autonomous_iit/build/tutorial_interfaces' returned '0': CMAKE_PREFIX_PATH=${CMAKE_PREFIX_PATH}:/home/anmol/autonomous_iit/install/autonomous_mode:/home/anmol/ws_offboard_control/install/manual_key_control:/opt/ros/humble /usr/bin/cmake --build /home/anmol/autonomous_iit/build/tutorial_interfaces -- -j12 -l12
[5.163s] Invoking command in '/home/anmol/autonomous_iit/build/tutorial_interfaces': CMAKE_PREFIX_PATH=${CMAKE_PREFIX_PATH}:/home/anmol/autonomous_iit/install/autonomous_mode:/home/anmol/ws_offboard_control/install/manual_key_control:/opt/ros/humble /usr/bin/cmake --install /home/anmol/autonomous_iit/build/tutorial_interfaces
[5.174s] -- Install configuration: ""
[5.174s] -- Up-to-date: /home/anmol/autonomous_iit/install/tutorial_interfaces/share/ament_index/resource_index/rosidl_interfaces/tutorial_interfaces
[5.174s] -- Up-to-date: /home/anmol/autonomous_iit/install/tutorial_interfaces/include/tutorial_interfaces/tutorial_interfaces
[5.174s] -- Up-to-date: /home/anmol/autonomous_iit/install/tutorial_interfaces/include/tutorial_interfaces/tutorial_interfaces/msg
[5.174s] -- Installing: /home/anmol/autonomous_iit/install/tutorial_interfaces/include/tutorial_interfaces/tutorial_interfaces/msg/sphere.h
[5.174s] -- Up-to-date: /home/anmol/autonomous_iit/install/tutorial_interfaces/include/tutorial_interfaces/tutorial_interfaces/msg/detail
[5.174s] -- Installing: /home/anmol/autonomous_iit/install/tutorial_interfaces/include/tutorial_interfaces/tutorial_interfaces/msg/detail/board__struct.h
[5.175s] -- Installing: /home/anmol/autonomous_iit/install/tutorial_interfaces/include/tutorial_interfaces/tutorial_interfaces/msg/detail/board__functions.c
[5.175s] -- Installing: /home/anmol/autonomous_iit/install/tutorial_interfaces/include/tutorial_interfaces/tutorial_interfaces/msg/detail/sphere__type_support.h
[5.175s] -- Installing: /home/anmol/autonomous_iit/install/tutorial_interfaces/include/tutorial_interfaces/tutorial_interfaces/msg/detail/sphere__functions.h
[5.175s] -- Installing: /home/anmol/autonomous_iit/install/tutorial_interfaces/include/tutorial_interfaces/tutorial_interfaces/msg/detail/sphere__struct.h
[5.175s] -- Installing: /home/anmol/autonomous_iit/install/tutorial_interfaces/include/tutorial_interfaces/tutorial_interfaces/msg/detail/board__functions.h
[5.176s] -- Installing: /home/anmol/autonomous_iit/install/tutorial_interfaces/include/tutorial_interfaces/tutorial_interfaces/msg/detail/board__type_support.h
[5.176s] -- Installing: /home/anmol/autonomous_iit/install/tutorial_interfaces/include/tutorial_interfaces/tutorial_interfaces/msg/detail/sphere__functions.c
[5.176s] -- Installing: /home/anmol/autonomous_iit/install/tutorial_interfaces/include/tutorial_interfaces/tutorial_interfaces/msg/board.h
[5.176s] -- Up-to-date: /home/anmol/autonomous_iit/install/tutorial_interfaces/include/tutorial_interfaces/tutorial_interfaces/msg/rosidl_generator_c__visibility_control.h
[5.176s] -- Up-to-date: /home/anmol/autonomous_iit/install/tutorial_interfaces/include/tutorial_interfaces/tutorial_interfaces/srv
[5.176s] -- Up-to-date: /home/anmol/autonomous_iit/install/tutorial_interfaces/include/tutorial_interfaces/tutorial_interfaces/srv/detail
[5.176s] -- Installing: /home/anmol/autonomous_iit/install/tutorial_interfaces/include/tutorial_interfaces/tutorial_interfaces/srv/detail/add_three_ints__struct.h
[5.176s] -- Installing: /home/anmol/autonomous_iit/install/tutorial_interfaces/include/tutorial_interfaces/tutorial_interfaces/srv/detail/add_three_ints__functions.h
[5.176s] -- Installing: /home/anmol/autonomous_iit/install/tutorial_interfaces/include/tutorial_interfaces/tutorial_interfaces/srv/detail/add_three_ints__type_support.h
[5.176s] -- Installing: /home/anmol/autonomous_iit/install/tutorial_interfaces/include/tutorial_interfaces/tutorial_interfaces/srv/detail/add_three_ints__functions.c
[5.176s] -- Installing: /home/anmol/autonomous_iit/install/tutorial_interfaces/include/tutorial_interfaces/tutorial_interfaces/srv/add_three_ints.h
[5.177s] -- Up-to-date: /home/anmol/autonomous_iit/install/tutorial_interfaces/share/tutorial_interfaces/environment/library_path.sh
[5.177s] -- Installing: /home/anmol/autonomous_iit/install/tutorial_interfaces/share/tutorial_interfaces/environment/library_path.dsv
[5.177s] -- Installing: /home/anmol/autonomous_iit/install/tutorial_interfaces/lib/libtutorial_interfaces__rosidl_generator_c.so
[5.178s] -- Set runtime path of "/home/anmol/autonomous_iit/install/tutorial_interfaces/lib/libtutorial_interfaces__rosidl_generator_c.so" to ""
[5.178s] -- Up-to-date: /home/anmol/autonomous_iit/install/tutorial_interfaces/include/tutorial_interfaces/tutorial_interfaces
[5.179s] -- Up-to-date: /home/anmol/autonomous_iit/install/tutorial_interfaces/include/tutorial_interfaces/tutorial_interfaces/msg
[5.179s] -- Up-to-date: /home/anmol/autonomous_iit/install/tutorial_interfaces/include/tutorial_interfaces/tutorial_interfaces/msg/detail
[5.179s] -- Installing: /home/anmol/autonomous_iit/install/tutorial_interfaces/include/tutorial_interfaces/tutorial_interfaces/msg/detail/board__rosidl_typesupport_fastrtps_c.h
[5.179s] -- Installing: /home/anmol/autonomous_iit/install/tutorial_interfaces/include/tutorial_interfaces/tutorial_interfaces/msg/detail/sphere__rosidl_typesupport_fastrtps_c.h
[5.179s] -- Up-to-date: /home/anmol/autonomous_iit/install/tutorial_interfaces/include/tutorial_interfaces/tutorial_interfaces/msg/rosidl_typesupport_fastrtps_c__visibility_control.h
[5.180s] -- Up-to-date: /home/anmol/autonomous_iit/install/tutorial_interfaces/include/tutorial_interfaces/tutorial_interfaces/srv
[5.180s] -- Up-to-date: /home/anmol/autonomous_iit/install/tutorial_interfaces/include/tutorial_interfaces/tutorial_interfaces/srv/detail
[5.180s] -- Installing: /home/anmol/autonomous_iit/install/tutorial_interfaces/include/tutorial_interfaces/tutorial_interfaces/srv/detail/add_three_ints__rosidl_typesupport_fastrtps_c.h
[5.180s] -- Installing: /home/anmol/autonomous_iit/install/tutorial_interfaces/lib/libtutorial_interfaces__rosidl_typesupport_fastrtps_c.so
[5.180s] -- Set runtime path of "/home/anmol/autonomous_iit/install/tutorial_interfaces/lib/libtutorial_interfaces__rosidl_typesupport_fastrtps_c.so" to ""
[5.180s] -- Up-to-date: /home/anmol/autonomous_iit/install/tutorial_interfaces/include/tutorial_interfaces/tutorial_interfaces
[5.180s] -- Up-to-date: /home/anmol/autonomous_iit/install/tutorial_interfaces/include/tutorial_interfaces/tutorial_interfaces/msg
[5.181s] -- Up-to-date: /home/anmol/autonomous_iit/install/tutorial_interfaces/include/tutorial_interfaces/tutorial_interfaces/msg/detail
[5.181s] -- Installing: /home/anmol/autonomous_iit/install/tutorial_interfaces/include/tutorial_interfaces/tutorial_interfaces/msg/detail/sphere__traits.hpp
[5.181s] -- Installing: /home/anmol/autonomous_iit/install/tutorial_interfaces/include/tutorial_interfaces/tutorial_interfaces/msg/detail/board__builder.hpp
[5.181s] -- Installing: /home/anmol/autonomous_iit/install/tutorial_interfaces/include/tutorial_interfaces/tutorial_interfaces/msg/detail/board__traits.hpp
[5.181s] -- Installing: /home/anmol/autonomous_iit/install/tutorial_interfaces/include/tutorial_interfaces/tutorial_interfaces/msg/detail/sphere__struct.hpp
[5.181s] -- Installing: /home/anmol/autonomous_iit/install/tutorial_interfaces/include/tutorial_interfaces/tutorial_interfaces/msg/detail/sphere__builder.hpp
[5.181s] -- Installing: /home/anmol/autonomous_iit/install/tutorial_interfaces/include/tutorial_interfaces/tutorial_interfaces/msg/detail/board__struct.hpp
[5.181s] -- Installing: /home/anmol/autonomous_iit/install/tutorial_interfaces/include/tutorial_interfaces/tutorial_interfaces/msg/sphere.hpp
[5.182s] -- Installing: /home/anmol/autonomous_iit/install/tutorial_interfaces/include/tutorial_interfaces/tutorial_interfaces/msg/board.hpp
[5.182s] -- Up-to-date: /home/anmol/autonomous_iit/install/tutorial_interfaces/include/tutorial_interfaces/tutorial_interfaces/srv
[5.182s] -- Installing: /home/anmol/autonomous_iit/install/tutorial_interfaces/include/tutorial_interfaces/tutorial_interfaces/srv/add_three_ints.hpp
[5.182s] -- Up-to-date: /home/anmol/autonomous_iit/install/tutorial_interfaces/include/tutorial_interfaces/tutorial_interfaces/srv/detail
[5.182s] -- Installing: /home/anmol/autonomous_iit/install/tutorial_interfaces/include/tutorial_interfaces/tutorial_interfaces/srv/detail/add_three_ints__traits.hpp
[5.182s] -- Installing: /home/anmol/autonomous_iit/install/tutorial_interfaces/include/tutorial_interfaces/tutorial_interfaces/srv/detail/add_three_ints__struct.hpp
[5.182s] -- Installing: /home/anmol/autonomous_iit/install/tutorial_interfaces/include/tutorial_interfaces/tutorial_interfaces/srv/detail/add_three_ints__builder.hpp
[5.183s] -- Up-to-date: /home/anmol/autonomous_iit/install/tutorial_interfaces/include/tutorial_interfaces/tutorial_interfaces
[5.183s] -- Up-to-date: /home/anmol/autonomous_iit/install/tutorial_interfaces/include/tutorial_interfaces/tutorial_interfaces/msg
[5.183s] -- Up-to-date: /home/anmol/autonomous_iit/install/tutorial_interfaces/include/tutorial_interfaces/tutorial_interfaces/msg/detail
[5.183s] -- Up-to-date: /home/anmol/autonomous_iit/install/tutorial_interfaces/include/tutorial_interfaces/tutorial_interfaces/msg/detail/dds_fastrtps
[5.183s] -- Installing: /home/anmol/autonomous_iit/install/tutorial_interfaces/include/tutorial_interfaces/tutorial_interfaces/msg/detail/sphere__rosidl_typesupport_fastrtps_cpp.hpp
[5.183s] -- Installing: /home/anmol/autonomous_iit/install/tutorial_interfaces/include/tutorial_interfaces/tutorial_interfaces/msg/detail/board__rosidl_typesupport_fastrtps_cpp.hpp
[5.183s] -- Up-to-date: /home/anmol/autonomous_iit/install/tutorial_interfaces/include/tutorial_interfaces/tutorial_interfaces/msg/rosidl_typesupport_fastrtps_cpp__visibility_control.h
[5.183s] -- Up-to-date: /home/anmol/autonomous_iit/install/tutorial_interfaces/include/tutorial_interfaces/tutorial_interfaces/srv
[5.183s] -- Up-to-date: /home/anmol/autonomous_iit/install/tutorial_interfaces/include/tutorial_interfaces/tutorial_interfaces/srv/detail
[5.183s] -- Up-to-date: /home/anmol/autonomous_iit/install/tutorial_interfaces/include/tutorial_interfaces/tutorial_interfaces/srv/detail/dds_fastrtps
[5.183s] -- Installing: /home/anmol/autonomous_iit/install/tutorial_interfaces/include/tutorial_interfaces/tutorial_interfaces/srv/detail/add_three_ints__rosidl_typesupport_fastrtps_cpp.hpp
[5.186s] -- Installing: /home/anmol/autonomous_iit/install/tutorial_interfaces/lib/libtutorial_interfaces__rosidl_typesupport_fastrtps_cpp.so
[5.187s] -- Set runtime path of "/home/anmol/autonomous_iit/install/tutorial_interfaces/lib/libtutorial_interfaces__rosidl_typesupport_fastrtps_cpp.so" to ""
[5.187s] -- Up-to-date: /home/anmol/autonomous_iit/install/tutorial_interfaces/include/tutorial_interfaces/tutorial_interfaces
[5.187s] -- Up-to-date: /home/anmol/autonomous_iit/install/tutorial_interfaces/include/tutorial_interfaces/tutorial_interfaces/msg
[5.187s] -- Up-to-date: /home/anmol/autonomous_iit/install/tutorial_interfaces/include/tutorial_interfaces/tutorial_interfaces/msg/detail
[5.187s] -- Installing: /home/anmol/autonomous_iit/install/tutorial_interfaces/include/tutorial_interfaces/tutorial_interfaces/msg/detail/sphere__type_support.c
[5.187s] -- Installing: /home/anmol/autonomous_iit/install/tutorial_interfaces/include/tutorial_interfaces/tutorial_interfaces/msg/detail/sphere__rosidl_typesupport_introspection_c.h
[5.187s] -- Installing: /home/anmol/autonomous_iit/install/tutorial_interfaces/include/tutorial_interfaces/tutorial_interfaces/msg/detail/board__rosidl_typesupport_introspection_c.h
[5.187s] -- Installing: /home/anmol/autonomous_iit/install/tutorial_interfaces/include/tutorial_interfaces/tutorial_interfaces/msg/detail/board__type_support.c
[5.187s] -- Up-to-date: /home/anmol/autonomous_iit/install/tutorial_interfaces/include/tutorial_interfaces/tutorial_interfaces/msg/rosidl_typesupport_introspection_c__visibility_control.h
[5.188s] -- Up-to-date: /home/anmol/autonomous_iit/install/tutorial_interfaces/include/tutorial_interfaces/tutorial_interfaces/srv
[5.188s] -- Up-to-date: /home/anmol/autonomous_iit/install/tutorial_interfaces/include/tutorial_interfaces/tutorial_interfaces/srv/detail
[5.188s] -- Installing: /home/anmol/autonomous_iit/install/tutorial_interfaces/include/tutorial_interfaces/tutorial_interfaces/srv/detail/add_three_ints__rosidl_typesupport_introspection_c.h
[5.188s] -- Installing: /home/anmol/autonomous_iit/install/tutorial_interfaces/include/tutorial_interfaces/tutorial_interfaces/srv/detail/add_three_ints__type_support.c
[5.188s] -- Installing: /home/anmol/autonomous_iit/install/tutorial_interfaces/lib/libtutorial_interfaces__rosidl_typesupport_introspection_c.so
[5.189s] -- Set runtime path of "/home/anmol/autonomous_iit/install/tutorial_interfaces/lib/libtutorial_interfaces__rosidl_typesupport_introspection_c.so" to ""
[5.189s] -- Installing: /home/anmol/autonomous_iit/install/tutorial_interfaces/lib/libtutorial_interfaces__rosidl_typesupport_c.so
[5.190s] -- Set runtime path of "/home/anmol/autonomous_iit/install/tutorial_interfaces/lib/libtutorial_interfaces__rosidl_typesupport_c.so" to ""
[5.190s] -- Up-to-date: /home/anmol/autonomous_iit/install/tutorial_interfaces/include/tutorial_interfaces/tutorial_interfaces
[5.190s] -- Up-to-date: /home/anmol/autonomous_iit/install/tutorial_interfaces/include/tutorial_interfaces/tutorial_interfaces/msg
[5.190s] -- Up-to-date: /home/anmol/autonomous_iit/install/tutorial_interfaces/include/tutorial_interfaces/tutorial_interfaces/msg/detail
[5.190s] -- Installing: /home/anmol/autonomous_iit/install/tutorial_interfaces/include/tutorial_interfaces/tutorial_interfaces/msg/detail/board__type_support.cpp
[5.190s] -- Installing: /home/anmol/autonomous_iit/install/tutorial_interfaces/include/tutorial_interfaces/tutorial_interfaces/msg/detail/sphere__rosidl_typesupport_introspection_cpp.hpp
[5.191s] -- Installing: /home/anmol/autonomous_iit/install/tutorial_interfaces/include/tutorial_interfaces/tutorial_interfaces/msg/detail/sphere__type_support.cpp
[5.191s] -- Installing: /home/anmol/autonomous_iit/install/tutorial_interfaces/include/tutorial_interfaces/tutorial_interfaces/msg/detail/board__rosidl_typesupport_introspection_cpp.hpp
[5.191s] -- Up-to-date: /home/anmol/autonomous_iit/install/tutorial_interfaces/include/tutorial_interfaces/tutorial_interfaces/srv
[5.191s] -- Up-to-date: /home/anmol/autonomous_iit/install/tutorial_interfaces/include/tutorial_interfaces/tutorial_interfaces/srv/detail
[5.191s] -- Installing: /home/anmol/autonomous_iit/install/tutorial_interfaces/include/tutorial_interfaces/tutorial_interfaces/srv/detail/add_three_ints__type_support.cpp
[5.191s] -- Installing: /home/anmol/autonomous_iit/install/tutorial_interfaces/include/tutorial_interfaces/tutorial_interfaces/srv/detail/add_three_ints__rosidl_typesupport_introspection_cpp.hpp
[5.196s] -- Installing: /home/anmol/autonomous_iit/install/tutorial_interfaces/lib/libtutorial_interfaces__rosidl_typesupport_introspection_cpp.so
[5.196s] -- Set runtime path of "/home/anmol/autonomous_iit/install/tutorial_interfaces/lib/libtutorial_interfaces__rosidl_typesupport_introspection_cpp.so" to ""
[5.198s] -- Installing: /home/anmol/autonomous_iit/install/tutorial_interfaces/lib/libtutorial_interfaces__rosidl_typesupport_cpp.so
[5.198s] -- Set runtime path of "/home/anmol/autonomous_iit/install/tutorial_interfaces/lib/libtutorial_interfaces__rosidl_typesupport_cpp.so" to ""
[5.198s] -- Up-to-date: /home/anmol/autonomous_iit/install/tutorial_interfaces/share/tutorial_interfaces/environment/pythonpath.sh
[5.198s] -- Installing: /home/anmol/autonomous_iit/install/tutorial_interfaces/share/tutorial_interfaces/environment/pythonpath.dsv
[5.199s] -- Up-to-date: /home/anmol/autonomous_iit/install/tutorial_interfaces/local/lib/python3.10/dist-packages/tutorial_interfaces-0.0.0-py3.10.egg-info
[5.199s] -- Installing: /home/anmol/autonomous_iit/install/tutorial_interfaces/local/lib/python3.10/dist-packages/tutorial_interfaces-0.0.0-py3.10.egg-info/dependency_links.txt
[5.199s] -- Installing: /home/anmol/autonomous_iit/install/tutorial_interfaces/local/lib/python3.10/dist-packages/tutorial_interfaces-0.0.0-py3.10.egg-info/SOURCES.txt
[5.199s] -- Installing: /home/anmol/autonomous_iit/install/tutorial_interfaces/local/lib/python3.10/dist-packages/tutorial_interfaces-0.0.0-py3.10.egg-info/PKG-INFO
[5.199s] -- Installing: /home/anmol/autonomous_iit/install/tutorial_interfaces/local/lib/python3.10/dist-packages/tutorial_interfaces-0.0.0-py3.10.egg-info/top_level.txt
[5.199s] -- Up-to-date: /home/anmol/autonomous_iit/install/tutorial_interfaces/local/lib/python3.10/dist-packages/tutorial_interfaces
[5.200s] -- Installing: /home/anmol/autonomous_iit/install/tutorial_interfaces/local/lib/python3.10/dist-packages/tutorial_interfaces/tutorial_interfaces_s__rosidl_typesupport_fastrtps_c.cpython-310-x86_64-linux-gnu.so
[5.200s] -- Installing: /home/anmol/autonomous_iit/install/tutorial_interfaces/local/lib/python3.10/dist-packages/tutorial_interfaces/tutorial_interfaces_s__rosidl_typesupport_introspection_c.cpython-310-x86_64-linux-gnu.so
[5.200s] -- Installing: /home/anmol/autonomous_iit/install/tutorial_interfaces/local/lib/python3.10/dist-packages/tutorial_interfaces/_tutorial_interfaces_s.ep.rosidl_typesupport_fastrtps_c.c
[5.200s] -- Installing: /home/anmol/autonomous_iit/install/tutorial_interfaces/local/lib/python3.10/dist-packages/tutorial_interfaces/__init__.py
[5.200s] -- Installing: /home/anmol/autonomous_iit/install/tutorial_interfaces/local/lib/python3.10/dist-packages/tutorial_interfaces/_tutorial_interfaces_s.ep.rosidl_typesupport_introspection_c.c
[5.201s] -- Installing: /home/anmol/autonomous_iit/install/tutorial_interfaces/local/lib/python3.10/dist-packages/tutorial_interfaces/libtutorial_interfaces__rosidl_generator_py.so
[5.201s] -- Up-to-date: /home/anmol/autonomous_iit/install/tutorial_interfaces/local/lib/python3.10/dist-packages/tutorial_interfaces/msg
[5.201s] -- Installing: /home/anmol/autonomous_iit/install/tutorial_interfaces/local/lib/python3.10/dist-packages/tutorial_interfaces/msg/__init__.py
[5.201s] -- Installing: /home/anmol/autonomous_iit/install/tutorial_interfaces/local/lib/python3.10/dist-packages/tutorial_interfaces/msg/_board.py
[5.201s] -- Installing: /home/anmol/autonomous_iit/install/tutorial_interfaces/local/lib/python3.10/dist-packages/tutorial_interfaces/msg/_sphere_s.c
[5.201s] -- Installing: /home/anmol/autonomous_iit/install/tutorial_interfaces/local/lib/python3.10/dist-packages/tutorial_interfaces/msg/_sphere.py
[5.202s] -- Installing: /home/anmol/autonomous_iit/install/tutorial_interfaces/local/lib/python3.10/dist-packages/tutorial_interfaces/msg/_board_s.c
[5.202s] -- Installing: /home/anmol/autonomous_iit/install/tutorial_interfaces/local/lib/python3.10/dist-packages/tutorial_interfaces/_tutorial_interfaces_s.ep.rosidl_typesupport_c.c
[5.202s] -- Up-to-date: /home/anmol/autonomous_iit/install/tutorial_interfaces/local/lib/python3.10/dist-packages/tutorial_interfaces/srv
[5.202s] -- Installing: /home/anmol/autonomous_iit/install/tutorial_interfaces/local/lib/python3.10/dist-packages/tutorial_interfaces/srv/__init__.py
[5.202s] -- Installing: /home/anmol/autonomous_iit/install/tutorial_interfaces/local/lib/python3.10/dist-packages/tutorial_interfaces/srv/_add_three_ints_s.c
[5.202s] -- Installing: /home/anmol/autonomous_iit/install/tutorial_interfaces/local/lib/python3.10/dist-packages/tutorial_interfaces/srv/_add_three_ints.py
[5.203s] -- Installing: /home/anmol/autonomous_iit/install/tutorial_interfaces/local/lib/python3.10/dist-packages/tutorial_interfaces/tutorial_interfaces_s__rosidl_typesupport_c.cpython-310-x86_64-linux-gnu.so
[5.243s] Listing '/home/anmol/autonomous_iit/install/tutorial_interfaces/local/lib/python3.10/dist-packages/tutorial_interfaces'...
[5.243s] Compiling '/home/anmol/autonomous_iit/install/tutorial_interfaces/local/lib/python3.10/dist-packages/tutorial_interfaces/__init__.py'...
[5.243s] Listing '/home/anmol/autonomous_iit/install/tutorial_interfaces/local/lib/python3.10/dist-packages/tutorial_interfaces/msg'...
[5.243s] Compiling '/home/anmol/autonomous_iit/install/tutorial_interfaces/local/lib/python3.10/dist-packages/tutorial_interfaces/msg/__init__.py'...
[5.243s] Compiling '/home/anmol/autonomous_iit/install/tutorial_interfaces/local/lib/python3.10/dist-packages/tutorial_interfaces/msg/_board.py'...
[5.243s] Compiling '/home/anmol/autonomous_iit/install/tutorial_interfaces/local/lib/python3.10/dist-packages/tutorial_interfaces/msg/_sphere.py'...
[5.243s] Listing '/home/anmol/autonomous_iit/install/tutorial_interfaces/local/lib/python3.10/dist-packages/tutorial_interfaces/srv'...
[5.243s] Compiling '/home/anmol/autonomous_iit/install/tutorial_interfaces/local/lib/python3.10/dist-packages/tutorial_interfaces/srv/__init__.py'...
[5.243s] Compiling '/home/anmol/autonomous_iit/install/tutorial_interfaces/local/lib/python3.10/dist-packages/tutorial_interfaces/srv/_add_three_ints.py'...
[5.248s] -- Installing: /home/anmol/autonomous_iit/install/tutorial_interfaces/local/lib/python3.10/dist-packages/tutorial_interfaces/tutorial_interfaces_s__rosidl_typesupport_fastrtps_c.cpython-310-x86_64-linux-gnu.so
[5.249s] -- Set runtime path of "/home/anmol/autonomous_iit/install/tutorial_interfaces/local/lib/python3.10/dist-packages/tutorial_interfaces/tutorial_interfaces_s__rosidl_typesupport_fastrtps_c.cpython-310-x86_64-linux-gnu.so" to ""
[5.249s] -- Installing: /home/anmol/autonomous_iit/install/tutorial_interfaces/local/lib/python3.10/dist-packages/tutorial_interfaces/tutorial_interfaces_s__rosidl_typesupport_introspection_c.cpython-310-x86_64-linux-gnu.so
[5.249s] -- Set runtime path of "/home/anmol/autonomous_iit/install/tutorial_interfaces/local/lib/python3.10/dist-packages/tutorial_interfaces/tutorial_interfaces_s__rosidl_typesupport_introspection_c.cpython-310-x86_64-linux-gnu.so" to ""
[5.250s] -- Installing: /home/anmol/autonomous_iit/install/tutorial_interfaces/local/lib/python3.10/dist-packages/tutorial_interfaces/tutorial_interfaces_s__rosidl_typesupport_c.cpython-310-x86_64-linux-gnu.so
[5.250s] -- Set runtime path of "/home/anmol/autonomous_iit/install/tutorial_interfaces/local/lib/python3.10/dist-packages/tutorial_interfaces/tutorial_interfaces_s__rosidl_typesupport_c.cpython-310-x86_64-linux-gnu.so" to ""
[5.250s] -- Installing: /home/anmol/autonomous_iit/install/tutorial_interfaces/lib/libtutorial_interfaces__rosidl_generator_py.so
[5.251s] -- Set runtime path of "/home/anmol/autonomous_iit/install/tutorial_interfaces/lib/libtutorial_interfaces__rosidl_generator_py.so" to ""
[5.251s] -- Installing: /home/anmol/autonomous_iit/install/tutorial_interfaces/share/tutorial_interfaces/msg/Board.idl
[5.251s] -- Up-to-date: /home/anmol/autonomous_iit/install/tutorial_interfaces/share/tutorial_interfaces/msg/Sphere.idl
[5.251s] -- Up-to-date: /home/anmol/autonomous_iit/install/tutorial_interfaces/share/tutorial_interfaces/srv/AddThreeInts.idl
[5.251s] -- Installing: /home/anmol/autonomous_iit/install/tutorial_interfaces/share/tutorial_interfaces/msg/Board.msg
[5.251s] -- Up-to-date: /home/anmol/autonomous_iit/install/tutorial_interfaces/share/tutorial_interfaces/msg/Sphere.msg
[5.251s] -- Up-to-date: /home/anmol/autonomous_iit/install/tutorial_interfaces/share/tutorial_interfaces/srv/AddThreeInts.srv
[5.252s] -- Up-to-date: /home/anmol/autonomous_iit/install/tutorial_interfaces/share/tutorial_interfaces/srv/AddThreeInts_Request.msg
[5.252s] -- Up-to-date: /home/anmol/autonomous_iit/install/tutorial_interfaces/share/tutorial_interfaces/srv/AddThreeInts_Response.msg
[5.252s] -- Up-to-date: /home/anmol/autonomous_iit/install/tutorial_interfaces/share/ament_index/resource_index/package_run_dependencies/tutorial_interfaces
[5.252s] -- Installing: /home/anmol/autonomous_iit/install/tutorial_interfaces/share/ament_index/resource_index/parent_prefix_path/tutorial_interfaces
[5.252s] -- Up-to-date: /home/anmol/autonomous_iit/install/tutorial_interfaces/share/tutorial_interfaces/environment/ament_prefix_path.sh
[5.252s] -- Installing: /home/anmol/autonomous_iit/install/tutorial_interfaces/share/tutorial_interfaces/environment/ament_prefix_path.dsv
[5.252s] -- Up-to-date: /home/anmol/autonomous_iit/install/tutorial_interfaces/share/tutorial_interfaces/environment/path.sh
[5.252s] -- Installing: /home/anmol/autonomous_iit/install/tutorial_interfaces/share/tutorial_interfaces/environment/path.dsv
[5.252s] -- Up-to-date: /home/anmol/autonomous_iit/install/tutorial_interfaces/share/tutorial_interfaces/local_setup.bash
[5.252s] -- Up-to-date: /home/anmol/autonomous_iit/install/tutorial_interfaces/share/tutorial_interfaces/local_setup.sh
[5.252s] -- Up-to-date: /home/anmol/autonomous_iit/install/tutorial_interfaces/share/tutorial_interfaces/local_setup.zsh
[5.252s] -- Installing: /home/anmol/autonomous_iit/install/tutorial_interfaces/share/tutorial_interfaces/local_setup.dsv
[5.253s] -- Installing: /home/anmol/autonomous_iit/install/tutorial_interfaces/share/tutorial_interfaces/package.dsv
[5.253s] -- Up-to-date: /home/anmol/autonomous_iit/install/tutorial_interfaces/share/ament_index/resource_index/packages/tutorial_interfaces
[5.253s] -- Up-to-date: /home/anmol/autonomous_iit/install/tutorial_interfaces/share/tutorial_interfaces/cmake/export_tutorial_interfaces__rosidl_generator_cExport.cmake
[5.253s] -- Up-to-date: /home/anmol/autonomous_iit/install/tutorial_interfaces/share/tutorial_interfaces/cmake/export_tutorial_interfaces__rosidl_generator_cExport-noconfig.cmake
[5.253s] -- Up-to-date: /home/anmol/autonomous_iit/install/tutorial_interfaces/share/tutorial_interfaces/cmake/export_tutorial_interfaces__rosidl_typesupport_fastrtps_cExport.cmake
[5.254s] -- Up-to-date: /home/anmol/autonomous_iit/install/tutorial_interfaces/share/tutorial_interfaces/cmake/export_tutorial_interfaces__rosidl_typesupport_fastrtps_cExport-noconfig.cmake
[5.254s] -- Up-to-date: /home/anmol/autonomous_iit/install/tutorial_interfaces/share/tutorial_interfaces/cmake/export_tutorial_interfaces__rosidl_generator_cppExport.cmake
[5.254s] -- Up-to-date: /home/anmol/autonomous_iit/install/tutorial_interfaces/share/tutorial_interfaces/cmake/export_tutorial_interfaces__rosidl_typesupport_fastrtps_cppExport.cmake
[5.254s] -- Up-to-date: /home/anmol/autonomous_iit/install/tutorial_interfaces/share/tutorial_interfaces/cmake/export_tutorial_interfaces__rosidl_typesupport_fastrtps_cppExport-noconfig.cmake
[5.254s] -- Up-to-date: /home/anmol/autonomous_iit/install/tutorial_interfaces/share/tutorial_interfaces/cmake/tutorial_interfaces__rosidl_typesupport_introspection_cExport.cmake
[5.254s] -- Up-to-date: /home/anmol/autonomous_iit/install/tutorial_interfaces/share/tutorial_interfaces/cmake/tutorial_interfaces__rosidl_typesupport_introspection_cExport-noconfig.cmake
[5.255s] -- Up-to-date: /home/anmol/autonomous_iit/install/tutorial_interfaces/share/tutorial_interfaces/cmake/tutorial_interfaces__rosidl_typesupport_cExport.cmake
[5.255s] -- Up-to-date: /home/anmol/autonomous_iit/install/tutorial_interfaces/share/tutorial_interfaces/cmake/tutorial_interfaces__rosidl_typesupport_cExport-noconfig.cmake
[5.255s] -- Up-to-date: /home/anmol/autonomous_iit/install/tutorial_interfaces/share/tutorial_interfaces/cmake/tutorial_interfaces__rosidl_typesupport_introspection_cppExport.cmake
[5.255s] -- Up-to-date: /home/anmol/autonomous_iit/install/tutorial_interfaces/share/tutorial_interfaces/cmake/tutorial_interfaces__rosidl_typesupport_introspection_cppExport-noconfig.cmake
[5.255s] -- Up-to-date: /home/anmol/autonomous_iit/install/tutorial_interfaces/share/tutorial_interfaces/cmake/tutorial_interfaces__rosidl_typesupport_cppExport.cmake
[5.255s] -- Up-to-date: /home/anmol/autonomous_iit/install/tutorial_interfaces/share/tutorial_interfaces/cmake/tutorial_interfaces__rosidl_typesupport_cppExport-noconfig.cmake
[5.256s] -- Up-to-date: /home/anmol/autonomous_iit/install/tutorial_interfaces/share/tutorial_interfaces/cmake/export_tutorial_interfaces__rosidl_generator_pyExport.cmake
[5.256s] -- Up-to-date: /home/anmol/autonomous_iit/install/tutorial_interfaces/share/tutorial_interfaces/cmake/export_tutorial_interfaces__rosidl_generator_pyExport-noconfig.cmake
[5.256s] -- Up-to-date: /home/anmol/autonomous_iit/install/tutorial_interfaces/share/tutorial_interfaces/cmake/rosidl_cmake-extras.cmake
[5.256s] -- Up-to-date: /home/anmol/autonomous_iit/install/tutorial_interfaces/share/tutorial_interfaces/cmake/ament_cmake_export_dependencies-extras.cmake
[5.256s] -- Up-to-date: /home/anmol/autonomous_iit/install/tutorial_interfaces/share/tutorial_interfaces/cmake/ament_cmake_export_include_directories-extras.cmake
[5.256s] -- Up-to-date: /home/anmol/autonomous_iit/install/tutorial_interfaces/share/tutorial_interfaces/cmake/ament_cmake_export_libraries-extras.cmake
[5.256s] -- Up-to-date: /home/anmol/autonomous_iit/install/tutorial_interfaces/share/tutorial_interfaces/cmake/ament_cmake_export_targets-extras.cmake
[5.256s] -- Up-to-date: /home/anmol/autonomous_iit/install/tutorial_interfaces/share/tutorial_interfaces/cmake/rosidl_cmake_export_typesupport_targets-extras.cmake
[5.256s] -- Up-to-date: /home/anmol/autonomous_iit/install/tutorial_interfaces/share/tutorial_interfaces/cmake/rosidl_cmake_export_typesupport_libraries-extras.cmake
[5.256s] -- Up-to-date: /home/anmol/autonomous_iit/install/tutorial_interfaces/share/tutorial_interfaces/cmake/tutorial_interfacesConfig.cmake
[5.256s] -- Up-to-date: /home/anmol/autonomous_iit/install/tutorial_interfaces/share/tutorial_interfaces/cmake/tutorial_interfacesConfig-version.cmake
[5.257s] -- Up-to-date: /home/anmol/autonomous_iit/install/tutorial_interfaces/share/tutorial_interfaces/package.xml
[5.260s] Invoked command in '/home/anmol/autonomous_iit/build/tutorial_interfaces' returned '0': CMAKE_PREFIX_PATH=${CMAKE_PREFIX_PATH}:/home/anmol/autonomous_iit/install/autonomous_mode:/home/anmol/ws_offboard_control/install/manual_key_control:/opt/ros/humble /usr/bin/cmake --install /home/anmol/autonomous_iit/build/tutorial_interfaces
