[1.261s] Invoking command in '/home/anmol/autonomous_iit/build/tutorial_interfaces': CMAKE_PREFIX_PATH=${CMAKE_PREFIX_PATH}:/home/anmol/autonomous_iit/install/autonomous_mode:/home/anmol/ws_offboard_control/install/manual_key_control:/opt/ros/humble /usr/bin/cmake --build /home/anmol/autonomous_iit/build/tutorial_interfaces -- -j12 -l12
[1.397s] [35m[1mConsolidate compiler generated dependencies of target tutorial_interfaces__rosidl_generator_c[0m
[1.432s] [  2%] Built target tutorial_interfaces__cpp
[1.451s] [ 12%] Built target tutorial_interfaces__rosidl_generator_c
[1.484s] [ 12%] Built target ament_cmake_python_copy_tutorial_interfaces
[1.490s] [35m[1mConsolidate compiler generated dependencies of target tutorial_interfaces__rosidl_typesupport_introspection_cpp[0m
[1.498s] [35m[1mConsolidate compiler generated dependencies of target tutorial_interfaces__rosidl_typesupport_fastrtps_cpp[0m
[1.501s] [35m[1mConsolidate compiler generated dependencies of target tutorial_interfaces__rosidl_typesupport_cpp[0m
[1.523s] [35m[1mConsolidate compiler generated dependencies of target tutorial_interfaces__rosidl_typesupport_introspection_c[0m
[1.523s] [35m[1mConsolidate compiler generated dependencies of target tutorial_interfaces__rosidl_typesupport_c[0m
[1.539s] [35m[1mConsolidate compiler generated dependencies of target tutorial_interfaces__rosidl_typesupport_fastrtps_c[0m
[1.567s] [ 23%] Built target tutorial_interfaces__rosidl_typesupport_introspection_cpp
[1.579s] [ 34%] Built target tutorial_interfaces__rosidl_typesupport_cpp
[1.581s] [ 44%] Built target tutorial_interfaces__rosidl_typesupport_c
[1.585s] [ 55%] Built target tutorial_interfaces__rosidl_typesupport_fastrtps_cpp
[1.588s] [ 65%] Built target tutorial_interfaces__rosidl_typesupport_introspection_c
[1.617s] [ 76%] Built target tutorial_interfaces__rosidl_typesupport_fastrtps_c
[1.702s] [ 76%] Built target tutorial_interfaces
[1.795s] [ 78%] Built target tutorial_interfaces__py
[1.879s] [35m[1mConsolidate compiler generated dependencies of target tutorial_interfaces__rosidl_generator_py[0m
[1.972s] [ 87%] Built target tutorial_interfaces__rosidl_generator_py
[2.046s] [35m[1mConsolidate compiler generated dependencies of target tutorial_interfaces__rosidl_typesupport_fastrtps_c__pyext[0m
[2.062s] [35m[1mConsolidate compiler generated dependencies of target tutorial_interfaces__rosidl_typesupport_introspection_c__pyext[0m
[2.074s] [35m[1mConsolidate compiler generated dependencies of target tutorial_interfaces__rosidl_typesupport_c__pyext[0m
[2.128s] [ 91%] Built target tutorial_interfaces__rosidl_typesupport_introspection_c__pyext
[2.131s] [ 95%] Built target tutorial_interfaces__rosidl_typesupport_c__pyext
[2.133s] [100%] Built target tutorial_interfaces__rosidl_typesupport_fastrtps_c__pyext
[2.359s] running egg_info
[2.361s] writing tutorial_interfaces.egg-info/PKG-INFO
[2.362s] writing dependency_links to tutorial_interfaces.egg-info/dependency_links.txt
[2.363s] writing top-level names to tutorial_interfaces.egg-info/top_level.txt
[2.367s] reading manifest file 'tutorial_interfaces.egg-info/SOURCES.txt'
[2.368s] writing manifest file 'tutorial_interfaces.egg-info/SOURCES.txt'
[2.435s] [100%] Built target ament_cmake_python_build_tutorial_interfaces_egg
