[1.474s] DEBUG:colcon:Command line arguments: ['/usr/bin/colcon', 'build', '--packages-select', 'autonomous_mode']
[1.474s] DEBUG:colcon:Parsed command line arguments: Namespace(log_base=None, log_level=None, verb_name='build', build_base='build', install_base='install', merge_install=False, symlink_install=False, test_result_base=None, continue_on_error=False, executor='parallel', parallel_workers=12, event_handlers=None, ignore_user_meta=False, metas=['./colcon.meta'], base_paths=['.'], packages_ignore=None, packages_ignore_regex=None, paths=None, packages_up_to=None, packages_up_to_regex=None, packages_above=None, packages_above_and_dependencies=None, packages_above_depth=None, packages_select_by_dep=None, packages_skip_by_dep=None, packages_skip_up_to=None, packages_select_build_failed=False, packages_skip_build_finished=False, packages_select_test_failures=False, packages_skip_test_passed=False, packages_select=['autonomous_mode'], packages_skip=None, packages_select_regex=None, packages_skip_regex=None, packages_start=None, packages_end=None, allow_overriding=[], cmake_args=None, cmake_target=None, cmake_target_skip_unavailable=False, cmake_clean_cache=False, cmake_clean_first=False, cmake_force_configure=False, ament_cmake_args=None, catkin_cmake_args=None, catkin_skip_building_tests=False, verb_parser=<colcon_defaults.argument_parser.defaults.DefaultArgumentsDecorator object at 0x7fd0c1a78c40>, verb_extension=<colcon_core.verb.build.BuildVerb object at 0x7fd0c1a787f0>, main=<bound method BuildVerb.main of <colcon_core.verb.build.BuildVerb object at 0x7fd0c1a787f0>>)
[1.540s] Level 1:colcon.colcon_core.package_discovery:discover_packages(colcon_meta) check parameters
[1.540s] Level 1:colcon.colcon_core.package_discovery:discover_packages(recursive) check parameters
[1.540s] Level 1:colcon.colcon_core.package_discovery:discover_packages(ignore) check parameters
[1.540s] Level 1:colcon.colcon_core.package_discovery:discover_packages(path) check parameters
[1.540s] Level 1:colcon.colcon_core.package_discovery:discover_packages(colcon_meta) discover
[1.540s] Level 1:colcon.colcon_core.package_discovery:discover_packages(recursive) discover
[1.540s] INFO:colcon.colcon_core.package_discovery:Crawling recursively for packages in '/home/anmol/autonomous_iit'
[1.540s] Level 1:colcon.colcon_core.package_identification:_identify(.) by extensions ['ignore', 'ignore_ament_install']
[1.541s] Level 1:colcon.colcon_core.package_identification:_identify(.) by extension 'ignore'
[1.541s] Level 1:colcon.colcon_core.package_identification:_identify(.) by extension 'ignore_ament_install'
[1.541s] Level 1:colcon.colcon_core.package_identification:_identify(.) by extensions ['colcon_pkg']
[1.541s] Level 1:colcon.colcon_core.package_identification:_identify(.) by extension 'colcon_pkg'
[1.541s] Level 1:colcon.colcon_core.package_identification:_identify(.) by extensions ['colcon_meta']
[1.541s] Level 1:colcon.colcon_core.package_identification:_identify(.) by extension 'colcon_meta'
[1.541s] Level 1:colcon.colcon_core.package_identification:_identify(.) by extensions ['ros']
[1.541s] Level 1:colcon.colcon_core.package_identification:_identify(.) by extension 'ros'
[1.556s] Level 1:colcon.colcon_core.package_identification:_identify(.) by extensions ['cmake', 'python']
[1.556s] Level 1:colcon.colcon_core.package_identification:_identify(.) by extension 'cmake'
[1.556s] Level 1:colcon.colcon_core.package_identification:_identify(.) by extension 'python'
[1.556s] Level 1:colcon.colcon_core.package_identification:_identify(.) by extensions ['python_setup_py']
[1.556s] Level 1:colcon.colcon_core.package_identification:_identify(.) by extension 'python_setup_py'
[1.556s] Level 1:colcon.colcon_core.package_identification:_identify(build) by extensions ['ignore', 'ignore_ament_install']
[1.556s] Level 1:colcon.colcon_core.package_identification:_identify(build) by extension 'ignore'
[1.556s] Level 1:colcon.colcon_core.package_identification:_identify(build) ignored
[1.556s] Level 1:colcon.colcon_core.package_identification:_identify(install) by extensions ['ignore', 'ignore_ament_install']
[1.557s] Level 1:colcon.colcon_core.package_identification:_identify(install) by extension 'ignore'
[1.557s] Level 1:colcon.colcon_core.package_identification:_identify(install) ignored
[1.557s] Level 1:colcon.colcon_core.package_identification:_identify(log) by extensions ['ignore', 'ignore_ament_install']
[1.558s] Level 1:colcon.colcon_core.package_identification:_identify(log) by extension 'ignore'
[1.558s] Level 1:colcon.colcon_core.package_identification:_identify(log) ignored
[1.558s] Level 1:colcon.colcon_core.package_identification:_identify(src) by extensions ['ignore', 'ignore_ament_install']
[1.558s] Level 1:colcon.colcon_core.package_identification:_identify(src) by extension 'ignore'
[1.558s] Level 1:colcon.colcon_core.package_identification:_identify(src) by extension 'ignore_ament_install'
[1.558s] Level 1:colcon.colcon_core.package_identification:_identify(src) by extensions ['colcon_pkg']
[1.558s] Level 1:colcon.colcon_core.package_identification:_identify(src) by extension 'colcon_pkg'
[1.558s] Level 1:colcon.colcon_core.package_identification:_identify(src) by extensions ['colcon_meta']
[1.558s] Level 1:colcon.colcon_core.package_identification:_identify(src) by extension 'colcon_meta'
[1.558s] Level 1:colcon.colcon_core.package_identification:_identify(src) by extensions ['ros']
[1.558s] Level 1:colcon.colcon_core.package_identification:_identify(src) by extension 'ros'
[1.558s] Level 1:colcon.colcon_core.package_identification:_identify(src) by extensions ['cmake', 'python']
[1.558s] Level 1:colcon.colcon_core.package_identification:_identify(src) by extension 'cmake'
[1.558s] Level 1:colcon.colcon_core.package_identification:_identify(src) by extension 'python'
[1.558s] Level 1:colcon.colcon_core.package_identification:_identify(src) by extensions ['python_setup_py']
[1.558s] Level 1:colcon.colcon_core.package_identification:_identify(src) by extension 'python_setup_py'
[1.559s] Level 1:colcon.colcon_core.package_identification:_identify(src/action_commands) by extensions ['ignore', 'ignore_ament_install']
[1.559s] Level 1:colcon.colcon_core.package_identification:_identify(src/action_commands) by extension 'ignore'
[1.559s] Level 1:colcon.colcon_core.package_identification:_identify(src/action_commands) by extension 'ignore_ament_install'
[1.559s] Level 1:colcon.colcon_core.package_identification:_identify(src/action_commands) by extensions ['colcon_pkg']
[1.559s] Level 1:colcon.colcon_core.package_identification:_identify(src/action_commands) by extension 'colcon_pkg'
[1.559s] Level 1:colcon.colcon_core.package_identification:_identify(src/action_commands) by extensions ['colcon_meta']
[1.559s] Level 1:colcon.colcon_core.package_identification:_identify(src/action_commands) by extension 'colcon_meta'
[1.559s] Level 1:colcon.colcon_core.package_identification:_identify(src/action_commands) by extensions ['ros']
[1.559s] Level 1:colcon.colcon_core.package_identification:_identify(src/action_commands) by extension 'ros'
[1.562s] DEBUG:colcon.colcon_core.package_identification:Package 'src/action_commands' with type 'ros.ament_cmake' and name 'action_commands'
[1.562s] Level 1:colcon.colcon_core.package_identification:_identify(src/autonomous_mode) by extensions ['ignore', 'ignore_ament_install']
[1.562s] Level 1:colcon.colcon_core.package_identification:_identify(src/autonomous_mode) by extension 'ignore'
[1.562s] Level 1:colcon.colcon_core.package_identification:_identify(src/autonomous_mode) by extension 'ignore_ament_install'
[1.562s] Level 1:colcon.colcon_core.package_identification:_identify(src/autonomous_mode) by extensions ['colcon_pkg']
[1.563s] Level 1:colcon.colcon_core.package_identification:_identify(src/autonomous_mode) by extension 'colcon_pkg'
[1.563s] Level 1:colcon.colcon_core.package_identification:_identify(src/autonomous_mode) by extensions ['colcon_meta']
[1.563s] Level 1:colcon.colcon_core.package_identification:_identify(src/autonomous_mode) by extension 'colcon_meta'
[1.563s] Level 1:colcon.colcon_core.package_identification:_identify(src/autonomous_mode) by extensions ['ros']
[1.563s] Level 1:colcon.colcon_core.package_identification:_identify(src/autonomous_mode) by extension 'ros'
[1.563s] DEBUG:colcon.colcon_core.package_identification:Package 'src/autonomous_mode' with type 'ros.ament_python' and name 'autonomous_mode'
[1.564s] Level 1:colcon.colcon_core.package_identification:_identify(src/px4_msgs) by extensions ['ignore', 'ignore_ament_install']
[1.564s] Level 1:colcon.colcon_core.package_identification:_identify(src/px4_msgs) by extension 'ignore'
[1.564s] Level 1:colcon.colcon_core.package_identification:_identify(src/px4_msgs) by extension 'ignore_ament_install'
[1.564s] Level 1:colcon.colcon_core.package_identification:_identify(src/px4_msgs) by extensions ['colcon_pkg']
[1.564s] Level 1:colcon.colcon_core.package_identification:_identify(src/px4_msgs) by extension 'colcon_pkg'
[1.564s] Level 1:colcon.colcon_core.package_identification:_identify(src/px4_msgs) by extensions ['colcon_meta']
[1.564s] Level 1:colcon.colcon_core.package_identification:_identify(src/px4_msgs) by extension 'colcon_meta'
[1.564s] Level 1:colcon.colcon_core.package_identification:_identify(src/px4_msgs) by extensions ['ros']
[1.564s] Level 1:colcon.colcon_core.package_identification:_identify(src/px4_msgs) by extension 'ros'
[1.565s] DEBUG:colcon.colcon_core.package_identification:Package 'src/px4_msgs' with type 'ros.ament_cmake' and name 'px4_msgs'
[1.565s] Level 1:colcon.colcon_core.package_identification:_identify(src/px4_ros_com) by extensions ['ignore', 'ignore_ament_install']
[1.565s] Level 1:colcon.colcon_core.package_identification:_identify(src/px4_ros_com) by extension 'ignore'
[1.565s] Level 1:colcon.colcon_core.package_identification:_identify(src/px4_ros_com) by extension 'ignore_ament_install'
[1.565s] Level 1:colcon.colcon_core.package_identification:_identify(src/px4_ros_com) by extensions ['colcon_pkg']
[1.566s] Level 1:colcon.colcon_core.package_identification:_identify(src/px4_ros_com) by extension 'colcon_pkg'
[1.566s] Level 1:colcon.colcon_core.package_identification:_identify(src/px4_ros_com) by extensions ['colcon_meta']
[1.566s] Level 1:colcon.colcon_core.package_identification:_identify(src/px4_ros_com) by extension 'colcon_meta'
[1.566s] Level 1:colcon.colcon_core.package_identification:_identify(src/px4_ros_com) by extensions ['ros']
[1.566s] Level 1:colcon.colcon_core.package_identification:_identify(src/px4_ros_com) by extension 'ros'
[1.567s] DEBUG:colcon.colcon_core.package_identification:Package 'src/px4_ros_com' with type 'ros.ament_cmake' and name 'px4_ros_com'
[1.568s] Level 1:colcon.colcon_core.package_identification:_identify(src/tutorial_interfaces) by extensions ['ignore', 'ignore_ament_install']
[1.568s] Level 1:colcon.colcon_core.package_identification:_identify(src/tutorial_interfaces) by extension 'ignore'
[1.568s] Level 1:colcon.colcon_core.package_identification:_identify(src/tutorial_interfaces) by extension 'ignore_ament_install'
[1.568s] Level 1:colcon.colcon_core.package_identification:_identify(src/tutorial_interfaces) by extensions ['colcon_pkg']
[1.568s] Level 1:colcon.colcon_core.package_identification:_identify(src/tutorial_interfaces) by extension 'colcon_pkg'
[1.568s] Level 1:colcon.colcon_core.package_identification:_identify(src/tutorial_interfaces) by extensions ['colcon_meta']
[1.568s] Level 1:colcon.colcon_core.package_identification:_identify(src/tutorial_interfaces) by extension 'colcon_meta'
[1.568s] Level 1:colcon.colcon_core.package_identification:_identify(src/tutorial_interfaces) by extensions ['ros']
[1.568s] Level 1:colcon.colcon_core.package_identification:_identify(src/tutorial_interfaces) by extension 'ros'
[1.569s] DEBUG:colcon.colcon_core.package_identification:Package 'src/tutorial_interfaces' with type 'ros.ament_cmake' and name 'tutorial_interfaces'
[1.569s] Level 1:colcon.colcon_core.package_discovery:discover_packages(recursive) using defaults
[1.569s] Level 1:colcon.colcon_core.package_discovery:discover_packages(ignore) discover
[1.569s] Level 1:colcon.colcon_core.package_discovery:discover_packages(ignore) using defaults
[1.569s] Level 1:colcon.colcon_core.package_discovery:discover_packages(path) discover
[1.569s] Level 1:colcon.colcon_core.package_discovery:discover_packages(path) using defaults
[1.663s] INFO:colcon.colcon_core.package_selection:Skipping not selected package 'action_commands' in 'src/action_commands'
[1.663s] INFO:colcon.colcon_core.package_selection:Skipping not selected package 'px4_msgs' in 'src/px4_msgs'
[1.663s] INFO:colcon.colcon_core.package_selection:Skipping not selected package 'tutorial_interfaces' in 'src/tutorial_interfaces'
[1.663s] INFO:colcon.colcon_core.package_selection:Skipping not selected package 'px4_ros_com' in 'src/px4_ros_com'
[1.706s] Level 1:colcon.colcon_core.package_discovery:discover_packages(prefix_path) check parameters
[1.707s] Level 1:colcon.colcon_core.package_discovery:discover_packages(prefix_path) discover
[1.751s] DEBUG:colcon.colcon_installed_package_information.package_discovery:Found 5 installed packages in /home/anmol/autonomous_iit/install
[1.774s] DEBUG:colcon.colcon_installed_package_information.package_discovery:Found 5 installed packages in /home/anmol/nav2_tutorials/install
[1.797s] DEBUG:colcon.colcon_installed_package_information.package_discovery:Found 7 installed packages in /home/anmol/ws_offboard_control/install
[1.841s] DEBUG:colcon.colcon_installed_package_information.package_discovery:Found 341 installed packages in /opt/ros/humble
[1.843s] Level 1:colcon.colcon_core.package_discovery:discover_packages(prefix_path) using defaults
[1.983s] Level 5:colcon.colcon_core.verb:set package 'autonomous_mode' build argument 'cmake_args' from command line to 'None'
[1.983s] Level 5:colcon.colcon_core.verb:set package 'autonomous_mode' build argument 'cmake_target' from command line to 'None'
[1.983s] Level 5:colcon.colcon_core.verb:set package 'autonomous_mode' build argument 'cmake_target_skip_unavailable' from command line to 'False'
[1.983s] Level 5:colcon.colcon_core.verb:set package 'autonomous_mode' build argument 'cmake_clean_cache' from command line to 'False'
[1.983s] Level 5:colcon.colcon_core.verb:set package 'autonomous_mode' build argument 'cmake_clean_first' from command line to 'False'
[1.983s] Level 5:colcon.colcon_core.verb:set package 'autonomous_mode' build argument 'cmake_force_configure' from command line to 'False'
[1.983s] Level 5:colcon.colcon_core.verb:set package 'autonomous_mode' build argument 'ament_cmake_args' from command line to 'None'
[1.983s] Level 5:colcon.colcon_core.verb:set package 'autonomous_mode' build argument 'catkin_cmake_args' from command line to 'None'
[1.983s] Level 5:colcon.colcon_core.verb:set package 'autonomous_mode' build argument 'catkin_skip_building_tests' from command line to 'False'
[1.983s] DEBUG:colcon.colcon_core.verb:Building package 'autonomous_mode' with the following arguments: {'ament_cmake_args': None, 'build_base': '/home/anmol/autonomous_iit/build/autonomous_mode', 'catkin_cmake_args': None, 'catkin_skip_building_tests': False, 'cmake_args': None, 'cmake_clean_cache': False, 'cmake_clean_first': False, 'cmake_force_configure': False, 'cmake_target': None, 'cmake_target_skip_unavailable': False, 'install_base': '/home/anmol/autonomous_iit/install/autonomous_mode', 'merge_install': False, 'path': '/home/anmol/autonomous_iit/src/autonomous_mode', 'symlink_install': False, 'test_result_base': None}
[2.005s] INFO:colcon.colcon_core.executor:Executing jobs using 'parallel' executor
[2.028s] DEBUG:colcon.colcon_parallel_executor.executor.parallel:run_until_complete
[2.029s] INFO:colcon.colcon_ros.task.ament_python.build:Building ROS package in '/home/anmol/autonomous_iit/src/autonomous_mode' with build type 'ament_python'
[2.029s] Level 1:colcon.colcon_core.shell:create_environment_hook('autonomous_mode', 'ament_prefix_path')
[2.053s] INFO:colcon.colcon_core.plugin_system:Skipping extension 'colcon_core.shell.bat': Not used on non-Windows systems
[2.053s] INFO:colcon.colcon_core.shell:Creating environment hook '/home/anmol/autonomous_iit/install/autonomous_mode/share/autonomous_mode/hook/ament_prefix_path.ps1'
[2.054s] INFO:colcon.colcon_core.shell:Creating environment descriptor '/home/anmol/autonomous_iit/install/autonomous_mode/share/autonomous_mode/hook/ament_prefix_path.dsv'
[2.054s] INFO:colcon.colcon_core.shell:Creating environment hook '/home/anmol/autonomous_iit/install/autonomous_mode/share/autonomous_mode/hook/ament_prefix_path.sh'
[2.077s] INFO:colcon.colcon_core.shell:Skip shell extension 'powershell' for command environment: Not usable outside of PowerShell
[2.077s] DEBUG:colcon.colcon_core.shell:Skip shell extension 'dsv' for command environment
[2.599s] INFO:colcon.colcon_core.task.python.build:Building Python package in '/home/anmol/autonomous_iit/src/autonomous_mode'
[2.621s] INFO:colcon.colcon_core.shell:Skip shell extension 'powershell' for command environment: Not usable outside of PowerShell
[2.621s] DEBUG:colcon.colcon_core.shell:Skip shell extension 'dsv' for command environment
[3.198s] DEBUG:colcon.colcon_core.event_handler.log_command:Invoking command in '/home/anmol/autonomous_iit/src/autonomous_mode': PYTHONPATH=/home/anmol/autonomous_iit/build/autonomous_mode/prefix_override:/home/anmol/autonomous_iit/install/autonomous_mode/lib/python3.10/site-packages:${PYTHONPATH} /usr/bin/python3 setup.py egg_info --egg-base ../../build/autonomous_mode build --build-base /home/anmol/autonomous_iit/build/autonomous_mode/build install --record /home/anmol/autonomous_iit/build/autonomous_mode/install.log --single-version-externally-managed
[3.632s] DEBUG:colcon.colcon_core.event_handler.log_command:Invoked command in '/home/anmol/autonomous_iit/src/autonomous_mode' returned '0': PYTHONPATH=/home/anmol/autonomous_iit/build/autonomous_mode/prefix_override:/home/anmol/autonomous_iit/install/autonomous_mode/lib/python3.10/site-packages:${PYTHONPATH} /usr/bin/python3 setup.py egg_info --egg-base ../../build/autonomous_mode build --build-base /home/anmol/autonomous_iit/build/autonomous_mode/build install --record /home/anmol/autonomous_iit/build/autonomous_mode/install.log --single-version-externally-managed
[3.659s] Level 1:colcon.colcon_core.environment:checking '/home/anmol/autonomous_iit/install/autonomous_mode' for CMake module files
[3.659s] Level 1:colcon.colcon_core.environment:checking '/home/anmol/autonomous_iit/install/autonomous_mode' for CMake config files
[3.661s] Level 1:colcon.colcon_core.environment:checking '/home/anmol/autonomous_iit/install/autonomous_mode/lib'
[3.661s] Level 1:colcon.colcon_core.environment:checking '/home/anmol/autonomous_iit/install/autonomous_mode/bin'
[3.661s] Level 1:colcon.colcon_core.environment:checking '/home/anmol/autonomous_iit/install/autonomous_mode/lib/pkgconfig/autonomous_mode.pc'
[3.662s] Level 1:colcon.colcon_core.environment:checking '/home/anmol/autonomous_iit/install/autonomous_mode/lib/python3.10/site-packages'
[3.662s] Level 1:colcon.colcon_core.shell:create_environment_hook('autonomous_mode', 'pythonpath')
[3.686s] INFO:colcon.colcon_core.shell:Creating environment hook '/home/anmol/autonomous_iit/install/autonomous_mode/share/autonomous_mode/hook/pythonpath.ps1'
[3.687s] INFO:colcon.colcon_core.shell:Creating environment descriptor '/home/anmol/autonomous_iit/install/autonomous_mode/share/autonomous_mode/hook/pythonpath.dsv'
[3.688s] INFO:colcon.colcon_core.shell:Creating environment hook '/home/anmol/autonomous_iit/install/autonomous_mode/share/autonomous_mode/hook/pythonpath.sh'
[3.688s] Level 1:colcon.colcon_core.environment:checking '/home/anmol/autonomous_iit/install/autonomous_mode/bin'
[3.689s] Level 1:colcon.colcon_core.environment:create_environment_scripts_only(autonomous_mode)
[3.711s] INFO:colcon.colcon_core.shell:Creating package script '/home/anmol/autonomous_iit/install/autonomous_mode/share/autonomous_mode/package.ps1'
[3.712s] INFO:colcon.colcon_core.shell:Creating package descriptor '/home/anmol/autonomous_iit/install/autonomous_mode/share/autonomous_mode/package.dsv'
[3.713s] INFO:colcon.colcon_core.shell:Creating package script '/home/anmol/autonomous_iit/install/autonomous_mode/share/autonomous_mode/package.sh'
[3.713s] INFO:colcon.colcon_core.shell:Creating package script '/home/anmol/autonomous_iit/install/autonomous_mode/share/autonomous_mode/package.bash'
[3.714s] INFO:colcon.colcon_core.shell:Creating package script '/home/anmol/autonomous_iit/install/autonomous_mode/share/autonomous_mode/package.zsh'
[3.715s] Level 1:colcon.colcon_core.environment:create_file_with_runtime_dependencies(/home/anmol/autonomous_iit/install/autonomous_mode/share/colcon-core/packages/autonomous_mode)
[3.715s] DEBUG:colcon.colcon_parallel_executor.executor.parallel:closing loop
[3.716s] DEBUG:colcon.colcon_parallel_executor.executor.parallel:loop closed
[3.716s] DEBUG:colcon.colcon_parallel_executor.executor.parallel:run_until_complete finished with '0'
[3.716s] DEBUG:colcon.colcon_core.event_reactor:joining thread
[3.744s] INFO:colcon.colcon_core.plugin_system:Skipping extension 'colcon_notification.desktop_notification.terminal_notifier': Not used on non-Darwin systems
[3.744s] INFO:colcon.colcon_core.plugin_system:Skipping extension 'colcon_notification.desktop_notification.win32': Not used on non-Windows systems
[3.744s] INFO:colcon.colcon_notification.desktop_notification:Sending desktop notification using 'notify2'
[3.760s] DEBUG:colcon.colcon_core.event_reactor:joined thread
[3.784s] INFO:colcon.colcon_core.shell:Creating prefix script '/home/anmol/autonomous_iit/install/local_setup.ps1'
[3.785s] INFO:colcon.colcon_core.shell:Creating prefix util module '/home/anmol/autonomous_iit/install/_local_setup_util_ps1.py'
[3.787s] INFO:colcon.colcon_core.shell:Creating prefix chain script '/home/anmol/autonomous_iit/install/setup.ps1'
[3.812s] INFO:colcon.colcon_core.shell:Creating prefix script '/home/anmol/autonomous_iit/install/local_setup.sh'
[3.813s] INFO:colcon.colcon_core.shell:Creating prefix util module '/home/anmol/autonomous_iit/install/_local_setup_util_sh.py'
[3.814s] INFO:colcon.colcon_core.shell:Creating prefix chain script '/home/anmol/autonomous_iit/install/setup.sh'
[3.838s] INFO:colcon.colcon_core.shell:Creating prefix script '/home/anmol/autonomous_iit/install/local_setup.bash'
[3.839s] INFO:colcon.colcon_core.shell:Creating prefix chain script '/home/anmol/autonomous_iit/install/setup.bash'
[3.863s] INFO:colcon.colcon_core.shell:Creating prefix script '/home/anmol/autonomous_iit/install/local_setup.zsh'
[3.863s] INFO:colcon.colcon_core.shell:Creating prefix chain script '/home/anmol/autonomous_iit/install/setup.zsh'
