[0.100s] Invoking command in '/home/anmol/autonomous_iit/build/px4_ros_com': CMAKE_PREFIX_PATH=/home/anmol/autonomous_iit/install/px4_msgs:/home/anmol/nav2_tutorials/install/nav2_costmap_filters_demo:/home/anmol/autonomous_iit/install/tutorial_interfaces:/home/anmol/autonomous_iit/install/px4_ros_com:/home/anmol/autonomous_iit/install/action_commands:/home/anmol/ws_offboard_control/install/tutorial_interfaces:/home/anmol/ws_offboard_control/install/px4_ros_com:/home/anmol/ws_offboard_control/install/px4_msgs:/home/anmol/ws_offboard_control/install/custom_msgs:/home/anmol/ws_offboard_control/install/action_tutorials_interfaces:/home/anmol/ws_offboard_control/install/action_commands:/home/anmol/nav2_tutorials/install/nav2_gps_waypoint_follower_demo:/home/anmol/autonomous_iit/install/autonomous_mode:/home/anmol/ws_offboard_control/install/manual_key_control:/opt/ros/humble LD_LIBRARY_PATH=/home/anmol/autonomous_iit/install/px4_msgs/lib:/home/anmol/autonomous_iit/install/tutorial_interfaces/lib:/home/anmol/autonomous_iit/install/px4_ros_com/lib:/home/anmol/autonomous_iit/install/action_commands/lib:/home/anmol/ws_offboard_control/install/tutorial_interfaces/lib:/home/anmol/ws_offboard_control/install/px4_ros_com/lib:/home/anmol/ws_offboard_control/install/px4_msgs/lib:/home/anmol/ws_offboard_control/install/custom_msgs/lib:/home/anmol/ws_offboard_control/install/action_tutorials_interfaces/lib:/home/anmol/ws_offboard_control/install/action_commands/lib:/usr/lib/x86_64-linux-gnu/gazebo-11/plugins:/opt/ros/humble/opt/rviz_ogre_vendor/lib:/opt/ros/humble/lib/x86_64-linux-gnu:/opt/ros/humble/lib /usr/bin/cmake --build /home/anmol/autonomous_iit/build/px4_ros_com -- -j12 -l12
[0.133s] -- Found ament_cmake: 1.3.6 (/opt/ros/humble/share/ament_cmake/cmake)
[0.285s] -- Found builtin_interfaces: 1.2.1 (/opt/ros/humble/share/builtin_interfaces/cmake)
[0.309s] -- Found rosidl_generator_c: 3.1.5 (/opt/ros/humble/share/rosidl_generator_c/cmake)
[0.311s] -- Found rosidl_adapter: 3.1.5 (/opt/ros/humble/share/rosidl_adapter/cmake)
[0.317s] -- Found rosidl_generator_cpp: 3.1.5 (/opt/ros/humble/share/rosidl_generator_cpp/cmake)
[0.327s] -- Using all available rosidl_typesupport_c: rosidl_typesupport_fastrtps_c;rosidl_typesupport_introspection_c
[0.343s] -- Using all available rosidl_typesupport_cpp: rosidl_typesupport_fastrtps_cpp;rosidl_typesupport_introspection_cpp
[0.357s] -- Found eigen3_cmake_module: 0.1.1 (/opt/ros/humble/share/eigen3_cmake_module/cmake)
[0.358s] -- Found geometry_msgs: 4.2.3 (/opt/ros/humble/share/geometry_msgs/cmake)
[0.448s] -- Found px4_msgs: 2.0.1 (/home/anmol/autonomous_iit/install/px4_msgs/share/px4_msgs/cmake)
[0.479s] -- Found rclcpp: 16.0.7 (/opt/ros/humble/share/rclcpp/cmake)
[0.535s] -- Found rmw_implementation_cmake: 6.1.1 (/opt/ros/humble/share/rmw_implementation_cmake/cmake)
[0.538s] -- Found rmw_fastrtps_cpp: 6.2.5 (/opt/ros/humble/share/rmw_fastrtps_cpp/cmake)
[0.689s] -- Using RMW implementation 'rmw_fastrtps_cpp' as default
[0.818s] -- Found sensor_msgs: 4.2.3 (/opt/ros/humble/share/sensor_msgs/cmake)
[0.904s] -- Found ament_lint_auto: 0.12.9 (/opt/ros/humble/share/ament_lint_auto/cmake)
[0.976s] -- Added test 'copyright' to check source files copyright and LICENSE
[0.984s] -- Added test 'cppcheck' to perform static code analysis on C / C++ code
[0.985s] -- Configured cppcheck include dirs: /home/anmol/autonomous_iit/src/px4_ros_com/include;$<BUILD_INTERFACE:/home/anmol/autonomous_iit/src/px4_ros_com/include/px4_ros_com>
[0.985s] -- Configured cppcheck exclude dirs and/or files: 
[0.990s] -- Added test 'cpplint' to check C / C++ code against the Google style
[0.990s] -- Configured cpplint exclude dirs and/or files: 
[0.991s] -- Added test 'flake8' to check Python code syntax and style conventions
[0.992s] -- Added test 'lint_cmake' to check CMake code style
[0.993s] -- Added test 'pep257' to check Python code against some of the docstring style conventions in PEP 257
[0.998s] -- Added test 'uncrustify' to check C / C++ code style
[0.998s] -- Configured uncrustify additional arguments: 
[0.999s] -- Added test 'xmllint' to check XML markup files
[1.001s] -- Configuring done
[1.029s] -- Generating done
[1.031s] -- Build files have been written to: /home/anmol/autonomous_iit/build/px4_ros_com
[1.067s] [35m[1mConsolidate compiler generated dependencies of target frame_transforms[0m
[1.067s] [35m[1mConsolidate compiler generated dependencies of target sensor_combined_listener[0m
[1.067s] [35m[1mConsolidate compiler generated dependencies of target debug_vect_advertiser[0m
[1.067s] [35m[1mConsolidate compiler generated dependencies of target vehicle_gps_position_listener[0m
[1.068s] [35m[1mConsolidate compiler generated dependencies of target offboard_control[0m
[1.089s] [ 60%] [32mBuilding CXX object CMakeFiles/debug_vect_advertiser.dir/src/examples/advertisers/debug_vect_advertiser.cpp.o[0m
[1.090s] [ 60%] [32mBuilding CXX object CMakeFiles/offboard_control.dir/src/examples/offboard/offboard_control.cpp.o[0m
[1.090s] [ 60%] [32mBuilding CXX object CMakeFiles/sensor_combined_listener.dir/src/examples/listeners/sensor_combined_listener.cpp.o[0m
[1.090s] [ 60%] Built target frame_transforms
[1.090s] [ 60%] [32mBuilding CXX object CMakeFiles/vehicle_gps_position_listener.dir/src/examples/listeners/vehicle_gps_position_listener.cpp.o[0m
[5.253s] [ 70%] [32m[1mLinking CXX executable debug_vect_advertiser[0m
[5.667s] [ 70%] Built target debug_vect_advertiser
[6.059s] [ 80%] [32m[1mLinking CXX executable offboard_control[0m
[6.327s] [ 80%] Built target offboard_control
[8.856s] [ 90%] [32m[1mLinking CXX executable sensor_combined_listener[0m
[8.946s] [100%] [32m[1mLinking CXX executable vehicle_gps_position_listener[0m
[9.308s] [100%] Built target sensor_combined_listener
[9.400s] [100%] Built target vehicle_gps_position_listener
[9.416s] Invoked command in '/home/anmol/autonomous_iit/build/px4_ros_com' returned '0': CMAKE_PREFIX_PATH=/home/anmol/autonomous_iit/install/px4_msgs:/home/anmol/nav2_tutorials/install/nav2_costmap_filters_demo:/home/anmol/autonomous_iit/install/tutorial_interfaces:/home/anmol/autonomous_iit/install/px4_ros_com:/home/anmol/autonomous_iit/install/action_commands:/home/anmol/ws_offboard_control/install/tutorial_interfaces:/home/anmol/ws_offboard_control/install/px4_ros_com:/home/anmol/ws_offboard_control/install/px4_msgs:/home/anmol/ws_offboard_control/install/custom_msgs:/home/anmol/ws_offboard_control/install/action_tutorials_interfaces:/home/anmol/ws_offboard_control/install/action_commands:/home/anmol/nav2_tutorials/install/nav2_gps_waypoint_follower_demo:/home/anmol/autonomous_iit/install/autonomous_mode:/home/anmol/ws_offboard_control/install/manual_key_control:/opt/ros/humble LD_LIBRARY_PATH=/home/anmol/autonomous_iit/install/px4_msgs/lib:/home/anmol/autonomous_iit/install/tutorial_interfaces/lib:/home/anmol/autonomous_iit/install/px4_ros_com/lib:/home/anmol/autonomous_iit/install/action_commands/lib:/home/anmol/ws_offboard_control/install/tutorial_interfaces/lib:/home/anmol/ws_offboard_control/install/px4_ros_com/lib:/home/anmol/ws_offboard_control/install/px4_msgs/lib:/home/anmol/ws_offboard_control/install/custom_msgs/lib:/home/anmol/ws_offboard_control/install/action_tutorials_interfaces/lib:/home/anmol/ws_offboard_control/install/action_commands/lib:/usr/lib/x86_64-linux-gnu/gazebo-11/plugins:/opt/ros/humble/opt/rviz_ogre_vendor/lib:/opt/ros/humble/lib/x86_64-linux-gnu:/opt/ros/humble/lib /usr/bin/cmake --build /home/anmol/autonomous_iit/build/px4_ros_com -- -j12 -l12
[9.473s] Invoking command in '/home/anmol/autonomous_iit/build/px4_ros_com': CMAKE_PREFIX_PATH=/home/anmol/autonomous_iit/install/px4_msgs:/home/anmol/nav2_tutorials/install/nav2_costmap_filters_demo:/home/anmol/autonomous_iit/install/tutorial_interfaces:/home/anmol/autonomous_iit/install/px4_ros_com:/home/anmol/autonomous_iit/install/action_commands:/home/anmol/ws_offboard_control/install/tutorial_interfaces:/home/anmol/ws_offboard_control/install/px4_ros_com:/home/anmol/ws_offboard_control/install/px4_msgs:/home/anmol/ws_offboard_control/install/custom_msgs:/home/anmol/ws_offboard_control/install/action_tutorials_interfaces:/home/anmol/ws_offboard_control/install/action_commands:/home/anmol/nav2_tutorials/install/nav2_gps_waypoint_follower_demo:/home/anmol/autonomous_iit/install/autonomous_mode:/home/anmol/ws_offboard_control/install/manual_key_control:/opt/ros/humble LD_LIBRARY_PATH=/home/anmol/autonomous_iit/install/px4_msgs/lib:/home/anmol/autonomous_iit/install/tutorial_interfaces/lib:/home/anmol/autonomous_iit/install/px4_ros_com/lib:/home/anmol/autonomous_iit/install/action_commands/lib:/home/anmol/ws_offboard_control/install/tutorial_interfaces/lib:/home/anmol/ws_offboard_control/install/px4_ros_com/lib:/home/anmol/ws_offboard_control/install/px4_msgs/lib:/home/anmol/ws_offboard_control/install/custom_msgs/lib:/home/anmol/ws_offboard_control/install/action_tutorials_interfaces/lib:/home/anmol/ws_offboard_control/install/action_commands/lib:/usr/lib/x86_64-linux-gnu/gazebo-11/plugins:/opt/ros/humble/opt/rviz_ogre_vendor/lib:/opt/ros/humble/lib/x86_64-linux-gnu:/opt/ros/humble/lib /usr/bin/cmake --install /home/anmol/autonomous_iit/build/px4_ros_com
[9.482s] -- Install configuration: ""
[9.483s] -- Installing: /home/anmol/autonomous_iit/install/px4_ros_com/lib/px4_ros_com/sensor_combined_listener
[9.488s] -- Set runtime path of "/home/anmol/autonomous_iit/install/px4_ros_com/lib/px4_ros_com/sensor_combined_listener" to ""
[9.488s] -- Installing: /home/anmol/autonomous_iit/install/px4_ros_com/lib/px4_ros_com/vehicle_gps_position_listener
[9.493s] -- Set runtime path of "/home/anmol/autonomous_iit/install/px4_ros_com/lib/px4_ros_com/vehicle_gps_position_listener" to ""
[9.494s] -- Installing: /home/anmol/autonomous_iit/install/px4_ros_com/lib/px4_ros_com/debug_vect_advertiser
[9.496s] -- Set runtime path of "/home/anmol/autonomous_iit/install/px4_ros_com/lib/px4_ros_com/debug_vect_advertiser" to ""
[9.496s] -- Installing: /home/anmol/autonomous_iit/install/px4_ros_com/lib/px4_ros_com/offboard_control
[9.499s] -- Set runtime path of "/home/anmol/autonomous_iit/install/px4_ros_com/lib/px4_ros_com/offboard_control" to ""
[9.499s] -- Installing: /home/anmol/autonomous_iit/install/px4_ros_com/share/px4_ros_com/environment/library_path.sh
[9.499s] -- Installing: /home/anmol/autonomous_iit/install/px4_ros_com/share/px4_ros_com/environment/library_path.dsv
[9.500s] -- Up-to-date: /home/anmol/autonomous_iit/install/px4_ros_com/include/px4_ros_com
[9.500s] -- Installing: /home/anmol/autonomous_iit/install/px4_ros_com/include/px4_ros_com/frame_transforms.h
[9.501s] -- Up-to-date: /home/anmol/autonomous_iit/install/px4_ros_com/lib/libframe_transforms.so
[9.501s] -- Up-to-date: /home/anmol/autonomous_iit/install/px4_ros_com/share/px4_ros_com//launch
[9.501s] -- Installing: /home/anmol/autonomous_iit/install/px4_ros_com/share/px4_ros_com//launch/sensor_combined_listener.launch.py
[9.501s] -- Installing: /home/anmol/autonomous_iit/install/px4_ros_com/share/px4_ros_com//launch/offboard_control_launch.yaml
[9.501s] -- Up-to-date: /home/anmol/autonomous_iit/install/px4_ros_com/share/px4_ros_com//test
[9.501s] -- Installing: /home/anmol/autonomous_iit/install/px4_ros_com/share/px4_ros_com//test/pipeline_io_test.py
[9.502s] -- Installing: /home/anmol/autonomous_iit/install/px4_ros_com/share/px4_ros_com//test/__init__.py
[9.502s] -- Installing: /home/anmol/autonomous_iit/install/px4_ros_com/share/px4_ros_com//test/test_output.py
[9.502s] -- Installing: /home/anmol/autonomous_iit/install/px4_ros_com/share/px4_ros_com//test/test_input.py
[9.502s] -- Up-to-date: /home/anmol/autonomous_iit/install/px4_ros_com/share/ament_index/resource_index/package_run_dependencies/px4_ros_com
[9.503s] -- Installing: /home/anmol/autonomous_iit/install/px4_ros_com/share/ament_index/resource_index/parent_prefix_path/px4_ros_com
[9.503s] -- Installing: /home/anmol/autonomous_iit/install/px4_ros_com/share/px4_ros_com/environment/ament_prefix_path.sh
[9.503s] -- Installing: /home/anmol/autonomous_iit/install/px4_ros_com/share/px4_ros_com/environment/ament_prefix_path.dsv
[9.503s] -- Installing: /home/anmol/autonomous_iit/install/px4_ros_com/share/px4_ros_com/environment/path.sh
[9.504s] -- Installing: /home/anmol/autonomous_iit/install/px4_ros_com/share/px4_ros_com/environment/path.dsv
[9.504s] -- Up-to-date: /home/anmol/autonomous_iit/install/px4_ros_com/share/px4_ros_com/local_setup.bash
[9.504s] -- Up-to-date: /home/anmol/autonomous_iit/install/px4_ros_com/share/px4_ros_com/local_setup.sh
[9.504s] -- Up-to-date: /home/anmol/autonomous_iit/install/px4_ros_com/share/px4_ros_com/local_setup.zsh
[9.504s] -- Installing: /home/anmol/autonomous_iit/install/px4_ros_com/share/px4_ros_com/local_setup.dsv
[9.504s] -- Installing: /home/anmol/autonomous_iit/install/px4_ros_com/share/px4_ros_com/package.dsv
[9.504s] -- Up-to-date: /home/anmol/autonomous_iit/install/px4_ros_com/share/ament_index/resource_index/packages/px4_ros_com
[9.504s] -- Up-to-date: /home/anmol/autonomous_iit/install/px4_ros_com/share/px4_ros_com/cmake/export_frame_transformsExport.cmake
[9.505s] -- Up-to-date: /home/anmol/autonomous_iit/install/px4_ros_com/share/px4_ros_com/cmake/export_frame_transformsExport-noconfig.cmake
[9.505s] -- Up-to-date: /home/anmol/autonomous_iit/install/px4_ros_com/share/px4_ros_com/cmake/ament_cmake_export_dependencies-extras.cmake
[9.505s] -- Up-to-date: /home/anmol/autonomous_iit/install/px4_ros_com/share/px4_ros_com/cmake/ament_cmake_export_targets-extras.cmake
[9.505s] -- Up-to-date: /home/anmol/autonomous_iit/install/px4_ros_com/share/px4_ros_com/cmake/ament_cmake_export_include_directories-extras.cmake
[9.505s] -- Up-to-date: /home/anmol/autonomous_iit/install/px4_ros_com/share/px4_ros_com/cmake/ament_cmake_export_libraries-extras.cmake
[9.505s] -- Up-to-date: /home/anmol/autonomous_iit/install/px4_ros_com/share/px4_ros_com/cmake/px4_ros_comConfig.cmake
[9.505s] -- Up-to-date: /home/anmol/autonomous_iit/install/px4_ros_com/share/px4_ros_com/cmake/px4_ros_comConfig-version.cmake
[9.505s] -- Installing: /home/anmol/autonomous_iit/install/px4_ros_com/share/px4_ros_com/package.xml
[9.507s] Invoked command in '/home/anmol/autonomous_iit/build/px4_ros_com' returned '0': CMAKE_PREFIX_PATH=/home/anmol/autonomous_iit/install/px4_msgs:/home/anmol/nav2_tutorials/install/nav2_costmap_filters_demo:/home/anmol/autonomous_iit/install/tutorial_interfaces:/home/anmol/autonomous_iit/install/px4_ros_com:/home/anmol/autonomous_iit/install/action_commands:/home/anmol/ws_offboard_control/install/tutorial_interfaces:/home/anmol/ws_offboard_control/install/px4_ros_com:/home/anmol/ws_offboard_control/install/px4_msgs:/home/anmol/ws_offboard_control/install/custom_msgs:/home/anmol/ws_offboard_control/install/action_tutorials_interfaces:/home/anmol/ws_offboard_control/install/action_commands:/home/anmol/nav2_tutorials/install/nav2_gps_waypoint_follower_demo:/home/anmol/autonomous_iit/install/autonomous_mode:/home/anmol/ws_offboard_control/install/manual_key_control:/opt/ros/humble LD_LIBRARY_PATH=/home/anmol/autonomous_iit/install/px4_msgs/lib:/home/anmol/autonomous_iit/install/tutorial_interfaces/lib:/home/anmol/autonomous_iit/install/px4_ros_com/lib:/home/anmol/autonomous_iit/install/action_commands/lib:/home/anmol/ws_offboard_control/install/tutorial_interfaces/lib:/home/anmol/ws_offboard_control/install/px4_ros_com/lib:/home/anmol/ws_offboard_control/install/px4_msgs/lib:/home/anmol/ws_offboard_control/install/custom_msgs/lib:/home/anmol/ws_offboard_control/install/action_tutorials_interfaces/lib:/home/anmol/ws_offboard_control/install/action_commands/lib:/usr/lib/x86_64-linux-gnu/gazebo-11/plugins:/opt/ros/humble/opt/rviz_ogre_vendor/lib:/opt/ros/humble/lib/x86_64-linux-gnu:/opt/ros/humble/lib /usr/bin/cmake --install /home/anmol/autonomous_iit/build/px4_ros_com
