running develop
/usr/lib/python3/dist-packages/setuptools/command/easy_install.py:158: EasyInstallDeprecationWarning: easy_install command is deprecated. Use build and pip and other standards-based tools.
  warnings.warn(
/usr/lib/python3/dist-packages/setuptools/command/install.py:34: SetuptoolsDeprecationWarning: setup.py install is deprecated. Use build and pip and other standards-based tools.
  warnings.warn(
Removing /home/anmol/autonomous_iit/install/autonomous_mode/lib/python3.10/site-packages/autonomous-mode.egg-link (link to .)
running egg_info
writing ../../build/autonomous_mode/autonomous_mode.egg-info/PKG-INFO
writing dependency_links to ../../build/autonomous_mode/autonomous_mode.egg-info/dependency_links.txt
writing entry points to ../../build/autonomous_mode/autonomous_mode.egg-info/entry_points.txt
writing requirements to ../../build/autonomous_mode/autonomous_mode.egg-info/requires.txt
writing top-level names to ../../build/autonomous_mode/autonomous_mode.egg-info/top_level.txt
reading manifest file '../../build/autonomous_mode/autonomous_mode.egg-info/SOURCES.txt'
writing manifest file '../../build/autonomous_mode/autonomous_mode.egg-info/SOURCES.txt'
running build
running build_py
copying autonomous_mode/autonomous.py -> /home/anmol/autonomous_iit/build/autonomous_mode/build/lib/autonomous_mode
running install
/usr/lib/python3/dist-packages/setuptools/command/install.py:34: SetuptoolsDeprecationWarning: setup.py install is deprecated. Use build and pip and other standards-based tools.
  warnings.warn(
running install_lib
copying /home/anmol/autonomous_iit/build/autonomous_mode/build/lib/autonomous_mode/key_input.py -> /home/anmol/autonomous_iit/install/autonomous_mode/lib/python3.10/site-packages/autonomous_mode
copying /home/anmol/autonomous_iit/build/autonomous_mode/build/lib/autonomous_mode/get_msgs.py -> /home/anmol/autonomous_iit/install/autonomous_mode/lib/python3.10/site-packages/autonomous_mode
copying /home/anmol/autonomous_iit/build/autonomous_mode/build/lib/autonomous_mode/gps_logger.py -> /home/anmol/autonomous_iit/install/autonomous_mode/lib/python3.10/site-packages/autonomous_mode
copying /home/anmol/autonomous_iit/build/autonomous_mode/build/lib/autonomous_mode/autonomous.py -> /home/anmol/autonomous_iit/install/autonomous_mode/lib/python3.10/site-packages/autonomous_mode
copying /home/anmol/autonomous_iit/build/autonomous_mode/build/lib/autonomous_mode/__init__.py -> /home/anmol/autonomous_iit/install/autonomous_mode/lib/python3.10/site-packages/autonomous_mode
copying /home/anmol/autonomous_iit/build/autonomous_mode/build/lib/autonomous_mode/follow_gps_logger.py -> /home/anmol/autonomous_iit/install/autonomous_mode/lib/python3.10/site-packages/autonomous_mode
copying /home/anmol/autonomous_iit/build/autonomous_mode/build/lib/autonomous_mode/get_drone_data.py -> /home/anmol/autonomous_iit/install/autonomous_mode/lib/python3.10/site-packages/autonomous_mode
copying /home/anmol/autonomous_iit/build/autonomous_mode/build/lib/autonomous_mode/utilities.py -> /home/anmol/autonomous_iit/install/autonomous_mode/lib/python3.10/site-packages/autonomous_mode
copying /home/anmol/autonomous_iit/build/autonomous_mode/build/lib/autonomous_mode/utm_conversion.py -> /home/anmol/autonomous_iit/install/autonomous_mode/lib/python3.10/site-packages/autonomous_mode
copying /home/anmol/autonomous_iit/build/autonomous_mode/build/lib/autonomous_mode/gps_logger_switch.py -> /home/anmol/autonomous_iit/install/autonomous_mode/lib/python3.10/site-packages/autonomous_mode
byte-compiling /home/anmol/autonomous_iit/install/autonomous_mode/lib/python3.10/site-packages/autonomous_mode/key_input.py to key_input.cpython-310.pyc
byte-compiling /home/anmol/autonomous_iit/install/autonomous_mode/lib/python3.10/site-packages/autonomous_mode/get_msgs.py to get_msgs.cpython-310.pyc
byte-compiling /home/anmol/autonomous_iit/install/autonomous_mode/lib/python3.10/site-packages/autonomous_mode/gps_logger.py to gps_logger.cpython-310.pyc
byte-compiling /home/anmol/autonomous_iit/install/autonomous_mode/lib/python3.10/site-packages/autonomous_mode/autonomous.py to autonomous.cpython-310.pyc
byte-compiling /home/anmol/autonomous_iit/install/autonomous_mode/lib/python3.10/site-packages/autonomous_mode/__init__.py to __init__.cpython-310.pyc
byte-compiling /home/anmol/autonomous_iit/install/autonomous_mode/lib/python3.10/site-packages/autonomous_mode/follow_gps_logger.py to follow_gps_logger.cpython-310.pyc
byte-compiling /home/anmol/autonomous_iit/install/autonomous_mode/lib/python3.10/site-packages/autonomous_mode/get_drone_data.py to get_drone_data.cpython-310.pyc
byte-compiling /home/anmol/autonomous_iit/install/autonomous_mode/lib/python3.10/site-packages/autonomous_mode/utilities.py to utilities.cpython-310.pyc
byte-compiling /home/anmol/autonomous_iit/install/autonomous_mode/lib/python3.10/site-packages/autonomous_mode/utm_conversion.py to utm_conversion.cpython-310.pyc
byte-compiling /home/anmol/autonomous_iit/install/autonomous_mode/lib/python3.10/site-packages/autonomous_mode/gps_logger_switch.py to gps_logger_switch.cpython-310.pyc
running install_data
running install_egg_info
Copying ../../build/autonomous_mode/autonomous_mode.egg-info to /home/anmol/autonomous_iit/install/autonomous_mode/lib/python3.10/site-packages/autonomous_mode-0.0.0-py3.10.egg-info
running install_scripts
Installing autonomous_mode script to /home/anmol/autonomous_iit/install/autonomous_mode/lib/autonomous_mode
Installing follow_gps script to /home/anmol/autonomous_iit/install/autonomous_mode/lib/autonomous_mode
Installing get_msgs script to /home/anmol/autonomous_iit/install/autonomous_mode/lib/autonomous_mode
Installing gps_logger script to /home/anmol/autonomous_iit/install/autonomous_mode/lib/autonomous_mode
Installing gps_logger_switch script to /home/anmol/autonomous_iit/install/autonomous_mode/lib/autonomous_mode
Installing key_input script to /home/anmol/autonomous_iit/install/autonomous_mode/lib/autonomous_mode
Installing transfoem script to /home/anmol/autonomous_iit/install/autonomous_mode/lib/autonomous_mode
Installing utilities script to /home/anmol/autonomous_iit/install/autonomous_mode/lib/autonomous_mode
writing list of installed files to '/home/anmol/autonomous_iit/build/autonomous_mode/install.log'
