In file included from [01m[K/home/anmol/autonomous_iit/build/action_commands/rosidl_generator_c/action_commands/action/detail/follow_gps_waypoints__functions.h:19[m[K,
                 from [01m[K/home/anmol/autonomous_iit/build/action_commands/rosidl_generator_c/action_commands/action/detail/follow_gps_waypoints__functions.c:4[m[K:
[01m[K/home/anmol/autonomous_iit/build/action_commands/rosidl_generator_c/action_commands/action/detail/follow_gps_waypoints__struct.h:22:10:[m[K [01;31m[Kfatal error: [m[Kgeographic_msgs/msg/detail/geo_pose__struct.h: No such file or directory
   22 | #include [01;31m[K"geographic_msgs/msg/detail/geo_pose__struct.h"[m[K
      |          [01;31m[K^~~~~~~~~~~~~~~~~~~~~~~~~~~~~~~~~~~~~~~~~~~~~~~[m[K
compilation terminated.
gmake[2]: *** [CMakeFiles/action_commands__rosidl_generator_c.dir/build.make:142: CMakeFiles/action_commands__rosidl_generator_c.dir/rosidl_generator_c/action_commands/action/detail/follow_gps_waypoints__functions.c.o] Error 1
gmake[2]: *** Waiting for unfinished jobs....
gmake[1]: *** [CMakeFiles/Makefile2:213: CMakeFiles/action_commands__rosidl_generator_c.dir/all] Error 2
gmake[1]: *** Waiting for unfinished jobs....
In file included from [01m[K/home/anmol/autonomous_iit/build/action_commands/rosidl_typesupport_cpp/action_commands/action/follow_gps_waypoints__type_support.cpp:7[m[K:
[01m[K/home/anmol/autonomous_iit/build/action_commands/rosidl_generator_cpp/action_commands/action/detail/follow_gps_waypoints__struct.hpp:20:10:[m[K [01;31m[Kfatal error: [m[Kgeographic_msgs/msg/detail/geo_pose__struct.hpp: No such file or directory
   20 | #include [01;31m[K"geographic_msgs/msg/detail/geo_pose__struct.hpp"[m[K
      |          [01;31m[K^~~~~~~~~~~~~~~~~~~~~~~~~~~~~~~~~~~~~~~~~~~~~~~~~[m[K
compilation terminated.
gmake[2]: *** [CMakeFiles/action_commands__rosidl_typesupport_cpp.dir/build.make:111: CMakeFiles/action_commands__rosidl_typesupport_cpp.dir/rosidl_typesupport_cpp/action_commands/action/follow_gps_waypoints__type_support.cpp.o] Error 1
gmake[2]: *** Waiting for unfinished jobs....
In file included from [01m[K/home/anmol/autonomous_iit/build/action_commands/rosidl_typesupport_introspection_cpp/action_commands/action/detail/follow_gps_waypoints__type_support.cpp:12[m[K:
[01m[K/home/anmol/autonomous_iit/build/action_commands/rosidl_generator_cpp/action_commands/action/detail/follow_gps_waypoints__struct.hpp:20:10:[m[K [01;31m[Kfatal error: [m[Kgeographic_msgs/msg/detail/geo_pose__struct.hpp: No such file or directory
   20 | #include [01;31m[K"geographic_msgs/msg/detail/geo_pose__struct.hpp"[m[K
      |          [01;31m[K^~~~~~~~~~~~~~~~~~~~~~~~~~~~~~~~~~~~~~~~~~~~~~~~~[m[K
compilation terminated.
gmake[2]: *** [CMakeFiles/action_commands__rosidl_typesupport_introspection_cpp.dir/build.make:119: CMakeFiles/action_commands__rosidl_typesupport_introspection_cpp.dir/rosidl_typesupport_introspection_cpp/action_commands/action/detail/follow_gps_waypoints__type_support.cpp.o] Error 1
gmake[2]: *** Waiting for unfinished jobs....
In file included from [01m[K/home/anmol/autonomous_iit/build/action_commands/rosidl_typesupport_fastrtps_cpp/action_commands/action/detail/follow_gps_waypoints__rosidl_typesupport_fastrtps_cpp.hpp:11[m[K,
                 from [01m[K/home/anmol/autonomous_iit/build/action_commands/rosidl_typesupport_fastrtps_cpp/action_commands/action/detail/dds_fastrtps/follow_gps_waypoints__type_support.cpp:4[m[K:
[01m[K/home/anmol/autonomous_iit/build/action_commands/rosidl_generator_cpp/action_commands/action/detail/follow_gps_waypoints__struct.hpp:20:10:[m[K [01;31m[Kfatal error: [m[Kgeographic_msgs/msg/detail/geo_pose__struct.hpp: No such file or directory
   20 | #include [01;31m[K"geographic_msgs/msg/detail/geo_pose__struct.hpp"[m[K
      |          [01;31m[K^~~~~~~~~~~~~~~~~~~~~~~~~~~~~~~~~~~~~~~~~~~~~~~~~[m[K
compilation terminated.
gmake[2]: *** [CMakeFiles/action_commands__rosidl_typesupport_fastrtps_cpp.dir/build.make:119: CMakeFiles/action_commands__rosidl_typesupport_fastrtps_cpp.dir/rosidl_typesupport_fastrtps_cpp/action_commands/action/detail/dds_fastrtps/follow_gps_waypoints__type_support.cpp.o] Error 1
gmake[2]: *** Waiting for unfinished jobs....
gmake[1]: *** [CMakeFiles/Makefile2:395: CMakeFiles/action_commands__rosidl_typesupport_cpp.dir/all] Error 2
gmake[1]: *** [CMakeFiles/Makefile2:369: CMakeFiles/action_commands__rosidl_typesupport_introspection_cpp.dir/all] Error 2
gmake[1]: *** [CMakeFiles/Makefile2:343: CMakeFiles/action_commands__rosidl_typesupport_fastrtps_cpp.dir/all] Error 2
gmake: *** [Makefile:146: all] Error 2
