[0.083s] Invoking command in '/home/anmol/autonomous_iit/build/action_commands': CMAKE_PREFIX_PATH=${CMAKE_PREFIX_PATH}:/home/anmol/autonomous_iit/install/autonomous_mode:/home/anmol/ws_offboard_control/install/manual_key_control:/opt/ros/humble /usr/bin/cmake /home/anmol/autonomous_iit/src/action_commands -DCMAKE_INSTALL_PREFIX=/home/anmol/autonomous_iit/install/action_commands
[0.208s] -- The C compiler identification is GNU 11.4.0
[0.316s] -- The CXX compiler identification is GNU 11.4.0
[0.327s] -- Detecting C compiler ABI info
[0.420s] -- Detecting C compiler ABI info - done
[0.427s] -- Check for working C compiler: /usr/bin/cc - skipped
[0.427s] -- Detecting C compile features
[0.428s] -- Detecting C compile features - done
[0.432s] -- Detecting CXX compiler ABI info
[0.533s] -- Detecting CXX compiler ABI info - done
[0.540s] -- Check for working CXX compiler: /usr/bin/c++ - skipped
[0.541s] -- Detecting CXX compile features
[0.541s] -- Detecting CXX compile features - done
[0.550s] -- Found ament_cmake: 1.3.6 (/opt/ros/humble/share/ament_cmake/cmake)
[0.752s] -- Found Python3: /usr/bin/python3.10 (found version "3.10.12") found components: Interpreter 
[0.909s] -- Found ament_lint_auto: 0.12.9 (/opt/ros/humble/share/ament_lint_auto/cmake)
[1.013s] -- Found rosidl_default_generators: 1.2.0 (/opt/ros/humble/share/rosidl_default_generators/cmake)
[1.020s] -- Using all available rosidl_typesupport_c: rosidl_typesupport_fastrtps_c;rosidl_typesupport_introspection_c
[1.035s] -- Found rosidl_adapter: 3.1.5 (/opt/ros/humble/share/rosidl_adapter/cmake)
[1.111s] -- Using all available rosidl_typesupport_cpp: rosidl_typesupport_fastrtps_cpp;rosidl_typesupport_introspection_cpp
[1.495s] -- Found ament_cmake_ros: 0.10.0 (/opt/ros/humble/share/ament_cmake_ros/cmake)
[1.709s] -- Using all available rosidl_typesupport_c: rosidl_typesupport_fastrtps_c;rosidl_typesupport_introspection_c
[1.982s] -- Using all available rosidl_typesupport_cpp: rosidl_typesupport_fastrtps_cpp;rosidl_typesupport_introspection_cpp
[2.006s] -- Found PythonInterp: /usr/bin/python3 (found suitable version "3.10.12", minimum required is "3.6") 
[2.010s] -- Found python_cmake_module: 0.10.0 (/opt/ros/humble/share/python_cmake_module/cmake)
[2.042s] -- Found PythonLibs: /usr/lib/x86_64-linux-gnu/libpython3.10.so (found suitable version "3.10.12", minimum required is "3.5") 
[2.042s] -- Using PYTHON_EXECUTABLE: /usr/bin/python3
[2.043s] -- Using PYTHON_INCLUDE_DIRS: /usr/include/python3.10
[2.043s] -- Using PYTHON_LIBRARIES: /usr/lib/x86_64-linux-gnu/libpython3.10.so
[2.069s] -- Found PythonExtra: .so  
[2.122s] -- Added test 'lint_cmake' to check CMake code style
[2.124s] -- Added test 'xmllint' to check XML markup files
[2.131s] -- Configuring done
[2.170s] -- Generating done
[2.174s] -- Build files have been written to: /home/anmol/autonomous_iit/build/action_commands
[2.186s] Invoked command in '/home/anmol/autonomous_iit/build/action_commands' returned '0': CMAKE_PREFIX_PATH=${CMAKE_PREFIX_PATH}:/home/anmol/autonomous_iit/install/autonomous_mode:/home/anmol/ws_offboard_control/install/manual_key_control:/opt/ros/humble /usr/bin/cmake /home/anmol/autonomous_iit/src/action_commands -DCMAKE_INSTALL_PREFIX=/home/anmol/autonomous_iit/install/action_commands
[2.188s] Invoking command in '/home/anmol/autonomous_iit/build/action_commands': CMAKE_PREFIX_PATH=${CMAKE_PREFIX_PATH}:/home/anmol/autonomous_iit/install/autonomous_mode:/home/anmol/ws_offboard_control/install/manual_key_control:/opt/ros/humble /usr/bin/cmake --build /home/anmol/autonomous_iit/build/action_commands -- -j12 -l12
[2.242s] [  2%] [34m[1mGenerating C code for ROS interfaces[0m
[2.259s] [  5%] [34m[1mGenerating C++ code for ROS interfaces[0m
[2.271s] [  5%] Built target ament_cmake_python_copy_action_commands
[2.539s] running egg_info
[2.539s] creating action_commands.egg-info
[2.539s] writing action_commands.egg-info/PKG-INFO
[2.540s] writing dependency_links to action_commands.egg-info/dependency_links.txt
[2.540s] writing top-level names to action_commands.egg-info/top_level.txt
[2.540s] writing manifest file 'action_commands.egg-info/SOURCES.txt'
[2.543s] reading manifest file 'action_commands.egg-info/SOURCES.txt'
[2.543s] writing manifest file 'action_commands.egg-info/SOURCES.txt'
[2.588s] [  5%] Built target ament_cmake_python_build_action_commands_egg
[3.057s] [  5%] Built target action_commands__cpp
[3.073s] [ 12%] [34m[1mGenerating C++ type support for eProsima Fast-RTPS[0m
[3.073s] [ 12%] [34m[1mGenerating C++ type support dispatch for ROS interfaces[0m
[3.073s] [ 12%] [34m[1mGenerating C++ introspection for ROS interfaces[0m
[3.085s] [ 17%] [32mBuilding C object CMakeFiles/action_commands__rosidl_generator_c.dir/rosidl_generator_c/action_commands/action/detail/command__functions.c.o[0m
[3.085s] [ 17%] [32mBuilding C object CMakeFiles/action_commands__rosidl_generator_c.dir/rosidl_generator_c/action_commands/action/detail/follow_gps_waypoints__functions.c.o[0m
[3.116s] In file included from [01m[K/home/anmol/autonomous_iit/build/action_commands/rosidl_generator_c/action_commands/action/detail/follow_gps_waypoints__functions.h:19[m[K,
[3.116s]                  from [01m[K/home/anmol/autonomous_iit/build/action_commands/rosidl_generator_c/action_commands/action/detail/follow_gps_waypoints__functions.c:4[m[K:
[3.116s] [01m[K/home/anmol/autonomous_iit/build/action_commands/rosidl_generator_c/action_commands/action/detail/follow_gps_waypoints__struct.h:22:10:[m[K [01;31m[Kfatal error: [m[Kgeographic_msgs/msg/detail/geo_pose__struct.h: No such file or directory
[3.116s]    22 | #include [01;31m[K"geographic_msgs/msg/detail/geo_pose__struct.h"[m[K
[3.116s]       |          [01;31m[K^~~~~~~~~~~~~~~~~~~~~~~~~~~~~~~~~~~~~~~~~~~~~~~[m[K
[3.117s] compilation terminated.
[3.118s] gmake[2]: *** [CMakeFiles/action_commands__rosidl_generator_c.dir/build.make:142: CMakeFiles/action_commands__rosidl_generator_c.dir/rosidl_generator_c/action_commands/action/detail/follow_gps_waypoints__functions.c.o] Error 1
[3.118s] gmake[2]: *** Waiting for unfinished jobs....
[3.235s] gmake[1]: *** [CMakeFiles/Makefile2:213: CMakeFiles/action_commands__rosidl_generator_c.dir/all] Error 2
[3.235s] gmake[1]: *** Waiting for unfinished jobs....
[3.661s] [ 23%] [32mBuilding CXX object CMakeFiles/action_commands__rosidl_typesupport_cpp.dir/rosidl_typesupport_cpp/action_commands/action/command__type_support.cpp.o[0m
[3.662s] [ 23%] [32mBuilding CXX object CMakeFiles/action_commands__rosidl_typesupport_cpp.dir/rosidl_typesupport_cpp/action_commands/action/follow_gps_waypoints__type_support.cpp.o[0m
[3.739s] [ 25%] [32mBuilding CXX object CMakeFiles/action_commands__rosidl_typesupport_introspection_cpp.dir/rosidl_typesupport_introspection_cpp/action_commands/action/detail/command__type_support.cpp.o[0m
[3.741s] [ 28%] [32mBuilding CXX object CMakeFiles/action_commands__rosidl_typesupport_introspection_cpp.dir/rosidl_typesupport_introspection_cpp/action_commands/action/detail/follow_gps_waypoints__type_support.cpp.o[0m
[3.754s] In file included from [01m[K/home/anmol/autonomous_iit/build/action_commands/rosidl_typesupport_cpp/action_commands/action/follow_gps_waypoints__type_support.cpp:7[m[K:
[3.754s] [01m[K/home/anmol/autonomous_iit/build/action_commands/rosidl_generator_cpp/action_commands/action/detail/follow_gps_waypoints__struct.hpp:20:10:[m[K [01;31m[Kfatal error: [m[Kgeographic_msgs/msg/detail/geo_pose__struct.hpp: No such file or directory
[3.754s]    20 | #include [01;31m[K"geographic_msgs/msg/detail/geo_pose__struct.hpp"[m[K
[3.754s]       |          [01;31m[K^~~~~~~~~~~~~~~~~~~~~~~~~~~~~~~~~~~~~~~~~~~~~~~~~[m[K
[3.754s] compilation terminated.
[3.756s] gmake[2]: *** [CMakeFiles/action_commands__rosidl_typesupport_cpp.dir/build.make:111: CMakeFiles/action_commands__rosidl_typesupport_cpp.dir/rosidl_typesupport_cpp/action_commands/action/follow_gps_waypoints__type_support.cpp.o] Error 1
[3.756s] gmake[2]: *** Waiting for unfinished jobs....
[3.822s] In file included from [01m[K/home/anmol/autonomous_iit/build/action_commands/rosidl_typesupport_introspection_cpp/action_commands/action/detail/follow_gps_waypoints__type_support.cpp:12[m[K:
[3.822s] [01m[K/home/anmol/autonomous_iit/build/action_commands/rosidl_generator_cpp/action_commands/action/detail/follow_gps_waypoints__struct.hpp:20:10:[m[K [01;31m[Kfatal error: [m[Kgeographic_msgs/msg/detail/geo_pose__struct.hpp: No such file or directory
[3.822s]    20 | #include [01;31m[K"geographic_msgs/msg/detail/geo_pose__struct.hpp"[m[K
[3.823s]       |          [01;31m[K^~~~~~~~~~~~~~~~~~~~~~~~~~~~~~~~~~~~~~~~~~~~~~~~~[m[K
[3.823s] compilation terminated.
[3.825s] gmake[2]: *** [CMakeFiles/action_commands__rosidl_typesupport_introspection_cpp.dir/build.make:119: CMakeFiles/action_commands__rosidl_typesupport_introspection_cpp.dir/rosidl_typesupport_introspection_cpp/action_commands/action/detail/follow_gps_waypoints__type_support.cpp.o] Error 1
[3.825s] gmake[2]: *** Waiting for unfinished jobs....
[3.850s] [ 30%] [32mBuilding CXX object CMakeFiles/action_commands__rosidl_typesupport_fastrtps_cpp.dir/rosidl_typesupport_fastrtps_cpp/action_commands/action/detail/dds_fastrtps/follow_gps_waypoints__type_support.cpp.o[0m
[3.853s] [ 33%] [32mBuilding CXX object CMakeFiles/action_commands__rosidl_typesupport_fastrtps_cpp.dir/rosidl_typesupport_fastrtps_cpp/action_commands/action/detail/dds_fastrtps/command__type_support.cpp.o[0m
[3.923s] In file included from [01m[K/home/anmol/autonomous_iit/build/action_commands/rosidl_typesupport_fastrtps_cpp/action_commands/action/detail/follow_gps_waypoints__rosidl_typesupport_fastrtps_cpp.hpp:11[m[K,
[3.923s]                  from [01m[K/home/anmol/autonomous_iit/build/action_commands/rosidl_typesupport_fastrtps_cpp/action_commands/action/detail/dds_fastrtps/follow_gps_waypoints__type_support.cpp:4[m[K:
[3.923s] [01m[K/home/anmol/autonomous_iit/build/action_commands/rosidl_generator_cpp/action_commands/action/detail/follow_gps_waypoints__struct.hpp:20:10:[m[K [01;31m[Kfatal error: [m[Kgeographic_msgs/msg/detail/geo_pose__struct.hpp: No such file or directory
[3.923s]    20 | #include [01;31m[K"geographic_msgs/msg/detail/geo_pose__struct.hpp"[m[K
[3.924s]       |          [01;31m[K^~~~~~~~~~~~~~~~~~~~~~~~~~~~~~~~~~~~~~~~~~~~~~~~~[m[K
[3.924s] compilation terminated.
[3.926s] gmake[2]: *** [CMakeFiles/action_commands__rosidl_typesupport_fastrtps_cpp.dir/build.make:119: CMakeFiles/action_commands__rosidl_typesupport_fastrtps_cpp.dir/rosidl_typesupport_fastrtps_cpp/action_commands/action/detail/dds_fastrtps/follow_gps_waypoints__type_support.cpp.o] Error 1
[3.926s] gmake[2]: *** Waiting for unfinished jobs....
[4.146s] gmake[1]: *** [CMakeFiles/Makefile2:395: CMakeFiles/action_commands__rosidl_typesupport_cpp.dir/all] Error 2
[4.332s] gmake[1]: *** [CMakeFiles/Makefile2:369: CMakeFiles/action_commands__rosidl_typesupport_introspection_cpp.dir/all] Error 2
[4.410s] gmake[1]: *** [CMakeFiles/Makefile2:343: CMakeFiles/action_commands__rosidl_typesupport_fastrtps_cpp.dir/all] Error 2
[4.410s] gmake: *** [Makefile:146: all] Error 2
[4.413s] Invoked command in '/home/anmol/autonomous_iit/build/action_commands' returned '2': CMAKE_PREFIX_PATH=${CMAKE_PREFIX_PATH}:/home/anmol/autonomous_iit/install/autonomous_mode:/home/anmol/ws_offboard_control/install/manual_key_control:/opt/ros/humble /usr/bin/cmake --build /home/anmol/autonomous_iit/build/action_commands -- -j12 -l12
