[0.753s] Invoking command in '/home/anmol/autonomous_iit/src/autonomous_mode': PYTHONPATH=/home/anmol/autonomous_iit/build/autonomous_mode/prefix_override:/home/anmol/autonomous_iit/install/autonomous_mode/lib/python3.10/site-packages:${PYTHONPATH} /usr/bin/python3 setup.py egg_info --egg-base ../../build/autonomous_mode build --build-base /home/anmol/autonomous_iit/build/autonomous_mode/build install --record /home/anmol/autonomous_iit/build/autonomous_mode/install.log --single-version-externally-managed
[0.968s] running egg_info
[0.969s] writing ../../build/autonomous_mode/autonomous_mode.egg-info/PKG-INFO
[0.969s] writing dependency_links to ../../build/autonomous_mode/autonomous_mode.egg-info/dependency_links.txt
[0.969s] writing entry points to ../../build/autonomous_mode/autonomous_mode.egg-info/entry_points.txt
[0.969s] writing requirements to ../../build/autonomous_mode/autonomous_mode.egg-info/requires.txt
[0.970s] writing top-level names to ../../build/autonomous_mode/autonomous_mode.egg-info/top_level.txt
[0.971s] reading manifest file '../../build/autonomous_mode/autonomous_mode.egg-info/SOURCES.txt'
[0.972s] writing manifest file '../../build/autonomous_mode/autonomous_mode.egg-info/SOURCES.txt'
[0.972s] running build
[0.972s] running build_py
[0.972s] copying autonomous_mode/gps_logger.py -> /home/anmol/autonomous_iit/build/autonomous_mode/build/lib/autonomous_mode
[0.973s] running install
[0.973s] /usr/lib/python3/dist-packages/setuptools/command/install.py:34: SetuptoolsDeprecationWarning: setup.py install is deprecated. Use build and pip and other standards-based tools.
[0.973s]   warnings.warn(
[0.973s] running install_lib
[0.974s] copying /home/anmol/autonomous_iit/build/autonomous_mode/build/lib/autonomous_mode/gps_logger.py -> /home/anmol/autonomous_iit/install/autonomous_mode/lib/python3.10/site-packages/autonomous_mode
[0.975s] byte-compiling /home/anmol/autonomous_iit/install/autonomous_mode/lib/python3.10/site-packages/autonomous_mode/gps_logger.py to gps_logger.cpython-310.pyc
[0.975s] running install_data
[0.976s] running install_egg_info
[0.977s] removing '/home/anmol/autonomous_iit/install/autonomous_mode/lib/python3.10/site-packages/autonomous_mode-0.0.0-py3.10.egg-info' (and everything under it)
[0.978s] Copying ../../build/autonomous_mode/autonomous_mode.egg-info to /home/anmol/autonomous_iit/install/autonomous_mode/lib/python3.10/site-packages/autonomous_mode-0.0.0-py3.10.egg-info
[0.979s] running install_scripts
[0.999s] Installing gps_logger script to /home/anmol/autonomous_iit/install/autonomous_mode/lib/autonomous_mode
[0.999s] Installing key_input script to /home/anmol/autonomous_iit/install/autonomous_mode/lib/autonomous_mode
[0.999s] writing list of installed files to '/home/anmol/autonomous_iit/build/autonomous_mode/install.log'
[1.032s] Invoked command in '/home/anmol/autonomous_iit/src/autonomous_mode' returned '0': PYTHONPATH=/home/anmol/autonomous_iit/build/autonomous_mode/prefix_override:/home/anmol/autonomous_iit/install/autonomous_mode/lib/python3.10/site-packages:${PYTHONPATH} /usr/bin/python3 setup.py egg_info --egg-base ../../build/autonomous_mode build --build-base /home/anmol/autonomous_iit/build/autonomous_mode/build install --record /home/anmol/autonomous_iit/build/autonomous_mode/install.log --single-version-externally-managed
