[0.385s] Invoking command in '/home/anmol/autonomous_iit/build/tutorial_interfaces': CMAKE_PREFIX_PATH=${CMAKE_PREFIX_PATH}:/home/anmol/ws_offboard_control/install/manual_key_control:/opt/ros/humble /usr/bin/cmake --build /home/anmol/autonomous_iit/build/tutorial_interfaces -- -j12 -l12
[0.418s] -- Found ament_cmake: 1.3.6 (/opt/ros/humble/share/ament_cmake/cmake)
[0.632s] -- Found geometry_msgs: 4.2.3 (/opt/ros/humble/share/geometry_msgs/cmake)
[0.714s] -- Found rosidl_generator_c: 3.1.5 (/opt/ros/humble/share/rosidl_generator_c/cmake)
[0.719s] -- Found rosidl_adapter: 3.1.5 (/opt/ros/humble/share/rosidl_adapter/cmake)
[0.732s] -- Found rosidl_generator_cpp: 3.1.5 (/opt/ros/humble/share/rosidl_generator_cpp/cmake)
[0.753s] -- Using all available rosidl_typesupport_c: rosidl_typesupport_fastrtps_c;rosidl_typesupport_introspection_c
[0.774s] -- Using all available rosidl_typesupport_cpp: rosidl_typesupport_fastrtps_cpp;rosidl_typesupport_introspection_cpp
[0.902s] -- Found rosidl_default_generators: 1.2.0 (/opt/ros/humble/share/rosidl_default_generators/cmake)
[1.319s] -- Found ament_cmake_ros: 0.10.0 (/opt/ros/humble/share/ament_cmake_ros/cmake)
[1.807s] -- Using all available rosidl_typesupport_c: rosidl_typesupport_fastrtps_c;rosidl_typesupport_introspection_c
[2.031s] -- Using all available rosidl_typesupport_cpp: rosidl_typesupport_fastrtps_cpp;rosidl_typesupport_introspection_cpp
[2.059s] -- Found python_cmake_module: 0.10.0 (/opt/ros/humble/share/python_cmake_module/cmake)
[2.095s] -- Using PYTHON_EXECUTABLE: /usr/bin/python3
[2.095s] -- Using PYTHON_INCLUDE_DIRS: /usr/include/python3.10
[2.095s] -- Using PYTHON_LIBRARIES: /usr/lib/x86_64-linux-gnu/libpython3.10.so
[2.140s] -- Found ament_lint_auto: 0.12.9 (/opt/ros/humble/share/ament_lint_auto/cmake)
[2.162s] -- Added test 'lint_cmake' to check CMake code style
[2.165s] -- Added test 'xmllint' to check XML markup files
[2.168s] -- Configuring done
[2.245s] -- Generating done
[2.251s] -- Build files have been written to: /home/anmol/autonomous_iit/build/tutorial_interfaces
[2.302s] [  2%] [34m[1mGenerating C code for ROS interfaces[0m
[2.328s] [  4%] [34m[1mGenerating C++ code for ROS interfaces[0m
[2.342s] [  4%] Built target ament_cmake_python_copy_tutorial_interfaces
[2.673s] running egg_info
[2.675s] writing tutorial_interfaces.egg-info/PKG-INFO
[2.677s] writing dependency_links to tutorial_interfaces.egg-info/dependency_links.txt
[2.677s] writing top-level names to tutorial_interfaces.egg-info/top_level.txt
[2.681s] reading manifest file 'tutorial_interfaces.egg-info/SOURCES.txt'
[2.682s] writing manifest file 'tutorial_interfaces.egg-info/SOURCES.txt'
[2.751s] [  4%] Built target ament_cmake_python_build_tutorial_interfaces_egg
[2.841s] [35m[1mConsolidate compiler generated dependencies of target tutorial_interfaces__rosidl_generator_c[0m
[2.862s] [  8%] [32mBuilding C object CMakeFiles/tutorial_interfaces__rosidl_generator_c.dir/rosidl_generator_c/tutorial_interfaces/srv/detail/add_three_ints__functions.c.o[0m
[2.862s] [  8%] [32mBuilding C object CMakeFiles/tutorial_interfaces__rosidl_generator_c.dir/rosidl_generator_c/tutorial_interfaces/msg/detail/sphere__functions.c.o[0m
[2.862s] [ 10%] [32mBuilding C object CMakeFiles/tutorial_interfaces__rosidl_generator_c.dir/rosidl_generator_c/tutorial_interfaces/msg/detail/board__functions.c.o[0m
[2.864s] [ 10%] Built target tutorial_interfaces__cpp
[2.886s] [ 17%] [34m[1mGenerating C++ introspection for ROS interfaces[0m
[2.886s] [ 17%] [34m[1mGenerating C++ type support for eProsima Fast-RTPS[0m
[2.886s] [ 17%] [34m[1mGenerating C++ type support dispatch for ROS interfaces[0m
[2.988s] [ 19%] [32m[1mLinking C shared library libtutorial_interfaces__rosidl_generator_c.so[0m
[3.082s] [ 19%] Built target tutorial_interfaces__rosidl_generator_c
[3.107s] [ 21%] [34m[1mGenerating C type support dispatch for ROS interfaces[0m
[3.108s] [ 23%] [34m[1mGenerating C introspection for ROS interfaces[0m
[3.110s] [ 25%] [34m[1mGenerating C type support for eProsima Fast-RTPS[0m
[3.386s] [35m[1mConsolidate compiler generated dependencies of target tutorial_interfaces__rosidl_typesupport_cpp[0m
[3.418s] [ 29%] [32mBuilding CXX object CMakeFiles/tutorial_interfaces__rosidl_typesupport_cpp.dir/rosidl_typesupport_cpp/tutorial_interfaces/srv/add_three_ints__type_support.cpp.o[0m
[3.418s] [ 29%] [32mBuilding CXX object CMakeFiles/tutorial_interfaces__rosidl_typesupport_cpp.dir/rosidl_typesupport_cpp/tutorial_interfaces/msg/sphere__type_support.cpp.o[0m
[3.424s] [ 31%] [32mBuilding CXX object CMakeFiles/tutorial_interfaces__rosidl_typesupport_cpp.dir/rosidl_typesupport_cpp/tutorial_interfaces/msg/board__type_support.cpp.o[0m
[3.424s] [35m[1mConsolidate compiler generated dependencies of target tutorial_interfaces__rosidl_typesupport_introspection_cpp[0m
[3.470s] [ 34%] [32mBuilding CXX object CMakeFiles/tutorial_interfaces__rosidl_typesupport_introspection_cpp.dir/rosidl_typesupport_introspection_cpp/tutorial_interfaces/srv/detail/add_three_ints__type_support.cpp.o[0m
[3.472s] [ 36%] [32mBuilding CXX object CMakeFiles/tutorial_interfaces__rosidl_typesupport_introspection_cpp.dir/rosidl_typesupport_introspection_cpp/tutorial_interfaces/msg/detail/board__type_support.cpp.o[0m
[3.479s] [ 38%] [32mBuilding CXX object CMakeFiles/tutorial_interfaces__rosidl_typesupport_introspection_cpp.dir/rosidl_typesupport_introspection_cpp/tutorial_interfaces/msg/detail/sphere__type_support.cpp.o[0m
[3.493s] [35m[1mConsolidate compiler generated dependencies of target tutorial_interfaces__rosidl_typesupport_fastrtps_cpp[0m
[3.539s] [ 40%] [32mBuilding CXX object CMakeFiles/tutorial_interfaces__rosidl_typesupport_fastrtps_cpp.dir/rosidl_typesupport_fastrtps_cpp/tutorial_interfaces/msg/detail/dds_fastrtps/sphere__type_support.cpp.o[0m
[3.544s] [ 42%] [32mBuilding CXX object CMakeFiles/tutorial_interfaces__rosidl_typesupport_fastrtps_cpp.dir/rosidl_typesupport_fastrtps_cpp/tutorial_interfaces/srv/detail/dds_fastrtps/add_three_ints__type_support.cpp.o[0m
[3.551s] [ 44%] [32mBuilding CXX object CMakeFiles/tutorial_interfaces__rosidl_typesupport_fastrtps_cpp.dir/rosidl_typesupport_fastrtps_cpp/tutorial_interfaces/msg/detail/dds_fastrtps/board__type_support.cpp.o[0m
[3.652s] [35m[1mConsolidate compiler generated dependencies of target tutorial_interfaces__rosidl_typesupport_c[0m
[3.724s] [ 46%] [32mBuilding CXX object CMakeFiles/tutorial_interfaces__rosidl_typesupport_c.dir/rosidl_typesupport_c/tutorial_interfaces/msg/board__type_support.cpp.o[0m
[3.887s] [ 48%] [32mBuilding CXX object CMakeFiles/tutorial_interfaces__rosidl_typesupport_c.dir/rosidl_typesupport_c/tutorial_interfaces/msg/sphere__type_support.cpp.o[0m
[3.905s] [35m[1mConsolidate compiler generated dependencies of target tutorial_interfaces__rosidl_typesupport_introspection_c[0m
[3.923s] [35m[1mConsolidate compiler generated dependencies of target tutorial_interfaces__rosidl_typesupport_fastrtps_c[0m
[3.984s] [ 51%] [32mBuilding C object CMakeFiles/tutorial_interfaces__rosidl_typesupport_introspection_c.dir/rosidl_typesupport_introspection_c/tutorial_interfaces/msg/detail/board__type_support.c.o[0m
[3.989s] [ 53%] [32mBuilding C object CMakeFiles/tutorial_interfaces__rosidl_typesupport_introspection_c.dir/rosidl_typesupport_introspection_c/tutorial_interfaces/msg/detail/sphere__type_support.c.o[0m
[4.016s] [ 55%] [32mBuilding CXX object CMakeFiles/tutorial_interfaces__rosidl_typesupport_fastrtps_c.dir/rosidl_typesupport_fastrtps_c/tutorial_interfaces/msg/detail/board__type_support_c.cpp.o[0m
[4.032s] [ 59%] [32mBuilding CXX object CMakeFiles/tutorial_interfaces__rosidl_typesupport_c.dir/rosidl_typesupport_c/tutorial_interfaces/srv/add_three_ints__type_support.cpp.o[0m
[4.034s] [ 59%] [32mBuilding CXX object CMakeFiles/tutorial_interfaces__rosidl_typesupport_fastrtps_c.dir/rosidl_typesupport_fastrtps_c/tutorial_interfaces/msg/detail/sphere__type_support_c.cpp.o[0m
[4.060s] [ 61%] [32m[1mLinking CXX shared library libtutorial_interfaces__rosidl_typesupport_cpp.so[0m
[4.121s] [ 63%] [32mBuilding C object CMakeFiles/tutorial_interfaces__rosidl_typesupport_introspection_c.dir/rosidl_typesupport_introspection_c/tutorial_interfaces/srv/detail/add_three_ints__type_support.c.o[0m
[4.150s] [ 65%] [32mBuilding CXX object CMakeFiles/tutorial_interfaces__rosidl_typesupport_fastrtps_c.dir/rosidl_typesupport_fastrtps_c/tutorial_interfaces/srv/detail/add_three_ints__type_support_c.cpp.o[0m
[4.220s] [ 68%] [32m[1mLinking CXX shared library libtutorial_interfaces__rosidl_typesupport_c.so[0m
[4.261s] [ 68%] Built target tutorial_interfaces__rosidl_typesupport_cpp
[4.286s] [ 70%] [32m[1mLinking C shared library libtutorial_interfaces__rosidl_typesupport_introspection_c.so[0m
[4.354s] [ 70%] Built target tutorial_interfaces__rosidl_typesupport_c
[4.377s] [ 72%] [32m[1mLinking CXX shared library libtutorial_interfaces__rosidl_typesupport_introspection_cpp.so[0m
[4.400s] [ 72%] Built target tutorial_interfaces__rosidl_typesupport_introspection_c
[4.450s] [ 74%] [32m[1mLinking CXX shared library libtutorial_interfaces__rosidl_typesupport_fastrtps_cpp.so[0m
[4.561s] [ 74%] Built target tutorial_interfaces__rosidl_typesupport_introspection_cpp
[4.642s] [ 74%] Built target tutorial_interfaces__rosidl_typesupport_fastrtps_cpp
[4.704s] [ 76%] [32m[1mLinking CXX shared library libtutorial_interfaces__rosidl_typesupport_fastrtps_c.so[0m
[4.886s] [ 76%] Built target tutorial_interfaces__rosidl_typesupport_fastrtps_c
[4.935s] [ 76%] Built target tutorial_interfaces
[4.982s] [ 78%] [34m[1mGenerating Python code for ROS interfaces[0m
[5.626s] [ 78%] Built target tutorial_interfaces__py
[5.643s] [35m[1mConsolidate compiler generated dependencies of target tutorial_interfaces__rosidl_generator_py[0m
[5.664s] [ 82%] [32mBuilding C object CMakeFiles/tutorial_interfaces__rosidl_generator_py.dir/rosidl_generator_py/tutorial_interfaces/msg/_board_s.c.o[0m
[5.665s] [ 82%] [32mBuilding C object CMakeFiles/tutorial_interfaces__rosidl_generator_py.dir/rosidl_generator_py/tutorial_interfaces/msg/_sphere_s.c.o[0m
[5.668s] [ 85%] [32mBuilding C object CMakeFiles/tutorial_interfaces__rosidl_generator_py.dir/rosidl_generator_py/tutorial_interfaces/srv/_add_three_ints_s.c.o[0m
[5.812s] [ 87%] [32m[1mLinking C shared library rosidl_generator_py/tutorial_interfaces/libtutorial_interfaces__rosidl_generator_py.so[0m
[5.880s] [ 87%] Built target tutorial_interfaces__rosidl_generator_py
[5.896s] [35m[1mConsolidate compiler generated dependencies of target tutorial_interfaces__rosidl_typesupport_introspection_c__pyext[0m
[5.896s] [35m[1mConsolidate compiler generated dependencies of target tutorial_interfaces__rosidl_typesupport_fastrtps_c__pyext[0m
[5.896s] [35m[1mConsolidate compiler generated dependencies of target tutorial_interfaces__rosidl_typesupport_c__pyext[0m
[5.915s] [ 91%] [32mBuilding C object CMakeFiles/tutorial_interfaces__rosidl_typesupport_fastrtps_c__pyext.dir/rosidl_generator_py/tutorial_interfaces/_tutorial_interfaces_s.ep.rosidl_typesupport_fastrtps_c.c.o[0m
[5.915s] [ 91%] [32mBuilding C object CMakeFiles/tutorial_interfaces__rosidl_typesupport_introspection_c__pyext.dir/rosidl_generator_py/tutorial_interfaces/_tutorial_interfaces_s.ep.rosidl_typesupport_introspection_c.c.o[0m
[5.915s] [ 93%] [32mBuilding C object CMakeFiles/tutorial_interfaces__rosidl_typesupport_c__pyext.dir/rosidl_generator_py/tutorial_interfaces/_tutorial_interfaces_s.ep.rosidl_typesupport_c.c.o[0m
[6.066s] [ 95%] [32m[1mLinking C shared library rosidl_generator_py/tutorial_interfaces/tutorial_interfaces_s__rosidl_typesupport_c.cpython-310-x86_64-linux-gnu.so[0m
[6.096s] [100%] [32m[1mLinking C shared library rosidl_generator_py/tutorial_interfaces/tutorial_interfaces_s__rosidl_typesupport_fastrtps_c.cpython-310-x86_64-linux-gnu.so[0m
[6.097s] [100%] [32m[1mLinking C shared library rosidl_generator_py/tutorial_interfaces/tutorial_interfaces_s__rosidl_typesupport_introspection_c.cpython-310-x86_64-linux-gnu.so[0m
[6.147s] [100%] Built target tutorial_interfaces__rosidl_typesupport_c__pyext
[6.164s] [100%] Built target tutorial_interfaces__rosidl_typesupport_introspection_c__pyext
[6.167s] [100%] Built target tutorial_interfaces__rosidl_typesupport_fastrtps_c__pyext
[6.187s] Invoked command in '/home/anmol/autonomous_iit/build/tutorial_interfaces' returned '0': CMAKE_PREFIX_PATH=${CMAKE_PREFIX_PATH}:/home/anmol/ws_offboard_control/install/manual_key_control:/opt/ros/humble /usr/bin/cmake --build /home/anmol/autonomous_iit/build/tutorial_interfaces -- -j12 -l12
[6.351s] Invoking command in '/home/anmol/autonomous_iit/build/tutorial_interfaces': CMAKE_PREFIX_PATH=${CMAKE_PREFIX_PATH}:/home/anmol/ws_offboard_control/install/manual_key_control:/opt/ros/humble /usr/bin/cmake --install /home/anmol/autonomous_iit/build/tutorial_interfaces
[6.361s] -- Install configuration: ""
[6.362s] -- Up-to-date: /home/anmol/autonomous_iit/install/tutorial_interfaces/share/ament_index/resource_index/rosidl_interfaces/tutorial_interfaces
[6.362s] -- Up-to-date: /home/anmol/autonomous_iit/install/tutorial_interfaces/include/tutorial_interfaces/tutorial_interfaces
[6.362s] -- Up-to-date: /home/anmol/autonomous_iit/install/tutorial_interfaces/include/tutorial_interfaces/tutorial_interfaces/msg
[6.362s] -- Installing: /home/anmol/autonomous_iit/install/tutorial_interfaces/include/tutorial_interfaces/tutorial_interfaces/msg/sphere.h
[6.362s] -- Up-to-date: /home/anmol/autonomous_iit/install/tutorial_interfaces/include/tutorial_interfaces/tutorial_interfaces/msg/detail
[6.362s] -- Installing: /home/anmol/autonomous_iit/install/tutorial_interfaces/include/tutorial_interfaces/tutorial_interfaces/msg/detail/board__struct.h
[6.363s] -- Installing: /home/anmol/autonomous_iit/install/tutorial_interfaces/include/tutorial_interfaces/tutorial_interfaces/msg/detail/board__functions.c
[6.363s] -- Installing: /home/anmol/autonomous_iit/install/tutorial_interfaces/include/tutorial_interfaces/tutorial_interfaces/msg/detail/sphere__type_support.h
[6.363s] -- Installing: /home/anmol/autonomous_iit/install/tutorial_interfaces/include/tutorial_interfaces/tutorial_interfaces/msg/detail/sphere__functions.h
[6.363s] -- Installing: /home/anmol/autonomous_iit/install/tutorial_interfaces/include/tutorial_interfaces/tutorial_interfaces/msg/detail/sphere__struct.h
[6.363s] -- Installing: /home/anmol/autonomous_iit/install/tutorial_interfaces/include/tutorial_interfaces/tutorial_interfaces/msg/detail/board__functions.h
[6.364s] -- Installing: /home/anmol/autonomous_iit/install/tutorial_interfaces/include/tutorial_interfaces/tutorial_interfaces/msg/detail/board__type_support.h
[6.364s] -- Installing: /home/anmol/autonomous_iit/install/tutorial_interfaces/include/tutorial_interfaces/tutorial_interfaces/msg/detail/sphere__functions.c
[6.364s] -- Installing: /home/anmol/autonomous_iit/install/tutorial_interfaces/include/tutorial_interfaces/tutorial_interfaces/msg/board.h
[6.364s] -- Up-to-date: /home/anmol/autonomous_iit/install/tutorial_interfaces/include/tutorial_interfaces/tutorial_interfaces/msg/rosidl_generator_c__visibility_control.h
[6.365s] -- Up-to-date: /home/anmol/autonomous_iit/install/tutorial_interfaces/include/tutorial_interfaces/tutorial_interfaces/srv
[6.365s] -- Up-to-date: /home/anmol/autonomous_iit/install/tutorial_interfaces/include/tutorial_interfaces/tutorial_interfaces/srv/detail
[6.365s] -- Installing: /home/anmol/autonomous_iit/install/tutorial_interfaces/include/tutorial_interfaces/tutorial_interfaces/srv/detail/add_three_ints__struct.h
[6.365s] -- Installing: /home/anmol/autonomous_iit/install/tutorial_interfaces/include/tutorial_interfaces/tutorial_interfaces/srv/detail/add_three_ints__functions.h
[6.365s] -- Installing: /home/anmol/autonomous_iit/install/tutorial_interfaces/include/tutorial_interfaces/tutorial_interfaces/srv/detail/add_three_ints__type_support.h
[6.366s] -- Installing: /home/anmol/autonomous_iit/install/tutorial_interfaces/include/tutorial_interfaces/tutorial_interfaces/srv/detail/add_three_ints__functions.c
[6.366s] -- Installing: /home/anmol/autonomous_iit/install/tutorial_interfaces/include/tutorial_interfaces/tutorial_interfaces/srv/add_three_ints.h
[6.367s] -- Up-to-date: /home/anmol/autonomous_iit/install/tutorial_interfaces/share/tutorial_interfaces/environment/library_path.sh
[6.367s] -- Installing: /home/anmol/autonomous_iit/install/tutorial_interfaces/share/tutorial_interfaces/environment/library_path.dsv
[6.368s] -- Installing: /home/anmol/autonomous_iit/install/tutorial_interfaces/lib/libtutorial_interfaces__rosidl_generator_c.so
[6.368s] -- Set runtime path of "/home/anmol/autonomous_iit/install/tutorial_interfaces/lib/libtutorial_interfaces__rosidl_generator_c.so" to ""
[6.368s] -- Up-to-date: /home/anmol/autonomous_iit/install/tutorial_interfaces/include/tutorial_interfaces/tutorial_interfaces
[6.368s] -- Up-to-date: /home/anmol/autonomous_iit/install/tutorial_interfaces/include/tutorial_interfaces/tutorial_interfaces/msg
[6.369s] -- Up-to-date: /home/anmol/autonomous_iit/install/tutorial_interfaces/include/tutorial_interfaces/tutorial_interfaces/msg/detail
[6.369s] -- Installing: /home/anmol/autonomous_iit/install/tutorial_interfaces/include/tutorial_interfaces/tutorial_interfaces/msg/detail/board__rosidl_typesupport_fastrtps_c.h
[6.369s] -- Installing: /home/anmol/autonomous_iit/install/tutorial_interfaces/include/tutorial_interfaces/tutorial_interfaces/msg/detail/sphere__rosidl_typesupport_fastrtps_c.h
[6.369s] -- Up-to-date: /home/anmol/autonomous_iit/install/tutorial_interfaces/include/tutorial_interfaces/tutorial_interfaces/msg/rosidl_typesupport_fastrtps_c__visibility_control.h
[6.369s] -- Up-to-date: /home/anmol/autonomous_iit/install/tutorial_interfaces/include/tutorial_interfaces/tutorial_interfaces/srv
[6.369s] -- Up-to-date: /home/anmol/autonomous_iit/install/tutorial_interfaces/include/tutorial_interfaces/tutorial_interfaces/srv/detail
[6.369s] -- Installing: /home/anmol/autonomous_iit/install/tutorial_interfaces/include/tutorial_interfaces/tutorial_interfaces/srv/detail/add_three_ints__rosidl_typesupport_fastrtps_c.h
[6.370s] -- Installing: /home/anmol/autonomous_iit/install/tutorial_interfaces/lib/libtutorial_interfaces__rosidl_typesupport_fastrtps_c.so
[6.370s] -- Set runtime path of "/home/anmol/autonomous_iit/install/tutorial_interfaces/lib/libtutorial_interfaces__rosidl_typesupport_fastrtps_c.so" to ""
[6.370s] -- Up-to-date: /home/anmol/autonomous_iit/install/tutorial_interfaces/include/tutorial_interfaces/tutorial_interfaces
[6.371s] -- Up-to-date: /home/anmol/autonomous_iit/install/tutorial_interfaces/include/tutorial_interfaces/tutorial_interfaces/msg
[6.371s] -- Up-to-date: /home/anmol/autonomous_iit/install/tutorial_interfaces/include/tutorial_interfaces/tutorial_interfaces/msg/detail
[6.371s] -- Installing: /home/anmol/autonomous_iit/install/tutorial_interfaces/include/tutorial_interfaces/tutorial_interfaces/msg/detail/sphere__traits.hpp
[6.371s] -- Installing: /home/anmol/autonomous_iit/install/tutorial_interfaces/include/tutorial_interfaces/tutorial_interfaces/msg/detail/board__builder.hpp
[6.371s] -- Installing: /home/anmol/autonomous_iit/install/tutorial_interfaces/include/tutorial_interfaces/tutorial_interfaces/msg/detail/board__traits.hpp
[6.372s] -- Installing: /home/anmol/autonomous_iit/install/tutorial_interfaces/include/tutorial_interfaces/tutorial_interfaces/msg/detail/sphere__struct.hpp
[6.372s] -- Installing: /home/anmol/autonomous_iit/install/tutorial_interfaces/include/tutorial_interfaces/tutorial_interfaces/msg/detail/sphere__builder.hpp
[6.372s] -- Installing: /home/anmol/autonomous_iit/install/tutorial_interfaces/include/tutorial_interfaces/tutorial_interfaces/msg/detail/board__struct.hpp
[6.373s] -- Installing: /home/anmol/autonomous_iit/install/tutorial_interfaces/include/tutorial_interfaces/tutorial_interfaces/msg/sphere.hpp
[6.373s] -- Installing: /home/anmol/autonomous_iit/install/tutorial_interfaces/include/tutorial_interfaces/tutorial_interfaces/msg/board.hpp
[6.373s] -- Up-to-date: /home/anmol/autonomous_iit/install/tutorial_interfaces/include/tutorial_interfaces/tutorial_interfaces/srv
[6.373s] -- Installing: /home/anmol/autonomous_iit/install/tutorial_interfaces/include/tutorial_interfaces/tutorial_interfaces/srv/add_three_ints.hpp
[6.373s] -- Up-to-date: /home/anmol/autonomous_iit/install/tutorial_interfaces/include/tutorial_interfaces/tutorial_interfaces/srv/detail
[6.373s] -- Installing: /home/anmol/autonomous_iit/install/tutorial_interfaces/include/tutorial_interfaces/tutorial_interfaces/srv/detail/add_three_ints__traits.hpp
[6.374s] -- Installing: /home/anmol/autonomous_iit/install/tutorial_interfaces/include/tutorial_interfaces/tutorial_interfaces/srv/detail/add_three_ints__struct.hpp
[6.375s] -- Installing: /home/anmol/autonomous_iit/install/tutorial_interfaces/include/tutorial_interfaces/tutorial_interfaces/srv/detail/add_three_ints__builder.hpp
[6.375s] -- Up-to-date: /home/anmol/autonomous_iit/install/tutorial_interfaces/include/tutorial_interfaces/tutorial_interfaces
[6.375s] -- Up-to-date: /home/anmol/autonomous_iit/install/tutorial_interfaces/include/tutorial_interfaces/tutorial_interfaces/msg
[6.375s] -- Up-to-date: /home/anmol/autonomous_iit/install/tutorial_interfaces/include/tutorial_interfaces/tutorial_interfaces/msg/detail
[6.375s] -- Up-to-date: /home/anmol/autonomous_iit/install/tutorial_interfaces/include/tutorial_interfaces/tutorial_interfaces/msg/detail/dds_fastrtps
[6.375s] -- Installing: /home/anmol/autonomous_iit/install/tutorial_interfaces/include/tutorial_interfaces/tutorial_interfaces/msg/detail/sphere__rosidl_typesupport_fastrtps_cpp.hpp
[6.376s] -- Installing: /home/anmol/autonomous_iit/install/tutorial_interfaces/include/tutorial_interfaces/tutorial_interfaces/msg/detail/board__rosidl_typesupport_fastrtps_cpp.hpp
[6.376s] -- Up-to-date: /home/anmol/autonomous_iit/install/tutorial_interfaces/include/tutorial_interfaces/tutorial_interfaces/msg/rosidl_typesupport_fastrtps_cpp__visibility_control.h
[6.376s] -- Up-to-date: /home/anmol/autonomous_iit/install/tutorial_interfaces/include/tutorial_interfaces/tutorial_interfaces/srv
[6.376s] -- Up-to-date: /home/anmol/autonomous_iit/install/tutorial_interfaces/include/tutorial_interfaces/tutorial_interfaces/srv/detail
[6.376s] -- Up-to-date: /home/anmol/autonomous_iit/install/tutorial_interfaces/include/tutorial_interfaces/tutorial_interfaces/srv/detail/dds_fastrtps
[6.376s] -- Installing: /home/anmol/autonomous_iit/install/tutorial_interfaces/include/tutorial_interfaces/tutorial_interfaces/srv/detail/add_three_ints__rosidl_typesupport_fastrtps_cpp.hpp
[6.377s] -- Installing: /home/anmol/autonomous_iit/install/tutorial_interfaces/lib/libtutorial_interfaces__rosidl_typesupport_fastrtps_cpp.so
[6.378s] -- Set runtime path of "/home/anmol/autonomous_iit/install/tutorial_interfaces/lib/libtutorial_interfaces__rosidl_typesupport_fastrtps_cpp.so" to ""
[6.378s] -- Up-to-date: /home/anmol/autonomous_iit/install/tutorial_interfaces/include/tutorial_interfaces/tutorial_interfaces
[6.378s] -- Up-to-date: /home/anmol/autonomous_iit/install/tutorial_interfaces/include/tutorial_interfaces/tutorial_interfaces/msg
[6.378s] -- Up-to-date: /home/anmol/autonomous_iit/install/tutorial_interfaces/include/tutorial_interfaces/tutorial_interfaces/msg/detail
[6.378s] -- Installing: /home/anmol/autonomous_iit/install/tutorial_interfaces/include/tutorial_interfaces/tutorial_interfaces/msg/detail/sphere__type_support.c
[6.378s] -- Installing: /home/anmol/autonomous_iit/install/tutorial_interfaces/include/tutorial_interfaces/tutorial_interfaces/msg/detail/sphere__rosidl_typesupport_introspection_c.h
[6.379s] -- Installing: /home/anmol/autonomous_iit/install/tutorial_interfaces/include/tutorial_interfaces/tutorial_interfaces/msg/detail/board__rosidl_typesupport_introspection_c.h
[6.379s] -- Installing: /home/anmol/autonomous_iit/install/tutorial_interfaces/include/tutorial_interfaces/tutorial_interfaces/msg/detail/board__type_support.c
[6.379s] -- Up-to-date: /home/anmol/autonomous_iit/install/tutorial_interfaces/include/tutorial_interfaces/tutorial_interfaces/msg/rosidl_typesupport_introspection_c__visibility_control.h
[6.379s] -- Up-to-date: /home/anmol/autonomous_iit/install/tutorial_interfaces/include/tutorial_interfaces/tutorial_interfaces/srv
[6.379s] -- Up-to-date: /home/anmol/autonomous_iit/install/tutorial_interfaces/include/tutorial_interfaces/tutorial_interfaces/srv/detail
[6.379s] -- Installing: /home/anmol/autonomous_iit/install/tutorial_interfaces/include/tutorial_interfaces/tutorial_interfaces/srv/detail/add_three_ints__rosidl_typesupport_introspection_c.h
[6.379s] -- Installing: /home/anmol/autonomous_iit/install/tutorial_interfaces/include/tutorial_interfaces/tutorial_interfaces/srv/detail/add_three_ints__type_support.c
[6.380s] -- Installing: /home/anmol/autonomous_iit/install/tutorial_interfaces/lib/libtutorial_interfaces__rosidl_typesupport_introspection_c.so
[6.381s] -- Set runtime path of "/home/anmol/autonomous_iit/install/tutorial_interfaces/lib/libtutorial_interfaces__rosidl_typesupport_introspection_c.so" to ""
[6.382s] -- Installing: /home/anmol/autonomous_iit/install/tutorial_interfaces/lib/libtutorial_interfaces__rosidl_typesupport_c.so
[6.382s] -- Set runtime path of "/home/anmol/autonomous_iit/install/tutorial_interfaces/lib/libtutorial_interfaces__rosidl_typesupport_c.so" to ""
[6.382s] -- Up-to-date: /home/anmol/autonomous_iit/install/tutorial_interfaces/include/tutorial_interfaces/tutorial_interfaces
[6.382s] -- Up-to-date: /home/anmol/autonomous_iit/install/tutorial_interfaces/include/tutorial_interfaces/tutorial_interfaces/msg
[6.382s] -- Up-to-date: /home/anmol/autonomous_iit/install/tutorial_interfaces/include/tutorial_interfaces/tutorial_interfaces/msg/detail
[6.383s] -- Installing: /home/anmol/autonomous_iit/install/tutorial_interfaces/include/tutorial_interfaces/tutorial_interfaces/msg/detail/board__type_support.cpp
[6.383s] -- Installing: /home/anmol/autonomous_iit/install/tutorial_interfaces/include/tutorial_interfaces/tutorial_interfaces/msg/detail/sphere__rosidl_typesupport_introspection_cpp.hpp
[6.383s] -- Installing: /home/anmol/autonomous_iit/install/tutorial_interfaces/include/tutorial_interfaces/tutorial_interfaces/msg/detail/sphere__type_support.cpp
[6.383s] -- Installing: /home/anmol/autonomous_iit/install/tutorial_interfaces/include/tutorial_interfaces/tutorial_interfaces/msg/detail/board__rosidl_typesupport_introspection_cpp.hpp
[6.383s] -- Up-to-date: /home/anmol/autonomous_iit/install/tutorial_interfaces/include/tutorial_interfaces/tutorial_interfaces/srv
[6.384s] -- Up-to-date: /home/anmol/autonomous_iit/install/tutorial_interfaces/include/tutorial_interfaces/tutorial_interfaces/srv/detail
[6.384s] -- Installing: /home/anmol/autonomous_iit/install/tutorial_interfaces/include/tutorial_interfaces/tutorial_interfaces/srv/detail/add_three_ints__type_support.cpp
[6.384s] -- Installing: /home/anmol/autonomous_iit/install/tutorial_interfaces/include/tutorial_interfaces/tutorial_interfaces/srv/detail/add_three_ints__rosidl_typesupport_introspection_cpp.hpp
[6.385s] -- Installing: /home/anmol/autonomous_iit/install/tutorial_interfaces/lib/libtutorial_interfaces__rosidl_typesupport_introspection_cpp.so
[6.386s] -- Set runtime path of "/home/anmol/autonomous_iit/install/tutorial_interfaces/lib/libtutorial_interfaces__rosidl_typesupport_introspection_cpp.so" to ""
[6.386s] -- Installing: /home/anmol/autonomous_iit/install/tutorial_interfaces/lib/libtutorial_interfaces__rosidl_typesupport_cpp.so
[6.387s] -- Set runtime path of "/home/anmol/autonomous_iit/install/tutorial_interfaces/lib/libtutorial_interfaces__rosidl_typesupport_cpp.so" to ""
[6.387s] -- Up-to-date: /home/anmol/autonomous_iit/install/tutorial_interfaces/share/tutorial_interfaces/environment/pythonpath.sh
[6.387s] -- Installing: /home/anmol/autonomous_iit/install/tutorial_interfaces/share/tutorial_interfaces/environment/pythonpath.dsv
[6.387s] -- Up-to-date: /home/anmol/autonomous_iit/install/tutorial_interfaces/local/lib/python3.10/dist-packages/tutorial_interfaces-0.0.0-py3.10.egg-info
[6.388s] -- Installing: /home/anmol/autonomous_iit/install/tutorial_interfaces/local/lib/python3.10/dist-packages/tutorial_interfaces-0.0.0-py3.10.egg-info/dependency_links.txt
[6.388s] -- Installing: /home/anmol/autonomous_iit/install/tutorial_interfaces/local/lib/python3.10/dist-packages/tutorial_interfaces-0.0.0-py3.10.egg-info/SOURCES.txt
[6.388s] -- Installing: /home/anmol/autonomous_iit/install/tutorial_interfaces/local/lib/python3.10/dist-packages/tutorial_interfaces-0.0.0-py3.10.egg-info/PKG-INFO
[6.389s] -- Installing: /home/anmol/autonomous_iit/install/tutorial_interfaces/local/lib/python3.10/dist-packages/tutorial_interfaces-0.0.0-py3.10.egg-info/top_level.txt
[6.389s] -- Up-to-date: /home/anmol/autonomous_iit/install/tutorial_interfaces/local/lib/python3.10/dist-packages/tutorial_interfaces
[6.389s] -- Installing: /home/anmol/autonomous_iit/install/tutorial_interfaces/local/lib/python3.10/dist-packages/tutorial_interfaces/tutorial_interfaces_s__rosidl_typesupport_fastrtps_c.cpython-310-x86_64-linux-gnu.so
[6.390s] -- Installing: /home/anmol/autonomous_iit/install/tutorial_interfaces/local/lib/python3.10/dist-packages/tutorial_interfaces/tutorial_interfaces_s__rosidl_typesupport_introspection_c.cpython-310-x86_64-linux-gnu.so
[6.391s] -- Installing: /home/anmol/autonomous_iit/install/tutorial_interfaces/local/lib/python3.10/dist-packages/tutorial_interfaces/_tutorial_interfaces_s.ep.rosidl_typesupport_fastrtps_c.c
[6.391s] -- Installing: /home/anmol/autonomous_iit/install/tutorial_interfaces/local/lib/python3.10/dist-packages/tutorial_interfaces/__init__.py
[6.391s] -- Installing: /home/anmol/autonomous_iit/install/tutorial_interfaces/local/lib/python3.10/dist-packages/tutorial_interfaces/_tutorial_interfaces_s.ep.rosidl_typesupport_introspection_c.c
[6.391s] -- Installing: /home/anmol/autonomous_iit/install/tutorial_interfaces/local/lib/python3.10/dist-packages/tutorial_interfaces/libtutorial_interfaces__rosidl_generator_py.so
[6.392s] -- Up-to-date: /home/anmol/autonomous_iit/install/tutorial_interfaces/local/lib/python3.10/dist-packages/tutorial_interfaces/msg
[6.392s] -- Installing: /home/anmol/autonomous_iit/install/tutorial_interfaces/local/lib/python3.10/dist-packages/tutorial_interfaces/msg/__init__.py
[6.392s] -- Installing: /home/anmol/autonomous_iit/install/tutorial_interfaces/local/lib/python3.10/dist-packages/tutorial_interfaces/msg/_board.py
[6.392s] -- Installing: /home/anmol/autonomous_iit/install/tutorial_interfaces/local/lib/python3.10/dist-packages/tutorial_interfaces/msg/_sphere_s.c
[6.392s] -- Installing: /home/anmol/autonomous_iit/install/tutorial_interfaces/local/lib/python3.10/dist-packages/tutorial_interfaces/msg/_sphere.py
[6.392s] -- Installing: /home/anmol/autonomous_iit/install/tutorial_interfaces/local/lib/python3.10/dist-packages/tutorial_interfaces/msg/_board_s.c
[6.393s] -- Installing: /home/anmol/autonomous_iit/install/tutorial_interfaces/local/lib/python3.10/dist-packages/tutorial_interfaces/_tutorial_interfaces_s.ep.rosidl_typesupport_c.c
[6.393s] -- Up-to-date: /home/anmol/autonomous_iit/install/tutorial_interfaces/local/lib/python3.10/dist-packages/tutorial_interfaces/srv
[6.393s] -- Installing: /home/anmol/autonomous_iit/install/tutorial_interfaces/local/lib/python3.10/dist-packages/tutorial_interfaces/srv/__init__.py
[6.393s] -- Installing: /home/anmol/autonomous_iit/install/tutorial_interfaces/local/lib/python3.10/dist-packages/tutorial_interfaces/srv/_add_three_ints_s.c
[6.393s] -- Installing: /home/anmol/autonomous_iit/install/tutorial_interfaces/local/lib/python3.10/dist-packages/tutorial_interfaces/srv/_add_three_ints.py
[6.393s] -- Installing: /home/anmol/autonomous_iit/install/tutorial_interfaces/local/lib/python3.10/dist-packages/tutorial_interfaces/tutorial_interfaces_s__rosidl_typesupport_c.cpython-310-x86_64-linux-gnu.so
[6.447s] Listing '/home/anmol/autonomous_iit/install/tutorial_interfaces/local/lib/python3.10/dist-packages/tutorial_interfaces'...
[6.447s] Compiling '/home/anmol/autonomous_iit/install/tutorial_interfaces/local/lib/python3.10/dist-packages/tutorial_interfaces/__init__.py'...
[6.447s] Listing '/home/anmol/autonomous_iit/install/tutorial_interfaces/local/lib/python3.10/dist-packages/tutorial_interfaces/msg'...
[6.447s] Compiling '/home/anmol/autonomous_iit/install/tutorial_interfaces/local/lib/python3.10/dist-packages/tutorial_interfaces/msg/__init__.py'...
[6.447s] Compiling '/home/anmol/autonomous_iit/install/tutorial_interfaces/local/lib/python3.10/dist-packages/tutorial_interfaces/msg/_board.py'...
[6.448s] Compiling '/home/anmol/autonomous_iit/install/tutorial_interfaces/local/lib/python3.10/dist-packages/tutorial_interfaces/msg/_sphere.py'...
[6.448s] Listing '/home/anmol/autonomous_iit/install/tutorial_interfaces/local/lib/python3.10/dist-packages/tutorial_interfaces/srv'...
[6.448s] Compiling '/home/anmol/autonomous_iit/install/tutorial_interfaces/local/lib/python3.10/dist-packages/tutorial_interfaces/srv/__init__.py'...
[6.448s] Compiling '/home/anmol/autonomous_iit/install/tutorial_interfaces/local/lib/python3.10/dist-packages/tutorial_interfaces/srv/_add_three_ints.py'...
[6.453s] -- Installing: /home/anmol/autonomous_iit/install/tutorial_interfaces/local/lib/python3.10/dist-packages/tutorial_interfaces/tutorial_interfaces_s__rosidl_typesupport_fastrtps_c.cpython-310-x86_64-linux-gnu.so
[6.454s] -- Set runtime path of "/home/anmol/autonomous_iit/install/tutorial_interfaces/local/lib/python3.10/dist-packages/tutorial_interfaces/tutorial_interfaces_s__rosidl_typesupport_fastrtps_c.cpython-310-x86_64-linux-gnu.so" to ""
[6.454s] -- Installing: /home/anmol/autonomous_iit/install/tutorial_interfaces/local/lib/python3.10/dist-packages/tutorial_interfaces/tutorial_interfaces_s__rosidl_typesupport_introspection_c.cpython-310-x86_64-linux-gnu.so
[6.455s] -- Set runtime path of "/home/anmol/autonomous_iit/install/tutorial_interfaces/local/lib/python3.10/dist-packages/tutorial_interfaces/tutorial_interfaces_s__rosidl_typesupport_introspection_c.cpython-310-x86_64-linux-gnu.so" to ""
[6.455s] -- Installing: /home/anmol/autonomous_iit/install/tutorial_interfaces/local/lib/python3.10/dist-packages/tutorial_interfaces/tutorial_interfaces_s__rosidl_typesupport_c.cpython-310-x86_64-linux-gnu.so
[6.455s] -- Set runtime path of "/home/anmol/autonomous_iit/install/tutorial_interfaces/local/lib/python3.10/dist-packages/tutorial_interfaces/tutorial_interfaces_s__rosidl_typesupport_c.cpython-310-x86_64-linux-gnu.so" to ""
[6.455s] -- Installing: /home/anmol/autonomous_iit/install/tutorial_interfaces/lib/libtutorial_interfaces__rosidl_generator_py.so
[6.456s] -- Set runtime path of "/home/anmol/autonomous_iit/install/tutorial_interfaces/lib/libtutorial_interfaces__rosidl_generator_py.so" to ""
[6.456s] -- Installing: /home/anmol/autonomous_iit/install/tutorial_interfaces/share/tutorial_interfaces/msg/Board.idl
[6.456s] -- Up-to-date: /home/anmol/autonomous_iit/install/tutorial_interfaces/share/tutorial_interfaces/msg/Sphere.idl
[6.457s] -- Up-to-date: /home/anmol/autonomous_iit/install/tutorial_interfaces/share/tutorial_interfaces/srv/AddThreeInts.idl
[6.457s] -- Installing: /home/anmol/autonomous_iit/install/tutorial_interfaces/share/tutorial_interfaces/msg/Board.msg
[6.457s] -- Up-to-date: /home/anmol/autonomous_iit/install/tutorial_interfaces/share/tutorial_interfaces/msg/Sphere.msg
[6.457s] -- Up-to-date: /home/anmol/autonomous_iit/install/tutorial_interfaces/share/tutorial_interfaces/srv/AddThreeInts.srv
[6.457s] -- Up-to-date: /home/anmol/autonomous_iit/install/tutorial_interfaces/share/tutorial_interfaces/srv/AddThreeInts_Request.msg
[6.457s] -- Up-to-date: /home/anmol/autonomous_iit/install/tutorial_interfaces/share/tutorial_interfaces/srv/AddThreeInts_Response.msg
[6.458s] -- Up-to-date: /home/anmol/autonomous_iit/install/tutorial_interfaces/share/ament_index/resource_index/package_run_dependencies/tutorial_interfaces
[6.458s] -- Up-to-date: /home/anmol/autonomous_iit/install/tutorial_interfaces/share/ament_index/resource_index/parent_prefix_path/tutorial_interfaces
[6.458s] -- Up-to-date: /home/anmol/autonomous_iit/install/tutorial_interfaces/share/tutorial_interfaces/environment/ament_prefix_path.sh
[6.458s] -- Installing: /home/anmol/autonomous_iit/install/tutorial_interfaces/share/tutorial_interfaces/environment/ament_prefix_path.dsv
[6.458s] -- Up-to-date: /home/anmol/autonomous_iit/install/tutorial_interfaces/share/tutorial_interfaces/environment/path.sh
[6.458s] -- Installing: /home/anmol/autonomous_iit/install/tutorial_interfaces/share/tutorial_interfaces/environment/path.dsv
[6.459s] -- Up-to-date: /home/anmol/autonomous_iit/install/tutorial_interfaces/share/tutorial_interfaces/local_setup.bash
[6.459s] -- Up-to-date: /home/anmol/autonomous_iit/install/tutorial_interfaces/share/tutorial_interfaces/local_setup.sh
[6.459s] -- Up-to-date: /home/anmol/autonomous_iit/install/tutorial_interfaces/share/tutorial_interfaces/local_setup.zsh
[6.459s] -- Installing: /home/anmol/autonomous_iit/install/tutorial_interfaces/share/tutorial_interfaces/local_setup.dsv
[6.459s] -- Installing: /home/anmol/autonomous_iit/install/tutorial_interfaces/share/tutorial_interfaces/package.dsv
[6.460s] -- Up-to-date: /home/anmol/autonomous_iit/install/tutorial_interfaces/share/ament_index/resource_index/packages/tutorial_interfaces
[6.460s] -- Up-to-date: /home/anmol/autonomous_iit/install/tutorial_interfaces/share/tutorial_interfaces/cmake/export_tutorial_interfaces__rosidl_generator_cExport.cmake
[6.460s] -- Up-to-date: /home/anmol/autonomous_iit/install/tutorial_interfaces/share/tutorial_interfaces/cmake/export_tutorial_interfaces__rosidl_generator_cExport-noconfig.cmake
[6.461s] -- Up-to-date: /home/anmol/autonomous_iit/install/tutorial_interfaces/share/tutorial_interfaces/cmake/export_tutorial_interfaces__rosidl_typesupport_fastrtps_cExport.cmake
[6.461s] -- Up-to-date: /home/anmol/autonomous_iit/install/tutorial_interfaces/share/tutorial_interfaces/cmake/export_tutorial_interfaces__rosidl_typesupport_fastrtps_cExport-noconfig.cmake
[6.461s] -- Up-to-date: /home/anmol/autonomous_iit/install/tutorial_interfaces/share/tutorial_interfaces/cmake/export_tutorial_interfaces__rosidl_generator_cppExport.cmake
[6.461s] -- Up-to-date: /home/anmol/autonomous_iit/install/tutorial_interfaces/share/tutorial_interfaces/cmake/export_tutorial_interfaces__rosidl_typesupport_fastrtps_cppExport.cmake
[6.461s] -- Up-to-date: /home/anmol/autonomous_iit/install/tutorial_interfaces/share/tutorial_interfaces/cmake/export_tutorial_interfaces__rosidl_typesupport_fastrtps_cppExport-noconfig.cmake
[6.462s] -- Up-to-date: /home/anmol/autonomous_iit/install/tutorial_interfaces/share/tutorial_interfaces/cmake/tutorial_interfaces__rosidl_typesupport_introspection_cExport.cmake
[6.462s] -- Up-to-date: /home/anmol/autonomous_iit/install/tutorial_interfaces/share/tutorial_interfaces/cmake/tutorial_interfaces__rosidl_typesupport_introspection_cExport-noconfig.cmake
[6.462s] -- Up-to-date: /home/anmol/autonomous_iit/install/tutorial_interfaces/share/tutorial_interfaces/cmake/tutorial_interfaces__rosidl_typesupport_cExport.cmake
[6.462s] -- Up-to-date: /home/anmol/autonomous_iit/install/tutorial_interfaces/share/tutorial_interfaces/cmake/tutorial_interfaces__rosidl_typesupport_cExport-noconfig.cmake
[6.463s] -- Up-to-date: /home/anmol/autonomous_iit/install/tutorial_interfaces/share/tutorial_interfaces/cmake/tutorial_interfaces__rosidl_typesupport_introspection_cppExport.cmake
[6.463s] -- Up-to-date: /home/anmol/autonomous_iit/install/tutorial_interfaces/share/tutorial_interfaces/cmake/tutorial_interfaces__rosidl_typesupport_introspection_cppExport-noconfig.cmake
[6.463s] -- Up-to-date: /home/anmol/autonomous_iit/install/tutorial_interfaces/share/tutorial_interfaces/cmake/tutorial_interfaces__rosidl_typesupport_cppExport.cmake
[6.463s] -- Up-to-date: /home/anmol/autonomous_iit/install/tutorial_interfaces/share/tutorial_interfaces/cmake/tutorial_interfaces__rosidl_typesupport_cppExport-noconfig.cmake
[6.463s] -- Up-to-date: /home/anmol/autonomous_iit/install/tutorial_interfaces/share/tutorial_interfaces/cmake/export_tutorial_interfaces__rosidl_generator_pyExport.cmake
[6.463s] -- Up-to-date: /home/anmol/autonomous_iit/install/tutorial_interfaces/share/tutorial_interfaces/cmake/export_tutorial_interfaces__rosidl_generator_pyExport-noconfig.cmake
[6.464s] -- Up-to-date: /home/anmol/autonomous_iit/install/tutorial_interfaces/share/tutorial_interfaces/cmake/rosidl_cmake-extras.cmake
[6.464s] -- Up-to-date: /home/anmol/autonomous_iit/install/tutorial_interfaces/share/tutorial_interfaces/cmake/ament_cmake_export_dependencies-extras.cmake
[6.464s] -- Up-to-date: /home/anmol/autonomous_iit/install/tutorial_interfaces/share/tutorial_interfaces/cmake/ament_cmake_export_include_directories-extras.cmake
[6.464s] -- Up-to-date: /home/anmol/autonomous_iit/install/tutorial_interfaces/share/tutorial_interfaces/cmake/ament_cmake_export_libraries-extras.cmake
[6.464s] -- Up-to-date: /home/anmol/autonomous_iit/install/tutorial_interfaces/share/tutorial_interfaces/cmake/ament_cmake_export_targets-extras.cmake
[6.464s] -- Up-to-date: /home/anmol/autonomous_iit/install/tutorial_interfaces/share/tutorial_interfaces/cmake/rosidl_cmake_export_typesupport_targets-extras.cmake
[6.464s] -- Up-to-date: /home/anmol/autonomous_iit/install/tutorial_interfaces/share/tutorial_interfaces/cmake/rosidl_cmake_export_typesupport_libraries-extras.cmake
[6.464s] -- Up-to-date: /home/anmol/autonomous_iit/install/tutorial_interfaces/share/tutorial_interfaces/cmake/tutorial_interfacesConfig.cmake
[6.465s] -- Up-to-date: /home/anmol/autonomous_iit/install/tutorial_interfaces/share/tutorial_interfaces/cmake/tutorial_interfacesConfig-version.cmake
[6.465s] -- Up-to-date: /home/anmol/autonomous_iit/install/tutorial_interfaces/share/tutorial_interfaces/package.xml
[6.467s] Invoked command in '/home/anmol/autonomous_iit/build/tutorial_interfaces' returned '0': CMAKE_PREFIX_PATH=${CMAKE_PREFIX_PATH}:/home/anmol/ws_offboard_control/install/manual_key_control:/opt/ros/humble /usr/bin/cmake --install /home/anmol/autonomous_iit/build/tutorial_interfaces
