[1.421s] DEBUG:colcon:Command line arguments: ['/usr/bin/colcon', 'build']
[1.421s] DEBUG:colcon:Parsed command line arguments: Namespace(log_base=None, log_level=None, verb_name='build', build_base='build', install_base='install', merge_install=False, symlink_install=False, test_result_base=None, continue_on_error=False, executor='parallel', parallel_workers=12, event_handlers=None, ignore_user_meta=False, metas=['./colcon.meta'], base_paths=['.'], packages_ignore=None, packages_ignore_regex=None, paths=None, packages_up_to=None, packages_up_to_regex=None, packages_above=None, packages_above_and_dependencies=None, packages_above_depth=None, packages_select_by_dep=None, packages_skip_by_dep=None, packages_skip_up_to=None, packages_select_build_failed=False, packages_skip_build_finished=False, packages_select_test_failures=False, packages_skip_test_passed=False, packages_select=None, packages_skip=None, packages_select_regex=None, packages_skip_regex=None, packages_start=None, packages_end=None, allow_overriding=[], cmake_args=None, cmake_target=None, cmake_target_skip_unavailable=False, cmake_clean_cache=False, cmake_clean_first=False, cmake_force_configure=False, ament_cmake_args=None, catkin_cmake_args=None, catkin_skip_building_tests=False, verb_parser=<colcon_defaults.argument_parser.defaults.DefaultArgumentsDecorator object at 0x7fcd02537d60>, verb_extension=<colcon_core.verb.build.BuildVerb object at 0x7fcd02536ec0>, main=<bound method BuildVerb.main of <colcon_core.verb.build.BuildVerb object at 0x7fcd02536ec0>>)
[1.495s] Level 1:colcon.colcon_core.package_discovery:discover_packages(colcon_meta) check parameters
[1.496s] Level 1:colcon.colcon_core.package_discovery:discover_packages(recursive) check parameters
[1.496s] Level 1:colcon.colcon_core.package_discovery:discover_packages(ignore) check parameters
[1.496s] Level 1:colcon.colcon_core.package_discovery:discover_packages(path) check parameters
[1.496s] Level 1:colcon.colcon_core.package_discovery:discover_packages(colcon_meta) discover
[1.496s] Level 1:colcon.colcon_core.package_discovery:discover_packages(recursive) discover
[1.496s] INFO:colcon.colcon_core.package_discovery:Crawling recursively for packages in '/home/anmol/autonomous_iit'
[1.496s] Level 1:colcon.colcon_core.package_identification:_identify(.) by extensions ['ignore', 'ignore_ament_install']
[1.496s] Level 1:colcon.colcon_core.package_identification:_identify(.) by extension 'ignore'
[1.496s] Level 1:colcon.colcon_core.package_identification:_identify(.) by extension 'ignore_ament_install'
[1.496s] Level 1:colcon.colcon_core.package_identification:_identify(.) by extensions ['colcon_pkg']
[1.496s] Level 1:colcon.colcon_core.package_identification:_identify(.) by extension 'colcon_pkg'
[1.496s] Level 1:colcon.colcon_core.package_identification:_identify(.) by extensions ['colcon_meta']
[1.496s] Level 1:colcon.colcon_core.package_identification:_identify(.) by extension 'colcon_meta'
[1.496s] Level 1:colcon.colcon_core.package_identification:_identify(.) by extensions ['ros']
[1.496s] Level 1:colcon.colcon_core.package_identification:_identify(.) by extension 'ros'
[1.512s] Level 1:colcon.colcon_core.package_identification:_identify(.) by extensions ['cmake', 'python']
[1.512s] Level 1:colcon.colcon_core.package_identification:_identify(.) by extension 'cmake'
[1.512s] Level 1:colcon.colcon_core.package_identification:_identify(.) by extension 'python'
[1.513s] Level 1:colcon.colcon_core.package_identification:_identify(.) by extensions ['python_setup_py']
[1.513s] Level 1:colcon.colcon_core.package_identification:_identify(.) by extension 'python_setup_py'
[1.513s] Level 1:colcon.colcon_core.package_identification:_identify(build) by extensions ['ignore', 'ignore_ament_install']
[1.513s] Level 1:colcon.colcon_core.package_identification:_identify(build) by extension 'ignore'
[1.513s] Level 1:colcon.colcon_core.package_identification:_identify(build) ignored
[1.513s] Level 1:colcon.colcon_core.package_identification:_identify(install) by extensions ['ignore', 'ignore_ament_install']
[1.513s] Level 1:colcon.colcon_core.package_identification:_identify(install) by extension 'ignore'
[1.513s] Level 1:colcon.colcon_core.package_identification:_identify(install) ignored
[1.513s] Level 1:colcon.colcon_core.package_identification:_identify(log) by extensions ['ignore', 'ignore_ament_install']
[1.514s] Level 1:colcon.colcon_core.package_identification:_identify(log) by extension 'ignore'
[1.514s] Level 1:colcon.colcon_core.package_identification:_identify(log) ignored
[1.514s] Level 1:colcon.colcon_core.package_identification:_identify(src) by extensions ['ignore', 'ignore_ament_install']
[1.514s] Level 1:colcon.colcon_core.package_identification:_identify(src) by extension 'ignore'
[1.514s] Level 1:colcon.colcon_core.package_identification:_identify(src) by extension 'ignore_ament_install'
[1.514s] Level 1:colcon.colcon_core.package_identification:_identify(src) by extensions ['colcon_pkg']
[1.514s] Level 1:colcon.colcon_core.package_identification:_identify(src) by extension 'colcon_pkg'
[1.514s] Level 1:colcon.colcon_core.package_identification:_identify(src) by extensions ['colcon_meta']
[1.514s] Level 1:colcon.colcon_core.package_identification:_identify(src) by extension 'colcon_meta'
[1.514s] Level 1:colcon.colcon_core.package_identification:_identify(src) by extensions ['ros']
[1.514s] Level 1:colcon.colcon_core.package_identification:_identify(src) by extension 'ros'
[1.514s] Level 1:colcon.colcon_core.package_identification:_identify(src) by extensions ['cmake', 'python']
[1.514s] Level 1:colcon.colcon_core.package_identification:_identify(src) by extension 'cmake'
[1.514s] Level 1:colcon.colcon_core.package_identification:_identify(src) by extension 'python'
[1.514s] Level 1:colcon.colcon_core.package_identification:_identify(src) by extensions ['python_setup_py']
[1.514s] Level 1:colcon.colcon_core.package_identification:_identify(src) by extension 'python_setup_py'
[1.514s] Level 1:colcon.colcon_core.package_identification:_identify(src/px4_msgs) by extensions ['ignore', 'ignore_ament_install']
[1.515s] Level 1:colcon.colcon_core.package_identification:_identify(src/px4_msgs) by extension 'ignore'
[1.515s] Level 1:colcon.colcon_core.package_identification:_identify(src/px4_msgs) by extension 'ignore_ament_install'
[1.515s] Level 1:colcon.colcon_core.package_identification:_identify(src/px4_msgs) by extensions ['colcon_pkg']
[1.515s] Level 1:colcon.colcon_core.package_identification:_identify(src/px4_msgs) by extension 'colcon_pkg'
[1.515s] Level 1:colcon.colcon_core.package_identification:_identify(src/px4_msgs) by extensions ['colcon_meta']
[1.515s] Level 1:colcon.colcon_core.package_identification:_identify(src/px4_msgs) by extension 'colcon_meta'
[1.515s] Level 1:colcon.colcon_core.package_identification:_identify(src/px4_msgs) by extensions ['ros']
[1.515s] Level 1:colcon.colcon_core.package_identification:_identify(src/px4_msgs) by extension 'ros'
[1.518s] DEBUG:colcon.colcon_core.package_identification:Package 'src/px4_msgs' with type 'ros.ament_cmake' and name 'px4_msgs'
[1.519s] Level 1:colcon.colcon_core.package_identification:_identify(src/px4_ros_com) by extensions ['ignore', 'ignore_ament_install']
[1.519s] Level 1:colcon.colcon_core.package_identification:_identify(src/px4_ros_com) by extension 'ignore'
[1.519s] Level 1:colcon.colcon_core.package_identification:_identify(src/px4_ros_com) by extension 'ignore_ament_install'
[1.519s] Level 1:colcon.colcon_core.package_identification:_identify(src/px4_ros_com) by extensions ['colcon_pkg']
[1.519s] Level 1:colcon.colcon_core.package_identification:_identify(src/px4_ros_com) by extension 'colcon_pkg'
[1.519s] Level 1:colcon.colcon_core.package_identification:_identify(src/px4_ros_com) by extensions ['colcon_meta']
[1.519s] Level 1:colcon.colcon_core.package_identification:_identify(src/px4_ros_com) by extension 'colcon_meta'
[1.519s] Level 1:colcon.colcon_core.package_identification:_identify(src/px4_ros_com) by extensions ['ros']
[1.519s] Level 1:colcon.colcon_core.package_identification:_identify(src/px4_ros_com) by extension 'ros'
[1.520s] DEBUG:colcon.colcon_core.package_identification:Package 'src/px4_ros_com' with type 'ros.ament_cmake' and name 'px4_ros_com'
[1.520s] Level 1:colcon.colcon_core.package_discovery:discover_packages(recursive) using defaults
[1.521s] Level 1:colcon.colcon_core.package_discovery:discover_packages(ignore) discover
[1.521s] Level 1:colcon.colcon_core.package_discovery:discover_packages(ignore) using defaults
[1.521s] Level 1:colcon.colcon_core.package_discovery:discover_packages(path) discover
[1.521s] Level 1:colcon.colcon_core.package_discovery:discover_packages(path) using defaults
[1.640s] Level 1:colcon.colcon_core.package_discovery:discover_packages(prefix_path) check parameters
[1.640s] Level 1:colcon.colcon_core.package_discovery:discover_packages(prefix_path) discover
[1.679s] DEBUG:colcon.colcon_installed_package_information.package_discovery:Found 7 installed packages in /home/anmol/ws_offboard_control/install
[1.698s] DEBUG:colcon.colcon_installed_package_information.package_discovery:Found 277 installed packages in /opt/ros/humble
[1.700s] Level 1:colcon.colcon_core.package_discovery:discover_packages(prefix_path) using defaults
[1.821s] Level 5:colcon.colcon_core.verb:set package 'px4_msgs' build argument 'cmake_args' from command line to 'None'
[1.821s] Level 5:colcon.colcon_core.verb:set package 'px4_msgs' build argument 'cmake_target' from command line to 'None'
[1.821s] Level 5:colcon.colcon_core.verb:set package 'px4_msgs' build argument 'cmake_target_skip_unavailable' from command line to 'False'
[1.821s] Level 5:colcon.colcon_core.verb:set package 'px4_msgs' build argument 'cmake_clean_cache' from command line to 'False'
[1.821s] Level 5:colcon.colcon_core.verb:set package 'px4_msgs' build argument 'cmake_clean_first' from command line to 'False'
[1.821s] Level 5:colcon.colcon_core.verb:set package 'px4_msgs' build argument 'cmake_force_configure' from command line to 'False'
[1.821s] Level 5:colcon.colcon_core.verb:set package 'px4_msgs' build argument 'ament_cmake_args' from command line to 'None'
[1.821s] Level 5:colcon.colcon_core.verb:set package 'px4_msgs' build argument 'catkin_cmake_args' from command line to 'None'
[1.821s] Level 5:colcon.colcon_core.verb:set package 'px4_msgs' build argument 'catkin_skip_building_tests' from command line to 'False'
[1.821s] DEBUG:colcon.colcon_core.verb:Building package 'px4_msgs' with the following arguments: {'ament_cmake_args': None, 'build_base': '/home/anmol/autonomous_iit/build/px4_msgs', 'catkin_cmake_args': None, 'catkin_skip_building_tests': False, 'cmake_args': None, 'cmake_clean_cache': False, 'cmake_clean_first': False, 'cmake_force_configure': False, 'cmake_target': None, 'cmake_target_skip_unavailable': False, 'install_base': '/home/anmol/autonomous_iit/install/px4_msgs', 'merge_install': False, 'path': '/home/anmol/autonomous_iit/src/px4_msgs', 'symlink_install': False, 'test_result_base': None}
[1.840s] Level 5:colcon.colcon_core.verb:set package 'px4_ros_com' build argument 'cmake_args' from command line to 'None'
[1.840s] Level 5:colcon.colcon_core.verb:set package 'px4_ros_com' build argument 'cmake_target' from command line to 'None'
[1.840s] Level 5:colcon.colcon_core.verb:set package 'px4_ros_com' build argument 'cmake_target_skip_unavailable' from command line to 'False'
[1.840s] Level 5:colcon.colcon_core.verb:set package 'px4_ros_com' build argument 'cmake_clean_cache' from command line to 'False'
[1.840s] Level 5:colcon.colcon_core.verb:set package 'px4_ros_com' build argument 'cmake_clean_first' from command line to 'False'
[1.840s] Level 5:colcon.colcon_core.verb:set package 'px4_ros_com' build argument 'cmake_force_configure' from command line to 'False'
[1.840s] Level 5:colcon.colcon_core.verb:set package 'px4_ros_com' build argument 'ament_cmake_args' from command line to 'None'
[1.840s] Level 5:colcon.colcon_core.verb:set package 'px4_ros_com' build argument 'catkin_cmake_args' from command line to 'None'
[1.840s] Level 5:colcon.colcon_core.verb:set package 'px4_ros_com' build argument 'catkin_skip_building_tests' from command line to 'False'
[1.840s] DEBUG:colcon.colcon_core.verb:Building package 'px4_ros_com' with the following arguments: {'ament_cmake_args': None, 'build_base': '/home/anmol/autonomous_iit/build/px4_ros_com', 'catkin_cmake_args': None, 'catkin_skip_building_tests': False, 'cmake_args': None, 'cmake_clean_cache': False, 'cmake_clean_first': False, 'cmake_force_configure': False, 'cmake_target': None, 'cmake_target_skip_unavailable': False, 'install_base': '/home/anmol/autonomous_iit/install/px4_ros_com', 'merge_install': False, 'path': '/home/anmol/autonomous_iit/src/px4_ros_com', 'symlink_install': False, 'test_result_base': None}
[1.858s] INFO:colcon.colcon_core.executor:Executing jobs using 'parallel' executor
[1.877s] DEBUG:colcon.colcon_parallel_executor.executor.parallel:run_until_complete
[1.877s] INFO:colcon.colcon_ros.task.ament_cmake.build:Building ROS package in '/home/anmol/autonomous_iit/src/px4_msgs' with build type 'ament_cmake'
[1.877s] INFO:colcon.colcon_cmake.task.cmake.build:Building CMake package in '/home/anmol/autonomous_iit/src/px4_msgs'
[1.912s] INFO:colcon.colcon_core.plugin_system:Skipping extension 'colcon_core.shell.bat': Not used on non-Windows systems
[1.912s] INFO:colcon.colcon_core.shell:Skip shell extension 'powershell' for command environment: Not usable outside of PowerShell
[1.912s] DEBUG:colcon.colcon_core.shell:Skip shell extension 'dsv' for command environment
[1.977s] DEBUG:colcon.colcon_core.event_handler.log_command:Invoking command in '/home/anmol/autonomous_iit/build/px4_msgs': CMAKE_PREFIX_PATH=${CMAKE_PREFIX_PATH}:/home/anmol/ws_offboard_control/install/manual_key_control:/opt/ros/humble /usr/bin/cmake /home/anmol/autonomous_iit/src/px4_msgs -DCMAKE_INSTALL_PREFIX=/home/anmol/autonomous_iit/install/px4_msgs
[5.642s] DEBUG:colcon.colcon_core.event_handler.log_command:Invoked command in '/home/anmol/autonomous_iit/build/px4_msgs' returned '0': CMAKE_PREFIX_PATH=${CMAKE_PREFIX_PATH}:/home/anmol/ws_offboard_control/install/manual_key_control:/opt/ros/humble /usr/bin/cmake /home/anmol/autonomous_iit/src/px4_msgs -DCMAKE_INSTALL_PREFIX=/home/anmol/autonomous_iit/install/px4_msgs
[5.645s] DEBUG:colcon.colcon_core.event_handler.log_command:Invoking command in '/home/anmol/autonomous_iit/build/px4_msgs': CMAKE_PREFIX_PATH=${CMAKE_PREFIX_PATH}:/home/anmol/ws_offboard_control/install/manual_key_control:/opt/ros/humble /usr/bin/cmake --build /home/anmol/autonomous_iit/build/px4_msgs -- -j12 -l12
[194.526s] DEBUG:colcon.colcon_core.event_handler.log_command:Invoked command in '/home/anmol/autonomous_iit/build/px4_msgs' returned '0': CMAKE_PREFIX_PATH=${CMAKE_PREFIX_PATH}:/home/anmol/ws_offboard_control/install/manual_key_control:/opt/ros/humble /usr/bin/cmake --build /home/anmol/autonomous_iit/build/px4_msgs -- -j12 -l12
[202.530s] DEBUG:colcon.colcon_core.event_handler.log_command:Invoking command in '/home/anmol/autonomous_iit/build/px4_msgs': CMAKE_PREFIX_PATH=${CMAKE_PREFIX_PATH}:/home/anmol/ws_offboard_control/install/manual_key_control:/opt/ros/humble /usr/bin/cmake --install /home/anmol/autonomous_iit/build/px4_msgs
[204.165s] Level 1:colcon.colcon_core.environment:create_environment_scripts_only(px4_msgs)
[204.166s] DEBUG:colcon.colcon_core.event_handler.log_command:Invoked command in '/home/anmol/autonomous_iit/build/px4_msgs' returned '0': CMAKE_PREFIX_PATH=${CMAKE_PREFIX_PATH}:/home/anmol/ws_offboard_control/install/manual_key_control:/opt/ros/humble /usr/bin/cmake --install /home/anmol/autonomous_iit/build/px4_msgs
[204.198s] Level 1:colcon.colcon_core.environment:checking '/home/anmol/autonomous_iit/install/px4_msgs' for CMake module files
[204.199s] Level 1:colcon.colcon_core.environment:checking '/home/anmol/autonomous_iit/install/px4_msgs' for CMake config files
[204.199s] Level 1:colcon.colcon_core.shell:create_environment_hook('px4_msgs', 'cmake_prefix_path')
[204.217s] INFO:colcon.colcon_core.shell:Creating environment hook '/home/anmol/autonomous_iit/install/px4_msgs/share/px4_msgs/hook/cmake_prefix_path.ps1'
[204.218s] INFO:colcon.colcon_core.shell:Creating environment descriptor '/home/anmol/autonomous_iit/install/px4_msgs/share/px4_msgs/hook/cmake_prefix_path.dsv'
[204.219s] INFO:colcon.colcon_core.shell:Creating environment hook '/home/anmol/autonomous_iit/install/px4_msgs/share/px4_msgs/hook/cmake_prefix_path.sh'
[204.220s] Level 1:colcon.colcon_core.environment:checking '/home/anmol/autonomous_iit/install/px4_msgs/lib'
[204.220s] Level 1:colcon.colcon_core.shell:create_environment_hook('px4_msgs', 'ld_library_path_lib')
[204.238s] INFO:colcon.colcon_core.shell:Creating environment hook '/home/anmol/autonomous_iit/install/px4_msgs/share/px4_msgs/hook/ld_library_path_lib.ps1'
[204.239s] INFO:colcon.colcon_core.shell:Creating environment descriptor '/home/anmol/autonomous_iit/install/px4_msgs/share/px4_msgs/hook/ld_library_path_lib.dsv'
[204.239s] INFO:colcon.colcon_core.shell:Creating environment hook '/home/anmol/autonomous_iit/install/px4_msgs/share/px4_msgs/hook/ld_library_path_lib.sh'
[204.239s] Level 1:colcon.colcon_core.environment:checking '/home/anmol/autonomous_iit/install/px4_msgs/bin'
[204.239s] Level 1:colcon.colcon_core.environment:checking '/home/anmol/autonomous_iit/install/px4_msgs/lib/pkgconfig/px4_msgs.pc'
[204.239s] Level 1:colcon.colcon_core.environment:checking '/home/anmol/autonomous_iit/install/px4_msgs/lib/python3.10/site-packages'
[204.240s] Level 1:colcon.colcon_core.environment:checking '/home/anmol/autonomous_iit/install/px4_msgs/bin'
[204.257s] INFO:colcon.colcon_core.shell:Creating package script '/home/anmol/autonomous_iit/install/px4_msgs/share/px4_msgs/package.ps1'
[204.259s] INFO:colcon.colcon_core.shell:Creating package descriptor '/home/anmol/autonomous_iit/install/px4_msgs/share/px4_msgs/package.dsv'
[204.259s] INFO:colcon.colcon_core.shell:Creating package script '/home/anmol/autonomous_iit/install/px4_msgs/share/px4_msgs/package.sh'
[204.260s] INFO:colcon.colcon_core.shell:Creating package script '/home/anmol/autonomous_iit/install/px4_msgs/share/px4_msgs/package.bash'
[204.261s] INFO:colcon.colcon_core.shell:Creating package script '/home/anmol/autonomous_iit/install/px4_msgs/share/px4_msgs/package.zsh'
[204.262s] Level 1:colcon.colcon_core.environment:create_file_with_runtime_dependencies(/home/anmol/autonomous_iit/install/px4_msgs/share/colcon-core/packages/px4_msgs)
[213.180s] Level 1:colcon.colcon_core.environment:create_environment_scripts_only(px4_msgs)
[213.199s] Level 1:colcon.colcon_core.environment:checking '/home/anmol/autonomous_iit/install/px4_msgs' for CMake module files
[213.200s] Level 1:colcon.colcon_core.environment:checking '/home/anmol/autonomous_iit/install/px4_msgs' for CMake config files
[213.200s] Level 1:colcon.colcon_core.shell:create_environment_hook('px4_msgs', 'cmake_prefix_path')
[213.218s] INFO:colcon.colcon_core.shell:Creating environment hook '/home/anmol/autonomous_iit/install/px4_msgs/share/px4_msgs/hook/cmake_prefix_path.ps1'
[213.219s] INFO:colcon.colcon_core.shell:Creating environment descriptor '/home/anmol/autonomous_iit/install/px4_msgs/share/px4_msgs/hook/cmake_prefix_path.dsv'
[213.219s] INFO:colcon.colcon_core.shell:Creating environment hook '/home/anmol/autonomous_iit/install/px4_msgs/share/px4_msgs/hook/cmake_prefix_path.sh'
[213.220s] Level 1:colcon.colcon_core.environment:checking '/home/anmol/autonomous_iit/install/px4_msgs/lib'
[213.220s] Level 1:colcon.colcon_core.shell:create_environment_hook('px4_msgs', 'ld_library_path_lib')
[213.239s] INFO:colcon.colcon_core.shell:Creating environment hook '/home/anmol/autonomous_iit/install/px4_msgs/share/px4_msgs/hook/ld_library_path_lib.ps1'
[213.239s] INFO:colcon.colcon_core.shell:Creating environment descriptor '/home/anmol/autonomous_iit/install/px4_msgs/share/px4_msgs/hook/ld_library_path_lib.dsv'
[213.239s] INFO:colcon.colcon_core.shell:Creating environment hook '/home/anmol/autonomous_iit/install/px4_msgs/share/px4_msgs/hook/ld_library_path_lib.sh'
[213.240s] Level 1:colcon.colcon_core.environment:checking '/home/anmol/autonomous_iit/install/px4_msgs/bin'
[213.240s] Level 1:colcon.colcon_core.environment:checking '/home/anmol/autonomous_iit/install/px4_msgs/lib/pkgconfig/px4_msgs.pc'
[213.240s] Level 1:colcon.colcon_core.environment:checking '/home/anmol/autonomous_iit/install/px4_msgs/lib/python3.10/site-packages'
[213.240s] Level 1:colcon.colcon_core.environment:checking '/home/anmol/autonomous_iit/install/px4_msgs/bin'
[213.259s] INFO:colcon.colcon_core.shell:Creating package script '/home/anmol/autonomous_iit/install/px4_msgs/share/px4_msgs/package.ps1'
[213.260s] INFO:colcon.colcon_core.shell:Creating package descriptor '/home/anmol/autonomous_iit/install/px4_msgs/share/px4_msgs/package.dsv'
[213.260s] INFO:colcon.colcon_core.shell:Creating package script '/home/anmol/autonomous_iit/install/px4_msgs/share/px4_msgs/package.sh'
[213.261s] INFO:colcon.colcon_core.shell:Creating package script '/home/anmol/autonomous_iit/install/px4_msgs/share/px4_msgs/package.bash'
[213.261s] INFO:colcon.colcon_core.shell:Creating package script '/home/anmol/autonomous_iit/install/px4_msgs/share/px4_msgs/package.zsh'
[213.261s] Level 1:colcon.colcon_core.environment:create_file_with_runtime_dependencies(/home/anmol/autonomous_iit/install/px4_msgs/share/colcon-core/packages/px4_msgs)
[213.262s] INFO:colcon.colcon_ros.task.ament_cmake.build:Building ROS package in '/home/anmol/autonomous_iit/src/px4_ros_com' with build type 'ament_cmake'
[213.262s] INFO:colcon.colcon_cmake.task.cmake.build:Building CMake package in '/home/anmol/autonomous_iit/src/px4_ros_com'
[213.280s] INFO:colcon.colcon_core.shell:Skip shell extension 'powershell' for command environment: Not usable outside of PowerShell
[213.281s] DEBUG:colcon.colcon_core.shell:Skip shell extension 'dsv' for command environment
[213.350s] DEBUG:colcon.colcon_core.event_handler.log_command:Invoking command in '/home/anmol/autonomous_iit/build/px4_ros_com': AMENT_PREFIX_PATH=/home/anmol/autonomous_iit/install/px4_msgs:${AMENT_PREFIX_PATH} CMAKE_PREFIX_PATH=/home/anmol/autonomous_iit/install/px4_msgs:/home/anmol/ws_offboard_control/install/tutorial_interfaces:/home/anmol/ws_offboard_control/install/px4_ros_com:/home/anmol/ws_offboard_control/install/px4_msgs:/home/anmol/ws_offboard_control/install/custom_msgs:/home/anmol/ws_offboard_control/install/action_tutorials_interfaces:/home/anmol/ws_offboard_control/install/action_commands:/home/anmol/ws_offboard_control/install/manual_key_control:/opt/ros/humble LD_LIBRARY_PATH=/home/anmol/autonomous_iit/install/px4_msgs/lib:${LD_LIBRARY_PATH} PYTHONPATH=/home/anmol/autonomous_iit/install/px4_msgs/local/lib/python3.10/dist-packages:${PYTHONPATH} /usr/bin/cmake /home/anmol/autonomous_iit/src/px4_ros_com -DCMAKE_INSTALL_PREFIX=/home/anmol/autonomous_iit/install/px4_ros_com
[215.823s] DEBUG:colcon.colcon_core.event_handler.log_command:Invoked command in '/home/anmol/autonomous_iit/build/px4_ros_com' returned '0': AMENT_PREFIX_PATH=/home/anmol/autonomous_iit/install/px4_msgs:${AMENT_PREFIX_PATH} CMAKE_PREFIX_PATH=/home/anmol/autonomous_iit/install/px4_msgs:/home/anmol/ws_offboard_control/install/tutorial_interfaces:/home/anmol/ws_offboard_control/install/px4_ros_com:/home/anmol/ws_offboard_control/install/px4_msgs:/home/anmol/ws_offboard_control/install/custom_msgs:/home/anmol/ws_offboard_control/install/action_tutorials_interfaces:/home/anmol/ws_offboard_control/install/action_commands:/home/anmol/ws_offboard_control/install/manual_key_control:/opt/ros/humble LD_LIBRARY_PATH=/home/anmol/autonomous_iit/install/px4_msgs/lib:${LD_LIBRARY_PATH} PYTHONPATH=/home/anmol/autonomous_iit/install/px4_msgs/local/lib/python3.10/dist-packages:${PYTHONPATH} /usr/bin/cmake /home/anmol/autonomous_iit/src/px4_ros_com -DCMAKE_INSTALL_PREFIX=/home/anmol/autonomous_iit/install/px4_ros_com
[215.826s] DEBUG:colcon.colcon_core.event_handler.log_command:Invoking command in '/home/anmol/autonomous_iit/build/px4_ros_com': AMENT_PREFIX_PATH=/home/anmol/autonomous_iit/install/px4_msgs:${AMENT_PREFIX_PATH} CMAKE_PREFIX_PATH=/home/anmol/autonomous_iit/install/px4_msgs:/home/anmol/ws_offboard_control/install/tutorial_interfaces:/home/anmol/ws_offboard_control/install/px4_ros_com:/home/anmol/ws_offboard_control/install/px4_msgs:/home/anmol/ws_offboard_control/install/custom_msgs:/home/anmol/ws_offboard_control/install/action_tutorials_interfaces:/home/anmol/ws_offboard_control/install/action_commands:/home/anmol/ws_offboard_control/install/manual_key_control:/opt/ros/humble LD_LIBRARY_PATH=/home/anmol/autonomous_iit/install/px4_msgs/lib:${LD_LIBRARY_PATH} PYTHONPATH=/home/anmol/autonomous_iit/install/px4_msgs/local/lib/python3.10/dist-packages:${PYTHONPATH} /usr/bin/cmake --build /home/anmol/autonomous_iit/build/px4_ros_com -- -j12 -l12
[225.162s] DEBUG:colcon.colcon_core.event_handler.log_command:Invoked command in '/home/anmol/autonomous_iit/build/px4_ros_com' returned '0': AMENT_PREFIX_PATH=/home/anmol/autonomous_iit/install/px4_msgs:${AMENT_PREFIX_PATH} CMAKE_PREFIX_PATH=/home/anmol/autonomous_iit/install/px4_msgs:/home/anmol/ws_offboard_control/install/tutorial_interfaces:/home/anmol/ws_offboard_control/install/px4_ros_com:/home/anmol/ws_offboard_control/install/px4_msgs:/home/anmol/ws_offboard_control/install/custom_msgs:/home/anmol/ws_offboard_control/install/action_tutorials_interfaces:/home/anmol/ws_offboard_control/install/action_commands:/home/anmol/ws_offboard_control/install/manual_key_control:/opt/ros/humble LD_LIBRARY_PATH=/home/anmol/autonomous_iit/install/px4_msgs/lib:${LD_LIBRARY_PATH} PYTHONPATH=/home/anmol/autonomous_iit/install/px4_msgs/local/lib/python3.10/dist-packages:${PYTHONPATH} /usr/bin/cmake --build /home/anmol/autonomous_iit/build/px4_ros_com -- -j12 -l12
[225.219s] DEBUG:colcon.colcon_core.event_handler.log_command:Invoking command in '/home/anmol/autonomous_iit/build/px4_ros_com': AMENT_PREFIX_PATH=/home/anmol/autonomous_iit/install/px4_msgs:${AMENT_PREFIX_PATH} CMAKE_PREFIX_PATH=/home/anmol/autonomous_iit/install/px4_msgs:/home/anmol/ws_offboard_control/install/tutorial_interfaces:/home/anmol/ws_offboard_control/install/px4_ros_com:/home/anmol/ws_offboard_control/install/px4_msgs:/home/anmol/ws_offboard_control/install/custom_msgs:/home/anmol/ws_offboard_control/install/action_tutorials_interfaces:/home/anmol/ws_offboard_control/install/action_commands:/home/anmol/ws_offboard_control/install/manual_key_control:/opt/ros/humble LD_LIBRARY_PATH=/home/anmol/autonomous_iit/install/px4_msgs/lib:${LD_LIBRARY_PATH} PYTHONPATH=/home/anmol/autonomous_iit/install/px4_msgs/local/lib/python3.10/dist-packages:${PYTHONPATH} /usr/bin/cmake --install /home/anmol/autonomous_iit/build/px4_ros_com
[225.255s] Level 1:colcon.colcon_core.environment:create_environment_scripts_only(px4_ros_com)
[225.256s] DEBUG:colcon.colcon_core.event_handler.log_command:Invoked command in '/home/anmol/autonomous_iit/build/px4_ros_com' returned '0': AMENT_PREFIX_PATH=/home/anmol/autonomous_iit/install/px4_msgs:${AMENT_PREFIX_PATH} CMAKE_PREFIX_PATH=/home/anmol/autonomous_iit/install/px4_msgs:/home/anmol/ws_offboard_control/install/tutorial_interfaces:/home/anmol/ws_offboard_control/install/px4_ros_com:/home/anmol/ws_offboard_control/install/px4_msgs:/home/anmol/ws_offboard_control/install/custom_msgs:/home/anmol/ws_offboard_control/install/action_tutorials_interfaces:/home/anmol/ws_offboard_control/install/action_commands:/home/anmol/ws_offboard_control/install/manual_key_control:/opt/ros/humble LD_LIBRARY_PATH=/home/anmol/autonomous_iit/install/px4_msgs/lib:${LD_LIBRARY_PATH} PYTHONPATH=/home/anmol/autonomous_iit/install/px4_msgs/local/lib/python3.10/dist-packages:${PYTHONPATH} /usr/bin/cmake --install /home/anmol/autonomous_iit/build/px4_ros_com
[225.268s] Level 1:colcon.colcon_core.environment:checking '/home/anmol/autonomous_iit/install/px4_ros_com' for CMake module files
[225.269s] Level 1:colcon.colcon_core.environment:checking '/home/anmol/autonomous_iit/install/px4_ros_com' for CMake config files
[225.269s] Level 1:colcon.colcon_core.shell:create_environment_hook('px4_ros_com', 'cmake_prefix_path')
[225.281s] INFO:colcon.colcon_core.shell:Creating environment hook '/home/anmol/autonomous_iit/install/px4_ros_com/share/px4_ros_com/hook/cmake_prefix_path.ps1'
[225.281s] INFO:colcon.colcon_core.shell:Creating environment descriptor '/home/anmol/autonomous_iit/install/px4_ros_com/share/px4_ros_com/hook/cmake_prefix_path.dsv'
[225.282s] INFO:colcon.colcon_core.shell:Creating environment hook '/home/anmol/autonomous_iit/install/px4_ros_com/share/px4_ros_com/hook/cmake_prefix_path.sh'
[225.282s] Level 1:colcon.colcon_core.environment:checking '/home/anmol/autonomous_iit/install/px4_ros_com/lib'
[225.282s] Level 1:colcon.colcon_core.shell:create_environment_hook('px4_ros_com', 'ld_library_path_lib')
[225.294s] INFO:colcon.colcon_core.shell:Creating environment hook '/home/anmol/autonomous_iit/install/px4_ros_com/share/px4_ros_com/hook/ld_library_path_lib.ps1'
[225.295s] INFO:colcon.colcon_core.shell:Creating environment descriptor '/home/anmol/autonomous_iit/install/px4_ros_com/share/px4_ros_com/hook/ld_library_path_lib.dsv'
[225.295s] INFO:colcon.colcon_core.shell:Creating environment hook '/home/anmol/autonomous_iit/install/px4_ros_com/share/px4_ros_com/hook/ld_library_path_lib.sh'
[225.295s] Level 1:colcon.colcon_core.environment:checking '/home/anmol/autonomous_iit/install/px4_ros_com/bin'
[225.295s] Level 1:colcon.colcon_core.environment:checking '/home/anmol/autonomous_iit/install/px4_ros_com/lib/pkgconfig/px4_ros_com.pc'
[225.295s] Level 1:colcon.colcon_core.environment:checking '/home/anmol/autonomous_iit/install/px4_ros_com/lib/python3.10/site-packages'
[225.296s] Level 1:colcon.colcon_core.environment:checking '/home/anmol/autonomous_iit/install/px4_ros_com/bin'
[225.309s] INFO:colcon.colcon_core.shell:Creating package script '/home/anmol/autonomous_iit/install/px4_ros_com/share/px4_ros_com/package.ps1'
[225.309s] INFO:colcon.colcon_core.shell:Creating package descriptor '/home/anmol/autonomous_iit/install/px4_ros_com/share/px4_ros_com/package.dsv'
[225.310s] INFO:colcon.colcon_core.shell:Creating package script '/home/anmol/autonomous_iit/install/px4_ros_com/share/px4_ros_com/package.sh'
[225.310s] INFO:colcon.colcon_core.shell:Creating package script '/home/anmol/autonomous_iit/install/px4_ros_com/share/px4_ros_com/package.bash'
[225.310s] INFO:colcon.colcon_core.shell:Creating package script '/home/anmol/autonomous_iit/install/px4_ros_com/share/px4_ros_com/package.zsh'
[225.310s] Level 1:colcon.colcon_core.environment:create_file_with_runtime_dependencies(/home/anmol/autonomous_iit/install/px4_ros_com/share/colcon-core/packages/px4_ros_com)
[225.378s] Level 1:colcon.colcon_core.environment:create_environment_scripts_only(px4_ros_com)
[225.390s] Level 1:colcon.colcon_core.environment:checking '/home/anmol/autonomous_iit/install/px4_ros_com' for CMake module files
[225.391s] Level 1:colcon.colcon_core.environment:checking '/home/anmol/autonomous_iit/install/px4_ros_com' for CMake config files
[225.391s] Level 1:colcon.colcon_core.shell:create_environment_hook('px4_ros_com', 'cmake_prefix_path')
[225.403s] INFO:colcon.colcon_core.shell:Creating environment hook '/home/anmol/autonomous_iit/install/px4_ros_com/share/px4_ros_com/hook/cmake_prefix_path.ps1'
[225.404s] INFO:colcon.colcon_core.shell:Creating environment descriptor '/home/anmol/autonomous_iit/install/px4_ros_com/share/px4_ros_com/hook/cmake_prefix_path.dsv'
[225.404s] INFO:colcon.colcon_core.shell:Creating environment hook '/home/anmol/autonomous_iit/install/px4_ros_com/share/px4_ros_com/hook/cmake_prefix_path.sh'
[225.404s] Level 1:colcon.colcon_core.environment:checking '/home/anmol/autonomous_iit/install/px4_ros_com/lib'
[225.405s] Level 1:colcon.colcon_core.shell:create_environment_hook('px4_ros_com', 'ld_library_path_lib')
[225.417s] INFO:colcon.colcon_core.shell:Creating environment hook '/home/anmol/autonomous_iit/install/px4_ros_com/share/px4_ros_com/hook/ld_library_path_lib.ps1'
[225.417s] INFO:colcon.colcon_core.shell:Creating environment descriptor '/home/anmol/autonomous_iit/install/px4_ros_com/share/px4_ros_com/hook/ld_library_path_lib.dsv'
[225.417s] INFO:colcon.colcon_core.shell:Creating environment hook '/home/anmol/autonomous_iit/install/px4_ros_com/share/px4_ros_com/hook/ld_library_path_lib.sh'
[225.418s] Level 1:colcon.colcon_core.environment:checking '/home/anmol/autonomous_iit/install/px4_ros_com/bin'
[225.418s] Level 1:colcon.colcon_core.environment:checking '/home/anmol/autonomous_iit/install/px4_ros_com/lib/pkgconfig/px4_ros_com.pc'
[225.418s] Level 1:colcon.colcon_core.environment:checking '/home/anmol/autonomous_iit/install/px4_ros_com/lib/python3.10/site-packages'
[225.418s] Level 1:colcon.colcon_core.environment:checking '/home/anmol/autonomous_iit/install/px4_ros_com/bin'
[225.430s] INFO:colcon.colcon_core.shell:Creating package script '/home/anmol/autonomous_iit/install/px4_ros_com/share/px4_ros_com/package.ps1'
[225.431s] INFO:colcon.colcon_core.shell:Creating package descriptor '/home/anmol/autonomous_iit/install/px4_ros_com/share/px4_ros_com/package.dsv'
[225.431s] INFO:colcon.colcon_core.shell:Creating package script '/home/anmol/autonomous_iit/install/px4_ros_com/share/px4_ros_com/package.sh'
[225.431s] INFO:colcon.colcon_core.shell:Creating package script '/home/anmol/autonomous_iit/install/px4_ros_com/share/px4_ros_com/package.bash'
[225.432s] INFO:colcon.colcon_core.shell:Creating package script '/home/anmol/autonomous_iit/install/px4_ros_com/share/px4_ros_com/package.zsh'
[225.432s] Level 1:colcon.colcon_core.environment:create_file_with_runtime_dependencies(/home/anmol/autonomous_iit/install/px4_ros_com/share/colcon-core/packages/px4_ros_com)
[225.432s] DEBUG:colcon.colcon_parallel_executor.executor.parallel:closing loop
[225.432s] DEBUG:colcon.colcon_parallel_executor.executor.parallel:loop closed
[225.432s] DEBUG:colcon.colcon_parallel_executor.executor.parallel:run_until_complete finished with '0'
[225.432s] DEBUG:colcon.colcon_core.event_reactor:joining thread
[225.453s] INFO:colcon.colcon_core.plugin_system:Skipping extension 'colcon_notification.desktop_notification.terminal_notifier': Not used on non-Darwin systems
[225.453s] INFO:colcon.colcon_core.plugin_system:Skipping extension 'colcon_notification.desktop_notification.win32': Not used on non-Windows systems
[225.453s] INFO:colcon.colcon_notification.desktop_notification:Sending desktop notification using 'notify2'
[225.468s] DEBUG:colcon.colcon_core.event_reactor:joined thread
[225.481s] INFO:colcon.colcon_core.shell:Creating prefix script '/home/anmol/autonomous_iit/install/local_setup.ps1'
[225.482s] INFO:colcon.colcon_core.shell:Creating prefix util module '/home/anmol/autonomous_iit/install/_local_setup_util_ps1.py'
[225.483s] INFO:colcon.colcon_core.shell:Creating prefix chain script '/home/anmol/autonomous_iit/install/setup.ps1'
[225.497s] INFO:colcon.colcon_core.shell:Creating prefix script '/home/anmol/autonomous_iit/install/local_setup.sh'
[225.497s] INFO:colcon.colcon_core.shell:Creating prefix util module '/home/anmol/autonomous_iit/install/_local_setup_util_sh.py'
[225.497s] INFO:colcon.colcon_core.shell:Creating prefix chain script '/home/anmol/autonomous_iit/install/setup.sh'
[225.511s] INFO:colcon.colcon_core.shell:Creating prefix script '/home/anmol/autonomous_iit/install/local_setup.bash'
[225.511s] INFO:colcon.colcon_core.shell:Creating prefix chain script '/home/anmol/autonomous_iit/install/setup.bash'
[225.524s] INFO:colcon.colcon_core.shell:Creating prefix script '/home/anmol/autonomous_iit/install/local_setup.zsh'
[225.525s] INFO:colcon.colcon_core.shell:Creating prefix chain script '/home/anmol/autonomous_iit/install/setup.zsh'
